{"timestamp":"2025-07-24T11:44:03.935Z","level":"INFO","operation":"DATA_RETENTION_CLEANUP_START","details":{"retentionDays":60,"retentionPeriodMs":5184000000,"cutoffDate":"2025-05-25T11:44:03.935Z"},"environment":"development"}
{"timestamp":"2025-07-24T11:44:04.089Z","level":"INFO","operation":"INDIVIDUALLY_EXPIRED_MESSAGES","details":{"messagesDeleted":0,"cutoffTime":"2025-07-24T11:44:03.934Z"},"environment":"development"}
{"timestamp":"2025-07-24T11:44:04.212Z","level":"INFO","operation":"OLD_SESSIONS_CLEANUP","details":{"cutoffDate":"2025-05-25T11:44:03.944Z","retentionDays":60,"sessionsDeleted":0},"environment":"development"}
{"timestamp":"2025-07-24T11:44:04.232Z","level":"INFO","operation":"OLD_PARTICIPANTS_CLEANUP","details":{"cutoffDate":"2025-05-25T11:44:03.944Z","retentionDays":60,"participantsDeleted":0},"environment":"development"}
{"timestamp":"2025-07-24T11:44:04.237Z","level":"INFO","operation":"OLD_TIMER_CHANGES_CLEANUP","details":{"cutoffDate":"2025-05-25T11:44:03.944Z","retentionDays":60,"timerChangesDeleted":0},"environment":"development"}
{"timestamp":"2025-07-24T11:44:04.351Z","level":"INFO","operation":"EXPIRED_SESSION_MESSAGES","details":{"expiredSessionsFound":13,"messagesDeleted":0,"sessionIds":["AcPEAN1wF7TSVm","r91tRe6gWPEcGa","b3Qy3vNkCs6I6t","byuuoMVGF1eqr3","uQm6YcvGOEioOt","pe3DgfX7DEoIyR","3Gc7uy9M1rAWUV","dL1bXxTkiCwpCV","fueUC4rTCeqYi8","zvBDz7sDoOXSwf","E9o15EE8of1ah2","pXmqUqW7EqKdkq","oas7MwEhTE7nTN"]},"environment":"development"}
{"timestamp":"2025-07-24T11:44:04.351Z","level":"INFO","operation":"SESSION_BASED_CLEANUP_STATISTICS","details":{"statistics":{"expiredSessionMessages":0,"expiredMessages":0,"totalRemoved":0},"totalRecords":0,"executionTimeMs":419,"executionTimeSec":0},"environment":"development"}
{"timestamp":"2025-07-24T11:44:05.155Z","level":"INFO","operation":"OLD_MESSAGES_CLEANUP","details":{"cutoffDate":"2025-05-25T11:44:03.943Z","retentionDays":60,"messagesDeleted":0},"environment":"development"}
{"timestamp":"2025-07-24T11:44:05.156Z","level":"INFO","operation":"DATA_RETENTION_CLEANUP_STATISTICS","details":{"statistics":{"oldMessages":0,"oldSessions":0,"oldParticipants":0,"oldTimerChanges":0,"totalRecordsRemoved":0},"totalRecords":0,"executionTimeMs":1221,"executionTimeSec":1},"environment":"development"}
{"timestamp":"2025-07-24T11:44:05.157Z","level":"INFO","operation":"SCHEDULE_SETUP","details":{"service":"MessageCleanup","schedule":"every 4 hours","nextRun":"2025-07-24T15:44:05.157Z"},"environment":"development"}
{"timestamp":"2025-07-24T11:44:05.157Z","level":"INFO","operation":"SCHEDULE_SETUP","details":{"service":"DataRetentionCleanup","schedule":"daily at midnight","nextRun":"2025-07-24T19:00:00.000Z"},"environment":"development"}
{"timestamp":"2025-07-24T12:23:13.678Z","level":"INFO","operation":"DATA_RETENTION_CLEANUP_START","details":{"retentionDays":60,"retentionPeriodMs":5184000000,"cutoffDate":"2025-05-25T12:23:13.678Z"},"environment":"development"}
{"timestamp":"2025-07-24T12:23:13.859Z","level":"INFO","operation":"INDIVIDUALLY_EXPIRED_MESSAGES","details":{"messagesDeleted":6,"cutoffTime":"2025-07-24T12:23:13.677Z"},"environment":"development"}
{"timestamp":"2025-07-24T12:23:13.862Z","level":"INFO","operation":"EXPIRED_SESSION_MESSAGES","details":{"expiredSessionsFound":0,"messagesDeleted":0},"environment":"development"}
{"timestamp":"2025-07-24T12:23:13.863Z","level":"INFO","operation":"SESSION_BASED_CLEANUP_STATISTICS","details":{"statistics":{"expiredSessionMessages":0,"expiredMessages":6,"totalRemoved":6},"totalRecords":12,"executionTimeMs":187,"executionTimeSec":0},"environment":"development"}
{"timestamp":"2025-07-24T12:23:13.913Z","level":"INFO","operation":"OLD_MESSAGES_CLEANUP","details":{"cutoffDate":"2025-05-25T12:23:13.689Z","retentionDays":60,"messagesDeleted":0},"environment":"development"}
{"timestamp":"2025-07-24T12:23:14.017Z","level":"INFO","operation":"OLD_SESSIONS_CLEANUP","details":{"cutoffDate":"2025-05-25T12:23:13.689Z","retentionDays":60,"sessionsDeleted":0},"environment":"development"}
{"timestamp":"2025-07-24T12:23:14.024Z","level":"INFO","operation":"OLD_PARTICIPANTS_CLEANUP","details":{"cutoffDate":"2025-05-25T12:23:13.690Z","retentionDays":60,"participantsDeleted":0},"environment":"development"}
{"timestamp":"2025-07-24T12:23:14.067Z","level":"INFO","operation":"OLD_TIMER_CHANGES_CLEANUP","details":{"cutoffDate":"2025-05-25T12:23:13.690Z","retentionDays":60,"timerChangesDeleted":0},"environment":"development"}
{"timestamp":"2025-07-24T12:23:14.068Z","level":"INFO","operation":"DATA_RETENTION_CLEANUP_STATISTICS","details":{"statistics":{"oldMessages":0,"oldSessions":0,"oldParticipants":0,"oldTimerChanges":0,"totalRecordsRemoved":0},"totalRecords":0,"executionTimeMs":390,"executionTimeSec":0},"environment":"development"}
{"timestamp":"2025-07-24T12:23:14.069Z","level":"INFO","operation":"SCHEDULE_SETUP","details":{"service":"MessageCleanup","schedule":"every 4 hours","nextRun":"2025-07-24T16:23:14.069Z"},"environment":"development"}
{"timestamp":"2025-07-24T12:23:14.070Z","level":"INFO","operation":"SCHEDULE_SETUP","details":{"service":"DataRetentionCleanup","schedule":"daily at midnight","nextRun":"2025-07-24T19:00:00.000Z"},"environment":"development"}
{"timestamp":"2025-07-24T12:31:28.583Z","level":"INFO","operation":"SPECIFIC_SESSION_CLEANUP","details":{"sessionId":"Ye2W4ScfNbCYc6","messagesDeleted":7},"environment":"development"}
{"timestamp":"2025-07-24T12:35:26.571Z","level":"INFO","operation":"DATA_RETENTION_CLEANUP_START","details":{"retentionDays":60,"retentionPeriodMs":5184000000,"cutoffDate":"2025-05-25T12:35:26.571Z"},"environment":"development"}
{"timestamp":"2025-07-24T12:35:26.819Z","level":"INFO","operation":"INDIVIDUALLY_EXPIRED_MESSAGES","details":{"messagesDeleted":3,"cutoffTime":"2025-07-24T12:35:26.571Z"},"environment":"development"}
{"timestamp":"2025-07-24T12:35:26.924Z","level":"INFO","operation":"OLD_MESSAGES_CLEANUP","details":{"cutoffDate":"2025-05-25T12:35:26.581Z","retentionDays":60,"messagesDeleted":0},"environment":"development"}
{"timestamp":"2025-07-24T12:35:27.040Z","level":"INFO","operation":"OLD_SESSIONS_CLEANUP","details":{"cutoffDate":"2025-05-25T12:35:26.581Z","retentionDays":60,"sessionsDeleted":0},"environment":"development"}
{"timestamp":"2025-07-24T12:35:27.041Z","level":"INFO","operation":"OLD_PARTICIPANTS_CLEANUP","details":{"cutoffDate":"2025-05-25T12:35:26.581Z","retentionDays":60,"participantsDeleted":0},"environment":"development"}
{"timestamp":"2025-07-24T12:35:27.153Z","level":"INFO","operation":"OLD_TIMER_CHANGES_CLEANUP","details":{"cutoffDate":"2025-05-25T12:35:26.581Z","retentionDays":60,"timerChangesDeleted":0},"environment":"development"}
{"timestamp":"2025-07-24T12:35:27.155Z","level":"INFO","operation":"DATA_RETENTION_CLEANUP_STATISTICS","details":{"statistics":{"oldMessages":0,"oldSessions":0,"oldParticipants":0,"oldTimerChanges":0,"totalRecordsRemoved":0},"totalRecords":0,"executionTimeMs":583,"executionTimeSec":1},"environment":"development"}
{"timestamp":"2025-07-24T12:35:27.282Z","level":"INFO","operation":"EXPIRED_SESSION_MESSAGES","details":{"expiredSessionsFound":1,"messagesDeleted":0,"sessionIds":["Ye2W4ScfNbCYc6"]},"environment":"development"}
{"timestamp":"2025-07-24T12:35:27.283Z","level":"INFO","operation":"SESSION_BASED_CLEANUP_STATISTICS","details":{"statistics":{"expiredSessionMessages":0,"expiredMessages":3,"totalRemoved":3},"totalRecords":6,"executionTimeMs":714,"executionTimeSec":1},"environment":"development"}
{"timestamp":"2025-07-24T12:35:27.284Z","level":"INFO","operation":"SCHEDULE_SETUP","details":{"service":"MessageCleanup","schedule":"every 4 hours","nextRun":"2025-07-24T16:35:27.284Z"},"environment":"development"}
{"timestamp":"2025-07-24T12:35:27.285Z","level":"INFO","operation":"SCHEDULE_SETUP","details":{"service":"DataRetentionCleanup","schedule":"daily at midnight","nextRun":"2025-07-24T19:00:00.000Z"},"environment":"development"}
{"timestamp":"2025-07-24T12:35:57.169Z","level":"INFO","operation":"DATA_RETENTION_CLEANUP_START","details":{"retentionDays":60,"retentionPeriodMs":5184000000,"cutoffDate":"2025-05-25T12:35:57.169Z"},"environment":"development"}
{"timestamp":"2025-07-24T12:35:57.377Z","level":"INFO","operation":"INDIVIDUALLY_EXPIRED_MESSAGES","details":{"messagesDeleted":0,"cutoffTime":"2025-07-24T12:35:57.168Z"},"environment":"development"}
{"timestamp":"2025-07-24T12:35:57.549Z","level":"INFO","operation":"OLD_MESSAGES_CLEANUP","details":{"cutoffDate":"2025-05-25T12:35:57.178Z","retentionDays":60,"messagesDeleted":0},"environment":"development"}
{"timestamp":"2025-07-24T12:35:57.556Z","level":"INFO","operation":"OLD_SESSIONS_CLEANUP","details":{"cutoffDate":"2025-05-25T12:35:57.179Z","retentionDays":60,"sessionsDeleted":0},"environment":"development"}
{"timestamp":"2025-07-24T12:35:57.564Z","level":"INFO","operation":"OLD_PARTICIPANTS_CLEANUP","details":{"cutoffDate":"2025-05-25T12:35:57.179Z","retentionDays":60,"participantsDeleted":0},"environment":"development"}
{"timestamp":"2025-07-24T12:35:57.728Z","level":"INFO","operation":"OLD_TIMER_CHANGES_CLEANUP","details":{"cutoffDate":"2025-05-25T12:35:57.179Z","retentionDays":60,"timerChangesDeleted":0},"environment":"development"}
{"timestamp":"2025-07-24T12:35:57.728Z","level":"INFO","operation":"DATA_RETENTION_CLEANUP_STATISTICS","details":{"statistics":{"oldMessages":0,"oldSessions":0,"oldParticipants":0,"oldTimerChanges":0,"totalRecordsRemoved":0},"totalRecords":0,"executionTimeMs":559,"executionTimeSec":1},"environment":"development"}
{"timestamp":"2025-07-24T12:35:57.749Z","level":"INFO","operation":"EXPIRED_SESSION_MESSAGES","details":{"expiredSessionsFound":1,"messagesDeleted":0,"sessionIds":["Ye2W4ScfNbCYc6"]},"environment":"development"}
{"timestamp":"2025-07-24T12:35:57.750Z","level":"INFO","operation":"SESSION_BASED_CLEANUP_STATISTICS","details":{"statistics":{"expiredSessionMessages":0,"expiredMessages":0,"totalRemoved":0},"totalRecords":0,"executionTimeMs":584,"executionTimeSec":1},"environment":"development"}
{"timestamp":"2025-07-24T12:35:57.751Z","level":"INFO","operation":"SCHEDULE_SETUP","details":{"service":"MessageCleanup","schedule":"every 4 hours","nextRun":"2025-07-24T16:35:57.751Z"},"environment":"development"}
{"timestamp":"2025-07-24T12:35:57.751Z","level":"INFO","operation":"SCHEDULE_SETUP","details":{"service":"DataRetentionCleanup","schedule":"daily at midnight","nextRun":"2025-07-24T19:00:00.000Z"},"environment":"development"}
