{"timestamp":"2025-07-25T01:10:09.018Z","level":"INFO","operation":"INDIVIDUALLY_EXPIRED_MESSAGES","details":{"messagesDeleted":0,"cutoffTime":"2025-07-25T01:10:07.627Z"},"environment":"development"}
{"timestamp":"2025-07-25T01:10:09.132Z","level":"INFO","operation":"EXPIRED_SESSION_MESSAGES","details":{"expiredSessionsFound":2,"messagesDeleted":0,"sessionIds":["BuyUv2wnWvoSs1","Op260OsMJjtkSk"]},"environment":"development"}
{"timestamp":"2025-07-25T01:10:09.133Z","level":"INFO","operation":"SESSION_BASED_CLEANUP_STATISTICS","details":{"statistics":{"expiredSessionMessages":0,"expiredMessages":0,"totalRemoved":0},"totalRecords":0,"executionTimeMs":1506,"executionTimeSec":2},"environment":"development"}
{"timestamp":"2025-07-25T03:57:24.382Z","level":"INFO","operation":"DATA_RETENTION_CLEANUP_START","details":{"retentionDays":60,"retentionPeriodMs":5184000000,"cutoffDate":"2025-05-26T03:57:24.381Z"},"environment":"development"}
{"timestamp":"2025-07-25T03:57:24.529Z","level":"INFO","operation":"INDIVIDUALLY_EXPIRED_MESSAGES","details":{"messagesDeleted":0,"cutoffTime":"2025-07-25T03:57:24.381Z"},"environment":"development"}
{"timestamp":"2025-07-25T03:57:24.632Z","level":"INFO","operation":"OLD_SESSIONS_CLEANUP","details":{"cutoffDate":"2025-05-26T03:57:24.393Z","retentionDays":60,"sessionsDeleted":0},"environment":"development"}
{"timestamp":"2025-07-25T03:57:24.701Z","level":"INFO","operation":"OLD_PARTICIPANTS_CLEANUP","details":{"cutoffDate":"2025-05-26T03:57:24.394Z","retentionDays":60,"participantsDeleted":0},"environment":"development"}
{"timestamp":"2025-07-25T03:57:24.702Z","level":"INFO","operation":"OLD_TIMER_CHANGES_CLEANUP","details":{"cutoffDate":"2025-05-26T03:57:24.394Z","retentionDays":60,"timerChangesDeleted":0},"environment":"development"}
{"timestamp":"2025-07-25T03:57:24.834Z","level":"INFO","operation":"EXPIRED_SESSION_MESSAGES","details":{"expiredSessionsFound":2,"messagesDeleted":0,"sessionIds":["BuyUv2wnWvoSs1","Op260OsMJjtkSk"]},"environment":"development"}
{"timestamp":"2025-07-25T03:57:24.835Z","level":"INFO","operation":"SESSION_BASED_CLEANUP_STATISTICS","details":{"statistics":{"expiredSessionMessages":0,"expiredMessages":0,"totalRemoved":0},"totalRecords":0,"executionTimeMs":455,"executionTimeSec":0},"environment":"development"}
{"timestamp":"2025-07-25T03:57:25.460Z","level":"INFO","operation":"OLD_MESSAGES_CLEANUP","details":{"cutoffDate":"2025-05-26T03:57:24.393Z","retentionDays":60,"messagesDeleted":0},"environment":"development"}
{"timestamp":"2025-07-25T03:57:25.461Z","level":"INFO","operation":"DATA_RETENTION_CLEANUP_STATISTICS","details":{"statistics":{"oldMessages":0,"oldSessions":0,"oldParticipants":0,"oldTimerChanges":0,"totalRecordsRemoved":0},"totalRecords":0,"executionTimeMs":1080,"executionTimeSec":1},"environment":"development"}
{"timestamp":"2025-07-25T03:57:25.463Z","level":"INFO","operation":"SCHEDULE_SETUP","details":{"service":"MessageCleanup","schedule":"every 4 hours","nextRun":"2025-07-25T07:57:25.463Z"},"environment":"development"}
{"timestamp":"2025-07-25T03:57:25.463Z","level":"INFO","operation":"SCHEDULE_SETUP","details":{"service":"DataRetentionCleanup","schedule":"daily at midnight","nextRun":"2025-07-25T19:00:00.000Z"},"environment":"development"}
{"timestamp":"2025-07-25T06:04:56.675Z","level":"INFO","operation":"SPECIFIC_SESSION_CLEANUP","details":{"sessionId":"XpZqR5Pnh7vKjm","messagesDeleted":0},"environment":"development"}
{"timestamp":"2025-07-25T06:09:13.586Z","level":"INFO","operation":"SPECIFIC_SESSION_CLEANUP","details":{"sessionId":"qQ0ad61VtlkyWS","messagesDeleted":0},"environment":"development"}
{"timestamp":"2025-07-25T14:27:50.174Z","level":"INFO","operation":"DATA_RETENTION_CLEANUP_START","details":{"retentionDays":60,"retentionPeriodMs":5184000000,"cutoffDate":"2025-05-26T14:27:50.173Z"},"environment":"development"}
{"timestamp":"2025-07-25T14:27:50.326Z","level":"INFO","operation":"INDIVIDUALLY_EXPIRED_MESSAGES","details":{"messagesDeleted":0,"cutoffTime":"2025-07-25T14:27:50.173Z"},"environment":"development"}
{"timestamp":"2025-07-25T14:27:50.353Z","level":"INFO","operation":"OLD_MESSAGES_CLEANUP","details":{"cutoffDate":"2025-05-26T14:27:50.199Z","retentionDays":60,"messagesDeleted":0},"environment":"development"}
{"timestamp":"2025-07-25T14:27:50.463Z","level":"INFO","operation":"OLD_SESSIONS_CLEANUP","details":{"cutoffDate":"2025-05-26T14:27:50.200Z","retentionDays":60,"sessionsDeleted":0},"environment":"development"}
{"timestamp":"2025-07-25T14:27:50.486Z","level":"INFO","operation":"OLD_PARTICIPANTS_CLEANUP","details":{"cutoffDate":"2025-05-26T14:27:50.200Z","retentionDays":60,"participantsDeleted":0},"environment":"development"}
{"timestamp":"2025-07-25T14:27:50.600Z","level":"INFO","operation":"OLD_TIMER_CHANGES_CLEANUP","details":{"cutoffDate":"2025-05-26T14:27:50.200Z","retentionDays":60,"timerChangesDeleted":0},"environment":"development"}
{"timestamp":"2025-07-25T14:27:50.601Z","level":"INFO","operation":"DATA_RETENTION_CLEANUP_STATISTICS","details":{"statistics":{"oldMessages":0,"oldSessions":0,"oldParticipants":0,"oldTimerChanges":0,"totalRecordsRemoved":0},"totalRecords":0,"executionTimeMs":428,"executionTimeSec":0},"environment":"development"}
{"timestamp":"2025-07-25T14:27:50.770Z","level":"INFO","operation":"EXPIRED_SESSION_MESSAGES","details":{"expiredSessionsFound":9,"messagesDeleted":0,"sessionIds":["BuyUv2wnWvoSs1","Op260OsMJjtkSk","XpZqR5Pnh7vKjm","qQ0ad61VtlkyWS","AmEXbddjQfYaUr","Yi2Jte2G2TKomK","5om9QKQT72OkQf","TFtKaAN7W4QXIM","2P5B3wPUtLR708"]},"environment":"development"}
{"timestamp":"2025-07-25T14:27:50.770Z","level":"INFO","operation":"SESSION_BASED_CLEANUP_STATISTICS","details":{"statistics":{"expiredSessionMessages":0,"expiredMessages":0,"totalRemoved":0},"totalRecords":0,"executionTimeMs":599,"executionTimeSec":1},"environment":"development"}
{"timestamp":"2025-07-25T14:27:50.771Z","level":"INFO","operation":"SCHEDULE_SETUP","details":{"service":"MessageCleanup","schedule":"every 4 hours","nextRun":"2025-07-25T18:27:50.771Z"},"environment":"development"}
{"timestamp":"2025-07-25T14:27:50.771Z","level":"INFO","operation":"SCHEDULE_SETUP","details":{"service":"DataRetentionCleanup","schedule":"daily at midnight","nextRun":"2025-07-25T19:00:00.000Z"},"environment":"development"}
{"timestamp":"2025-07-25T18:27:50.908Z","level":"INFO","operation":"INDIVIDUALLY_EXPIRED_MESSAGES","details":{"messagesDeleted":0,"cutoffTime":"2025-07-25T18:27:50.773Z"},"environment":"development"}
{"timestamp":"2025-07-25T18:27:52.329Z","level":"INFO","operation":"EXPIRED_SESSION_MESSAGES","details":{"expiredSessionsFound":9,"messagesDeleted":0,"sessionIds":["BuyUv2wnWvoSs1","Op260OsMJjtkSk","XpZqR5Pnh7vKjm","qQ0ad61VtlkyWS","AmEXbddjQfYaUr","Yi2Jte2G2TKomK","5om9QKQT72OkQf","TFtKaAN7W4QXIM","2P5B3wPUtLR708"]},"environment":"development"}
{"timestamp":"2025-07-25T18:27:52.329Z","level":"INFO","operation":"SESSION_BASED_CLEANUP_STATISTICS","details":{"statistics":{"expiredSessionMessages":0,"expiredMessages":0,"totalRemoved":0},"totalRecords":0,"executionTimeMs":1557,"executionTimeSec":2},"environment":"development"}
{"timestamp":"2025-07-25T19:00:01.432Z","level":"INFO","operation":"PRE_CLEANUP_STATISTICS","details":{"cutoffDate":"2025-05-26T19:00:00.006Z","recordsToRemove":0,"breakdown":{"messages":0,"sessions":0,"participants":0,"timerChanges":0}},"environment":"development"}
{"timestamp":"2025-07-25T19:00:01.432Z","level":"INFO","operation":"DATA_RETENTION_CLEANUP_START","details":{"retentionDays":60,"retentionPeriodMs":5184000000,"cutoffDate":"2025-05-26T19:00:01.432Z"},"environment":"development"}
{"timestamp":"2025-07-25T19:00:01.568Z","level":"INFO","operation":"OLD_SESSIONS_CLEANUP","details":{"cutoffDate":"2025-05-26T19:00:01.433Z","retentionDays":60,"sessionsDeleted":0},"environment":"development"}
{"timestamp":"2025-07-25T19:00:01.569Z","level":"INFO","operation":"OLD_PARTICIPANTS_CLEANUP","details":{"cutoffDate":"2025-05-26T19:00:01.433Z","retentionDays":60,"participantsDeleted":0},"environment":"development"}
{"timestamp":"2025-07-25T19:00:01.571Z","level":"INFO","operation":"OLD_MESSAGES_CLEANUP","details":{"cutoffDate":"2025-05-26T19:00:01.433Z","retentionDays":60,"messagesDeleted":0},"environment":"development"}
{"timestamp":"2025-07-25T19:00:02.583Z","level":"INFO","operation":"OLD_TIMER_CHANGES_CLEANUP","details":{"cutoffDate":"2025-05-26T19:00:01.433Z","retentionDays":60,"timerChangesDeleted":0},"environment":"development"}
{"timestamp":"2025-07-25T19:00:02.584Z","level":"INFO","operation":"DATA_RETENTION_CLEANUP_STATISTICS","details":{"statistics":{"oldMessages":0,"oldSessions":0,"oldParticipants":0,"oldTimerChanges":0,"totalRecordsRemoved":0},"totalRecords":0,"executionTimeMs":1152,"executionTimeSec":1},"environment":"development"}
{"timestamp":"2025-07-25T22:27:50.939Z","level":"INFO","operation":"INDIVIDUALLY_EXPIRED_MESSAGES","details":{"messagesDeleted":0,"cutoffTime":"2025-07-25T22:27:50.788Z"},"environment":"development"}
{"timestamp":"2025-07-25T22:27:52.433Z","level":"INFO","operation":"EXPIRED_SESSION_MESSAGES","details":{"expiredSessionsFound":12,"messagesDeleted":0,"sessionIds":["BuyUv2wnWvoSs1","Op260OsMJjtkSk","XpZqR5Pnh7vKjm","qQ0ad61VtlkyWS","AmEXbddjQfYaUr","Yi2Jte2G2TKomK","5om9QKQT72OkQf","TFtKaAN7W4QXIM","2P5B3wPUtLR708","NpxG2gHSDaNbNj","oJWy0UmErOK4Ry","8i9u49z7VwETqH"]},"environment":"development"}
{"timestamp":"2025-07-25T22:27:52.434Z","level":"INFO","operation":"SESSION_BASED_CLEANUP_STATISTICS","details":{"statistics":{"expiredSessionMessages":0,"expiredMessages":0,"totalRemoved":0},"totalRecords":0,"executionTimeMs":1647,"executionTimeSec":2},"environment":"development"}
