{"timestamp":"2025-07-27T14:47:20.478Z","level":"INFO","operation":"DATA_RETENTION_CLEANUP_START","details":{"retentionDays":60,"retentionPeriodMs":5184000000,"cutoffDate":"2025-05-28T14:47:20.478Z"},"environment":"development"}
{"timestamp":"2025-07-27T14:47:20.624Z","level":"INFO","operation":"INDIVIDUALLY_EXPIRED_MESSAGES","details":{"messagesDeleted":0,"cutoffTime":"2025-07-27T14:47:20.477Z"},"environment":"development"}
{"timestamp":"2025-07-27T14:47:20.682Z","level":"INFO","operation":"OLD_MESSAGES_CLEANUP","details":{"cutoffDate":"2025-05-28T14:47:20.488Z","retentionDays":60,"messagesDeleted":0},"environment":"development"}
{"timestamp":"2025-07-27T14:47:20.760Z","level":"INFO","operation":"OLD_PARTICIPANTS_CLEANUP","details":{"cutoffDate":"2025-05-28T14:47:20.488Z","retentionDays":60,"participantsDeleted":0},"environment":"development"}
{"timestamp":"2025-07-27T14:47:20.764Z","level":"INFO","operation":"OLD_TIMER_CHANGES_CLEANUP","details":{"cutoffDate":"2025-05-28T14:47:20.488Z","retentionDays":60,"timerChangesDeleted":0},"environment":"development"}
{"timestamp":"2025-07-27T14:47:20.833Z","level":"INFO","operation":"EXPIRED_SESSION_MESSAGES","details":{"expiredSessionsFound":6,"messagesDeleted":0,"sessionIds":["qruOZc6u2JOqgB","B1WdRXwzGm0vJB","6RqLOnMJ1Jcpg1","hDPmCCWjalFAQe","Wvc5Kc1LzNgLXS","Ze2bq7EW472pcu"]},"environment":"development"}
{"timestamp":"2025-07-27T14:47:20.834Z","level":"INFO","operation":"SESSION_BASED_CLEANUP_STATISTICS","details":{"statistics":{"expiredSessionMessages":0,"expiredMessages":0,"totalRemoved":0},"totalRecords":0,"executionTimeMs":358,"executionTimeSec":0},"environment":"development"}
{"timestamp":"2025-07-27T14:47:21.866Z","level":"INFO","operation":"OLD_SESSIONS_CLEANUP","details":{"cutoffDate":"2025-05-28T14:47:20.488Z","retentionDays":60,"sessionsDeleted":0},"environment":"development"}
{"timestamp":"2025-07-27T14:47:21.867Z","level":"INFO","operation":"DATA_RETENTION_CLEANUP_STATISTICS","details":{"statistics":{"oldMessages":0,"oldSessions":0,"oldParticipants":0,"oldTimerChanges":0,"totalRecordsRemoved":0},"totalRecords":0,"executionTimeMs":1389,"executionTimeSec":1},"environment":"development"}
{"timestamp":"2025-07-27T14:47:21.869Z","level":"INFO","operation":"SCHEDULE_SETUP","details":{"service":"DataRetentionCleanup","schedule":"daily at midnight","nextRun":"2025-07-27T19:00:00.000Z"},"environment":"development"}
{"timestamp":"2025-07-27T14:47:21.869Z","level":"INFO","operation":"SCHEDULE_SETUP","details":{"service":"MessageCleanup","schedule":"every 4 hours","nextRun":"2025-07-27T18:47:21.869Z"},"environment":"development"}
{"timestamp":"2025-07-27T14:58:07.071Z","level":"INFO","operation":"DATA_RETENTION_CLEANUP_START","details":{"retentionDays":60,"retentionPeriodMs":5184000000,"cutoffDate":"2025-05-28T14:58:07.071Z"},"environment":"development"}
{"timestamp":"2025-07-27T14:58:07.231Z","level":"INFO","operation":"INDIVIDUALLY_EXPIRED_MESSAGES","details":{"messagesDeleted":0,"cutoffTime":"2025-07-27T14:58:07.071Z"},"environment":"development"}
{"timestamp":"2025-07-27T14:58:07.258Z","level":"INFO","operation":"OLD_SESSIONS_CLEANUP","details":{"cutoffDate":"2025-05-28T14:58:07.080Z","retentionDays":60,"sessionsDeleted":0},"environment":"development"}
{"timestamp":"2025-07-27T14:58:07.326Z","level":"INFO","operation":"OLD_PARTICIPANTS_CLEANUP","details":{"cutoffDate":"2025-05-28T14:58:07.080Z","retentionDays":60,"participantsDeleted":0},"environment":"development"}
{"timestamp":"2025-07-27T14:58:07.349Z","level":"INFO","operation":"OLD_TIMER_CHANGES_CLEANUP","details":{"cutoffDate":"2025-05-28T14:58:07.080Z","retentionDays":60,"timerChangesDeleted":0},"environment":"development"}
{"timestamp":"2025-07-27T14:58:07.390Z","level":"INFO","operation":"EXPIRED_SESSION_MESSAGES","details":{"expiredSessionsFound":6,"messagesDeleted":0,"sessionIds":["qruOZc6u2JOqgB","B1WdRXwzGm0vJB","6RqLOnMJ1Jcpg1","hDPmCCWjalFAQe","Wvc5Kc1LzNgLXS","Ze2bq7EW472pcu"]},"environment":"development"}
{"timestamp":"2025-07-27T14:58:07.391Z","level":"INFO","operation":"SESSION_BASED_CLEANUP_STATISTICS","details":{"statistics":{"expiredSessionMessages":0,"expiredMessages":0,"totalRemoved":0},"totalRecords":0,"executionTimeMs":322,"executionTimeSec":0},"environment":"development"}
{"timestamp":"2025-07-27T14:58:08.158Z","level":"INFO","operation":"OLD_MESSAGES_CLEANUP","details":{"cutoffDate":"2025-05-28T14:58:07.079Z","retentionDays":60,"messagesDeleted":0},"environment":"development"}
{"timestamp":"2025-07-27T14:58:08.159Z","level":"INFO","operation":"DATA_RETENTION_CLEANUP_STATISTICS","details":{"statistics":{"oldMessages":0,"oldSessions":0,"oldParticipants":0,"oldTimerChanges":0,"totalRecordsRemoved":0},"totalRecords":0,"executionTimeMs":1088,"executionTimeSec":1},"environment":"development"}
{"timestamp":"2025-07-27T14:58:08.160Z","level":"INFO","operation":"SCHEDULE_SETUP","details":{"service":"MessageCleanup","schedule":"every 4 hours","nextRun":"2025-07-27T18:58:08.160Z"},"environment":"development"}
{"timestamp":"2025-07-27T14:58:08.161Z","level":"INFO","operation":"SCHEDULE_SETUP","details":{"service":"DataRetentionCleanup","schedule":"daily at midnight","nextRun":"2025-07-27T19:00:00.000Z"},"environment":"development"}
{"timestamp":"2025-07-27T14:58:44.084Z","level":"INFO","operation":"DATA_RETENTION_CLEANUP_START","details":{"retentionDays":60,"retentionPeriodMs":5184000000,"cutoffDate":"2025-05-28T14:58:44.084Z"},"environment":"development"}
{"timestamp":"2025-07-27T14:58:44.235Z","level":"INFO","operation":"INDIVIDUALLY_EXPIRED_MESSAGES","details":{"messagesDeleted":0,"cutoffTime":"2025-07-27T14:58:44.084Z"},"environment":"development"}
{"timestamp":"2025-07-27T14:58:44.337Z","level":"INFO","operation":"OLD_PARTICIPANTS_CLEANUP","details":{"cutoffDate":"2025-05-28T14:58:44.092Z","retentionDays":60,"participantsDeleted":0},"environment":"development"}
{"timestamp":"2025-07-27T14:58:44.343Z","level":"INFO","operation":"OLD_TIMER_CHANGES_CLEANUP","details":{"cutoffDate":"2025-05-28T14:58:44.092Z","retentionDays":60,"timerChangesDeleted":0},"environment":"development"}
{"timestamp":"2025-07-27T14:58:44.389Z","level":"INFO","operation":"EXPIRED_SESSION_MESSAGES","details":{"expiredSessionsFound":6,"messagesDeleted":0,"sessionIds":["qruOZc6u2JOqgB","B1WdRXwzGm0vJB","6RqLOnMJ1Jcpg1","hDPmCCWjalFAQe","Wvc5Kc1LzNgLXS","Ze2bq7EW472pcu"]},"environment":"development"}
{"timestamp":"2025-07-27T14:58:44.390Z","level":"INFO","operation":"SESSION_BASED_CLEANUP_STATISTICS","details":{"statistics":{"expiredSessionMessages":0,"expiredMessages":0,"totalRemoved":0},"totalRecords":0,"executionTimeMs":308,"executionTimeSec":0},"environment":"development"}
{"timestamp":"2025-07-27T14:58:45.154Z","level":"INFO","operation":"OLD_MESSAGES_CLEANUP","details":{"cutoffDate":"2025-05-28T14:58:44.092Z","retentionDays":60,"messagesDeleted":0},"environment":"development"}
{"timestamp":"2025-07-27T14:58:45.208Z","level":"INFO","operation":"OLD_SESSIONS_CLEANUP","details":{"cutoffDate":"2025-05-28T14:58:44.092Z","retentionDays":60,"sessionsDeleted":0},"environment":"development"}
{"timestamp":"2025-07-27T14:58:45.209Z","level":"INFO","operation":"DATA_RETENTION_CLEANUP_STATISTICS","details":{"statistics":{"oldMessages":0,"oldSessions":0,"oldParticipants":0,"oldTimerChanges":0,"totalRecordsRemoved":0},"totalRecords":0,"executionTimeMs":1125,"executionTimeSec":1},"environment":"development"}
{"timestamp":"2025-07-27T14:58:45.210Z","level":"INFO","operation":"SCHEDULE_SETUP","details":{"service":"MessageCleanup","schedule":"every 4 hours","nextRun":"2025-07-27T18:58:45.210Z"},"environment":"development"}
{"timestamp":"2025-07-27T14:58:45.211Z","level":"INFO","operation":"SCHEDULE_SETUP","details":{"service":"DataRetentionCleanup","schedule":"daily at midnight","nextRun":"2025-07-27T19:00:00.000Z"},"environment":"development"}
{"timestamp":"2025-07-27T15:10:20.404Z","level":"INFO","operation":"DATA_RETENTION_CLEANUP_START","details":{"retentionDays":60,"retentionPeriodMs":5184000000,"cutoffDate":"2025-05-28T15:10:20.404Z"},"environment":"development"}
{"timestamp":"2025-07-27T15:10:20.546Z","level":"INFO","operation":"INDIVIDUALLY_EXPIRED_MESSAGES","details":{"messagesDeleted":0,"cutoffTime":"2025-07-27T15:10:20.403Z"},"environment":"development"}
{"timestamp":"2025-07-27T15:10:20.680Z","level":"INFO","operation":"OLD_SESSIONS_CLEANUP","details":{"cutoffDate":"2025-05-28T15:10:20.412Z","retentionDays":60,"sessionsDeleted":0},"environment":"development"}
{"timestamp":"2025-07-27T15:10:20.690Z","level":"INFO","operation":"OLD_TIMER_CHANGES_CLEANUP","details":{"cutoffDate":"2025-05-28T15:10:20.413Z","retentionDays":60,"timerChangesDeleted":0},"environment":"development"}
{"timestamp":"2025-07-27T15:10:20.690Z","level":"INFO","operation":"OLD_PARTICIPANTS_CLEANUP","details":{"cutoffDate":"2025-05-28T15:10:20.412Z","retentionDays":60,"participantsDeleted":0},"environment":"development"}
{"timestamp":"2025-07-27T15:10:21.384Z","level":"INFO","operation":"OLD_MESSAGES_CLEANUP","details":{"cutoffDate":"2025-05-28T15:10:20.412Z","retentionDays":60,"messagesDeleted":0},"environment":"development"}
{"timestamp":"2025-07-27T15:10:21.385Z","level":"INFO","operation":"DATA_RETENTION_CLEANUP_STATISTICS","details":{"statistics":{"oldMessages":0,"oldSessions":0,"oldParticipants":0,"oldTimerChanges":0,"totalRecordsRemoved":0},"totalRecords":0,"executionTimeMs":981,"executionTimeSec":1},"environment":"development"}
{"timestamp":"2025-07-27T15:10:21.622Z","level":"INFO","operation":"EXPIRED_SESSION_MESSAGES","details":{"expiredSessionsFound":6,"messagesDeleted":0,"sessionIds":["qruOZc6u2JOqgB","B1WdRXwzGm0vJB","6RqLOnMJ1Jcpg1","hDPmCCWjalFAQe","Wvc5Kc1LzNgLXS","Ze2bq7EW472pcu"]},"environment":"development"}
{"timestamp":"2025-07-27T15:10:21.622Z","level":"INFO","operation":"SESSION_BASED_CLEANUP_STATISTICS","details":{"statistics":{"expiredSessionMessages":0,"expiredMessages":0,"totalRemoved":0},"totalRecords":0,"executionTimeMs":1220,"executionTimeSec":1},"environment":"development"}
{"timestamp":"2025-07-27T15:10:21.623Z","level":"INFO","operation":"SCHEDULE_SETUP","details":{"service":"MessageCleanup","schedule":"every 4 hours","nextRun":"2025-07-27T19:10:21.623Z"},"environment":"development"}
{"timestamp":"2025-07-27T15:10:21.623Z","level":"INFO","operation":"SCHEDULE_SETUP","details":{"service":"DataRetentionCleanup","schedule":"daily at midnight","nextRun":"2025-07-27T19:00:00.000Z"},"environment":"development"}
