{"timestamp":"2025-09-26T22:29:11.145Z","level":"INFO","operation":"DATA_RETENTION_CLEANUP_START","details":{"retentionDays":60,"retentionPeriodMs":5184000000,"cutoffDate":"2025-07-28T22:29:11.145Z"},"environment":"development"}
{"timestamp":"2025-09-26T22:29:11.303Z","level":"INFO","operation":"INDIVIDUALLY_EXPIRED_MESSAGES","details":{"messagesDeleted":29,"cutoffTime":"2025-09-26T22:29:11.144Z"},"environment":"development"}
{"timestamp":"2025-09-26T22:29:11.317Z","level":"INFO","operation":"OLD_PARTICIPANTS_CLEANUP","details":{"cutoffDate":"2025-07-28T22:29:11.155Z","retentionDays":60,"participantsDeleted":0},"environment":"development"}
{"timestamp":"2025-09-26T22:29:11.322Z","level":"INFO","operation":"OLD_TIMER_CHANGES_CLEANUP","details":{"cutoffDate":"2025-07-28T22:29:11.155Z","retentionDays":60,"timerChangesDeleted":0},"environment":"development"}
{"timestamp":"2025-09-26T22:29:11.446Z","level":"INFO","operation":"EXPIRED_SESSION_MESSAGES","details":{"expiredSessionsFound":35,"messagesDeleted":0,"sessionIds":["xA6WXNfyD23G7A","KhGSOFo9evOkEj","qa0cORBsCUaD5w","d4tvhZELvpf0PZ","kw41W7318xDvAE","M2dtIymGWM9Nqe","cM2onVMRmXnLSD","ngfUSGGCRflUTh","SdQuOX3ur7c5Et","ZhyMwIvuwM3RaG","8YP2Pu0Ze9w6E2","MJuGcnofZ8bhC5","B106H6XZdQ853k","sbSHTvgml4GfAS","ul9qUzxj8Im86C","FawCSl2xvjUSyQ","1Tt7A3aBwnGENY","MJbkaKFbJxYx82","mbSpkkCQq52gxm","JRA7q8q6py7nJL","JKTMFzpMwck4rc","w4bXLTMnXvTchA","XKdXpX1Vgl5DLn","H0suW8D9QJxkma","hpNmGR5KucLitL","HJDOQE9kaNlmN6","nYnUepCygf1jAx","nNF0fjribOI10a","3s2X9dx8PgRjiU","8gzeWrm4yVcK3P","UHAllFO96bgY5S","svCURWDPuB8Lbn","j9MUvqFQGVXUko","oeNhfT2r6ZhXD4","Bh3JzKodtBVebq"]},"environment":"development"}
{"timestamp":"2025-09-26T22:29:11.447Z","level":"INFO","operation":"SESSION_BASED_CLEANUP_STATISTICS","details":{"statistics":{"expiredSessionMessages":0,"expiredMessages":29,"totalRemoved":29},"totalRecords":58,"executionTimeMs":304,"executionTimeSec":0},"environment":"development"}
{"timestamp":"2025-09-26T22:29:12.074Z","level":"INFO","operation":"OLD_SESSIONS_CLEANUP","details":{"cutoffDate":"2025-07-28T22:29:11.155Z","retentionDays":60,"sessionsDeleted":0},"environment":"development"}
{"timestamp":"2025-09-26T22:29:12.093Z","level":"INFO","operation":"OLD_MESSAGES_CLEANUP","details":{"cutoffDate":"2025-07-28T22:29:11.155Z","retentionDays":60,"messagesDeleted":0},"environment":"development"}
{"timestamp":"2025-09-26T22:29:12.094Z","level":"INFO","operation":"DATA_RETENTION_CLEANUP_STATISTICS","details":{"statistics":{"oldMessages":0,"oldSessions":0,"oldParticipants":0,"oldTimerChanges":0,"totalRecordsRemoved":0},"totalRecords":0,"executionTimeMs":949,"executionTimeSec":1},"environment":"development"}
{"timestamp":"2025-09-26T22:29:12.095Z","level":"INFO","operation":"SCHEDULE_SETUP","details":{"service":"MessageCleanup","schedule":"every 4 hours","nextRun":"2025-09-27T02:29:12.095Z"},"environment":"development"}
{"timestamp":"2025-09-26T22:29:12.095Z","level":"INFO","operation":"SCHEDULE_SETUP","details":{"service":"DataRetentionCleanup","schedule":"daily at midnight","nextRun":"2025-09-27T19:00:00.000Z"},"environment":"development"}
{"timestamp":"2025-09-26T22:29:41.391Z","level":"INFO","operation":"DATA_RETENTION_CLEANUP_START","details":{"retentionDays":60,"retentionPeriodMs":5184000000,"cutoffDate":"2025-07-28T22:29:41.391Z"},"environment":"development"}
{"timestamp":"2025-09-26T22:29:41.543Z","level":"INFO","operation":"INDIVIDUALLY_EXPIRED_MESSAGES","details":{"messagesDeleted":0,"cutoffTime":"2025-09-26T22:29:41.391Z"},"environment":"development"}
{"timestamp":"2025-09-26T22:29:41.576Z","level":"INFO","operation":"OLD_MESSAGES_CLEANUP","details":{"cutoffDate":"2025-07-28T22:29:41.399Z","retentionDays":60,"messagesDeleted":0},"environment":"development"}
{"timestamp":"2025-09-26T22:29:41.687Z","level":"INFO","operation":"OLD_TIMER_CHANGES_CLEANUP","details":{"cutoffDate":"2025-07-28T22:29:41.399Z","retentionDays":60,"timerChangesDeleted":0},"environment":"development"}
{"timestamp":"2025-09-26T22:29:41.743Z","level":"INFO","operation":"EXPIRED_SESSION_MESSAGES","details":{"expiredSessionsFound":35,"messagesDeleted":0,"sessionIds":["xA6WXNfyD23G7A","KhGSOFo9evOkEj","qa0cORBsCUaD5w","d4tvhZELvpf0PZ","kw41W7318xDvAE","M2dtIymGWM9Nqe","cM2onVMRmXnLSD","ngfUSGGCRflUTh","SdQuOX3ur7c5Et","ZhyMwIvuwM3RaG","8YP2Pu0Ze9w6E2","MJuGcnofZ8bhC5","B106H6XZdQ853k","sbSHTvgml4GfAS","ul9qUzxj8Im86C","FawCSl2xvjUSyQ","1Tt7A3aBwnGENY","MJbkaKFbJxYx82","mbSpkkCQq52gxm","JRA7q8q6py7nJL","JKTMFzpMwck4rc","w4bXLTMnXvTchA","XKdXpX1Vgl5DLn","H0suW8D9QJxkma","hpNmGR5KucLitL","HJDOQE9kaNlmN6","nYnUepCygf1jAx","nNF0fjribOI10a","3s2X9dx8PgRjiU","8gzeWrm4yVcK3P","UHAllFO96bgY5S","svCURWDPuB8Lbn","j9MUvqFQGVXUko","oeNhfT2r6ZhXD4","Bh3JzKodtBVebq"]},"environment":"development"}
{"timestamp":"2025-09-26T22:29:41.745Z","level":"INFO","operation":"SESSION_BASED_CLEANUP_STATISTICS","details":{"statistics":{"expiredSessionMessages":0,"expiredMessages":0,"totalRemoved":0},"totalRecords":0,"executionTimeMs":356,"executionTimeSec":0},"environment":"development"}
{"timestamp":"2025-09-26T22:29:42.362Z","level":"INFO","operation":"OLD_SESSIONS_CLEANUP","details":{"cutoffDate":"2025-07-28T22:29:41.399Z","retentionDays":60,"sessionsDeleted":0},"environment":"development"}
{"timestamp":"2025-09-26T22:29:42.413Z","level":"INFO","operation":"OLD_PARTICIPANTS_CLEANUP","details":{"cutoffDate":"2025-07-28T22:29:41.399Z","retentionDays":60,"participantsDeleted":0},"environment":"development"}
{"timestamp":"2025-09-26T22:29:42.413Z","level":"INFO","operation":"DATA_RETENTION_CLEANUP_STATISTICS","details":{"statistics":{"oldMessages":0,"oldSessions":0,"oldParticipants":0,"oldTimerChanges":0,"totalRecordsRemoved":0},"totalRecords":0,"executionTimeMs":1022,"executionTimeSec":1},"environment":"development"}
{"timestamp":"2025-09-26T22:29:42.415Z","level":"INFO","operation":"SCHEDULE_SETUP","details":{"service":"MessageCleanup","schedule":"every 4 hours","nextRun":"2025-09-27T02:29:42.414Z"},"environment":"development"}
{"timestamp":"2025-09-26T22:29:42.415Z","level":"INFO","operation":"SCHEDULE_SETUP","details":{"service":"DataRetentionCleanup","schedule":"daily at midnight","nextRun":"2025-09-27T19:00:00.000Z"},"environment":"development"}
{"timestamp":"2025-09-26T22:42:33.449Z","level":"INFO","operation":"DATA_RETENTION_CLEANUP_START","details":{"retentionDays":60,"retentionPeriodMs":5184000000,"cutoffDate":"2025-07-28T22:42:33.449Z"},"environment":"development"}
{"timestamp":"2025-09-26T22:42:33.609Z","level":"INFO","operation":"INDIVIDUALLY_EXPIRED_MESSAGES","details":{"messagesDeleted":21,"cutoffTime":"2025-09-26T22:42:33.449Z"},"environment":"development"}
{"timestamp":"2025-09-26T22:42:33.633Z","level":"INFO","operation":"OLD_PARTICIPANTS_CLEANUP","details":{"cutoffDate":"2025-07-28T22:42:33.457Z","retentionDays":60,"participantsDeleted":0},"environment":"development"}
{"timestamp":"2025-09-26T22:42:33.683Z","level":"INFO","operation":"OLD_TIMER_CHANGES_CLEANUP","details":{"cutoffDate":"2025-07-28T22:42:33.457Z","retentionDays":60,"timerChangesDeleted":0},"environment":"development"}
{"timestamp":"2025-09-26T22:42:33.746Z","level":"INFO","operation":"EXPIRED_SESSION_MESSAGES","details":{"expiredSessionsFound":35,"messagesDeleted":0,"sessionIds":["xA6WXNfyD23G7A","KhGSOFo9evOkEj","qa0cORBsCUaD5w","d4tvhZELvpf0PZ","kw41W7318xDvAE","M2dtIymGWM9Nqe","cM2onVMRmXnLSD","ngfUSGGCRflUTh","SdQuOX3ur7c5Et","ZhyMwIvuwM3RaG","8YP2Pu0Ze9w6E2","MJuGcnofZ8bhC5","B106H6XZdQ853k","sbSHTvgml4GfAS","ul9qUzxj8Im86C","FawCSl2xvjUSyQ","1Tt7A3aBwnGENY","MJbkaKFbJxYx82","mbSpkkCQq52gxm","JRA7q8q6py7nJL","JKTMFzpMwck4rc","w4bXLTMnXvTchA","XKdXpX1Vgl5DLn","H0suW8D9QJxkma","hpNmGR5KucLitL","HJDOQE9kaNlmN6","nYnUepCygf1jAx","nNF0fjribOI10a","3s2X9dx8PgRjiU","8gzeWrm4yVcK3P","UHAllFO96bgY5S","svCURWDPuB8Lbn","j9MUvqFQGVXUko","oeNhfT2r6ZhXD4","Bh3JzKodtBVebq"]},"environment":"development"}
{"timestamp":"2025-09-26T22:42:33.747Z","level":"INFO","operation":"SESSION_BASED_CLEANUP_STATISTICS","details":{"statistics":{"expiredSessionMessages":0,"expiredMessages":21,"totalRemoved":21},"totalRecords":42,"executionTimeMs":300,"executionTimeSec":0},"environment":"development"}
{"timestamp":"2025-09-26T22:42:34.379Z","level":"INFO","operation":"OLD_MESSAGES_CLEANUP","details":{"cutoffDate":"2025-07-28T22:42:33.457Z","retentionDays":60,"messagesDeleted":0},"environment":"development"}
{"timestamp":"2025-09-26T22:42:34.410Z","level":"INFO","operation":"OLD_SESSIONS_CLEANUP","details":{"cutoffDate":"2025-07-28T22:42:33.457Z","retentionDays":60,"sessionsDeleted":0},"environment":"development"}
{"timestamp":"2025-09-26T22:42:34.411Z","level":"INFO","operation":"DATA_RETENTION_CLEANUP_STATISTICS","details":{"statistics":{"oldMessages":0,"oldSessions":0,"oldParticipants":0,"oldTimerChanges":0,"totalRecordsRemoved":0},"totalRecords":0,"executionTimeMs":962,"executionTimeSec":1},"environment":"development"}
{"timestamp":"2025-09-26T22:42:34.412Z","level":"INFO","operation":"SCHEDULE_SETUP","details":{"service":"MessageCleanup","schedule":"every 4 hours","nextRun":"2025-09-27T02:42:34.412Z"},"environment":"development"}
{"timestamp":"2025-09-26T22:42:34.413Z","level":"INFO","operation":"SCHEDULE_SETUP","details":{"service":"DataRetentionCleanup","schedule":"daily at midnight","nextRun":"2025-09-27T19:00:00.000Z"},"environment":"development"}
{"timestamp":"2025-09-26T22:42:52.854Z","level":"INFO","operation":"DATA_RETENTION_CLEANUP_START","details":{"retentionDays":60,"retentionPeriodMs":5184000000,"cutoffDate":"2025-07-28T22:42:52.854Z"},"environment":"development"}
{"timestamp":"2025-09-26T22:42:53.003Z","level":"INFO","operation":"INDIVIDUALLY_EXPIRED_MESSAGES","details":{"messagesDeleted":0,"cutoffTime":"2025-09-26T22:42:52.853Z"},"environment":"development"}
{"timestamp":"2025-09-26T22:42:53.066Z","level":"INFO","operation":"OLD_MESSAGES_CLEANUP","details":{"cutoffDate":"2025-07-28T22:42:52.862Z","retentionDays":60,"messagesDeleted":0},"environment":"development"}
{"timestamp":"2025-09-26T22:42:53.146Z","level":"INFO","operation":"OLD_SESSIONS_CLEANUP","details":{"cutoffDate":"2025-07-28T22:42:52.862Z","retentionDays":60,"sessionsDeleted":0},"environment":"development"}
{"timestamp":"2025-09-26T22:42:53.150Z","level":"INFO","operation":"OLD_PARTICIPANTS_CLEANUP","details":{"cutoffDate":"2025-07-28T22:42:52.862Z","retentionDays":60,"participantsDeleted":0},"environment":"development"}
{"timestamp":"2025-09-26T22:42:53.211Z","level":"INFO","operation":"EXPIRED_SESSION_MESSAGES","details":{"expiredSessionsFound":35,"messagesDeleted":0,"sessionIds":["xA6WXNfyD23G7A","KhGSOFo9evOkEj","qa0cORBsCUaD5w","d4tvhZELvpf0PZ","kw41W7318xDvAE","M2dtIymGWM9Nqe","cM2onVMRmXnLSD","ngfUSGGCRflUTh","SdQuOX3ur7c5Et","ZhyMwIvuwM3RaG","8YP2Pu0Ze9w6E2","MJuGcnofZ8bhC5","B106H6XZdQ853k","sbSHTvgml4GfAS","ul9qUzxj8Im86C","FawCSl2xvjUSyQ","1Tt7A3aBwnGENY","MJbkaKFbJxYx82","mbSpkkCQq52gxm","JRA7q8q6py7nJL","JKTMFzpMwck4rc","w4bXLTMnXvTchA","XKdXpX1Vgl5DLn","H0suW8D9QJxkma","hpNmGR5KucLitL","HJDOQE9kaNlmN6","nYnUepCygf1jAx","nNF0fjribOI10a","3s2X9dx8PgRjiU","8gzeWrm4yVcK3P","UHAllFO96bgY5S","svCURWDPuB8Lbn","j9MUvqFQGVXUko","oeNhfT2r6ZhXD4","Bh3JzKodtBVebq"]},"environment":"development"}
{"timestamp":"2025-09-26T22:42:53.211Z","level":"INFO","operation":"SESSION_BASED_CLEANUP_STATISTICS","details":{"statistics":{"expiredSessionMessages":0,"expiredMessages":0,"totalRemoved":0},"totalRecords":0,"executionTimeMs":359,"executionTimeSec":0},"environment":"development"}
{"timestamp":"2025-09-26T22:42:53.973Z","level":"INFO","operation":"OLD_TIMER_CHANGES_CLEANUP","details":{"cutoffDate":"2025-07-28T22:42:52.863Z","retentionDays":60,"timerChangesDeleted":0},"environment":"development"}
{"timestamp":"2025-09-26T22:42:53.974Z","level":"INFO","operation":"DATA_RETENTION_CLEANUP_STATISTICS","details":{"statistics":{"oldMessages":0,"oldSessions":0,"oldParticipants":0,"oldTimerChanges":0,"totalRecordsRemoved":0},"totalRecords":0,"executionTimeMs":1120,"executionTimeSec":1},"environment":"development"}
{"timestamp":"2025-09-26T22:42:53.980Z","level":"INFO","operation":"SCHEDULE_SETUP","details":{"service":"MessageCleanup","schedule":"every 4 hours","nextRun":"2025-09-27T02:42:53.980Z"},"environment":"development"}
{"timestamp":"2025-09-26T22:42:53.980Z","level":"INFO","operation":"SCHEDULE_SETUP","details":{"service":"DataRetentionCleanup","schedule":"daily at midnight","nextRun":"2025-09-27T19:00:00.000Z"},"environment":"development"}
{"timestamp":"2025-09-26T22:43:06.279Z","level":"INFO","operation":"DATA_RETENTION_CLEANUP_START","details":{"retentionDays":60,"retentionPeriodMs":5184000000,"cutoffDate":"2025-07-28T22:43:06.279Z"},"environment":"development"}
{"timestamp":"2025-09-26T22:43:06.438Z","level":"INFO","operation":"INDIVIDUALLY_EXPIRED_MESSAGES","details":{"messagesDeleted":0,"cutoffTime":"2025-09-26T22:43:06.279Z"},"environment":"development"}
{"timestamp":"2025-09-26T22:43:06.579Z","level":"INFO","operation":"OLD_MESSAGES_CLEANUP","details":{"cutoffDate":"2025-07-28T22:43:06.289Z","retentionDays":60,"messagesDeleted":0},"environment":"development"}
{"timestamp":"2025-09-26T22:43:06.582Z","level":"INFO","operation":"OLD_SESSIONS_CLEANUP","details":{"cutoffDate":"2025-07-28T22:43:06.289Z","retentionDays":60,"sessionsDeleted":0},"environment":"development"}
{"timestamp":"2025-09-26T22:43:06.587Z","level":"INFO","operation":"OLD_PARTICIPANTS_CLEANUP","details":{"cutoffDate":"2025-07-28T22:43:06.289Z","retentionDays":60,"participantsDeleted":0},"environment":"development"}
{"timestamp":"2025-09-26T22:43:06.728Z","level":"INFO","operation":"OLD_TIMER_CHANGES_CLEANUP","details":{"cutoffDate":"2025-07-28T22:43:06.289Z","retentionDays":60,"timerChangesDeleted":0},"environment":"development"}
{"timestamp":"2025-09-26T22:43:06.729Z","level":"INFO","operation":"DATA_RETENTION_CLEANUP_STATISTICS","details":{"statistics":{"oldMessages":0,"oldSessions":0,"oldParticipants":0,"oldTimerChanges":0,"totalRecordsRemoved":0},"totalRecords":0,"executionTimeMs":450,"executionTimeSec":0},"environment":"development"}
{"timestamp":"2025-09-26T22:43:06.740Z","level":"INFO","operation":"EXPIRED_SESSION_MESSAGES","details":{"expiredSessionsFound":35,"messagesDeleted":0,"sessionIds":["xA6WXNfyD23G7A","KhGSOFo9evOkEj","qa0cORBsCUaD5w","d4tvhZELvpf0PZ","kw41W7318xDvAE","M2dtIymGWM9Nqe","cM2onVMRmXnLSD","ngfUSGGCRflUTh","SdQuOX3ur7c5Et","ZhyMwIvuwM3RaG","8YP2Pu0Ze9w6E2","MJuGcnofZ8bhC5","B106H6XZdQ853k","sbSHTvgml4GfAS","ul9qUzxj8Im86C","FawCSl2xvjUSyQ","1Tt7A3aBwnGENY","MJbkaKFbJxYx82","mbSpkkCQq52gxm","JRA7q8q6py7nJL","JKTMFzpMwck4rc","w4bXLTMnXvTchA","XKdXpX1Vgl5DLn","H0suW8D9QJxkma","hpNmGR5KucLitL","HJDOQE9kaNlmN6","nYnUepCygf1jAx","nNF0fjribOI10a","3s2X9dx8PgRjiU","8gzeWrm4yVcK3P","UHAllFO96bgY5S","svCURWDPuB8Lbn","j9MUvqFQGVXUko","oeNhfT2r6ZhXD4","Bh3JzKodtBVebq"]},"environment":"development"}
{"timestamp":"2025-09-26T22:43:06.741Z","level":"INFO","operation":"SESSION_BASED_CLEANUP_STATISTICS","details":{"statistics":{"expiredSessionMessages":0,"expiredMessages":0,"totalRemoved":0},"totalRecords":0,"executionTimeMs":464,"executionTimeSec":0},"environment":"development"}
{"timestamp":"2025-09-26T22:43:06.743Z","level":"INFO","operation":"SCHEDULE_SETUP","details":{"service":"MessageCleanup","schedule":"every 4 hours","nextRun":"2025-09-27T02:43:06.743Z"},"environment":"development"}
{"timestamp":"2025-09-26T22:43:06.744Z","level":"INFO","operation":"SCHEDULE_SETUP","details":{"service":"DataRetentionCleanup","schedule":"daily at midnight","nextRun":"2025-09-27T19:00:00.000Z"},"environment":"development"}
{"timestamp":"2025-09-26T22:43:18.241Z","level":"INFO","operation":"DATA_RETENTION_CLEANUP_START","details":{"retentionDays":60,"retentionPeriodMs":5184000000,"cutoffDate":"2025-07-28T22:43:18.241Z"},"environment":"development"}
{"timestamp":"2025-09-26T22:43:18.497Z","level":"INFO","operation":"OLD_MESSAGES_CLEANUP","details":{"cutoffDate":"2025-07-28T22:43:18.249Z","retentionDays":60,"messagesDeleted":0},"environment":"development"}
{"timestamp":"2025-09-26T22:43:18.550Z","level":"INFO","operation":"OLD_SESSIONS_CLEANUP","details":{"cutoffDate":"2025-07-28T22:43:18.249Z","retentionDays":60,"sessionsDeleted":0},"environment":"development"}
{"timestamp":"2025-09-26T22:43:18.688Z","level":"INFO","operation":"INDIVIDUALLY_EXPIRED_MESSAGES","details":{"messagesDeleted":0,"cutoffTime":"2025-09-26T22:43:18.240Z"},"environment":"development"}
{"timestamp":"2025-09-26T22:43:18.699Z","level":"INFO","operation":"EXPIRED_SESSION_MESSAGES","details":{"expiredSessionsFound":35,"messagesDeleted":0,"sessionIds":["xA6WXNfyD23G7A","KhGSOFo9evOkEj","qa0cORBsCUaD5w","d4tvhZELvpf0PZ","kw41W7318xDvAE","M2dtIymGWM9Nqe","cM2onVMRmXnLSD","ngfUSGGCRflUTh","SdQuOX3ur7c5Et","ZhyMwIvuwM3RaG","8YP2Pu0Ze9w6E2","MJuGcnofZ8bhC5","B106H6XZdQ853k","sbSHTvgml4GfAS","ul9qUzxj8Im86C","FawCSl2xvjUSyQ","1Tt7A3aBwnGENY","MJbkaKFbJxYx82","mbSpkkCQq52gxm","JRA7q8q6py7nJL","JKTMFzpMwck4rc","w4bXLTMnXvTchA","XKdXpX1Vgl5DLn","H0suW8D9QJxkma","hpNmGR5KucLitL","HJDOQE9kaNlmN6","nYnUepCygf1jAx","nNF0fjribOI10a","3s2X9dx8PgRjiU","8gzeWrm4yVcK3P","UHAllFO96bgY5S","svCURWDPuB8Lbn","j9MUvqFQGVXUko","oeNhfT2r6ZhXD4","Bh3JzKodtBVebq"]},"environment":"development"}
{"timestamp":"2025-09-26T22:43:18.700Z","level":"INFO","operation":"SESSION_BASED_CLEANUP_STATISTICS","details":{"statistics":{"expiredSessionMessages":0,"expiredMessages":0,"totalRemoved":0},"totalRecords":0,"executionTimeMs":461,"executionTimeSec":0},"environment":"development"}
{"timestamp":"2025-09-26T22:43:19.357Z","level":"INFO","operation":"OLD_PARTICIPANTS_CLEANUP","details":{"cutoffDate":"2025-07-28T22:43:18.249Z","retentionDays":60,"participantsDeleted":0},"environment":"development"}
{"timestamp":"2025-09-26T22:43:19.364Z","level":"INFO","operation":"OLD_TIMER_CHANGES_CLEANUP","details":{"cutoffDate":"2025-07-28T22:43:18.249Z","retentionDays":60,"timerChangesDeleted":0},"environment":"development"}
{"timestamp":"2025-09-26T22:43:19.365Z","level":"INFO","operation":"DATA_RETENTION_CLEANUP_STATISTICS","details":{"statistics":{"oldMessages":0,"oldSessions":0,"oldParticipants":0,"oldTimerChanges":0,"totalRecordsRemoved":0},"totalRecords":0,"executionTimeMs":1124,"executionTimeSec":1},"environment":"development"}
{"timestamp":"2025-09-26T22:43:19.366Z","level":"INFO","operation":"SCHEDULE_SETUP","details":{"service":"MessageCleanup","schedule":"every 4 hours","nextRun":"2025-09-27T02:43:19.366Z"},"environment":"development"}
{"timestamp":"2025-09-26T22:43:19.366Z","level":"INFO","operation":"SCHEDULE_SETUP","details":{"service":"DataRetentionCleanup","schedule":"daily at midnight","nextRun":"2025-09-27T19:00:00.000Z"},"environment":"development"}
{"timestamp":"2025-09-26T22:51:54.261Z","level":"INFO","operation":"SPECIFIC_SESSION_CLEANUP","details":{"sessionId":"hwquTDlQ6x5MH2","messagesDeleted":102},"environment":"development"}
{"timestamp":"2025-09-26T23:04:36.968Z","level":"INFO","operation":"DATA_RETENTION_CLEANUP_START","details":{"retentionDays":60,"retentionPeriodMs":5184000000,"cutoffDate":"2025-07-28T23:04:36.967Z"},"environment":"development"}
{"timestamp":"2025-09-26T23:04:37.127Z","level":"INFO","operation":"OLD_MESSAGES_CLEANUP","details":{"cutoffDate":"2025-07-28T23:04:36.977Z","retentionDays":60,"messagesDeleted":0},"environment":"development"}
{"timestamp":"2025-09-26T23:04:37.130Z","level":"INFO","operation":"INDIVIDUALLY_EXPIRED_MESSAGES","details":{"messagesDeleted":8,"cutoffTime":"2025-09-26T23:04:36.967Z"},"environment":"development"}
{"timestamp":"2025-09-26T23:04:37.131Z","level":"INFO","operation":"OLD_SESSIONS_CLEANUP","details":{"cutoffDate":"2025-07-28T23:04:36.977Z","retentionDays":60,"sessionsDeleted":0},"environment":"development"}
{"timestamp":"2025-09-26T23:04:37.267Z","level":"INFO","operation":"EXPIRED_SESSION_MESSAGES","details":{"expiredSessionsFound":36,"messagesDeleted":0,"sessionIds":["xA6WXNfyD23G7A","KhGSOFo9evOkEj","qa0cORBsCUaD5w","d4tvhZELvpf0PZ","kw41W7318xDvAE","M2dtIymGWM9Nqe","cM2onVMRmXnLSD","ngfUSGGCRflUTh","SdQuOX3ur7c5Et","ZhyMwIvuwM3RaG","8YP2Pu0Ze9w6E2","MJuGcnofZ8bhC5","B106H6XZdQ853k","sbSHTvgml4GfAS","ul9qUzxj8Im86C","FawCSl2xvjUSyQ","1Tt7A3aBwnGENY","MJbkaKFbJxYx82","mbSpkkCQq52gxm","JRA7q8q6py7nJL","JKTMFzpMwck4rc","w4bXLTMnXvTchA","XKdXpX1Vgl5DLn","H0suW8D9QJxkma","hpNmGR5KucLitL","HJDOQE9kaNlmN6","nYnUepCygf1jAx","nNF0fjribOI10a","3s2X9dx8PgRjiU","8gzeWrm4yVcK3P","UHAllFO96bgY5S","svCURWDPuB8Lbn","j9MUvqFQGVXUko","oeNhfT2r6ZhXD4","Bh3JzKodtBVebq","hwquTDlQ6x5MH2"]},"environment":"development"}
{"timestamp":"2025-09-26T23:04:37.268Z","level":"INFO","operation":"SESSION_BASED_CLEANUP_STATISTICS","details":{"statistics":{"expiredSessionMessages":0,"expiredMessages":8,"totalRemoved":8},"totalRecords":16,"executionTimeMs":303,"executionTimeSec":0},"environment":"development"}
{"timestamp":"2025-09-26T23:04:37.938Z","level":"INFO","operation":"OLD_PARTICIPANTS_CLEANUP","details":{"cutoffDate":"2025-07-28T23:04:36.977Z","retentionDays":60,"participantsDeleted":0},"environment":"development"}
{"timestamp":"2025-09-26T23:04:37.953Z","level":"INFO","operation":"OLD_TIMER_CHANGES_CLEANUP","details":{"cutoffDate":"2025-07-28T23:04:36.977Z","retentionDays":60,"timerChangesDeleted":0},"environment":"development"}
{"timestamp":"2025-09-26T23:04:37.954Z","level":"INFO","operation":"DATA_RETENTION_CLEANUP_STATISTICS","details":{"statistics":{"oldMessages":0,"oldSessions":0,"oldParticipants":0,"oldTimerChanges":0,"totalRecordsRemoved":0},"totalRecords":0,"executionTimeMs":987,"executionTimeSec":1},"environment":"development"}
{"timestamp":"2025-09-26T23:04:37.955Z","level":"INFO","operation":"SCHEDULE_SETUP","details":{"service":"MessageCleanup","schedule":"every 4 hours","nextRun":"2025-09-27T03:04:37.955Z"},"environment":"development"}
{"timestamp":"2025-09-26T23:04:37.955Z","level":"INFO","operation":"SCHEDULE_SETUP","details":{"service":"DataRetentionCleanup","schedule":"daily at midnight","nextRun":"2025-09-27T19:00:00.000Z"},"environment":"development"}
{"timestamp":"2025-09-26T23:08:06.517Z","level":"INFO","operation":"DATA_RETENTION_CLEANUP_START","details":{"retentionDays":60,"retentionPeriodMs":5184000000,"cutoffDate":"2025-07-28T23:08:06.517Z"},"environment":"development"}
{"timestamp":"2025-09-26T23:08:06.677Z","level":"INFO","operation":"INDIVIDUALLY_EXPIRED_MESSAGES","details":{"messagesDeleted":0,"cutoffTime":"2025-09-26T23:08:06.516Z"},"environment":"development"}
{"timestamp":"2025-09-26T23:08:06.743Z","level":"INFO","operation":"OLD_SESSIONS_CLEANUP","details":{"cutoffDate":"2025-07-28T23:08:06.526Z","retentionDays":60,"sessionsDeleted":0},"environment":"development"}
{"timestamp":"2025-09-26T23:08:06.820Z","level":"INFO","operation":"OLD_TIMER_CHANGES_CLEANUP","details":{"cutoffDate":"2025-07-28T23:08:06.526Z","retentionDays":60,"timerChangesDeleted":0},"environment":"development"}
{"timestamp":"2025-09-26T23:08:06.920Z","level":"INFO","operation":"EXPIRED_SESSION_MESSAGES","details":{"expiredSessionsFound":36,"messagesDeleted":0,"sessionIds":["xA6WXNfyD23G7A","KhGSOFo9evOkEj","qa0cORBsCUaD5w","d4tvhZELvpf0PZ","kw41W7318xDvAE","M2dtIymGWM9Nqe","cM2onVMRmXnLSD","ngfUSGGCRflUTh","SdQuOX3ur7c5Et","ZhyMwIvuwM3RaG","8YP2Pu0Ze9w6E2","MJuGcnofZ8bhC5","B106H6XZdQ853k","sbSHTvgml4GfAS","ul9qUzxj8Im86C","FawCSl2xvjUSyQ","1Tt7A3aBwnGENY","MJbkaKFbJxYx82","mbSpkkCQq52gxm","JRA7q8q6py7nJL","JKTMFzpMwck4rc","w4bXLTMnXvTchA","XKdXpX1Vgl5DLn","H0suW8D9QJxkma","hpNmGR5KucLitL","HJDOQE9kaNlmN6","nYnUepCygf1jAx","nNF0fjribOI10a","3s2X9dx8PgRjiU","8gzeWrm4yVcK3P","UHAllFO96bgY5S","svCURWDPuB8Lbn","j9MUvqFQGVXUko","oeNhfT2r6ZhXD4","Bh3JzKodtBVebq","hwquTDlQ6x5MH2"]},"environment":"development"}
{"timestamp":"2025-09-26T23:08:06.921Z","level":"INFO","operation":"SESSION_BASED_CLEANUP_STATISTICS","details":{"statistics":{"expiredSessionMessages":0,"expiredMessages":0,"totalRemoved":0},"totalRecords":0,"executionTimeMs":407,"executionTimeSec":0},"environment":"development"}
{"timestamp":"2025-09-26T23:08:07.509Z","level":"INFO","operation":"OLD_MESSAGES_CLEANUP","details":{"cutoffDate":"2025-07-28T23:08:06.526Z","retentionDays":60,"messagesDeleted":0},"environment":"development"}
{"timestamp":"2025-09-26T23:08:07.553Z","level":"INFO","operation":"OLD_PARTICIPANTS_CLEANUP","details":{"cutoffDate":"2025-07-28T23:08:06.526Z","retentionDays":60,"participantsDeleted":0},"environment":"development"}
{"timestamp":"2025-09-26T23:08:07.554Z","level":"INFO","operation":"DATA_RETENTION_CLEANUP_STATISTICS","details":{"statistics":{"oldMessages":0,"oldSessions":0,"oldParticipants":0,"oldTimerChanges":0,"totalRecordsRemoved":0},"totalRecords":0,"executionTimeMs":1037,"executionTimeSec":1},"environment":"development"}
{"timestamp":"2025-09-26T23:08:07.555Z","level":"INFO","operation":"SCHEDULE_SETUP","details":{"service":"MessageCleanup","schedule":"every 4 hours","nextRun":"2025-09-27T03:08:07.555Z"},"environment":"development"}
{"timestamp":"2025-09-26T23:08:07.555Z","level":"INFO","operation":"SCHEDULE_SETUP","details":{"service":"DataRetentionCleanup","schedule":"daily at midnight","nextRun":"2025-09-27T19:00:00.000Z"},"environment":"development"}
{"timestamp":"2025-09-26T23:08:19.442Z","level":"INFO","operation":"DATA_RETENTION_CLEANUP_START","details":{"retentionDays":60,"retentionPeriodMs":5184000000,"cutoffDate":"2025-07-28T23:08:19.442Z"},"environment":"development"}
{"timestamp":"2025-09-26T23:08:19.592Z","level":"INFO","operation":"INDIVIDUALLY_EXPIRED_MESSAGES","details":{"messagesDeleted":0,"cutoffTime":"2025-09-26T23:08:19.441Z"},"environment":"development"}
{"timestamp":"2025-09-26T23:08:19.738Z","level":"INFO","operation":"OLD_PARTICIPANTS_CLEANUP","details":{"cutoffDate":"2025-07-28T23:08:19.449Z","retentionDays":60,"participantsDeleted":0},"environment":"development"}
{"timestamp":"2025-09-26T23:08:19.739Z","level":"INFO","operation":"OLD_TIMER_CHANGES_CLEANUP","details":{"cutoffDate":"2025-07-28T23:08:19.450Z","retentionDays":60,"timerChangesDeleted":0},"environment":"development"}
{"timestamp":"2025-09-26T23:08:19.806Z","level":"INFO","operation":"EXPIRED_SESSION_MESSAGES","details":{"expiredSessionsFound":36,"messagesDeleted":0,"sessionIds":["xA6WXNfyD23G7A","KhGSOFo9evOkEj","qa0cORBsCUaD5w","d4tvhZELvpf0PZ","kw41W7318xDvAE","M2dtIymGWM9Nqe","cM2onVMRmXnLSD","ngfUSGGCRflUTh","SdQuOX3ur7c5Et","ZhyMwIvuwM3RaG","8YP2Pu0Ze9w6E2","MJuGcnofZ8bhC5","B106H6XZdQ853k","sbSHTvgml4GfAS","ul9qUzxj8Im86C","FawCSl2xvjUSyQ","1Tt7A3aBwnGENY","MJbkaKFbJxYx82","mbSpkkCQq52gxm","JRA7q8q6py7nJL","JKTMFzpMwck4rc","w4bXLTMnXvTchA","XKdXpX1Vgl5DLn","H0suW8D9QJxkma","hpNmGR5KucLitL","HJDOQE9kaNlmN6","nYnUepCygf1jAx","nNF0fjribOI10a","3s2X9dx8PgRjiU","8gzeWrm4yVcK3P","UHAllFO96bgY5S","svCURWDPuB8Lbn","j9MUvqFQGVXUko","oeNhfT2r6ZhXD4","Bh3JzKodtBVebq","hwquTDlQ6x5MH2"]},"environment":"development"}
{"timestamp":"2025-09-26T23:08:19.807Z","level":"INFO","operation":"SESSION_BASED_CLEANUP_STATISTICS","details":{"statistics":{"expiredSessionMessages":0,"expiredMessages":0,"totalRemoved":0},"totalRecords":0,"executionTimeMs":366,"executionTimeSec":0},"environment":"development"}
{"timestamp":"2025-09-26T23:08:20.427Z","level":"INFO","operation":"OLD_MESSAGES_CLEANUP","details":{"cutoffDate":"2025-07-28T23:08:19.449Z","retentionDays":60,"messagesDeleted":0},"environment":"development"}
{"timestamp":"2025-09-26T23:08:20.459Z","level":"INFO","operation":"OLD_SESSIONS_CLEANUP","details":{"cutoffDate":"2025-07-28T23:08:19.449Z","retentionDays":60,"sessionsDeleted":0},"environment":"development"}
{"timestamp":"2025-09-26T23:08:20.460Z","level":"INFO","operation":"DATA_RETENTION_CLEANUP_STATISTICS","details":{"statistics":{"oldMessages":0,"oldSessions":0,"oldParticipants":0,"oldTimerChanges":0,"totalRecordsRemoved":0},"totalRecords":0,"executionTimeMs":1018,"executionTimeSec":1},"environment":"development"}
{"timestamp":"2025-09-26T23:08:20.461Z","level":"INFO","operation":"SCHEDULE_SETUP","details":{"service":"MessageCleanup","schedule":"every 4 hours","nextRun":"2025-09-27T03:08:20.461Z"},"environment":"development"}
{"timestamp":"2025-09-26T23:08:20.461Z","level":"INFO","operation":"SCHEDULE_SETUP","details":{"service":"DataRetentionCleanup","schedule":"daily at midnight","nextRun":"2025-09-27T19:00:00.000Z"},"environment":"development"}
{"timestamp":"2025-09-26T23:14:17.918Z","level":"INFO","operation":"SPECIFIC_SESSION_CLEANUP","details":{"sessionId":"KQkqaUh7nW2AdQ","messagesDeleted":15},"environment":"development"}
{"timestamp":"2025-09-26T23:16:28.117Z","level":"INFO","operation":"SPECIFIC_SESSION_CLEANUP","details":{"sessionId":"tF6LD6d3llAD3I","messagesDeleted":10},"environment":"development"}
{"timestamp":"2025-09-26T23:33:23.484Z","level":"INFO","operation":"SPECIFIC_SESSION_CLEANUP","details":{"sessionId":"XFJFMqXExLdSdL","messagesDeleted":3},"environment":"development"}
