{"timestamp":"2025-06-18T04:15:16.391Z","level":"INFO","operation":"DATA_RETENTION_CLEANUP_START","details":{"retentionDays":60,"retentionPeriodMs":5184000000,"cutoffDate":"2025-04-19T04:15:16.389Z"},"environment":"development"}
{"timestamp":"2025-06-18T04:15:16.574Z","level":"INFO","operation":"INDIVIDUALLY_EXPIRED_MESSAGES","details":{"messagesDeleted":0,"cutoffTime":"2025-06-18T04:15:16.388Z"},"environment":"development"}
{"timestamp":"2025-06-18T04:15:16.577Z","level":"INFO","operation":"EXPIRED_SESSION_MESSAGES","details":{"expiredSessionsFound":0,"messagesDeleted":0},"environment":"development"}
{"timestamp":"2025-06-18T04:15:16.578Z","level":"INFO","operation":"SESSION_BASED_CLEANUP_STATISTICS","details":{"statistics":{"expiredSessionMessages":0,"expiredMessages":0,"totalRemoved":0},"totalRecords":0,"executionTimeMs":192,"executionTimeSec":0},"environment":"development"}
{"timestamp":"2025-06-18T04:15:16.605Z","level":"INFO","operation":"OLD_PARTICIPANTS_CLEANUP","details":{"cutoffDate":"2025-04-19T04:15:16.406Z","retentionDays":60,"participantsDeleted":0},"environment":"development"}
{"timestamp":"2025-06-18T04:15:16.723Z","level":"INFO","operation":"OLD_TIMER_CHANGES_CLEANUP","details":{"cutoffDate":"2025-04-19T04:15:16.407Z","retentionDays":60,"timerChangesDeleted":0},"environment":"development"}
{"timestamp":"2025-06-18T04:15:17.511Z","level":"INFO","operation":"OLD_SESSIONS_CLEANUP","details":{"cutoffDate":"2025-04-19T04:15:16.406Z","retentionDays":60,"sessionsDeleted":0},"environment":"development"}
{"timestamp":"2025-06-18T04:15:17.661Z","level":"INFO","operation":"OLD_MESSAGES_CLEANUP","details":{"cutoffDate":"2025-04-19T04:15:16.406Z","retentionDays":60,"messagesDeleted":0},"environment":"development"}
{"timestamp":"2025-06-18T04:15:17.662Z","level":"INFO","operation":"DATA_RETENTION_CLEANUP_STATISTICS","details":{"statistics":{"oldMessages":0,"oldSessions":0,"oldParticipants":0,"oldTimerChanges":0,"totalRecordsRemoved":0},"totalRecords":0,"executionTimeMs":1273,"executionTimeSec":1},"environment":"development"}
{"timestamp":"2025-06-18T04:15:17.665Z","level":"INFO","operation":"SCHEDULE_SETUP","details":{"service":"MessageCleanup","schedule":"every 4 hours","nextRun":"2025-06-18T08:15:17.665Z"},"environment":"development"}
{"timestamp":"2025-06-18T04:15:17.666Z","level":"INFO","operation":"SCHEDULE_SETUP","details":{"service":"DataRetentionCleanup","schedule":"daily at midnight","nextRun":"2025-06-18T19:00:00.000Z"},"environment":"development"}
{"timestamp":"2025-06-18T05:51:19.632Z","level":"INFO","operation":"DATA_RETENTION_CLEANUP_START","details":{"retentionDays":60,"retentionPeriodMs":5184000000,"cutoffDate":"2025-04-19T05:51:19.631Z"},"environment":"development"}
{"timestamp":"2025-06-18T05:51:19.781Z","level":"INFO","operation":"INDIVIDUALLY_EXPIRED_MESSAGES","details":{"messagesDeleted":0,"cutoffTime":"2025-06-18T05:51:19.630Z"},"environment":"development"}
{"timestamp":"2025-06-18T05:51:19.785Z","level":"INFO","operation":"EXPIRED_SESSION_MESSAGES","details":{"expiredSessionsFound":0,"messagesDeleted":0},"environment":"development"}
{"timestamp":"2025-06-18T05:51:19.787Z","level":"INFO","operation":"SESSION_BASED_CLEANUP_STATISTICS","details":{"statistics":{"expiredSessionMessages":0,"expiredMessages":0,"totalRemoved":0},"totalRecords":0,"executionTimeMs":159,"executionTimeSec":0},"environment":"development"}
{"timestamp":"2025-06-18T05:51:19.921Z","level":"INFO","operation":"OLD_PARTICIPANTS_CLEANUP","details":{"cutoffDate":"2025-04-19T05:51:19.646Z","retentionDays":60,"participantsDeleted":0},"environment":"development"}
{"timestamp":"2025-06-18T05:51:19.924Z","level":"INFO","operation":"OLD_TIMER_CHANGES_CLEANUP","details":{"cutoffDate":"2025-04-19T05:51:19.647Z","retentionDays":60,"timerChangesDeleted":0},"environment":"development"}
{"timestamp":"2025-06-18T05:51:20.666Z","level":"INFO","operation":"OLD_SESSIONS_CLEANUP","details":{"cutoffDate":"2025-04-19T05:51:19.645Z","retentionDays":60,"sessionsDeleted":0},"environment":"development"}
{"timestamp":"2025-06-18T05:51:20.760Z","level":"INFO","operation":"OLD_MESSAGES_CLEANUP","details":{"cutoffDate":"2025-04-19T05:51:19.645Z","retentionDays":60,"messagesDeleted":0},"environment":"development"}
{"timestamp":"2025-06-18T05:51:20.762Z","level":"INFO","operation":"DATA_RETENTION_CLEANUP_STATISTICS","details":{"statistics":{"oldMessages":0,"oldSessions":0,"oldParticipants":0,"oldTimerChanges":0,"totalRecordsRemoved":0},"totalRecords":0,"executionTimeMs":1131,"executionTimeSec":1},"environment":"development"}
{"timestamp":"2025-06-18T05:51:20.767Z","level":"INFO","operation":"SCHEDULE_SETUP","details":{"service":"MessageCleanup","schedule":"every 4 hours","nextRun":"2025-06-18T09:51:20.767Z"},"environment":"development"}
{"timestamp":"2025-06-18T05:51:20.769Z","level":"INFO","operation":"SCHEDULE_SETUP","details":{"service":"DataRetentionCleanup","schedule":"daily at midnight","nextRun":"2025-06-18T19:00:00.000Z"},"environment":"development"}
{"timestamp":"2025-06-18T06:02:00.020Z","level":"INFO","operation":"DATA_RETENTION_CLEANUP_START","details":{"retentionDays":60,"retentionPeriodMs":5184000000,"cutoffDate":"2025-04-19T06:02:00.018Z"},"environment":"development"}
{"timestamp":"2025-06-18T06:02:00.170Z","level":"INFO","operation":"EXPIRED_SESSION_MESSAGES","details":{"expiredSessionsFound":0,"messagesDeleted":0},"environment":"development"}
{"timestamp":"2025-06-18T06:02:00.171Z","level":"INFO","operation":"INDIVIDUALLY_EXPIRED_MESSAGES","details":{"messagesDeleted":0,"cutoffTime":"2025-06-18T06:02:00.018Z"},"environment":"development"}
{"timestamp":"2025-06-18T06:02:00.172Z","level":"INFO","operation":"SESSION_BASED_CLEANUP_STATISTICS","details":{"statistics":{"expiredSessionMessages":0,"expiredMessages":0,"totalRemoved":0},"totalRecords":0,"executionTimeMs":158,"executionTimeSec":0},"environment":"development"}
{"timestamp":"2025-06-18T06:02:00.175Z","level":"INFO","operation":"OLD_MESSAGES_CLEANUP","details":{"cutoffDate":"2025-04-19T06:02:00.033Z","retentionDays":60,"messagesDeleted":0},"environment":"development"}
{"timestamp":"2025-06-18T06:02:00.308Z","level":"INFO","operation":"OLD_TIMER_CHANGES_CLEANUP","details":{"cutoffDate":"2025-04-19T06:02:00.034Z","retentionDays":60,"timerChangesDeleted":0},"environment":"development"}
{"timestamp":"2025-06-18T06:02:01.042Z","level":"INFO","operation":"OLD_PARTICIPANTS_CLEANUP","details":{"cutoffDate":"2025-04-19T06:02:00.033Z","retentionDays":60,"participantsDeleted":0},"environment":"development"}
{"timestamp":"2025-06-18T06:02:01.060Z","level":"INFO","operation":"OLD_SESSIONS_CLEANUP","details":{"cutoffDate":"2025-04-19T06:02:00.033Z","retentionDays":60,"sessionsDeleted":0},"environment":"development"}
{"timestamp":"2025-06-18T06:02:01.061Z","level":"INFO","operation":"DATA_RETENTION_CLEANUP_STATISTICS","details":{"statistics":{"oldMessages":0,"oldSessions":0,"oldParticipants":0,"oldTimerChanges":0,"totalRecordsRemoved":0},"totalRecords":0,"executionTimeMs":1043,"executionTimeSec":1},"environment":"development"}
{"timestamp":"2025-06-18T06:02:01.063Z","level":"INFO","operation":"SCHEDULE_SETUP","details":{"service":"MessageCleanup","schedule":"every 4 hours","nextRun":"2025-06-18T10:02:01.062Z"},"environment":"development"}
{"timestamp":"2025-06-18T06:02:01.063Z","level":"INFO","operation":"SCHEDULE_SETUP","details":{"service":"DataRetentionCleanup","schedule":"daily at midnight","nextRun":"2025-06-18T19:00:00.000Z"},"environment":"development"}
{"timestamp":"2025-06-18T06:49:13.872Z","level":"INFO","operation":"DATA_RETENTION_CLEANUP_START","details":{"retentionDays":60,"retentionPeriodMs":5184000000,"cutoffDate":"2025-04-19T06:49:13.869Z"},"environment":"development"}
{"timestamp":"2025-06-18T06:49:14.025Z","level":"INFO","operation":"EXPIRED_SESSION_MESSAGES","details":{"expiredSessionsFound":0,"messagesDeleted":0},"environment":"development"}
{"timestamp":"2025-06-18T06:49:14.033Z","level":"INFO","operation":"INDIVIDUALLY_EXPIRED_MESSAGES","details":{"messagesDeleted":0,"cutoffTime":"2025-06-18T06:49:13.868Z"},"environment":"development"}
{"timestamp":"2025-06-18T06:49:14.034Z","level":"INFO","operation":"SESSION_BASED_CLEANUP_STATISTICS","details":{"statistics":{"expiredSessionMessages":0,"expiredMessages":0,"totalRemoved":0},"totalRecords":0,"executionTimeMs":167,"executionTimeSec":0},"environment":"development"}
{"timestamp":"2025-06-18T06:49:14.048Z","level":"INFO","operation":"OLD_MESSAGES_CLEANUP","details":{"cutoffDate":"2025-04-19T06:49:13.886Z","retentionDays":60,"messagesDeleted":0},"environment":"development"}
{"timestamp":"2025-06-18T06:49:14.165Z","level":"INFO","operation":"OLD_TIMER_CHANGES_CLEANUP","details":{"cutoffDate":"2025-04-19T06:49:13.887Z","retentionDays":60,"timerChangesDeleted":0},"environment":"development"}
{"timestamp":"2025-06-18T06:49:14.949Z","level":"INFO","operation":"OLD_SESSIONS_CLEANUP","details":{"cutoffDate":"2025-04-19T06:49:13.887Z","retentionDays":60,"sessionsDeleted":0},"environment":"development"}
{"timestamp":"2025-06-18T06:49:15.015Z","level":"INFO","operation":"OLD_PARTICIPANTS_CLEANUP","details":{"cutoffDate":"2025-04-19T06:49:13.887Z","retentionDays":60,"participantsDeleted":0},"environment":"development"}
{"timestamp":"2025-06-18T06:49:15.016Z","level":"INFO","operation":"DATA_RETENTION_CLEANUP_STATISTICS","details":{"statistics":{"oldMessages":0,"oldSessions":0,"oldParticipants":0,"oldTimerChanges":0,"totalRecordsRemoved":0},"totalRecords":0,"executionTimeMs":1147,"executionTimeSec":1},"environment":"development"}
{"timestamp":"2025-06-18T06:49:15.017Z","level":"INFO","operation":"SCHEDULE_SETUP","details":{"service":"MessageCleanup","schedule":"every 4 hours","nextRun":"2025-06-18T10:49:15.017Z"},"environment":"development"}
{"timestamp":"2025-06-18T06:49:15.018Z","level":"INFO","operation":"SCHEDULE_SETUP","details":{"service":"DataRetentionCleanup","schedule":"daily at midnight","nextRun":"2025-06-18T19:00:00.000Z"},"environment":"development"}
{"timestamp":"2025-06-18T06:49:23.960Z","level":"INFO","operation":"DATA_RETENTION_CLEANUP_START","details":{"retentionDays":60,"retentionPeriodMs":5184000000,"cutoffDate":"2025-04-19T06:49:23.958Z"},"environment":"development"}
{"timestamp":"2025-06-18T06:49:24.109Z","level":"INFO","operation":"EXPIRED_SESSION_MESSAGES","details":{"expiredSessionsFound":0,"messagesDeleted":0},"environment":"development"}
{"timestamp":"2025-06-18T06:49:24.111Z","level":"INFO","operation":"INDIVIDUALLY_EXPIRED_MESSAGES","details":{"messagesDeleted":0,"cutoffTime":"2025-06-18T06:49:23.957Z"},"environment":"development"}
{"timestamp":"2025-06-18T06:49:24.112Z","level":"INFO","operation":"SESSION_BASED_CLEANUP_STATISTICS","details":{"statistics":{"expiredSessionMessages":0,"expiredMessages":0,"totalRemoved":0},"totalRecords":0,"executionTimeMs":158,"executionTimeSec":0},"environment":"development"}
{"timestamp":"2025-06-18T06:49:24.143Z","level":"INFO","operation":"OLD_PARTICIPANTS_CLEANUP","details":{"cutoffDate":"2025-04-19T06:49:23.974Z","retentionDays":60,"participantsDeleted":0},"environment":"development"}
{"timestamp":"2025-06-18T06:49:24.243Z","level":"INFO","operation":"OLD_TIMER_CHANGES_CLEANUP","details":{"cutoffDate":"2025-04-19T06:49:23.975Z","retentionDays":60,"timerChangesDeleted":0},"environment":"development"}
{"timestamp":"2025-06-18T06:49:25.008Z","level":"INFO","operation":"OLD_MESSAGES_CLEANUP","details":{"cutoffDate":"2025-04-19T06:49:23.974Z","retentionDays":60,"messagesDeleted":0},"environment":"development"}
{"timestamp":"2025-06-18T06:49:25.080Z","level":"INFO","operation":"OLD_SESSIONS_CLEANUP","details":{"cutoffDate":"2025-04-19T06:49:23.974Z","retentionDays":60,"sessionsDeleted":0},"environment":"development"}
{"timestamp":"2025-06-18T06:49:25.080Z","level":"INFO","operation":"DATA_RETENTION_CLEANUP_STATISTICS","details":{"statistics":{"oldMessages":0,"oldSessions":0,"oldParticipants":0,"oldTimerChanges":0,"totalRecordsRemoved":0},"totalRecords":0,"executionTimeMs":1122,"executionTimeSec":1},"environment":"development"}
{"timestamp":"2025-06-18T06:49:25.082Z","level":"INFO","operation":"SCHEDULE_SETUP","details":{"service":"MessageCleanup","schedule":"every 4 hours","nextRun":"2025-06-18T10:49:25.082Z"},"environment":"development"}
{"timestamp":"2025-06-18T06:49:25.083Z","level":"INFO","operation":"SCHEDULE_SETUP","details":{"service":"DataRetentionCleanup","schedule":"daily at midnight","nextRun":"2025-06-18T19:00:00.000Z"},"environment":"development"}
{"timestamp":"2025-06-18T06:53:30.367Z","level":"INFO","operation":"DATA_RETENTION_CLEANUP_START","details":{"retentionDays":60,"retentionPeriodMs":5184000000,"cutoffDate":"2025-04-19T06:53:30.367Z"},"environment":"development"}
{"timestamp":"2025-06-18T06:53:30.527Z","level":"INFO","operation":"EXPIRED_SESSION_MESSAGES","details":{"expiredSessionsFound":0,"messagesDeleted":0},"environment":"development"}
{"timestamp":"2025-06-18T06:53:30.528Z","level":"INFO","operation":"INDIVIDUALLY_EXPIRED_MESSAGES","details":{"messagesDeleted":0,"cutoffTime":"2025-06-18T06:53:30.366Z"},"environment":"development"}
{"timestamp":"2025-06-18T06:53:30.530Z","level":"INFO","operation":"SESSION_BASED_CLEANUP_STATISTICS","details":{"statistics":{"expiredSessionMessages":0,"expiredMessages":0,"totalRemoved":0},"totalRecords":0,"executionTimeMs":168,"executionTimeSec":0},"environment":"development"}
{"timestamp":"2025-06-18T06:53:30.666Z","level":"INFO","operation":"OLD_PARTICIPANTS_CLEANUP","details":{"cutoffDate":"2025-04-19T06:53:30.391Z","retentionDays":60,"participantsDeleted":0},"environment":"development"}
{"timestamp":"2025-06-18T06:53:30.667Z","level":"INFO","operation":"OLD_TIMER_CHANGES_CLEANUP","details":{"cutoffDate":"2025-04-19T06:53:30.391Z","retentionDays":60,"timerChangesDeleted":0},"environment":"development"}
{"timestamp":"2025-06-18T06:53:31.481Z","level":"INFO","operation":"OLD_MESSAGES_CLEANUP","details":{"cutoffDate":"2025-04-19T06:53:30.391Z","retentionDays":60,"messagesDeleted":0},"environment":"development"}
{"timestamp":"2025-06-18T06:53:31.502Z","level":"INFO","operation":"OLD_SESSIONS_CLEANUP","details":{"cutoffDate":"2025-04-19T06:53:30.391Z","retentionDays":60,"sessionsDeleted":0},"environment":"development"}
{"timestamp":"2025-06-18T06:53:31.504Z","level":"INFO","operation":"DATA_RETENTION_CLEANUP_STATISTICS","details":{"statistics":{"oldMessages":0,"oldSessions":0,"oldParticipants":0,"oldTimerChanges":0,"totalRecordsRemoved":0},"totalRecords":0,"executionTimeMs":1137,"executionTimeSec":1},"environment":"development"}
{"timestamp":"2025-06-18T06:53:31.507Z","level":"INFO","operation":"SCHEDULE_SETUP","details":{"service":"MessageCleanup","schedule":"every 4 hours","nextRun":"2025-06-18T10:53:31.507Z"},"environment":"development"}
{"timestamp":"2025-06-18T06:53:31.508Z","level":"INFO","operation":"SCHEDULE_SETUP","details":{"service":"DataRetentionCleanup","schedule":"daily at midnight","nextRun":"2025-06-18T19:00:00.000Z"},"environment":"development"}
