{"timestamp":"2025-06-23T05:21:36.558Z","level":"INFO","operation":"DATA_RETENTION_CLEANUP_START","details":{"retentionDays":60,"retentionPeriodMs":5184000000,"cutoffDate":"2025-04-24T05:21:36.556Z"},"environment":"development"}
{"timestamp":"2025-06-23T05:21:36.735Z","level":"INFO","operation":"INDIVIDUALLY_EXPIRED_MESSAGES","details":{"messagesDeleted":0,"cutoffTime":"2025-06-23T05:21:36.555Z"},"environment":"development"}
{"timestamp":"2025-06-23T05:21:36.739Z","level":"INFO","operation":"EXPIRED_SESSION_MESSAGES","details":{"expiredSessionsFound":0,"messagesDeleted":0},"environment":"development"}
{"timestamp":"2025-06-23T05:21:36.741Z","level":"INFO","operation":"OLD_MESSAGES_CLEANUP","details":{"cutoffDate":"2025-04-24T05:21:36.575Z","retentionDays":60,"messagesDeleted":0},"environment":"development"}
{"timestamp":"2025-06-23T05:21:36.745Z","level":"INFO","operation":"SESSION_BASED_CLEANUP_STATISTICS","details":{"statistics":{"expiredSessionMessages":0,"expiredMessages":0,"totalRemoved":0},"totalRecords":0,"executionTimeMs":193,"executionTimeSec":0},"environment":"development"}
{"timestamp":"2025-06-23T05:21:36.912Z","level":"INFO","operation":"OLD_TIMER_CHANGES_CLEANUP","details":{"cutoffDate":"2025-04-24T05:21:36.576Z","retentionDays":60,"timerChangesDeleted":0},"environment":"development"}
{"timestamp":"2025-06-23T05:21:38.012Z","level":"INFO","operation":"OLD_SESSIONS_CLEANUP","details":{"cutoffDate":"2025-04-24T05:21:36.575Z","retentionDays":60,"sessionsDeleted":0},"environment":"development"}
{"timestamp":"2025-06-23T05:21:38.017Z","level":"INFO","operation":"OLD_PARTICIPANTS_CLEANUP","details":{"cutoffDate":"2025-04-24T05:21:36.575Z","retentionDays":60,"participantsDeleted":0},"environment":"development"}
{"timestamp":"2025-06-23T05:21:38.020Z","level":"INFO","operation":"DATA_RETENTION_CLEANUP_STATISTICS","details":{"statistics":{"oldMessages":0,"oldSessions":0,"oldParticipants":0,"oldTimerChanges":0,"totalRecordsRemoved":0},"totalRecords":0,"executionTimeMs":1464,"executionTimeSec":1},"environment":"development"}
{"timestamp":"2025-06-23T05:21:38.028Z","level":"INFO","operation":"SCHEDULE_SETUP","details":{"service":"MessageCleanup","schedule":"every 4 hours","nextRun":"2025-06-23T09:21:38.028Z"},"environment":"development"}
{"timestamp":"2025-06-23T05:21:38.030Z","level":"INFO","operation":"SCHEDULE_SETUP","details":{"service":"DataRetentionCleanup","schedule":"daily at midnight","nextRun":"2025-06-23T19:00:00.000Z"},"environment":"development"}
{"timestamp":"2025-06-23T11:22:23.953Z","level":"INFO","operation":"DATA_RETENTION_CLEANUP_START","details":{"retentionDays":60,"retentionPeriodMs":5184000000,"cutoffDate":"2025-04-24T11:22:23.952Z"},"environment":"development"}
{"timestamp":"2025-06-23T11:22:24.107Z","level":"INFO","operation":"EXPIRED_SESSION_MESSAGES","details":{"expiredSessionsFound":0,"messagesDeleted":0},"environment":"development"}
{"timestamp":"2025-06-23T11:22:24.108Z","level":"INFO","operation":"INDIVIDUALLY_EXPIRED_MESSAGES","details":{"messagesDeleted":0,"cutoffTime":"2025-06-23T11:22:23.951Z"},"environment":"development"}
{"timestamp":"2025-06-23T11:22:24.110Z","level":"INFO","operation":"SESSION_BASED_CLEANUP_STATISTICS","details":{"statistics":{"expiredSessionMessages":0,"expiredMessages":0,"totalRemoved":0},"totalRecords":0,"executionTimeMs":161,"executionTimeSec":0},"environment":"development"}
{"timestamp":"2025-06-23T11:22:24.132Z","level":"INFO","operation":"OLD_SESSIONS_CLEANUP","details":{"cutoffDate":"2025-04-24T11:22:23.965Z","retentionDays":60,"sessionsDeleted":0},"environment":"development"}
{"timestamp":"2025-06-23T11:22:24.164Z","level":"INFO","operation":"OLD_TIMER_CHANGES_CLEANUP","details":{"cutoffDate":"2025-04-24T11:22:23.967Z","retentionDays":60,"timerChangesDeleted":0},"environment":"development"}
{"timestamp":"2025-06-23T11:22:24.999Z","level":"INFO","operation":"OLD_PARTICIPANTS_CLEANUP","details":{"cutoffDate":"2025-04-24T11:22:23.966Z","retentionDays":60,"participantsDeleted":0},"environment":"development"}
{"timestamp":"2025-06-23T11:22:25.122Z","level":"INFO","operation":"OLD_MESSAGES_CLEANUP","details":{"cutoffDate":"2025-04-24T11:22:23.965Z","retentionDays":60,"messagesDeleted":0},"environment":"development"}
{"timestamp":"2025-06-23T11:22:25.123Z","level":"INFO","operation":"DATA_RETENTION_CLEANUP_STATISTICS","details":{"statistics":{"oldMessages":0,"oldSessions":0,"oldParticipants":0,"oldTimerChanges":0,"totalRecordsRemoved":0},"totalRecords":0,"executionTimeMs":1171,"executionTimeSec":1},"environment":"development"}
{"timestamp":"2025-06-23T11:22:25.129Z","level":"INFO","operation":"SCHEDULE_SETUP","details":{"service":"MessageCleanup","schedule":"every 4 hours","nextRun":"2025-06-23T15:22:25.129Z"},"environment":"development"}
{"timestamp":"2025-06-23T11:22:25.130Z","level":"INFO","operation":"SCHEDULE_SETUP","details":{"service":"DataRetentionCleanup","schedule":"daily at midnight","nextRun":"2025-06-23T19:00:00.000Z"},"environment":"development"}
