{"timestamp":"2025-09-02T10:16:36.339Z","level":"INFO","operation":"SPECIFIC_SESSION_CLEANUP","details":{"sessionId":"8knaWzWwcy1b6W","messagesDeleted":30},"environment":"development"}
{"timestamp":"2025-09-02T10:30:51.074Z","level":"INFO","operation":"SPECIFIC_SESSION_CLEANUP","details":{"sessionId":"JFAYOMAbhVH6x8","messagesDeleted":0},"environment":"development"}
{"timestamp":"2025-09-02T11:53:40.147Z","level":"INFO","operation":"SPECIFIC_SESSION_CLEANUP","details":{"sessionId":"ydf4WhQnVka17w","messagesDeleted":26},"environment":"development"}
{"timestamp":"2025-09-02T12:07:24.671Z","level":"INFO","operation":"SPECIFIC_SESSION_CLEANUP","details":{"sessionId":"rPKwZVhOxTDD80","messagesDeleted":0},"environment":"development"}
{"timestamp":"2025-09-02T12:35:37.002Z","level":"INFO","operation":"SPECIFIC_SESSION_CLEANUP","details":{"sessionId":"JP9DfZNJckUqOt","messagesDeleted":10},"environment":"development"}
{"timestamp":"2025-09-02T13:01:36.143Z","level":"INFO","operation":"SPECIFIC_SESSION_CLEANUP","details":{"sessionId":"1chiykpAOqZUH3","messagesDeleted":3},"environment":"development"}
{"timestamp":"2025-09-02T13:03:29.836Z","level":"INFO","operation":"DATA_RETENTION_CLEANUP_START","details":{"retentionDays":60,"retentionPeriodMs":5184000000,"cutoffDate":"2025-07-04T13:03:29.835Z"},"environment":"development"}
{"timestamp":"2025-09-02T13:03:29.988Z","level":"INFO","operation":"INDIVIDUALLY_EXPIRED_MESSAGES","details":{"messagesDeleted":2,"cutoffTime":"2025-09-02T13:03:29.834Z"},"environment":"development"}
{"timestamp":"2025-09-02T13:03:30.020Z","level":"INFO","operation":"OLD_MESSAGES_CLEANUP","details":{"cutoffDate":"2025-07-04T13:03:29.847Z","retentionDays":60,"messagesDeleted":0},"environment":"development"}
{"timestamp":"2025-09-02T13:03:30.123Z","level":"INFO","operation":"OLD_SESSIONS_CLEANUP","details":{"cutoffDate":"2025-07-04T13:03:29.848Z","retentionDays":60,"sessionsDeleted":0},"environment":"development"}
{"timestamp":"2025-09-02T13:03:30.124Z","level":"INFO","operation":"OLD_PARTICIPANTS_CLEANUP","details":{"cutoffDate":"2025-07-04T13:03:29.848Z","retentionDays":60,"participantsDeleted":0},"environment":"development"}
{"timestamp":"2025-09-02T13:03:30.157Z","level":"INFO","operation":"OLD_TIMER_CHANGES_CLEANUP","details":{"cutoffDate":"2025-07-04T13:03:29.848Z","retentionDays":60,"timerChangesDeleted":0},"environment":"development"}
{"timestamp":"2025-09-02T13:03:30.162Z","level":"INFO","operation":"DATA_RETENTION_CLEANUP_STATISTICS","details":{"statistics":{"oldMessages":0,"oldSessions":0,"oldParticipants":0,"oldTimerChanges":0,"totalRecordsRemoved":0},"totalRecords":0,"executionTimeMs":326,"executionTimeSec":0},"environment":"development"}
{"timestamp":"2025-09-02T13:03:30.271Z","level":"INFO","operation":"EXPIRED_SESSION_MESSAGES","details":{"expiredSessionsFound":30,"messagesDeleted":0,"sessionIds":["ByfgDSr37qSVFR","Cct0OJpz3dJ1Wl","PMss47i6AZt9Yp","8AYnNbCdjivDmw","Vfaz9Kic0JXdE7","nLgpSPVaQT3gV4","9iwwCpmgabFH51","mudtP6eZ1APGOk","oNYGNfl29rkWUo","hV3cTvmDNpZRJr","g3Jbo5RJZK9jG5","r4M5KcCRNevaN6","JAdcVb5J62TLuf","emavuROwOTQQH7","M01znh3etmmPPQ","SgMN1Ll8y34vtN","KsdkwlaUGlxiW1","lINfCD8Z6KaHU1","OOV6ivtbRF4oMo","mZen0eE2skgXos","kXhRan7dQQcWtY","5zeJeZHgOPYRmJ","SiN6rLHmcKQkWQ","ZK7sjj8zERVV5T","PV6znHITzsHvXS","8knaWzWwcy1b6W","JFAYOMAbhVH6x8","ydf4WhQnVka17w","rPKwZVhOxTDD80","JP9DfZNJckUqOt"]},"environment":"development"}
{"timestamp":"2025-09-02T13:03:30.272Z","level":"INFO","operation":"SESSION_BASED_CLEANUP_STATISTICS","details":{"statistics":{"expiredSessionMessages":0,"expiredMessages":2,"totalRemoved":2},"totalRecords":4,"executionTimeMs":440,"executionTimeSec":0},"environment":"development"}
{"timestamp":"2025-09-02T13:03:30.277Z","level":"INFO","operation":"SCHEDULE_SETUP","details":{"service":"MessageCleanup","schedule":"every 4 hours","nextRun":"2025-09-02T17:03:30.277Z"},"environment":"development"}
{"timestamp":"2025-09-02T13:03:30.277Z","level":"INFO","operation":"SCHEDULE_SETUP","details":{"service":"DataRetentionCleanup","schedule":"daily at midnight","nextRun":"2025-09-02T19:00:00.000Z"},"environment":"development"}
{"timestamp":"2025-09-02T13:13:58.796Z","level":"INFO","operation":"SPECIFIC_SESSION_CLEANUP","details":{"sessionId":"4K5IzE6OhzDrEe","messagesDeleted":3},"environment":"development"}
{"timestamp":"2025-09-02T23:10:48.875Z","level":"INFO","operation":"DATA_RETENTION_CLEANUP_START","details":{"retentionDays":60,"retentionPeriodMs":5184000000,"cutoffDate":"2025-07-04T23:10:48.875Z"},"environment":"development"}
{"timestamp":"2025-09-02T23:10:49.034Z","level":"INFO","operation":"INDIVIDUALLY_EXPIRED_MESSAGES","details":{"messagesDeleted":0,"cutoffTime":"2025-09-02T23:10:48.874Z"},"environment":"development"}
{"timestamp":"2025-09-02T23:10:49.084Z","level":"INFO","operation":"OLD_MESSAGES_CLEANUP","details":{"cutoffDate":"2025-07-04T23:10:48.894Z","retentionDays":60,"messagesDeleted":0},"environment":"development"}
{"timestamp":"2025-09-02T23:10:49.191Z","level":"INFO","operation":"OLD_TIMER_CHANGES_CLEANUP","details":{"cutoffDate":"2025-07-04T23:10:48.895Z","retentionDays":60,"timerChangesDeleted":0},"environment":"development"}
{"timestamp":"2025-09-02T23:10:49.239Z","level":"INFO","operation":"EXPIRED_SESSION_MESSAGES","details":{"expiredSessionsFound":32,"messagesDeleted":0,"sessionIds":["ByfgDSr37qSVFR","Cct0OJpz3dJ1Wl","PMss47i6AZt9Yp","8AYnNbCdjivDmw","Vfaz9Kic0JXdE7","nLgpSPVaQT3gV4","9iwwCpmgabFH51","mudtP6eZ1APGOk","oNYGNfl29rkWUo","hV3cTvmDNpZRJr","g3Jbo5RJZK9jG5","r4M5KcCRNevaN6","JAdcVb5J62TLuf","emavuROwOTQQH7","M01znh3etmmPPQ","SgMN1Ll8y34vtN","KsdkwlaUGlxiW1","lINfCD8Z6KaHU1","OOV6ivtbRF4oMo","mZen0eE2skgXos","kXhRan7dQQcWtY","5zeJeZHgOPYRmJ","SiN6rLHmcKQkWQ","ZK7sjj8zERVV5T","PV6znHITzsHvXS","8knaWzWwcy1b6W","JFAYOMAbhVH6x8","ydf4WhQnVka17w","rPKwZVhOxTDD80","JP9DfZNJckUqOt","4K5IzE6OhzDrEe","AwujOl0s979882"]},"environment":"development"}
{"timestamp":"2025-09-02T23:10:49.240Z","level":"INFO","operation":"SESSION_BASED_CLEANUP_STATISTICS","details":{"statistics":{"expiredSessionMessages":0,"expiredMessages":0,"totalRemoved":0},"totalRecords":0,"executionTimeMs":368,"executionTimeSec":0},"environment":"development"}
{"timestamp":"2025-09-02T23:10:49.965Z","level":"INFO","operation":"OLD_SESSIONS_CLEANUP","details":{"cutoffDate":"2025-07-04T23:10:48.895Z","retentionDays":60,"sessionsDeleted":0},"environment":"development"}
{"timestamp":"2025-09-02T23:10:49.999Z","level":"INFO","operation":"OLD_PARTICIPANTS_CLEANUP","details":{"cutoffDate":"2025-07-04T23:10:48.895Z","retentionDays":60,"participantsDeleted":0},"environment":"development"}
{"timestamp":"2025-09-02T23:10:50.000Z","level":"INFO","operation":"DATA_RETENTION_CLEANUP_STATISTICS","details":{"statistics":{"oldMessages":0,"oldSessions":0,"oldParticipants":0,"oldTimerChanges":0,"totalRecordsRemoved":0},"totalRecords":0,"executionTimeMs":1125,"executionTimeSec":1},"environment":"development"}
{"timestamp":"2025-09-02T23:10:50.009Z","level":"INFO","operation":"SCHEDULE_SETUP","details":{"service":"MessageCleanup","schedule":"every 4 hours","nextRun":"2025-09-03T03:10:50.009Z"},"environment":"development"}
{"timestamp":"2025-09-02T23:10:50.009Z","level":"INFO","operation":"SCHEDULE_SETUP","details":{"service":"DataRetentionCleanup","schedule":"daily at midnight","nextRun":"2025-09-03T19:00:00.000Z"},"environment":"development"}
{"timestamp":"2025-09-02T23:13:19.683Z","level":"INFO","operation":"DATA_RETENTION_CLEANUP_START","details":{"retentionDays":60,"retentionPeriodMs":5184000000,"cutoffDate":"2025-07-04T23:13:19.682Z"},"environment":"development"}
{"timestamp":"2025-09-02T23:13:19.855Z","level":"INFO","operation":"INDIVIDUALLY_EXPIRED_MESSAGES","details":{"messagesDeleted":0,"cutoffTime":"2025-09-02T23:13:19.681Z"},"environment":"development"}
{"timestamp":"2025-09-02T23:13:19.910Z","level":"INFO","operation":"OLD_MESSAGES_CLEANUP","details":{"cutoffDate":"2025-07-04T23:13:19.690Z","retentionDays":60,"messagesDeleted":0},"environment":"development"}
{"timestamp":"2025-09-02T23:13:20.001Z","level":"INFO","operation":"OLD_SESSIONS_CLEANUP","details":{"cutoffDate":"2025-07-04T23:13:19.690Z","retentionDays":60,"sessionsDeleted":0},"environment":"development"}
{"timestamp":"2025-09-02T23:13:20.033Z","level":"INFO","operation":"OLD_PARTICIPANTS_CLEANUP","details":{"cutoffDate":"2025-07-04T23:13:19.690Z","retentionDays":60,"participantsDeleted":0},"environment":"development"}
{"timestamp":"2025-09-02T23:13:20.065Z","level":"INFO","operation":"OLD_TIMER_CHANGES_CLEANUP","details":{"cutoffDate":"2025-07-04T23:13:19.691Z","retentionDays":60,"timerChangesDeleted":0},"environment":"development"}
{"timestamp":"2025-09-02T23:13:20.066Z","level":"INFO","operation":"DATA_RETENTION_CLEANUP_STATISTICS","details":{"statistics":{"oldMessages":0,"oldSessions":0,"oldParticipants":0,"oldTimerChanges":0,"totalRecordsRemoved":0},"totalRecords":0,"executionTimeMs":383,"executionTimeSec":0},"environment":"development"}
{"timestamp":"2025-09-02T23:13:20.182Z","level":"INFO","operation":"EXPIRED_SESSION_MESSAGES","details":{"expiredSessionsFound":32,"messagesDeleted":0,"sessionIds":["ByfgDSr37qSVFR","Cct0OJpz3dJ1Wl","PMss47i6AZt9Yp","8AYnNbCdjivDmw","Vfaz9Kic0JXdE7","nLgpSPVaQT3gV4","9iwwCpmgabFH51","mudtP6eZ1APGOk","oNYGNfl29rkWUo","hV3cTvmDNpZRJr","g3Jbo5RJZK9jG5","r4M5KcCRNevaN6","JAdcVb5J62TLuf","emavuROwOTQQH7","M01znh3etmmPPQ","SgMN1Ll8y34vtN","KsdkwlaUGlxiW1","lINfCD8Z6KaHU1","OOV6ivtbRF4oMo","mZen0eE2skgXos","kXhRan7dQQcWtY","5zeJeZHgOPYRmJ","SiN6rLHmcKQkWQ","ZK7sjj8zERVV5T","PV6znHITzsHvXS","8knaWzWwcy1b6W","JFAYOMAbhVH6x8","ydf4WhQnVka17w","rPKwZVhOxTDD80","JP9DfZNJckUqOt","4K5IzE6OhzDrEe","AwujOl0s979882"]},"environment":"development"}
{"timestamp":"2025-09-02T23:13:20.183Z","level":"INFO","operation":"SESSION_BASED_CLEANUP_STATISTICS","details":{"statistics":{"expiredSessionMessages":0,"expiredMessages":0,"totalRemoved":0},"totalRecords":0,"executionTimeMs":504,"executionTimeSec":1},"environment":"development"}
{"timestamp":"2025-09-02T23:13:20.184Z","level":"INFO","operation":"SCHEDULE_SETUP","details":{"service":"MessageCleanup","schedule":"every 4 hours","nextRun":"2025-09-03T03:13:20.184Z"},"environment":"development"}
{"timestamp":"2025-09-02T23:13:20.184Z","level":"INFO","operation":"SCHEDULE_SETUP","details":{"service":"DataRetentionCleanup","schedule":"daily at midnight","nextRun":"2025-09-03T19:00:00.000Z"},"environment":"development"}
{"timestamp":"2025-09-02T23:14:02.553Z","level":"INFO","operation":"DATA_RETENTION_CLEANUP_START","details":{"retentionDays":60,"retentionPeriodMs":5184000000,"cutoffDate":"2025-07-04T23:14:02.552Z"},"environment":"development"}
{"timestamp":"2025-09-02T23:14:02.713Z","level":"INFO","operation":"INDIVIDUALLY_EXPIRED_MESSAGES","details":{"messagesDeleted":0,"cutoffTime":"2025-09-02T23:14:02.551Z"},"environment":"development"}
{"timestamp":"2025-09-02T23:14:02.909Z","level":"INFO","operation":"OLD_SESSIONS_CLEANUP","details":{"cutoffDate":"2025-07-04T23:14:02.569Z","retentionDays":60,"sessionsDeleted":0},"environment":"development"}
{"timestamp":"2025-09-02T23:14:02.962Z","level":"INFO","operation":"OLD_PARTICIPANTS_CLEANUP","details":{"cutoffDate":"2025-07-04T23:14:02.569Z","retentionDays":60,"participantsDeleted":0},"environment":"development"}
{"timestamp":"2025-09-02T23:14:03.056Z","level":"INFO","operation":"OLD_TIMER_CHANGES_CLEANUP","details":{"cutoffDate":"2025-07-04T23:14:02.570Z","retentionDays":60,"timerChangesDeleted":0},"environment":"development"}
{"timestamp":"2025-09-02T23:14:03.111Z","level":"INFO","operation":"EXPIRED_SESSION_MESSAGES","details":{"expiredSessionsFound":32,"messagesDeleted":0,"sessionIds":["ByfgDSr37qSVFR","Cct0OJpz3dJ1Wl","PMss47i6AZt9Yp","8AYnNbCdjivDmw","Vfaz9Kic0JXdE7","nLgpSPVaQT3gV4","9iwwCpmgabFH51","mudtP6eZ1APGOk","oNYGNfl29rkWUo","hV3cTvmDNpZRJr","g3Jbo5RJZK9jG5","r4M5KcCRNevaN6","JAdcVb5J62TLuf","emavuROwOTQQH7","M01znh3etmmPPQ","SgMN1Ll8y34vtN","KsdkwlaUGlxiW1","lINfCD8Z6KaHU1","OOV6ivtbRF4oMo","mZen0eE2skgXos","kXhRan7dQQcWtY","5zeJeZHgOPYRmJ","SiN6rLHmcKQkWQ","ZK7sjj8zERVV5T","PV6znHITzsHvXS","8knaWzWwcy1b6W","JFAYOMAbhVH6x8","ydf4WhQnVka17w","rPKwZVhOxTDD80","JP9DfZNJckUqOt","4K5IzE6OhzDrEe","AwujOl0s979882"]},"environment":"development"}
{"timestamp":"2025-09-02T23:14:03.112Z","level":"INFO","operation":"SESSION_BASED_CLEANUP_STATISTICS","details":{"statistics":{"expiredSessionMessages":0,"expiredMessages":0,"totalRemoved":0},"totalRecords":0,"executionTimeMs":562,"executionTimeSec":1},"environment":"development"}
{"timestamp":"2025-09-02T23:14:03.176Z","level":"INFO","operation":"OLD_MESSAGES_CLEANUP","details":{"cutoffDate":"2025-07-04T23:14:02.569Z","retentionDays":60,"messagesDeleted":0},"environment":"development"}
{"timestamp":"2025-09-02T23:14:03.177Z","level":"INFO","operation":"DATA_RETENTION_CLEANUP_STATISTICS","details":{"statistics":{"oldMessages":0,"oldSessions":0,"oldParticipants":0,"oldTimerChanges":0,"totalRecordsRemoved":0},"totalRecords":0,"executionTimeMs":625,"executionTimeSec":1},"environment":"development"}
{"timestamp":"2025-09-02T23:14:03.178Z","level":"INFO","operation":"SCHEDULE_SETUP","details":{"service":"MessageCleanup","schedule":"every 4 hours","nextRun":"2025-09-03T03:14:03.178Z"},"environment":"development"}
{"timestamp":"2025-09-02T23:14:03.178Z","level":"INFO","operation":"SCHEDULE_SETUP","details":{"service":"DataRetentionCleanup","schedule":"daily at midnight","nextRun":"2025-09-03T19:00:00.000Z"},"environment":"development"}
{"timestamp":"2025-09-02T23:14:12.242Z","level":"INFO","operation":"DATA_RETENTION_CLEANUP_START","details":{"retentionDays":60,"retentionPeriodMs":5184000000,"cutoffDate":"2025-07-04T23:14:12.241Z"},"environment":"development"}
{"timestamp":"2025-09-02T23:14:12.433Z","level":"INFO","operation":"INDIVIDUALLY_EXPIRED_MESSAGES","details":{"messagesDeleted":0,"cutoffTime":"2025-09-02T23:14:12.241Z"},"environment":"development"}
{"timestamp":"2025-09-02T23:14:12.542Z","level":"INFO","operation":"OLD_MESSAGES_CLEANUP","details":{"cutoffDate":"2025-07-04T23:14:12.250Z","retentionDays":60,"messagesDeleted":0},"environment":"development"}
{"timestamp":"2025-09-02T23:14:12.584Z","level":"INFO","operation":"OLD_SESSIONS_CLEANUP","details":{"cutoffDate":"2025-07-04T23:14:12.250Z","retentionDays":60,"sessionsDeleted":0},"environment":"development"}
{"timestamp":"2025-09-02T23:14:12.681Z","level":"INFO","operation":"OLD_PARTICIPANTS_CLEANUP","details":{"cutoffDate":"2025-07-04T23:14:12.250Z","retentionDays":60,"participantsDeleted":0},"environment":"development"}
{"timestamp":"2025-09-02T23:14:12.691Z","level":"INFO","operation":"OLD_TIMER_CHANGES_CLEANUP","details":{"cutoffDate":"2025-07-04T23:14:12.251Z","retentionDays":60,"timerChangesDeleted":0},"environment":"development"}
{"timestamp":"2025-09-02T23:14:12.692Z","level":"INFO","operation":"DATA_RETENTION_CLEANUP_STATISTICS","details":{"statistics":{"oldMessages":0,"oldSessions":0,"oldParticipants":0,"oldTimerChanges":0,"totalRecordsRemoved":0},"totalRecords":0,"executionTimeMs":451,"executionTimeSec":0},"environment":"development"}
{"timestamp":"2025-09-02T23:14:12.842Z","level":"INFO","operation":"EXPIRED_SESSION_MESSAGES","details":{"expiredSessionsFound":32,"messagesDeleted":0,"sessionIds":["ByfgDSr37qSVFR","Cct0OJpz3dJ1Wl","PMss47i6AZt9Yp","8AYnNbCdjivDmw","Vfaz9Kic0JXdE7","nLgpSPVaQT3gV4","9iwwCpmgabFH51","mudtP6eZ1APGOk","oNYGNfl29rkWUo","hV3cTvmDNpZRJr","g3Jbo5RJZK9jG5","r4M5KcCRNevaN6","JAdcVb5J62TLuf","emavuROwOTQQH7","M01znh3etmmPPQ","SgMN1Ll8y34vtN","KsdkwlaUGlxiW1","lINfCD8Z6KaHU1","OOV6ivtbRF4oMo","mZen0eE2skgXos","kXhRan7dQQcWtY","5zeJeZHgOPYRmJ","SiN6rLHmcKQkWQ","ZK7sjj8zERVV5T","PV6znHITzsHvXS","8knaWzWwcy1b6W","JFAYOMAbhVH6x8","ydf4WhQnVka17w","rPKwZVhOxTDD80","JP9DfZNJckUqOt","4K5IzE6OhzDrEe","AwujOl0s979882"]},"environment":"development"}
{"timestamp":"2025-09-02T23:14:12.842Z","level":"INFO","operation":"SESSION_BASED_CLEANUP_STATISTICS","details":{"statistics":{"expiredSessionMessages":0,"expiredMessages":0,"totalRemoved":0},"totalRecords":0,"executionTimeMs":603,"executionTimeSec":1},"environment":"development"}
{"timestamp":"2025-09-02T23:14:12.844Z","level":"INFO","operation":"SCHEDULE_SETUP","details":{"service":"MessageCleanup","schedule":"every 4 hours","nextRun":"2025-09-03T03:14:12.844Z"},"environment":"development"}
{"timestamp":"2025-09-02T23:14:12.844Z","level":"INFO","operation":"SCHEDULE_SETUP","details":{"service":"DataRetentionCleanup","schedule":"daily at midnight","nextRun":"2025-09-03T19:00:00.000Z"},"environment":"development"}
{"timestamp":"2025-09-02T23:14:23.751Z","level":"INFO","operation":"DATA_RETENTION_CLEANUP_START","details":{"retentionDays":60,"retentionPeriodMs":5184000000,"cutoffDate":"2025-07-04T23:14:23.750Z"},"environment":"development"}
{"timestamp":"2025-09-02T23:14:23.917Z","level":"INFO","operation":"INDIVIDUALLY_EXPIRED_MESSAGES","details":{"messagesDeleted":0,"cutoffTime":"2025-09-02T23:14:23.750Z"},"environment":"development"}
{"timestamp":"2025-09-02T23:14:24.000Z","level":"INFO","operation":"OLD_MESSAGES_CLEANUP","details":{"cutoffDate":"2025-07-04T23:14:23.760Z","retentionDays":60,"messagesDeleted":0},"environment":"development"}
{"timestamp":"2025-09-02T23:14:24.077Z","level":"INFO","operation":"OLD_SESSIONS_CLEANUP","details":{"cutoffDate":"2025-07-04T23:14:23.760Z","retentionDays":60,"sessionsDeleted":0},"environment":"development"}
{"timestamp":"2025-09-02T23:14:24.086Z","level":"INFO","operation":"OLD_PARTICIPANTS_CLEANUP","details":{"cutoffDate":"2025-07-04T23:14:23.760Z","retentionDays":60,"participantsDeleted":0},"environment":"development"}
{"timestamp":"2025-09-02T23:14:24.150Z","level":"INFO","operation":"OLD_TIMER_CHANGES_CLEANUP","details":{"cutoffDate":"2025-07-04T23:14:23.760Z","retentionDays":60,"timerChangesDeleted":0},"environment":"development"}
{"timestamp":"2025-09-02T23:14:24.151Z","level":"INFO","operation":"DATA_RETENTION_CLEANUP_STATISTICS","details":{"statistics":{"oldMessages":0,"oldSessions":0,"oldParticipants":0,"oldTimerChanges":0,"totalRecordsRemoved":0},"totalRecords":0,"executionTimeMs":400,"executionTimeSec":0},"environment":"development"}
{"timestamp":"2025-09-02T23:14:24.234Z","level":"INFO","operation":"EXPIRED_SESSION_MESSAGES","details":{"expiredSessionsFound":32,"messagesDeleted":0,"sessionIds":["ByfgDSr37qSVFR","Cct0OJpz3dJ1Wl","PMss47i6AZt9Yp","8AYnNbCdjivDmw","Vfaz9Kic0JXdE7","nLgpSPVaQT3gV4","9iwwCpmgabFH51","mudtP6eZ1APGOk","oNYGNfl29rkWUo","hV3cTvmDNpZRJr","g3Jbo5RJZK9jG5","r4M5KcCRNevaN6","JAdcVb5J62TLuf","emavuROwOTQQH7","M01znh3etmmPPQ","SgMN1Ll8y34vtN","KsdkwlaUGlxiW1","lINfCD8Z6KaHU1","OOV6ivtbRF4oMo","mZen0eE2skgXos","kXhRan7dQQcWtY","5zeJeZHgOPYRmJ","SiN6rLHmcKQkWQ","ZK7sjj8zERVV5T","PV6znHITzsHvXS","8knaWzWwcy1b6W","JFAYOMAbhVH6x8","ydf4WhQnVka17w","rPKwZVhOxTDD80","JP9DfZNJckUqOt","4K5IzE6OhzDrEe","AwujOl0s979882"]},"environment":"development"}
{"timestamp":"2025-09-02T23:14:24.234Z","level":"INFO","operation":"SESSION_BASED_CLEANUP_STATISTICS","details":{"statistics":{"expiredSessionMessages":0,"expiredMessages":0,"totalRemoved":0},"totalRecords":0,"executionTimeMs":486,"executionTimeSec":0},"environment":"development"}
{"timestamp":"2025-09-02T23:14:24.236Z","level":"INFO","operation":"SCHEDULE_SETUP","details":{"service":"MessageCleanup","schedule":"every 4 hours","nextRun":"2025-09-03T03:14:24.236Z"},"environment":"development"}
{"timestamp":"2025-09-02T23:14:24.237Z","level":"INFO","operation":"SCHEDULE_SETUP","details":{"service":"DataRetentionCleanup","schedule":"daily at midnight","nextRun":"2025-09-03T19:00:00.000Z"},"environment":"development"}
{"timestamp":"2025-09-02T23:14:42.304Z","level":"INFO","operation":"DATA_RETENTION_CLEANUP_START","details":{"retentionDays":60,"retentionPeriodMs":5184000000,"cutoffDate":"2025-07-04T23:14:42.303Z"},"environment":"development"}
{"timestamp":"2025-09-02T23:14:42.504Z","level":"INFO","operation":"INDIVIDUALLY_EXPIRED_MESSAGES","details":{"messagesDeleted":0,"cutoffTime":"2025-09-02T23:14:42.303Z"},"environment":"development"}
{"timestamp":"2025-09-02T23:14:42.652Z","level":"INFO","operation":"OLD_MESSAGES_CLEANUP","details":{"cutoffDate":"2025-07-04T23:14:42.312Z","retentionDays":60,"messagesDeleted":0},"environment":"development"}
{"timestamp":"2025-09-02T23:14:42.679Z","level":"INFO","operation":"OLD_SESSIONS_CLEANUP","details":{"cutoffDate":"2025-07-04T23:14:42.312Z","retentionDays":60,"sessionsDeleted":0},"environment":"development"}
{"timestamp":"2025-09-02T23:14:42.761Z","level":"INFO","operation":"OLD_PARTICIPANTS_CLEANUP","details":{"cutoffDate":"2025-07-04T23:14:42.313Z","retentionDays":60,"participantsDeleted":0},"environment":"development"}
{"timestamp":"2025-09-02T23:14:42.801Z","level":"INFO","operation":"OLD_TIMER_CHANGES_CLEANUP","details":{"cutoffDate":"2025-07-04T23:14:42.313Z","retentionDays":60,"timerChangesDeleted":0},"environment":"development"}
{"timestamp":"2025-09-02T23:14:42.801Z","level":"INFO","operation":"DATA_RETENTION_CLEANUP_STATISTICS","details":{"statistics":{"oldMessages":0,"oldSessions":0,"oldParticipants":0,"oldTimerChanges":0,"totalRecordsRemoved":0},"totalRecords":0,"executionTimeMs":498,"executionTimeSec":0},"environment":"development"}
{"timestamp":"2025-09-02T23:14:42.908Z","level":"INFO","operation":"EXPIRED_SESSION_MESSAGES","details":{"expiredSessionsFound":32,"messagesDeleted":0,"sessionIds":["ByfgDSr37qSVFR","Cct0OJpz3dJ1Wl","PMss47i6AZt9Yp","8AYnNbCdjivDmw","Vfaz9Kic0JXdE7","nLgpSPVaQT3gV4","9iwwCpmgabFH51","mudtP6eZ1APGOk","oNYGNfl29rkWUo","hV3cTvmDNpZRJr","g3Jbo5RJZK9jG5","r4M5KcCRNevaN6","JAdcVb5J62TLuf","emavuROwOTQQH7","M01znh3etmmPPQ","SgMN1Ll8y34vtN","KsdkwlaUGlxiW1","lINfCD8Z6KaHU1","OOV6ivtbRF4oMo","mZen0eE2skgXos","kXhRan7dQQcWtY","5zeJeZHgOPYRmJ","SiN6rLHmcKQkWQ","ZK7sjj8zERVV5T","PV6znHITzsHvXS","8knaWzWwcy1b6W","JFAYOMAbhVH6x8","ydf4WhQnVka17w","rPKwZVhOxTDD80","JP9DfZNJckUqOt","4K5IzE6OhzDrEe","AwujOl0s979882"]},"environment":"development"}
{"timestamp":"2025-09-02T23:14:42.909Z","level":"INFO","operation":"SESSION_BASED_CLEANUP_STATISTICS","details":{"statistics":{"expiredSessionMessages":0,"expiredMessages":0,"totalRemoved":0},"totalRecords":0,"executionTimeMs":608,"executionTimeSec":1},"environment":"development"}
{"timestamp":"2025-09-02T23:14:42.910Z","level":"INFO","operation":"SCHEDULE_SETUP","details":{"service":"MessageCleanup","schedule":"every 4 hours","nextRun":"2025-09-03T03:14:42.910Z"},"environment":"development"}
{"timestamp":"2025-09-02T23:14:42.911Z","level":"INFO","operation":"SCHEDULE_SETUP","details":{"service":"DataRetentionCleanup","schedule":"daily at midnight","nextRun":"2025-09-03T19:00:00.000Z"},"environment":"development"}
{"timestamp":"2025-09-02T23:19:52.162Z","level":"INFO","operation":"DATA_RETENTION_CLEANUP_START","details":{"retentionDays":60,"retentionPeriodMs":5184000000,"cutoffDate":"2025-07-04T23:19:52.161Z"},"environment":"development"}
{"timestamp":"2025-09-02T23:19:52.322Z","level":"INFO","operation":"INDIVIDUALLY_EXPIRED_MESSAGES","details":{"messagesDeleted":0,"cutoffTime":"2025-09-02T23:19:52.160Z"},"environment":"development"}
{"timestamp":"2025-09-02T23:19:52.441Z","level":"INFO","operation":"OLD_MESSAGES_CLEANUP","details":{"cutoffDate":"2025-07-04T23:19:52.171Z","retentionDays":60,"messagesDeleted":0},"environment":"development"}
{"timestamp":"2025-09-02T23:19:52.470Z","level":"INFO","operation":"OLD_SESSIONS_CLEANUP","details":{"cutoffDate":"2025-07-04T23:19:52.171Z","retentionDays":60,"sessionsDeleted":0},"environment":"development"}
{"timestamp":"2025-09-02T23:19:52.478Z","level":"INFO","operation":"OLD_PARTICIPANTS_CLEANUP","details":{"cutoffDate":"2025-07-04T23:19:52.171Z","retentionDays":60,"participantsDeleted":0},"environment":"development"}
{"timestamp":"2025-09-02T23:19:52.590Z","level":"INFO","operation":"OLD_TIMER_CHANGES_CLEANUP","details":{"cutoffDate":"2025-07-04T23:19:52.171Z","retentionDays":60,"timerChangesDeleted":0},"environment":"development"}
{"timestamp":"2025-09-02T23:19:52.590Z","level":"INFO","operation":"DATA_RETENTION_CLEANUP_STATISTICS","details":{"statistics":{"oldMessages":0,"oldSessions":0,"oldParticipants":0,"oldTimerChanges":0,"totalRecordsRemoved":0},"totalRecords":0,"executionTimeMs":429,"executionTimeSec":0},"environment":"development"}
{"timestamp":"2025-09-02T23:19:52.636Z","level":"INFO","operation":"EXPIRED_SESSION_MESSAGES","details":{"expiredSessionsFound":32,"messagesDeleted":0,"sessionIds":["ByfgDSr37qSVFR","Cct0OJpz3dJ1Wl","PMss47i6AZt9Yp","8AYnNbCdjivDmw","Vfaz9Kic0JXdE7","nLgpSPVaQT3gV4","9iwwCpmgabFH51","mudtP6eZ1APGOk","oNYGNfl29rkWUo","hV3cTvmDNpZRJr","g3Jbo5RJZK9jG5","r4M5KcCRNevaN6","JAdcVb5J62TLuf","emavuROwOTQQH7","M01znh3etmmPPQ","SgMN1Ll8y34vtN","KsdkwlaUGlxiW1","lINfCD8Z6KaHU1","OOV6ivtbRF4oMo","mZen0eE2skgXos","kXhRan7dQQcWtY","5zeJeZHgOPYRmJ","SiN6rLHmcKQkWQ","ZK7sjj8zERVV5T","PV6znHITzsHvXS","8knaWzWwcy1b6W","JFAYOMAbhVH6x8","ydf4WhQnVka17w","rPKwZVhOxTDD80","JP9DfZNJckUqOt","4K5IzE6OhzDrEe","AwujOl0s979882"]},"environment":"development"}
{"timestamp":"2025-09-02T23:19:52.636Z","level":"INFO","operation":"SESSION_BASED_CLEANUP_STATISTICS","details":{"statistics":{"expiredSessionMessages":0,"expiredMessages":0,"totalRemoved":0},"totalRecords":0,"executionTimeMs":478,"executionTimeSec":0},"environment":"development"}
{"timestamp":"2025-09-02T23:19:52.638Z","level":"INFO","operation":"SCHEDULE_SETUP","details":{"service":"MessageCleanup","schedule":"every 4 hours","nextRun":"2025-09-03T03:19:52.638Z"},"environment":"development"}
{"timestamp":"2025-09-02T23:19:52.638Z","level":"INFO","operation":"SCHEDULE_SETUP","details":{"service":"DataRetentionCleanup","schedule":"daily at midnight","nextRun":"2025-09-03T19:00:00.000Z"},"environment":"development"}
{"timestamp":"2025-09-02T23:20:04.250Z","level":"INFO","operation":"DATA_RETENTION_CLEANUP_START","details":{"retentionDays":60,"retentionPeriodMs":5184000000,"cutoffDate":"2025-07-04T23:20:04.249Z"},"environment":"development"}
{"timestamp":"2025-09-02T23:20:04.455Z","level":"INFO","operation":"INDIVIDUALLY_EXPIRED_MESSAGES","details":{"messagesDeleted":0,"cutoffTime":"2025-09-02T23:20:04.249Z"},"environment":"development"}
{"timestamp":"2025-09-02T23:20:04.565Z","level":"INFO","operation":"OLD_MESSAGES_CLEANUP","details":{"cutoffDate":"2025-07-04T23:20:04.258Z","retentionDays":60,"messagesDeleted":0},"environment":"development"}
{"timestamp":"2025-09-02T23:20:04.604Z","level":"INFO","operation":"OLD_SESSIONS_CLEANUP","details":{"cutoffDate":"2025-07-04T23:20:04.259Z","retentionDays":60,"sessionsDeleted":0},"environment":"development"}
{"timestamp":"2025-09-02T23:20:04.698Z","level":"INFO","operation":"OLD_PARTICIPANTS_CLEANUP","details":{"cutoffDate":"2025-07-04T23:20:04.259Z","retentionDays":60,"participantsDeleted":0},"environment":"development"}
{"timestamp":"2025-09-02T23:20:04.722Z","level":"INFO","operation":"OLD_TIMER_CHANGES_CLEANUP","details":{"cutoffDate":"2025-07-04T23:20:04.259Z","retentionDays":60,"timerChangesDeleted":0},"environment":"development"}
{"timestamp":"2025-09-02T23:20:04.725Z","level":"INFO","operation":"DATA_RETENTION_CLEANUP_STATISTICS","details":{"statistics":{"oldMessages":0,"oldSessions":0,"oldParticipants":0,"oldTimerChanges":0,"totalRecordsRemoved":0},"totalRecords":0,"executionTimeMs":476,"executionTimeSec":0},"environment":"development"}
{"timestamp":"2025-09-02T23:20:04.871Z","level":"INFO","operation":"EXPIRED_SESSION_MESSAGES","details":{"expiredSessionsFound":32,"messagesDeleted":0,"sessionIds":["ByfgDSr37qSVFR","Cct0OJpz3dJ1Wl","PMss47i6AZt9Yp","8AYnNbCdjivDmw","Vfaz9Kic0JXdE7","nLgpSPVaQT3gV4","9iwwCpmgabFH51","mudtP6eZ1APGOk","oNYGNfl29rkWUo","hV3cTvmDNpZRJr","g3Jbo5RJZK9jG5","r4M5KcCRNevaN6","JAdcVb5J62TLuf","emavuROwOTQQH7","M01znh3etmmPPQ","SgMN1Ll8y34vtN","KsdkwlaUGlxiW1","lINfCD8Z6KaHU1","OOV6ivtbRF4oMo","mZen0eE2skgXos","kXhRan7dQQcWtY","5zeJeZHgOPYRmJ","SiN6rLHmcKQkWQ","ZK7sjj8zERVV5T","PV6znHITzsHvXS","8knaWzWwcy1b6W","JFAYOMAbhVH6x8","ydf4WhQnVka17w","rPKwZVhOxTDD80","JP9DfZNJckUqOt","4K5IzE6OhzDrEe","AwujOl0s979882"]},"environment":"development"}
{"timestamp":"2025-09-02T23:20:04.871Z","level":"INFO","operation":"SESSION_BASED_CLEANUP_STATISTICS","details":{"statistics":{"expiredSessionMessages":0,"expiredMessages":0,"totalRemoved":0},"totalRecords":0,"executionTimeMs":624,"executionTimeSec":1},"environment":"development"}
{"timestamp":"2025-09-02T23:20:04.875Z","level":"INFO","operation":"SCHEDULE_SETUP","details":{"service":"MessageCleanup","schedule":"every 4 hours","nextRun":"2025-09-03T03:20:04.875Z"},"environment":"development"}
{"timestamp":"2025-09-02T23:20:04.875Z","level":"INFO","operation":"SCHEDULE_SETUP","details":{"service":"DataRetentionCleanup","schedule":"daily at midnight","nextRun":"2025-09-03T19:00:00.000Z"},"environment":"development"}
