{"timestamp":"2025-08-02T01:08:14.483Z","level":"INFO","operation":"DATA_RETENTION_CLEANUP_START","details":{"retentionDays":60,"retentionPeriodMs":5184000000,"cutoffDate":"2025-06-03T01:08:14.482Z"},"environment":"development"}
{"timestamp":"2025-08-02T01:08:14.624Z","level":"INFO","operation":"INDIVIDUALLY_EXPIRED_MESSAGES","details":{"messagesDeleted":0,"cutoffTime":"2025-08-02T01:08:14.482Z"},"environment":"development"}
{"timestamp":"2025-08-02T01:08:14.659Z","level":"INFO","operation":"OLD_MESSAGES_CLEANUP","details":{"cutoffDate":"2025-06-03T01:08:14.491Z","retentionDays":60,"messagesDeleted":0},"environment":"development"}
{"timestamp":"2025-08-02T01:08:14.753Z","level":"INFO","operation":"OLD_SESSIONS_CLEANUP","details":{"cutoffDate":"2025-06-03T01:08:14.491Z","retentionDays":60,"sessionsDeleted":0},"environment":"development"}
{"timestamp":"2025-08-02T01:08:14.756Z","level":"INFO","operation":"OLD_PARTICIPANTS_CLEANUP","details":{"cutoffDate":"2025-06-03T01:08:14.491Z","retentionDays":60,"participantsDeleted":0},"environment":"development"}
{"timestamp":"2025-08-02T01:08:14.792Z","level":"INFO","operation":"OLD_TIMER_CHANGES_CLEANUP","details":{"cutoffDate":"2025-06-03T01:08:14.492Z","retentionDays":60,"timerChangesDeleted":0},"environment":"development"}
{"timestamp":"2025-08-02T01:08:14.792Z","level":"INFO","operation":"DATA_RETENTION_CLEANUP_STATISTICS","details":{"statistics":{"oldMessages":0,"oldSessions":0,"oldParticipants":0,"oldTimerChanges":0,"totalRecordsRemoved":0},"totalRecords":0,"executionTimeMs":310,"executionTimeSec":0},"environment":"development"}
{"timestamp":"2025-08-02T01:08:14.888Z","level":"INFO","operation":"EXPIRED_SESSION_MESSAGES","details":{"expiredSessionsFound":9,"messagesDeleted":0,"sessionIds":["BApPWZo9tQrdCV","kT7nmMAaVsswas","8K1Jf3gcNwWPq3","wXQJlj7pKsZ1JJ","JvIx5M8iqEqvX1","D5ezz0Z0hGWtlf","rftekmAqufr4Q5","VD8qVsGfT3BBVd","2YIq00Na1DiClG"]},"environment":"development"}
{"timestamp":"2025-08-02T01:08:14.888Z","level":"INFO","operation":"SESSION_BASED_CLEANUP_STATISTICS","details":{"statistics":{"expiredSessionMessages":0,"expiredMessages":0,"totalRemoved":0},"totalRecords":0,"executionTimeMs":407,"executionTimeSec":0},"environment":"development"}
{"timestamp":"2025-08-02T01:08:14.889Z","level":"INFO","operation":"SCHEDULE_SETUP","details":{"service":"MessageCleanup","schedule":"every 4 hours","nextRun":"2025-08-02T05:08:14.889Z"},"environment":"development"}
{"timestamp":"2025-08-02T01:08:14.890Z","level":"INFO","operation":"SCHEDULE_SETUP","details":{"service":"DataRetentionCleanup","schedule":"daily at midnight","nextRun":"2025-08-02T19:00:00.000Z"},"environment":"development"}
{"timestamp":"2025-08-02T01:08:32.458Z","level":"INFO","operation":"DATA_RETENTION_CLEANUP_START","details":{"retentionDays":60,"retentionPeriodMs":5184000000,"cutoffDate":"2025-06-03T01:08:32.457Z"},"environment":"development"}
{"timestamp":"2025-08-02T01:08:32.612Z","level":"INFO","operation":"INDIVIDUALLY_EXPIRED_MESSAGES","details":{"messagesDeleted":0,"cutoffTime":"2025-08-02T01:08:32.457Z"},"environment":"development"}
{"timestamp":"2025-08-02T01:08:32.729Z","level":"INFO","operation":"OLD_MESSAGES_CLEANUP","details":{"cutoffDate":"2025-06-03T01:08:32.467Z","retentionDays":60,"messagesDeleted":0},"environment":"development"}
{"timestamp":"2025-08-02T01:08:32.733Z","level":"INFO","operation":"OLD_SESSIONS_CLEANUP","details":{"cutoffDate":"2025-06-03T01:08:32.467Z","retentionDays":60,"sessionsDeleted":0},"environment":"development"}
{"timestamp":"2025-08-02T01:08:32.756Z","level":"INFO","operation":"OLD_PARTICIPANTS_CLEANUP","details":{"cutoffDate":"2025-06-03T01:08:32.467Z","retentionDays":60,"participantsDeleted":0},"environment":"development"}
{"timestamp":"2025-08-02T01:08:32.860Z","level":"INFO","operation":"EXPIRED_SESSION_MESSAGES","details":{"expiredSessionsFound":9,"messagesDeleted":0,"sessionIds":["BApPWZo9tQrdCV","kT7nmMAaVsswas","8K1Jf3gcNwWPq3","wXQJlj7pKsZ1JJ","JvIx5M8iqEqvX1","D5ezz0Z0hGWtlf","rftekmAqufr4Q5","VD8qVsGfT3BBVd","2YIq00Na1DiClG"]},"environment":"development"}
{"timestamp":"2025-08-02T01:08:32.861Z","level":"INFO","operation":"SESSION_BASED_CLEANUP_STATISTICS","details":{"statistics":{"expiredSessionMessages":0,"expiredMessages":0,"totalRemoved":0},"totalRecords":0,"executionTimeMs":406,"executionTimeSec":0},"environment":"development"}
{"timestamp":"2025-08-02T01:08:33.729Z","level":"INFO","operation":"OLD_TIMER_CHANGES_CLEANUP","details":{"cutoffDate":"2025-06-03T01:08:32.468Z","retentionDays":60,"timerChangesDeleted":0},"environment":"development"}
{"timestamp":"2025-08-02T01:08:33.729Z","level":"INFO","operation":"DATA_RETENTION_CLEANUP_STATISTICS","details":{"statistics":{"oldMessages":0,"oldSessions":0,"oldParticipants":0,"oldTimerChanges":0,"totalRecordsRemoved":0},"totalRecords":0,"executionTimeMs":1272,"executionTimeSec":1},"environment":"development"}
{"timestamp":"2025-08-02T01:08:33.731Z","level":"INFO","operation":"SCHEDULE_SETUP","details":{"service":"MessageCleanup","schedule":"every 4 hours","nextRun":"2025-08-02T05:08:33.730Z"},"environment":"development"}
{"timestamp":"2025-08-02T01:08:33.731Z","level":"INFO","operation":"SCHEDULE_SETUP","details":{"service":"DataRetentionCleanup","schedule":"daily at midnight","nextRun":"2025-08-02T19:00:00.000Z"},"environment":"development"}
{"timestamp":"2025-08-02T02:36:04.655Z","level":"INFO","operation":"DATA_RETENTION_CLEANUP_START","details":{"retentionDays":60,"retentionPeriodMs":5184000000,"cutoffDate":"2025-06-03T02:36:04.655Z"},"environment":"development"}
{"timestamp":"2025-08-02T02:36:04.793Z","level":"INFO","operation":"INDIVIDUALLY_EXPIRED_MESSAGES","details":{"messagesDeleted":0,"cutoffTime":"2025-08-02T02:36:04.654Z"},"environment":"development"}
{"timestamp":"2025-08-02T02:36:04.819Z","level":"INFO","operation":"OLD_SESSIONS_CLEANUP","details":{"cutoffDate":"2025-06-03T02:36:04.663Z","retentionDays":60,"sessionsDeleted":0},"environment":"development"}
{"timestamp":"2025-08-02T02:36:04.863Z","level":"INFO","operation":"OLD_TIMER_CHANGES_CLEANUP","details":{"cutoffDate":"2025-06-03T02:36:04.663Z","retentionDays":60,"timerChangesDeleted":0},"environment":"development"}
{"timestamp":"2025-08-02T02:36:04.930Z","level":"INFO","operation":"EXPIRED_SESSION_MESSAGES","details":{"expiredSessionsFound":9,"messagesDeleted":0,"sessionIds":["BApPWZo9tQrdCV","kT7nmMAaVsswas","8K1Jf3gcNwWPq3","wXQJlj7pKsZ1JJ","JvIx5M8iqEqvX1","D5ezz0Z0hGWtlf","rftekmAqufr4Q5","VD8qVsGfT3BBVd","2YIq00Na1DiClG"]},"environment":"development"}
{"timestamp":"2025-08-02T02:36:04.930Z","level":"INFO","operation":"SESSION_BASED_CLEANUP_STATISTICS","details":{"statistics":{"expiredSessionMessages":0,"expiredMessages":0,"totalRemoved":0},"totalRecords":0,"executionTimeMs":277,"executionTimeSec":0},"environment":"development"}
{"timestamp":"2025-08-02T02:36:05.641Z","level":"INFO","operation":"OLD_MESSAGES_CLEANUP","details":{"cutoffDate":"2025-06-03T02:36:04.662Z","retentionDays":60,"messagesDeleted":0},"environment":"development"}
{"timestamp":"2025-08-02T02:36:05.734Z","level":"INFO","operation":"OLD_PARTICIPANTS_CLEANUP","details":{"cutoffDate":"2025-06-03T02:36:04.663Z","retentionDays":60,"participantsDeleted":0},"environment":"development"}
{"timestamp":"2025-08-02T02:36:05.735Z","level":"INFO","operation":"DATA_RETENTION_CLEANUP_STATISTICS","details":{"statistics":{"oldMessages":0,"oldSessions":0,"oldParticipants":0,"oldTimerChanges":0,"totalRecordsRemoved":0},"totalRecords":0,"executionTimeMs":1080,"executionTimeSec":1},"environment":"development"}
{"timestamp":"2025-08-02T02:36:05.737Z","level":"INFO","operation":"SCHEDULE_SETUP","details":{"service":"MessageCleanup","schedule":"every 4 hours","nextRun":"2025-08-02T06:36:05.737Z"},"environment":"development"}
{"timestamp":"2025-08-02T02:36:05.737Z","level":"INFO","operation":"SCHEDULE_SETUP","details":{"service":"DataRetentionCleanup","schedule":"daily at midnight","nextRun":"2025-08-02T19:00:00.000Z"},"environment":"development"}
{"timestamp":"2025-08-02T02:54:00.351Z","level":"INFO","operation":"DATA_RETENTION_CLEANUP_START","details":{"retentionDays":60,"retentionPeriodMs":5184000000,"cutoffDate":"2025-06-03T02:54:00.351Z"},"environment":"development"}
{"timestamp":"2025-08-02T02:54:00.505Z","level":"INFO","operation":"INDIVIDUALLY_EXPIRED_MESSAGES","details":{"messagesDeleted":0,"cutoffTime":"2025-08-02T02:54:00.351Z"},"environment":"development"}
{"timestamp":"2025-08-02T02:54:00.506Z","level":"INFO","operation":"OLD_MESSAGES_CLEANUP","details":{"cutoffDate":"2025-06-03T02:54:00.359Z","retentionDays":60,"messagesDeleted":0},"environment":"development"}
{"timestamp":"2025-08-02T02:54:00.624Z","level":"INFO","operation":"OLD_TIMER_CHANGES_CLEANUP","details":{"cutoffDate":"2025-06-03T02:54:00.360Z","retentionDays":60,"timerChangesDeleted":0},"environment":"development"}
{"timestamp":"2025-08-02T02:54:00.638Z","level":"INFO","operation":"EXPIRED_SESSION_MESSAGES","details":{"expiredSessionsFound":9,"messagesDeleted":0,"sessionIds":["BApPWZo9tQrdCV","kT7nmMAaVsswas","8K1Jf3gcNwWPq3","wXQJlj7pKsZ1JJ","JvIx5M8iqEqvX1","D5ezz0Z0hGWtlf","rftekmAqufr4Q5","VD8qVsGfT3BBVd","2YIq00Na1DiClG"]},"environment":"development"}
{"timestamp":"2025-08-02T02:54:00.639Z","level":"INFO","operation":"SESSION_BASED_CLEANUP_STATISTICS","details":{"statistics":{"expiredSessionMessages":0,"expiredMessages":0,"totalRemoved":0},"totalRecords":0,"executionTimeMs":290,"executionTimeSec":0},"environment":"development"}
{"timestamp":"2025-08-02T02:54:01.496Z","level":"INFO","operation":"OLD_PARTICIPANTS_CLEANUP","details":{"cutoffDate":"2025-06-03T02:54:00.359Z","retentionDays":60,"participantsDeleted":0},"environment":"development"}
{"timestamp":"2025-08-02T02:54:01.566Z","level":"INFO","operation":"OLD_SESSIONS_CLEANUP","details":{"cutoffDate":"2025-06-03T02:54:00.359Z","retentionDays":60,"sessionsDeleted":0},"environment":"development"}
{"timestamp":"2025-08-02T02:54:01.567Z","level":"INFO","operation":"DATA_RETENTION_CLEANUP_STATISTICS","details":{"statistics":{"oldMessages":0,"oldSessions":0,"oldParticipants":0,"oldTimerChanges":0,"totalRecordsRemoved":0},"totalRecords":0,"executionTimeMs":1216,"executionTimeSec":1},"environment":"development"}
{"timestamp":"2025-08-02T02:54:01.568Z","level":"INFO","operation":"SCHEDULE_SETUP","details":{"service":"MessageCleanup","schedule":"every 4 hours","nextRun":"2025-08-02T06:54:01.568Z"},"environment":"development"}
{"timestamp":"2025-08-02T02:54:01.569Z","level":"INFO","operation":"SCHEDULE_SETUP","details":{"service":"DataRetentionCleanup","schedule":"daily at midnight","nextRun":"2025-08-02T19:00:00.000Z"},"environment":"development"}
{"timestamp":"2025-08-02T02:54:12.761Z","level":"INFO","operation":"DATA_RETENTION_CLEANUP_START","details":{"retentionDays":60,"retentionPeriodMs":5184000000,"cutoffDate":"2025-06-03T02:54:12.761Z"},"environment":"development"}
{"timestamp":"2025-08-02T02:54:12.901Z","level":"INFO","operation":"INDIVIDUALLY_EXPIRED_MESSAGES","details":{"messagesDeleted":0,"cutoffTime":"2025-08-02T02:54:12.760Z"},"environment":"development"}
{"timestamp":"2025-08-02T02:54:12.921Z","level":"INFO","operation":"OLD_MESSAGES_CLEANUP","details":{"cutoffDate":"2025-06-03T02:54:12.769Z","retentionDays":60,"messagesDeleted":0},"environment":"development"}
{"timestamp":"2025-08-02T02:54:13.032Z","level":"INFO","operation":"OLD_SESSIONS_CLEANUP","details":{"cutoffDate":"2025-06-03T02:54:12.769Z","retentionDays":60,"sessionsDeleted":0},"environment":"development"}
{"timestamp":"2025-08-02T02:54:13.033Z","level":"INFO","operation":"OLD_PARTICIPANTS_CLEANUP","details":{"cutoffDate":"2025-06-03T02:54:12.769Z","retentionDays":60,"participantsDeleted":0},"environment":"development"}
{"timestamp":"2025-08-02T02:54:13.875Z","level":"INFO","operation":"OLD_TIMER_CHANGES_CLEANUP","details":{"cutoffDate":"2025-06-03T02:54:12.770Z","retentionDays":60,"timerChangesDeleted":0},"environment":"development"}
{"timestamp":"2025-08-02T02:54:13.876Z","level":"INFO","operation":"DATA_RETENTION_CLEANUP_STATISTICS","details":{"statistics":{"oldMessages":0,"oldSessions":0,"oldParticipants":0,"oldTimerChanges":0,"totalRecordsRemoved":0},"totalRecords":0,"executionTimeMs":1115,"executionTimeSec":1},"environment":"development"}
{"timestamp":"2025-08-02T02:54:13.891Z","level":"INFO","operation":"EXPIRED_SESSION_MESSAGES","details":{"expiredSessionsFound":9,"messagesDeleted":0,"sessionIds":["BApPWZo9tQrdCV","kT7nmMAaVsswas","8K1Jf3gcNwWPq3","wXQJlj7pKsZ1JJ","JvIx5M8iqEqvX1","D5ezz0Z0hGWtlf","rftekmAqufr4Q5","VD8qVsGfT3BBVd","2YIq00Na1DiClG"]},"environment":"development"}
{"timestamp":"2025-08-02T02:54:13.891Z","level":"INFO","operation":"SESSION_BASED_CLEANUP_STATISTICS","details":{"statistics":{"expiredSessionMessages":0,"expiredMessages":0,"totalRemoved":0},"totalRecords":0,"executionTimeMs":1133,"executionTimeSec":1},"environment":"development"}
{"timestamp":"2025-08-02T02:54:13.893Z","level":"INFO","operation":"SCHEDULE_SETUP","details":{"service":"MessageCleanup","schedule":"every 4 hours","nextRun":"2025-08-02T06:54:13.893Z"},"environment":"development"}
{"timestamp":"2025-08-02T02:54:13.893Z","level":"INFO","operation":"SCHEDULE_SETUP","details":{"service":"DataRetentionCleanup","schedule":"daily at midnight","nextRun":"2025-08-02T19:00:00.000Z"},"environment":"development"}
{"timestamp":"2025-08-02T02:55:02.632Z","level":"INFO","operation":"DATA_RETENTION_CLEANUP_START","details":{"retentionDays":60,"retentionPeriodMs":5184000000,"cutoffDate":"2025-06-03T02:55:02.632Z"},"environment":"development"}
{"timestamp":"2025-08-02T02:55:02.789Z","level":"INFO","operation":"INDIVIDUALLY_EXPIRED_MESSAGES","details":{"messagesDeleted":0,"cutoffTime":"2025-08-02T02:55:02.631Z"},"environment":"development"}
{"timestamp":"2025-08-02T02:55:02.884Z","level":"INFO","operation":"OLD_MESSAGES_CLEANUP","details":{"cutoffDate":"2025-06-03T02:55:02.641Z","retentionDays":60,"messagesDeleted":0},"environment":"development"}
{"timestamp":"2025-08-02T02:55:02.934Z","level":"INFO","operation":"OLD_SESSIONS_CLEANUP","details":{"cutoffDate":"2025-06-03T02:55:02.641Z","retentionDays":60,"sessionsDeleted":0},"environment":"development"}
{"timestamp":"2025-08-02T02:55:02.934Z","level":"INFO","operation":"OLD_PARTICIPANTS_CLEANUP","details":{"cutoffDate":"2025-06-03T02:55:02.641Z","retentionDays":60,"participantsDeleted":0},"environment":"development"}
{"timestamp":"2025-08-02T02:55:03.768Z","level":"INFO","operation":"OLD_TIMER_CHANGES_CLEANUP","details":{"cutoffDate":"2025-06-03T02:55:02.641Z","retentionDays":60,"timerChangesDeleted":0},"environment":"development"}
{"timestamp":"2025-08-02T02:55:03.769Z","level":"INFO","operation":"DATA_RETENTION_CLEANUP_STATISTICS","details":{"statistics":{"oldMessages":0,"oldSessions":0,"oldParticipants":0,"oldTimerChanges":0,"totalRecordsRemoved":0},"totalRecords":0,"executionTimeMs":1137,"executionTimeSec":1},"environment":"development"}
{"timestamp":"2025-08-02T02:55:03.860Z","level":"INFO","operation":"EXPIRED_SESSION_MESSAGES","details":{"expiredSessionsFound":9,"messagesDeleted":0,"sessionIds":["BApPWZo9tQrdCV","kT7nmMAaVsswas","8K1Jf3gcNwWPq3","wXQJlj7pKsZ1JJ","JvIx5M8iqEqvX1","D5ezz0Z0hGWtlf","rftekmAqufr4Q5","VD8qVsGfT3BBVd","2YIq00Na1DiClG"]},"environment":"development"}
{"timestamp":"2025-08-02T02:55:03.861Z","level":"INFO","operation":"SESSION_BASED_CLEANUP_STATISTICS","details":{"statistics":{"expiredSessionMessages":0,"expiredMessages":0,"totalRemoved":0},"totalRecords":0,"executionTimeMs":1231,"executionTimeSec":1},"environment":"development"}
{"timestamp":"2025-08-02T02:55:03.862Z","level":"INFO","operation":"SCHEDULE_SETUP","details":{"service":"MessageCleanup","schedule":"every 4 hours","nextRun":"2025-08-02T06:55:03.862Z"},"environment":"development"}
{"timestamp":"2025-08-02T02:55:03.862Z","level":"INFO","operation":"SCHEDULE_SETUP","details":{"service":"DataRetentionCleanup","schedule":"daily at midnight","nextRun":"2025-08-02T19:00:00.000Z"},"environment":"development"}
{"timestamp":"2025-08-02T02:55:42.252Z","level":"INFO","operation":"DATA_RETENTION_CLEANUP_START","details":{"retentionDays":60,"retentionPeriodMs":5184000000,"cutoffDate":"2025-06-03T02:55:42.252Z"},"environment":"development"}
{"timestamp":"2025-08-02T02:55:42.396Z","level":"INFO","operation":"INDIVIDUALLY_EXPIRED_MESSAGES","details":{"messagesDeleted":0,"cutoffTime":"2025-08-02T02:55:42.252Z"},"environment":"development"}
{"timestamp":"2025-08-02T02:55:42.504Z","level":"INFO","operation":"OLD_MESSAGES_CLEANUP","details":{"cutoffDate":"2025-06-03T02:55:42.260Z","retentionDays":60,"messagesDeleted":0},"environment":"development"}
{"timestamp":"2025-08-02T02:55:42.527Z","level":"INFO","operation":"OLD_SESSIONS_CLEANUP","details":{"cutoffDate":"2025-06-03T02:55:42.260Z","retentionDays":60,"sessionsDeleted":0},"environment":"development"}
{"timestamp":"2025-08-02T02:55:42.528Z","level":"INFO","operation":"OLD_PARTICIPANTS_CLEANUP","details":{"cutoffDate":"2025-06-03T02:55:42.261Z","retentionDays":60,"participantsDeleted":0},"environment":"development"}
{"timestamp":"2025-08-02T02:55:42.660Z","level":"INFO","operation":"EXPIRED_SESSION_MESSAGES","details":{"expiredSessionsFound":9,"messagesDeleted":0,"sessionIds":["BApPWZo9tQrdCV","kT7nmMAaVsswas","8K1Jf3gcNwWPq3","wXQJlj7pKsZ1JJ","JvIx5M8iqEqvX1","D5ezz0Z0hGWtlf","rftekmAqufr4Q5","VD8qVsGfT3BBVd","2YIq00Na1DiClG"]},"environment":"development"}
{"timestamp":"2025-08-02T02:55:42.660Z","level":"INFO","operation":"SESSION_BASED_CLEANUP_STATISTICS","details":{"statistics":{"expiredSessionMessages":0,"expiredMessages":0,"totalRemoved":0},"totalRecords":0,"executionTimeMs":410,"executionTimeSec":0},"environment":"development"}
{"timestamp":"2025-08-02T02:55:43.408Z","level":"INFO","operation":"OLD_TIMER_CHANGES_CLEANUP","details":{"cutoffDate":"2025-06-03T02:55:42.261Z","retentionDays":60,"timerChangesDeleted":0},"environment":"development"}
{"timestamp":"2025-08-02T02:55:43.409Z","level":"INFO","operation":"DATA_RETENTION_CLEANUP_STATISTICS","details":{"statistics":{"oldMessages":0,"oldSessions":0,"oldParticipants":0,"oldTimerChanges":0,"totalRecordsRemoved":0},"totalRecords":0,"executionTimeMs":1157,"executionTimeSec":1},"environment":"development"}
{"timestamp":"2025-08-02T02:55:43.410Z","level":"INFO","operation":"SCHEDULE_SETUP","details":{"service":"MessageCleanup","schedule":"every 4 hours","nextRun":"2025-08-02T06:55:43.410Z"},"environment":"development"}
{"timestamp":"2025-08-02T02:55:43.411Z","level":"INFO","operation":"SCHEDULE_SETUP","details":{"service":"DataRetentionCleanup","schedule":"daily at midnight","nextRun":"2025-08-02T19:00:00.000Z"},"environment":"development"}
{"timestamp":"2025-08-02T03:11:51.599Z","level":"INFO","operation":"SPECIFIC_SESSION_CLEANUP","details":{"sessionId":"S9T5SEmQ4YSANo","messagesDeleted":6},"environment":"development"}
{"timestamp":"2025-08-02T03:15:46.838Z","level":"INFO","operation":"SPECIFIC_SESSION_CLEANUP","details":{"sessionId":"GAq0GbxbHXHxN5","messagesDeleted":4},"environment":"development"}
{"timestamp":"2025-08-02T03:34:38.803Z","level":"INFO","operation":"SPECIFIC_SESSION_CLEANUP","details":{"sessionId":"UEagZdC1lePpk7","messagesDeleted":1},"environment":"development"}
{"timestamp":"2025-08-02T05:00:07.178Z","level":"INFO","operation":"SPECIFIC_SESSION_CLEANUP","details":{"sessionId":"v8eYKIQIEtbWWe","messagesDeleted":0},"environment":"development"}
{"timestamp":"2025-08-02T06:45:41.357Z","level":"INFO","operation":"DATA_RETENTION_CLEANUP_START","details":{"retentionDays":60,"retentionPeriodMs":5184000000,"cutoffDate":"2025-06-03T06:45:41.356Z"},"environment":"development"}
{"timestamp":"2025-08-02T06:45:41.501Z","level":"INFO","operation":"INDIVIDUALLY_EXPIRED_MESSAGES","details":{"messagesDeleted":0,"cutoffTime":"2025-08-02T06:45:41.356Z"},"environment":"development"}
{"timestamp":"2025-08-02T06:45:41.576Z","level":"INFO","operation":"OLD_MESSAGES_CLEANUP","details":{"cutoffDate":"2025-06-03T06:45:41.365Z","retentionDays":60,"messagesDeleted":0},"environment":"development"}
{"timestamp":"2025-08-02T06:45:41.633Z","level":"INFO","operation":"OLD_PARTICIPANTS_CLEANUP","details":{"cutoffDate":"2025-06-03T06:45:41.365Z","retentionDays":60,"participantsDeleted":0},"environment":"development"}
{"timestamp":"2025-08-02T06:45:41.636Z","level":"INFO","operation":"OLD_TIMER_CHANGES_CLEANUP","details":{"cutoffDate":"2025-06-03T06:45:41.366Z","retentionDays":60,"timerChangesDeleted":0},"environment":"development"}
{"timestamp":"2025-08-02T06:45:41.761Z","level":"INFO","operation":"EXPIRED_SESSION_MESSAGES","details":{"expiredSessionsFound":7,"messagesDeleted":0,"sessionIds":["v8eYKIQIEtbWWe","cVbiwF7K3mkO7P","QFiIJuSyPc2n1o","9PviKQsXfy7rF6","Iwu5iGeREr4Nb4","Bsj7MwDcXqjqAK","7WkM4FvuazhGtt"]},"environment":"development"}
{"timestamp":"2025-08-02T06:45:41.762Z","level":"INFO","operation":"SESSION_BASED_CLEANUP_STATISTICS","details":{"statistics":{"expiredSessionMessages":0,"expiredMessages":0,"totalRemoved":0},"totalRecords":0,"executionTimeMs":408,"executionTimeSec":0},"environment":"development"}
{"timestamp":"2025-08-02T06:45:42.422Z","level":"INFO","operation":"OLD_SESSIONS_CLEANUP","details":{"cutoffDate":"2025-06-03T06:45:41.365Z","retentionDays":60,"sessionsDeleted":0},"environment":"development"}
{"timestamp":"2025-08-02T06:45:42.423Z","level":"INFO","operation":"DATA_RETENTION_CLEANUP_STATISTICS","details":{"statistics":{"oldMessages":0,"oldSessions":0,"oldParticipants":0,"oldTimerChanges":0,"totalRecordsRemoved":0},"totalRecords":0,"executionTimeMs":1067,"executionTimeSec":1},"environment":"development"}
{"timestamp":"2025-08-02T06:45:42.424Z","level":"INFO","operation":"SCHEDULE_SETUP","details":{"service":"MessageCleanup","schedule":"every 4 hours","nextRun":"2025-08-02T10:45:42.424Z"},"environment":"development"}
{"timestamp":"2025-08-02T06:45:42.424Z","level":"INFO","operation":"SCHEDULE_SETUP","details":{"service":"DataRetentionCleanup","schedule":"daily at midnight","nextRun":"2025-08-02T19:00:00.000Z"},"environment":"development"}
{"timestamp":"2025-08-02T07:06:04.593Z","level":"INFO","operation":"DATA_RETENTION_CLEANUP_START","details":{"retentionDays":60,"retentionPeriodMs":5184000000,"cutoffDate":"2025-06-03T07:06:04.592Z"},"environment":"development"}
{"timestamp":"2025-08-02T07:06:04.737Z","level":"INFO","operation":"INDIVIDUALLY_EXPIRED_MESSAGES","details":{"messagesDeleted":13,"cutoffTime":"2025-08-02T07:06:04.592Z"},"environment":"development"}
{"timestamp":"2025-08-02T07:06:04.829Z","level":"INFO","operation":"OLD_MESSAGES_CLEANUP","details":{"cutoffDate":"2025-06-03T07:06:04.600Z","retentionDays":60,"messagesDeleted":0},"environment":"development"}
{"timestamp":"2025-08-02T07:06:04.863Z","level":"INFO","operation":"OLD_SESSIONS_CLEANUP","details":{"cutoffDate":"2025-06-03T07:06:04.601Z","retentionDays":60,"sessionsDeleted":0},"environment":"development"}
{"timestamp":"2025-08-02T07:06:04.871Z","level":"INFO","operation":"OLD_PARTICIPANTS_CLEANUP","details":{"cutoffDate":"2025-06-03T07:06:04.601Z","retentionDays":60,"participantsDeleted":0},"environment":"development"}
{"timestamp":"2025-08-02T07:06:04.960Z","level":"INFO","operation":"EXPIRED_SESSION_MESSAGES","details":{"expiredSessionsFound":7,"messagesDeleted":0,"sessionIds":["v8eYKIQIEtbWWe","cVbiwF7K3mkO7P","QFiIJuSyPc2n1o","9PviKQsXfy7rF6","Iwu5iGeREr4Nb4","Bsj7MwDcXqjqAK","7WkM4FvuazhGtt"]},"environment":"development"}
{"timestamp":"2025-08-02T07:06:04.961Z","level":"INFO","operation":"SESSION_BASED_CLEANUP_STATISTICS","details":{"statistics":{"expiredSessionMessages":0,"expiredMessages":13,"totalRemoved":13},"totalRecords":26,"executionTimeMs":371,"executionTimeSec":0},"environment":"development"}
{"timestamp":"2025-08-02T07:06:05.729Z","level":"INFO","operation":"OLD_TIMER_CHANGES_CLEANUP","details":{"cutoffDate":"2025-06-03T07:06:04.601Z","retentionDays":60,"timerChangesDeleted":0},"environment":"development"}
{"timestamp":"2025-08-02T07:06:05.730Z","level":"INFO","operation":"DATA_RETENTION_CLEANUP_STATISTICS","details":{"statistics":{"oldMessages":0,"oldSessions":0,"oldParticipants":0,"oldTimerChanges":0,"totalRecordsRemoved":0},"totalRecords":0,"executionTimeMs":1138,"executionTimeSec":1},"environment":"development"}
{"timestamp":"2025-08-02T07:06:05.731Z","level":"INFO","operation":"SCHEDULE_SETUP","details":{"service":"MessageCleanup","schedule":"every 4 hours","nextRun":"2025-08-02T11:06:05.731Z"},"environment":"development"}
{"timestamp":"2025-08-02T07:06:05.732Z","level":"INFO","operation":"SCHEDULE_SETUP","details":{"service":"DataRetentionCleanup","schedule":"daily at midnight","nextRun":"2025-08-02T19:00:00.000Z"},"environment":"development"}
