{"timestamp":"2025-07-29T21:48:45.652Z","level":"INFO","operation":"DATA_RETENTION_CLEANUP_START","details":{"retentionDays":60,"retentionPeriodMs":5184000000,"cutoffDate":"2025-05-30T21:48:45.652Z"},"environment":"development"}
{"timestamp":"2025-07-29T21:48:45.800Z","level":"INFO","operation":"INDIVIDUALLY_EXPIRED_MESSAGES","details":{"messagesDeleted":0,"cutoffTime":"2025-07-29T21:48:45.651Z"},"environment":"development"}
{"timestamp":"2025-07-29T21:48:45.916Z","level":"INFO","operation":"OLD_SESSIONS_CLEANUP","details":{"cutoffDate":"2025-05-30T21:48:45.661Z","retentionDays":60,"sessionsDeleted":0},"environment":"development"}
{"timestamp":"2025-07-29T21:48:45.939Z","level":"INFO","operation":"OLD_PARTICIPANTS_CLEANUP","details":{"cutoffDate":"2025-05-30T21:48:45.661Z","retentionDays":60,"participantsDeleted":0},"environment":"development"}
{"timestamp":"2025-07-29T21:48:45.967Z","level":"INFO","operation":"OLD_TIMER_CHANGES_CLEANUP","details":{"cutoffDate":"2025-05-30T21:48:45.662Z","retentionDays":60,"timerChangesDeleted":0},"environment":"development"}
{"timestamp":"2025-07-29T21:48:46.057Z","level":"INFO","operation":"EXPIRED_SESSION_MESSAGES","details":{"expiredSessionsFound":8,"messagesDeleted":0,"sessionIds":["BNtDrSOAen6uwH","NduV7VIUZkLpgA","pPT0Sg2slDoAiv","dHJiwtYVy6pXfQ","tj2sOJZvnIxzTm","osJVgGst4XRyuY","sN8FhQ4JAXIAb4","hVJ2wNBKyFZT6U"]},"environment":"development"}
{"timestamp":"2025-07-29T21:48:46.058Z","level":"INFO","operation":"SESSION_BASED_CLEANUP_STATISTICS","details":{"statistics":{"expiredSessionMessages":0,"expiredMessages":0,"totalRemoved":0},"totalRecords":0,"executionTimeMs":408,"executionTimeSec":0},"environment":"development"}
{"timestamp":"2025-07-29T21:48:46.761Z","level":"INFO","operation":"OLD_MESSAGES_CLEANUP","details":{"cutoffDate":"2025-05-30T21:48:45.661Z","retentionDays":60,"messagesDeleted":0},"environment":"development"}
{"timestamp":"2025-07-29T21:48:46.762Z","level":"INFO","operation":"DATA_RETENTION_CLEANUP_STATISTICS","details":{"statistics":{"oldMessages":0,"oldSessions":0,"oldParticipants":0,"oldTimerChanges":0,"totalRecordsRemoved":0},"totalRecords":0,"executionTimeMs":1110,"executionTimeSec":1},"environment":"development"}
{"timestamp":"2025-07-29T21:48:46.763Z","level":"INFO","operation":"SCHEDULE_SETUP","details":{"service":"MessageCleanup","schedule":"every 4 hours","nextRun":"2025-07-30T01:48:46.763Z"},"environment":"development"}
{"timestamp":"2025-07-29T21:48:46.764Z","level":"INFO","operation":"SCHEDULE_SETUP","details":{"service":"DataRetentionCleanup","schedule":"daily at midnight","nextRun":"2025-07-30T19:00:00.000Z"},"environment":"development"}
{"timestamp":"2025-07-29T21:50:21.979Z","level":"INFO","operation":"DATA_RETENTION_CLEANUP_START","details":{"retentionDays":60,"retentionPeriodMs":5184000000,"cutoffDate":"2025-05-30T21:50:21.978Z"},"environment":"development"}
{"timestamp":"2025-07-29T21:50:22.140Z","level":"INFO","operation":"INDIVIDUALLY_EXPIRED_MESSAGES","details":{"messagesDeleted":0,"cutoffTime":"2025-07-29T21:50:21.977Z"},"environment":"development"}
{"timestamp":"2025-07-29T21:50:22.227Z","level":"INFO","operation":"OLD_MESSAGES_CLEANUP","details":{"cutoffDate":"2025-05-30T21:50:21.988Z","retentionDays":60,"messagesDeleted":0},"environment":"development"}
{"timestamp":"2025-07-29T21:50:22.260Z","level":"INFO","operation":"OLD_SESSIONS_CLEANUP","details":{"cutoffDate":"2025-05-30T21:50:21.989Z","retentionDays":60,"sessionsDeleted":0},"environment":"development"}
{"timestamp":"2025-07-29T21:50:22.289Z","level":"INFO","operation":"OLD_PARTICIPANTS_CLEANUP","details":{"cutoffDate":"2025-05-30T21:50:21.989Z","retentionDays":60,"participantsDeleted":0},"environment":"development"}
{"timestamp":"2025-07-29T21:50:22.396Z","level":"INFO","operation":"EXPIRED_SESSION_MESSAGES","details":{"expiredSessionsFound":8,"messagesDeleted":0,"sessionIds":["BNtDrSOAen6uwH","NduV7VIUZkLpgA","pPT0Sg2slDoAiv","dHJiwtYVy6pXfQ","tj2sOJZvnIxzTm","osJVgGst4XRyuY","sN8FhQ4JAXIAb4","hVJ2wNBKyFZT6U"]},"environment":"development"}
{"timestamp":"2025-07-29T21:50:22.397Z","level":"INFO","operation":"SESSION_BASED_CLEANUP_STATISTICS","details":{"statistics":{"expiredSessionMessages":0,"expiredMessages":0,"totalRemoved":0},"totalRecords":0,"executionTimeMs":421,"executionTimeSec":0},"environment":"development"}
{"timestamp":"2025-07-29T21:50:23.149Z","level":"INFO","operation":"OLD_TIMER_CHANGES_CLEANUP","details":{"cutoffDate":"2025-05-30T21:50:21.989Z","retentionDays":60,"timerChangesDeleted":0},"environment":"development"}
{"timestamp":"2025-07-29T21:50:23.150Z","level":"INFO","operation":"DATA_RETENTION_CLEANUP_STATISTICS","details":{"statistics":{"oldMessages":0,"oldSessions":0,"oldParticipants":0,"oldTimerChanges":0,"totalRecordsRemoved":0},"totalRecords":0,"executionTimeMs":1171,"executionTimeSec":1},"environment":"development"}
{"timestamp":"2025-07-29T21:50:23.151Z","level":"INFO","operation":"SCHEDULE_SETUP","details":{"service":"MessageCleanup","schedule":"every 4 hours","nextRun":"2025-07-30T01:50:23.151Z"},"environment":"development"}
{"timestamp":"2025-07-29T21:50:23.151Z","level":"INFO","operation":"SCHEDULE_SETUP","details":{"service":"DataRetentionCleanup","schedule":"daily at midnight","nextRun":"2025-07-30T19:00:00.000Z"},"environment":"development"}
{"timestamp":"2025-07-29T22:08:59.870Z","level":"INFO","operation":"DATA_RETENTION_CLEANUP_START","details":{"retentionDays":60,"retentionPeriodMs":5184000000,"cutoffDate":"2025-05-30T22:08:59.869Z"},"environment":"development"}
{"timestamp":"2025-07-29T22:09:00.013Z","level":"INFO","operation":"EXPIRED_SESSION_MESSAGES","details":{"expiredSessionsFound":0,"messagesDeleted":0},"environment":"development"}
{"timestamp":"2025-07-29T22:09:00.014Z","level":"INFO","operation":"INDIVIDUALLY_EXPIRED_MESSAGES","details":{"messagesDeleted":0,"cutoffTime":"2025-07-29T22:08:59.869Z"},"environment":"development"}
{"timestamp":"2025-07-29T22:09:00.015Z","level":"INFO","operation":"SESSION_BASED_CLEANUP_STATISTICS","details":{"statistics":{"expiredSessionMessages":0,"expiredMessages":0,"totalRemoved":0},"totalRecords":0,"executionTimeMs":148,"executionTimeSec":0},"environment":"development"}
{"timestamp":"2025-07-29T22:09:00.071Z","level":"INFO","operation":"OLD_MESSAGES_CLEANUP","details":{"cutoffDate":"2025-05-30T22:08:59.879Z","retentionDays":60,"messagesDeleted":0},"environment":"development"}
{"timestamp":"2025-07-29T22:09:00.148Z","level":"INFO","operation":"OLD_SESSIONS_CLEANUP","details":{"cutoffDate":"2025-05-30T22:08:59.879Z","retentionDays":60,"sessionsDeleted":0},"environment":"development"}
{"timestamp":"2025-07-29T22:09:00.149Z","level":"INFO","operation":"OLD_PARTICIPANTS_CLEANUP","details":{"cutoffDate":"2025-05-30T22:08:59.879Z","retentionDays":60,"participantsDeleted":0},"environment":"development"}
{"timestamp":"2025-07-29T22:09:00.206Z","level":"INFO","operation":"OLD_TIMER_CHANGES_CLEANUP","details":{"cutoffDate":"2025-05-30T22:08:59.880Z","retentionDays":60,"timerChangesDeleted":0},"environment":"development"}
{"timestamp":"2025-07-29T22:09:00.207Z","level":"INFO","operation":"DATA_RETENTION_CLEANUP_STATISTICS","details":{"statistics":{"oldMessages":0,"oldSessions":0,"oldParticipants":0,"oldTimerChanges":0,"totalRecordsRemoved":0},"totalRecords":0,"executionTimeMs":338,"executionTimeSec":0},"environment":"development"}
{"timestamp":"2025-07-29T22:09:00.208Z","level":"INFO","operation":"SCHEDULE_SETUP","details":{"service":"MessageCleanup","schedule":"every 4 hours","nextRun":"2025-07-30T02:09:00.208Z"},"environment":"development"}
{"timestamp":"2025-07-29T22:09:00.209Z","level":"INFO","operation":"SCHEDULE_SETUP","details":{"service":"DataRetentionCleanup","schedule":"daily at midnight","nextRun":"2025-07-30T19:00:00.000Z"},"environment":"development"}
{"timestamp":"2025-07-29T22:09:09.543Z","level":"INFO","operation":"DATA_RETENTION_CLEANUP_START","details":{"retentionDays":60,"retentionPeriodMs":5184000000,"cutoffDate":"2025-05-30T22:09:09.541Z"},"environment":"development"}
{"timestamp":"2025-07-29T22:09:09.686Z","level":"INFO","operation":"INDIVIDUALLY_EXPIRED_MESSAGES","details":{"messagesDeleted":0,"cutoffTime":"2025-07-29T22:09:09.541Z"},"environment":"development"}
{"timestamp":"2025-07-29T22:09:09.700Z","level":"INFO","operation":"EXPIRED_SESSION_MESSAGES","details":{"expiredSessionsFound":0,"messagesDeleted":0},"environment":"development"}
{"timestamp":"2025-07-29T22:09:09.701Z","level":"INFO","operation":"SESSION_BASED_CLEANUP_STATISTICS","details":{"statistics":{"expiredSessionMessages":0,"expiredMessages":0,"totalRemoved":0},"totalRecords":0,"executionTimeMs":161,"executionTimeSec":0},"environment":"development"}
{"timestamp":"2025-07-29T22:09:09.798Z","level":"INFO","operation":"OLD_MESSAGES_CLEANUP","details":{"cutoffDate":"2025-05-30T22:09:09.552Z","retentionDays":60,"messagesDeleted":0},"environment":"development"}
{"timestamp":"2025-07-29T22:09:09.819Z","level":"INFO","operation":"OLD_SESSIONS_CLEANUP","details":{"cutoffDate":"2025-05-30T22:09:09.552Z","retentionDays":60,"sessionsDeleted":0},"environment":"development"}
{"timestamp":"2025-07-29T22:09:09.848Z","level":"INFO","operation":"OLD_PARTICIPANTS_CLEANUP","details":{"cutoffDate":"2025-05-30T22:09:09.552Z","retentionDays":60,"participantsDeleted":0},"environment":"development"}
{"timestamp":"2025-07-29T22:09:10.875Z","level":"INFO","operation":"OLD_TIMER_CHANGES_CLEANUP","details":{"cutoffDate":"2025-05-30T22:09:09.553Z","retentionDays":60,"timerChangesDeleted":0},"environment":"development"}
{"timestamp":"2025-07-29T22:09:10.878Z","level":"INFO","operation":"DATA_RETENTION_CLEANUP_STATISTICS","details":{"statistics":{"oldMessages":0,"oldSessions":0,"oldParticipants":0,"oldTimerChanges":0,"totalRecordsRemoved":0},"totalRecords":0,"executionTimeMs":1337,"executionTimeSec":1},"environment":"development"}
{"timestamp":"2025-07-29T22:09:10.880Z","level":"INFO","operation":"SCHEDULE_SETUP","details":{"service":"MessageCleanup","schedule":"every 4 hours","nextRun":"2025-07-30T02:09:10.880Z"},"environment":"development"}
{"timestamp":"2025-07-29T22:09:10.880Z","level":"INFO","operation":"SCHEDULE_SETUP","details":{"service":"DataRetentionCleanup","schedule":"daily at midnight","nextRun":"2025-07-30T19:00:00.000Z"},"environment":"development"}
