{"timestamp":"2025-07-14T00:01:33.094Z","level":"INFO","operation":"SPECIFIC_SESSION_CLEANUP","details":{"sessionId":"DaKTicUDDgsaJE","messagesDeleted":0},"environment":"development"}
{"timestamp":"2025-07-14T14:28:25.773Z","level":"INFO","operation":"DATA_RETENTION_CLEANUP_START","details":{"retentionDays":60,"retentionPeriodMs":5184000000,"cutoffDate":"2025-05-15T14:28:25.773Z"},"environment":"development"}
{"timestamp":"2025-07-14T14:28:25.917Z","level":"INFO","operation":"INDIVIDUALLY_EXPIRED_MESSAGES","details":{"messagesDeleted":0,"cutoffTime":"2025-07-14T14:28:25.773Z"},"environment":"development"}
{"timestamp":"2025-07-14T14:28:25.995Z","level":"INFO","operation":"OLD_PARTICIPANTS_CLEANUP","details":{"cutoffDate":"2025-05-15T14:28:25.786Z","retentionDays":60,"participantsDeleted":0},"environment":"development"}
{"timestamp":"2025-07-14T14:28:26.046Z","level":"INFO","operation":"OLD_TIMER_CHANGES_CLEANUP","details":{"cutoffDate":"2025-05-15T14:28:25.786Z","retentionDays":60,"timerChangesDeleted":0},"environment":"development"}
{"timestamp":"2025-07-14T14:28:26.057Z","level":"INFO","operation":"EXPIRED_SESSION_MESSAGES","details":{"expiredSessionsFound":4,"messagesDeleted":0,"sessionIds":["QuF48RbNhZDBqG","SzNR0IRooDD8Yl","DxghPuZtInTrUs","Fm5cv6wz9l5Ohm"]},"environment":"development"}
{"timestamp":"2025-07-14T14:28:26.058Z","level":"INFO","operation":"SESSION_BASED_CLEANUP_STATISTICS","details":{"statistics":{"expiredSessionMessages":0,"expiredMessages":0,"totalRemoved":0},"totalRecords":0,"executionTimeMs":286,"executionTimeSec":0},"environment":"development"}
{"timestamp":"2025-07-14T14:28:26.769Z","level":"INFO","operation":"OLD_MESSAGES_CLEANUP","details":{"cutoffDate":"2025-05-15T14:28:25.786Z","retentionDays":60,"messagesDeleted":0},"environment":"development"}
{"timestamp":"2025-07-14T14:28:26.793Z","level":"INFO","operation":"OLD_SESSIONS_CLEANUP","details":{"cutoffDate":"2025-05-15T14:28:25.786Z","retentionDays":60,"sessionsDeleted":0},"environment":"development"}
{"timestamp":"2025-07-14T14:28:26.793Z","level":"INFO","operation":"DATA_RETENTION_CLEANUP_STATISTICS","details":{"statistics":{"oldMessages":0,"oldSessions":0,"oldParticipants":0,"oldTimerChanges":0,"totalRecordsRemoved":0},"totalRecords":0,"executionTimeMs":1020,"executionTimeSec":1},"environment":"development"}
{"timestamp":"2025-07-14T14:28:26.794Z","level":"INFO","operation":"SCHEDULE_SETUP","details":{"service":"MessageCleanup","schedule":"every 4 hours","nextRun":"2025-07-14T18:28:26.794Z"},"environment":"development"}
{"timestamp":"2025-07-14T14:28:26.795Z","level":"INFO","operation":"SCHEDULE_SETUP","details":{"service":"DataRetentionCleanup","schedule":"daily at midnight","nextRun":"2025-07-14T19:00:00.000Z"},"environment":"development"}
{"timestamp":"2025-07-14T15:50:25.209Z","level":"INFO","operation":"SPECIFIC_SESSION_CLEANUP","details":{"sessionId":"I7atnYUOu3uTZD","messagesDeleted":0},"environment":"development"}
{"timestamp":"2025-07-14T18:28:29.248Z","level":"INFO","operation":"INDIVIDUALLY_EXPIRED_MESSAGES","details":{"messagesDeleted":0,"cutoffTime":"2025-07-14T18:28:26.804Z"},"environment":"development"}
{"timestamp":"2025-07-14T18:28:29.543Z","level":"INFO","operation":"EXPIRED_SESSION_MESSAGES","details":{"expiredSessionsFound":6,"messagesDeleted":0,"sessionIds":["QuF48RbNhZDBqG","SzNR0IRooDD8Yl","DxghPuZtInTrUs","Fm5cv6wz9l5Ohm","I7atnYUOu3uTZD","z6w0MtbKowR7D5"]},"environment":"development"}
{"timestamp":"2025-07-14T18:28:29.543Z","level":"INFO","operation":"SESSION_BASED_CLEANUP_STATISTICS","details":{"statistics":{"expiredSessionMessages":0,"expiredMessages":0,"totalRemoved":0},"totalRecords":0,"executionTimeMs":2739,"executionTimeSec":3},"environment":"development"}
{"timestamp":"2025-07-14T19:00:02.666Z","level":"INFO","operation":"PRE_CLEANUP_STATISTICS","details":{"cutoffDate":"2025-05-15T19:00:00.014Z","recordsToRemove":0,"breakdown":{"messages":0,"sessions":0,"participants":0,"timerChanges":0}},"environment":"development"}
{"timestamp":"2025-07-14T19:00:02.667Z","level":"INFO","operation":"DATA_RETENTION_CLEANUP_START","details":{"retentionDays":60,"retentionPeriodMs":5184000000,"cutoffDate":"2025-05-15T19:00:02.667Z"},"environment":"development"}
{"timestamp":"2025-07-14T19:00:02.803Z","level":"INFO","operation":"OLD_SESSIONS_CLEANUP","details":{"cutoffDate":"2025-05-15T19:00:02.667Z","retentionDays":60,"sessionsDeleted":0},"environment":"development"}
{"timestamp":"2025-07-14T19:00:02.803Z","level":"INFO","operation":"OLD_PARTICIPANTS_CLEANUP","details":{"cutoffDate":"2025-05-15T19:00:02.667Z","retentionDays":60,"participantsDeleted":0},"environment":"development"}
{"timestamp":"2025-07-14T19:00:02.808Z","level":"INFO","operation":"OLD_MESSAGES_CLEANUP","details":{"cutoffDate":"2025-05-15T19:00:02.667Z","retentionDays":60,"messagesDeleted":0},"environment":"development"}
{"timestamp":"2025-07-14T19:00:02.815Z","level":"INFO","operation":"OLD_TIMER_CHANGES_CLEANUP","details":{"cutoffDate":"2025-05-15T19:00:02.667Z","retentionDays":60,"timerChangesDeleted":0},"environment":"development"}
{"timestamp":"2025-07-14T19:00:02.815Z","level":"INFO","operation":"DATA_RETENTION_CLEANUP_STATISTICS","details":{"statistics":{"oldMessages":0,"oldSessions":0,"oldParticipants":0,"oldTimerChanges":0,"totalRecordsRemoved":0},"totalRecords":0,"executionTimeMs":148,"executionTimeSec":0},"environment":"development"}
