{"timestamp":"2025-08-03T00:26:37.203Z","level":"INFO","operation":"DATA_RETENTION_CLEANUP_START","details":{"retentionDays":60,"retentionPeriodMs":5184000000,"cutoffDate":"2025-06-04T00:26:37.202Z"},"environment":"development"}
{"timestamp":"2025-08-03T00:26:37.344Z","level":"INFO","operation":"INDIVIDUALLY_EXPIRED_MESSAGES","details":{"messagesDeleted":0,"cutoffTime":"2025-08-03T00:26:37.202Z"},"environment":"development"}
{"timestamp":"2025-08-03T00:26:37.475Z","level":"INFO","operation":"OLD_SESSIONS_CLEANUP","details":{"cutoffDate":"2025-06-04T00:26:37.211Z","retentionDays":60,"sessionsDeleted":0},"environment":"development"}
{"timestamp":"2025-08-03T00:26:37.477Z","level":"INFO","operation":"OLD_MESSAGES_CLEANUP","details":{"cutoffDate":"2025-06-04T00:26:37.211Z","retentionDays":60,"messagesDeleted":0},"environment":"development"}
{"timestamp":"2025-08-03T00:26:37.480Z","level":"INFO","operation":"OLD_PARTICIPANTS_CLEANUP","details":{"cutoffDate":"2025-06-04T00:26:37.211Z","retentionDays":60,"participantsDeleted":0},"environment":"development"}
{"timestamp":"2025-08-03T00:26:37.622Z","level":"INFO","operation":"EXPIRED_SESSION_MESSAGES","details":{"expiredSessionsFound":11,"messagesDeleted":0,"sessionIds":["v8eYKIQIEtbWWe","cVbiwF7K3mkO7P","QFiIJuSyPc2n1o","9PviKQsXfy7rF6","Iwu5iGeREr4Nb4","Bsj7MwDcXqjqAK","7WkM4FvuazhGtt","3pPhzH6R804aSa","QHgajFUhi8i9Kl","AbEI1Zo7BA4tyB","faLFGw5cHmJ9H3"]},"environment":"development"}
{"timestamp":"2025-08-03T00:26:37.623Z","level":"INFO","operation":"SESSION_BASED_CLEANUP_STATISTICS","details":{"statistics":{"expiredSessionMessages":0,"expiredMessages":0,"totalRemoved":0},"totalRecords":0,"executionTimeMs":422,"executionTimeSec":0},"environment":"development"}
{"timestamp":"2025-08-03T00:26:38.486Z","level":"INFO","operation":"OLD_TIMER_CHANGES_CLEANUP","details":{"cutoffDate":"2025-06-04T00:26:37.212Z","retentionDays":60,"timerChangesDeleted":0},"environment":"development"}
{"timestamp":"2025-08-03T00:26:38.486Z","level":"INFO","operation":"DATA_RETENTION_CLEANUP_STATISTICS","details":{"statistics":{"oldMessages":0,"oldSessions":0,"oldParticipants":0,"oldTimerChanges":0,"totalRecordsRemoved":0},"totalRecords":0,"executionTimeMs":1284,"executionTimeSec":1},"environment":"development"}
{"timestamp":"2025-08-03T00:26:38.488Z","level":"INFO","operation":"SCHEDULE_SETUP","details":{"service":"MessageCleanup","schedule":"every 4 hours","nextRun":"2025-08-03T04:26:38.487Z"},"environment":"development"}
{"timestamp":"2025-08-03T00:26:38.488Z","level":"INFO","operation":"SCHEDULE_SETUP","details":{"service":"DataRetentionCleanup","schedule":"daily at midnight","nextRun":"2025-08-03T19:00:00.000Z"},"environment":"development"}
{"timestamp":"2025-08-03T00:30:04.361Z","level":"INFO","operation":"DATA_RETENTION_CLEANUP_START","details":{"retentionDays":60,"retentionPeriodMs":5184000000,"cutoffDate":"2025-06-04T00:30:04.360Z"},"environment":"development"}
{"timestamp":"2025-08-03T00:30:04.513Z","level":"INFO","operation":"INDIVIDUALLY_EXPIRED_MESSAGES","details":{"messagesDeleted":0,"cutoffTime":"2025-08-03T00:30:04.359Z"},"environment":"development"}
{"timestamp":"2025-08-03T00:30:04.565Z","level":"INFO","operation":"OLD_MESSAGES_CLEANUP","details":{"cutoffDate":"2025-06-04T00:30:04.370Z","retentionDays":60,"messagesDeleted":0},"environment":"development"}
{"timestamp":"2025-08-03T00:30:04.636Z","level":"INFO","operation":"OLD_SESSIONS_CLEANUP","details":{"cutoffDate":"2025-06-04T00:30:04.370Z","retentionDays":60,"sessionsDeleted":0},"environment":"development"}
{"timestamp":"2025-08-03T00:30:04.660Z","level":"INFO","operation":"OLD_TIMER_CHANGES_CLEANUP","details":{"cutoffDate":"2025-06-04T00:30:04.371Z","retentionDays":60,"timerChangesDeleted":0},"environment":"development"}
{"timestamp":"2025-08-03T00:30:04.777Z","level":"INFO","operation":"EXPIRED_SESSION_MESSAGES","details":{"expiredSessionsFound":11,"messagesDeleted":0,"sessionIds":["v8eYKIQIEtbWWe","cVbiwF7K3mkO7P","QFiIJuSyPc2n1o","9PviKQsXfy7rF6","Iwu5iGeREr4Nb4","Bsj7MwDcXqjqAK","7WkM4FvuazhGtt","3pPhzH6R804aSa","QHgajFUhi8i9Kl","AbEI1Zo7BA4tyB","faLFGw5cHmJ9H3"]},"environment":"development"}
{"timestamp":"2025-08-03T00:30:04.778Z","level":"INFO","operation":"SESSION_BASED_CLEANUP_STATISTICS","details":{"statistics":{"expiredSessionMessages":0,"expiredMessages":0,"totalRemoved":0},"totalRecords":0,"executionTimeMs":421,"executionTimeSec":0},"environment":"development"}
{"timestamp":"2025-08-03T00:30:05.497Z","level":"INFO","operation":"OLD_PARTICIPANTS_CLEANUP","details":{"cutoffDate":"2025-06-04T00:30:04.371Z","retentionDays":60,"participantsDeleted":0},"environment":"development"}
{"timestamp":"2025-08-03T00:30:05.497Z","level":"INFO","operation":"DATA_RETENTION_CLEANUP_STATISTICS","details":{"statistics":{"oldMessages":0,"oldSessions":0,"oldParticipants":0,"oldTimerChanges":0,"totalRecordsRemoved":0},"totalRecords":0,"executionTimeMs":1137,"executionTimeSec":1},"environment":"development"}
{"timestamp":"2025-08-03T00:30:05.499Z","level":"INFO","operation":"SCHEDULE_SETUP","details":{"service":"MessageCleanup","schedule":"every 4 hours","nextRun":"2025-08-03T04:30:05.499Z"},"environment":"development"}
{"timestamp":"2025-08-03T00:30:05.499Z","level":"INFO","operation":"SCHEDULE_SETUP","details":{"service":"DataRetentionCleanup","schedule":"daily at midnight","nextRun":"2025-08-03T19:00:00.000Z"},"environment":"development"}
{"timestamp":"2025-08-03T00:30:30.260Z","level":"INFO","operation":"DATA_RETENTION_CLEANUP_START","details":{"retentionDays":60,"retentionPeriodMs":5184000000,"cutoffDate":"2025-06-04T00:30:30.259Z"},"environment":"development"}
{"timestamp":"2025-08-03T00:30:30.409Z","level":"INFO","operation":"INDIVIDUALLY_EXPIRED_MESSAGES","details":{"messagesDeleted":0,"cutoffTime":"2025-08-03T00:30:30.259Z"},"environment":"development"}
{"timestamp":"2025-08-03T00:30:30.548Z","level":"INFO","operation":"OLD_MESSAGES_CLEANUP","details":{"cutoffDate":"2025-06-04T00:30:30.269Z","retentionDays":60,"messagesDeleted":0},"environment":"development"}
{"timestamp":"2025-08-03T00:30:30.549Z","level":"INFO","operation":"OLD_SESSIONS_CLEANUP","details":{"cutoffDate":"2025-06-04T00:30:30.270Z","retentionDays":60,"sessionsDeleted":0},"environment":"development"}
{"timestamp":"2025-08-03T00:30:30.550Z","level":"INFO","operation":"OLD_PARTICIPANTS_CLEANUP","details":{"cutoffDate":"2025-06-04T00:30:30.270Z","retentionDays":60,"participantsDeleted":0},"environment":"development"}
{"timestamp":"2025-08-03T00:30:30.680Z","level":"INFO","operation":"EXPIRED_SESSION_MESSAGES","details":{"expiredSessionsFound":11,"messagesDeleted":0,"sessionIds":["v8eYKIQIEtbWWe","cVbiwF7K3mkO7P","QFiIJuSyPc2n1o","9PviKQsXfy7rF6","Iwu5iGeREr4Nb4","Bsj7MwDcXqjqAK","7WkM4FvuazhGtt","3pPhzH6R804aSa","QHgajFUhi8i9Kl","AbEI1Zo7BA4tyB","faLFGw5cHmJ9H3"]},"environment":"development"}
{"timestamp":"2025-08-03T00:30:30.681Z","level":"INFO","operation":"SESSION_BASED_CLEANUP_STATISTICS","details":{"statistics":{"expiredSessionMessages":0,"expiredMessages":0,"totalRemoved":0},"totalRecords":0,"executionTimeMs":424,"executionTimeSec":0},"environment":"development"}
{"timestamp":"2025-08-03T00:30:31.597Z","level":"INFO","operation":"OLD_TIMER_CHANGES_CLEANUP","details":{"cutoffDate":"2025-06-04T00:30:30.270Z","retentionDays":60,"timerChangesDeleted":0},"environment":"development"}
{"timestamp":"2025-08-03T00:30:31.597Z","level":"INFO","operation":"DATA_RETENTION_CLEANUP_STATISTICS","details":{"statistics":{"oldMessages":0,"oldSessions":0,"oldParticipants":0,"oldTimerChanges":0,"totalRecordsRemoved":0},"totalRecords":0,"executionTimeMs":1338,"executionTimeSec":1},"environment":"development"}
{"timestamp":"2025-08-03T00:30:31.598Z","level":"INFO","operation":"SCHEDULE_SETUP","details":{"service":"MessageCleanup","schedule":"every 4 hours","nextRun":"2025-08-03T04:30:31.598Z"},"environment":"development"}
{"timestamp":"2025-08-03T00:30:31.599Z","level":"INFO","operation":"SCHEDULE_SETUP","details":{"service":"DataRetentionCleanup","schedule":"daily at midnight","nextRun":"2025-08-03T19:00:00.000Z"},"environment":"development"}
{"timestamp":"2025-08-03T04:19:02.079Z","level":"INFO","operation":"SPECIFIC_SESSION_CLEANUP","details":{"sessionId":"l7rSrwppEgbvJu","messagesDeleted":0},"environment":"development"}
{"timestamp":"2025-08-03T04:30:30.570Z","level":"INFO","operation":"INDIVIDUALLY_EXPIRED_MESSAGES","details":{"messagesDeleted":0,"cutoffTime":"2025-08-03T04:30:30.436Z"},"environment":"development"}
{"timestamp":"2025-08-03T04:30:31.789Z","level":"INFO","operation":"EXPIRED_SESSION_MESSAGES","details":{"expiredSessionsFound":16,"messagesDeleted":0,"sessionIds":["v8eYKIQIEtbWWe","cVbiwF7K3mkO7P","QFiIJuSyPc2n1o","9PviKQsXfy7rF6","Iwu5iGeREr4Nb4","Bsj7MwDcXqjqAK","7WkM4FvuazhGtt","3pPhzH6R804aSa","QHgajFUhi8i9Kl","AbEI1Zo7BA4tyB","faLFGw5cHmJ9H3","QKmMuIxSeO48vG","8ze5iKiPf8bGRv","zYw3Ebp2MdmO6Y","kg4jTQ22W1gwQN","l7rSrwppEgbvJu"]},"environment":"development"}
{"timestamp":"2025-08-03T04:30:31.790Z","level":"INFO","operation":"SESSION_BASED_CLEANUP_STATISTICS","details":{"statistics":{"expiredSessionMessages":0,"expiredMessages":0,"totalRemoved":0},"totalRecords":0,"executionTimeMs":1354,"executionTimeSec":1},"environment":"development"}
{"timestamp":"2025-08-03T06:17:18.760Z","level":"INFO","operation":"SPECIFIC_SESSION_CLEANUP","details":{"sessionId":"Y0Eis4invsl0DT","messagesDeleted":0},"environment":"development"}
{"timestamp":"2025-08-03T20:43:13.799Z","level":"INFO","operation":"DATA_RETENTION_CLEANUP_START","details":{"retentionDays":60,"retentionPeriodMs":5184000000,"cutoffDate":"2025-06-04T20:43:13.798Z"},"environment":"development"}
{"timestamp":"2025-08-03T20:43:13.937Z","level":"INFO","operation":"INDIVIDUALLY_EXPIRED_MESSAGES","details":{"messagesDeleted":0,"cutoffTime":"2025-08-03T20:43:13.798Z"},"environment":"development"}
{"timestamp":"2025-08-03T20:43:14.046Z","level":"INFO","operation":"OLD_MESSAGES_CLEANUP","details":{"cutoffDate":"2025-06-04T20:43:13.807Z","retentionDays":60,"messagesDeleted":0},"environment":"development"}
{"timestamp":"2025-08-03T20:43:14.068Z","level":"INFO","operation":"OLD_SESSIONS_CLEANUP","details":{"cutoffDate":"2025-06-04T20:43:13.807Z","retentionDays":60,"sessionsDeleted":0},"environment":"development"}
{"timestamp":"2025-08-03T20:43:14.071Z","level":"INFO","operation":"OLD_PARTICIPANTS_CLEANUP","details":{"cutoffDate":"2025-06-04T20:43:13.808Z","retentionDays":60,"participantsDeleted":0},"environment":"development"}
{"timestamp":"2025-08-03T20:43:14.179Z","level":"INFO","operation":"OLD_TIMER_CHANGES_CLEANUP","details":{"cutoffDate":"2025-06-04T20:43:13.808Z","retentionDays":60,"timerChangesDeleted":0},"environment":"development"}
{"timestamp":"2025-08-03T20:43:14.179Z","level":"INFO","operation":"DATA_RETENTION_CLEANUP_STATISTICS","details":{"statistics":{"oldMessages":0,"oldSessions":0,"oldParticipants":0,"oldTimerChanges":0,"totalRecordsRemoved":0},"totalRecords":0,"executionTimeMs":381,"executionTimeSec":0},"environment":"development"}
{"timestamp":"2025-08-03T20:43:14.202Z","level":"INFO","operation":"EXPIRED_SESSION_MESSAGES","details":{"expiredSessionsFound":24,"messagesDeleted":0,"sessionIds":["v8eYKIQIEtbWWe","cVbiwF7K3mkO7P","QFiIJuSyPc2n1o","9PviKQsXfy7rF6","Iwu5iGeREr4Nb4","Bsj7MwDcXqjqAK","7WkM4FvuazhGtt","3pPhzH6R804aSa","QHgajFUhi8i9Kl","AbEI1Zo7BA4tyB","faLFGw5cHmJ9H3","QKmMuIxSeO48vG","8ze5iKiPf8bGRv","zYw3Ebp2MdmO6Y","kg4jTQ22W1gwQN","l7rSrwppEgbvJu","Y0Eis4invsl0DT","obEoi2mV2Q6uNe","shYUcpkO6HfyN7","dnNC3elnaSTGMo","aZTGdmtplHnDDs","UQTv1W8j6w4M9k","V0cRmoycenp63N","pKqub8RRJMZ4Zj"]},"environment":"development"}
{"timestamp":"2025-08-03T20:43:14.202Z","level":"INFO","operation":"SESSION_BASED_CLEANUP_STATISTICS","details":{"statistics":{"expiredSessionMessages":0,"expiredMessages":0,"totalRemoved":0},"totalRecords":0,"executionTimeMs":406,"executionTimeSec":0},"environment":"development"}
{"timestamp":"2025-08-03T20:43:14.204Z","level":"INFO","operation":"SCHEDULE_SETUP","details":{"service":"MessageCleanup","schedule":"every 4 hours","nextRun":"2025-08-04T00:43:14.204Z"},"environment":"development"}
{"timestamp":"2025-08-03T20:43:14.204Z","level":"INFO","operation":"SCHEDULE_SETUP","details":{"service":"DataRetentionCleanup","schedule":"daily at midnight","nextRun":"2025-08-04T19:00:00.000Z"},"environment":"development"}
{"timestamp":"2025-08-03T20:50:31.593Z","level":"INFO","operation":"SPECIFIC_SESSION_CLEANUP","details":{"sessionId":"77IZ9vSELtdWI9","messagesDeleted":0},"environment":"development"}
{"timestamp":"2025-08-03T21:25:00.181Z","level":"INFO","operation":"SPECIFIC_SESSION_CLEANUP","details":{"sessionId":"nsEFmcjvD0Sax1","messagesDeleted":0},"environment":"development"}
