{"timestamp":"2025-09-15T00:04:56.869Z","level":"INFO","operation":"DATA_RETENTION_CLEANUP_START","details":{"retentionDays":60,"retentionPeriodMs":5184000000,"cutoffDate":"2025-07-17T00:04:56.868Z"},"environment":"development"}
{"timestamp":"2025-09-15T00:04:57.020Z","level":"INFO","operation":"INDIVIDUALLY_EXPIRED_MESSAGES","details":{"messagesDeleted":0,"cutoffTime":"2025-09-15T00:04:56.868Z"},"environment":"development"}
{"timestamp":"2025-09-15T00:04:57.078Z","level":"INFO","operation":"OLD_PARTICIPANTS_CLEANUP","details":{"cutoffDate":"2025-07-17T00:04:56.877Z","retentionDays":60,"participantsDeleted":0},"environment":"development"}
{"timestamp":"2025-09-15T00:04:57.086Z","level":"INFO","operation":"OLD_TIMER_CHANGES_CLEANUP","details":{"cutoffDate":"2025-07-17T00:04:56.877Z","retentionDays":60,"timerChangesDeleted":0},"environment":"development"}
{"timestamp":"2025-09-15T00:04:57.162Z","level":"INFO","operation":"EXPIRED_SESSION_MESSAGES","details":{"expiredSessionsFound":11,"messagesDeleted":0,"sessionIds":["0zxQvIYmM81rPG","wVyAOGc7j6Zouc","tJcfOcqA9xsgau","xuj5AvsoJRZ9qK","4UT73QLh9ibnkm","FLPK26DbNQoA87","sOkDlulaFs9zZA","zuuvaGRPR1AjPH","baO8swpvVQvTgj","5hQ9CAF3WquQVF","9fXnjhF3mMN4DA"]},"environment":"development"}
{"timestamp":"2025-09-15T00:04:57.162Z","level":"INFO","operation":"SESSION_BASED_CLEANUP_STATISTICS","details":{"statistics":{"expiredSessionMessages":0,"expiredMessages":0,"totalRemoved":0},"totalRecords":0,"executionTimeMs":296,"executionTimeSec":0},"environment":"development"}
{"timestamp":"2025-09-15T00:04:57.810Z","level":"INFO","operation":"OLD_MESSAGES_CLEANUP","details":{"cutoffDate":"2025-07-17T00:04:56.877Z","retentionDays":60,"messagesDeleted":0},"environment":"development"}
{"timestamp":"2025-09-15T00:04:57.811Z","level":"INFO","operation":"OLD_SESSIONS_CLEANUP","details":{"cutoffDate":"2025-07-17T00:04:56.877Z","retentionDays":60,"sessionsDeleted":0},"environment":"development"}
{"timestamp":"2025-09-15T00:04:57.811Z","level":"INFO","operation":"DATA_RETENTION_CLEANUP_STATISTICS","details":{"statistics":{"oldMessages":0,"oldSessions":0,"oldParticipants":0,"oldTimerChanges":0,"totalRecordsRemoved":0},"totalRecords":0,"executionTimeMs":943,"executionTimeSec":1},"environment":"development"}
{"timestamp":"2025-09-15T00:04:57.813Z","level":"INFO","operation":"SCHEDULE_SETUP","details":{"service":"MessageCleanup","schedule":"every 4 hours","nextRun":"2025-09-15T04:04:57.813Z"},"environment":"development"}
{"timestamp":"2025-09-15T00:04:57.813Z","level":"INFO","operation":"SCHEDULE_SETUP","details":{"service":"DataRetentionCleanup","schedule":"daily at midnight","nextRun":"2025-09-15T19:00:00.000Z"},"environment":"development"}
{"timestamp":"2025-09-15T00:05:43.338Z","level":"INFO","operation":"DATA_RETENTION_CLEANUP_START","details":{"retentionDays":60,"retentionPeriodMs":5184000000,"cutoffDate":"2025-07-17T00:05:43.338Z"},"environment":"development"}
{"timestamp":"2025-09-15T00:05:43.508Z","level":"INFO","operation":"INDIVIDUALLY_EXPIRED_MESSAGES","details":{"messagesDeleted":0,"cutoffTime":"2025-09-15T00:05:43.338Z"},"environment":"development"}
{"timestamp":"2025-09-15T00:05:43.523Z","level":"INFO","operation":"OLD_MESSAGES_CLEANUP","details":{"cutoffDate":"2025-07-17T00:05:43.347Z","retentionDays":60,"messagesDeleted":0},"environment":"development"}
{"timestamp":"2025-09-15T00:05:43.649Z","level":"INFO","operation":"OLD_SESSIONS_CLEANUP","details":{"cutoffDate":"2025-07-17T00:05:43.348Z","retentionDays":60,"sessionsDeleted":0},"environment":"development"}
{"timestamp":"2025-09-15T00:05:43.656Z","level":"INFO","operation":"OLD_PARTICIPANTS_CLEANUP","details":{"cutoffDate":"2025-07-17T00:05:43.348Z","retentionDays":60,"participantsDeleted":0},"environment":"development"}
{"timestamp":"2025-09-15T00:05:43.677Z","level":"INFO","operation":"OLD_TIMER_CHANGES_CLEANUP","details":{"cutoffDate":"2025-07-17T00:05:43.348Z","retentionDays":60,"timerChangesDeleted":0},"environment":"development"}
{"timestamp":"2025-09-15T00:05:43.678Z","level":"INFO","operation":"DATA_RETENTION_CLEANUP_STATISTICS","details":{"statistics":{"oldMessages":0,"oldSessions":0,"oldParticipants":0,"oldTimerChanges":0,"totalRecordsRemoved":0},"totalRecords":0,"executionTimeMs":340,"executionTimeSec":0},"environment":"development"}
{"timestamp":"2025-09-15T00:05:43.799Z","level":"INFO","operation":"EXPIRED_SESSION_MESSAGES","details":{"expiredSessionsFound":11,"messagesDeleted":0,"sessionIds":["0zxQvIYmM81rPG","wVyAOGc7j6Zouc","tJcfOcqA9xsgau","xuj5AvsoJRZ9qK","4UT73QLh9ibnkm","FLPK26DbNQoA87","sOkDlulaFs9zZA","zuuvaGRPR1AjPH","baO8swpvVQvTgj","5hQ9CAF3WquQVF","9fXnjhF3mMN4DA"]},"environment":"development"}
{"timestamp":"2025-09-15T00:05:43.800Z","level":"INFO","operation":"SESSION_BASED_CLEANUP_STATISTICS","details":{"statistics":{"expiredSessionMessages":0,"expiredMessages":0,"totalRemoved":0},"totalRecords":0,"executionTimeMs":464,"executionTimeSec":0},"environment":"development"}
{"timestamp":"2025-09-15T00:05:43.802Z","level":"INFO","operation":"SCHEDULE_SETUP","details":{"service":"MessageCleanup","schedule":"every 4 hours","nextRun":"2025-09-15T04:05:43.801Z"},"environment":"development"}
{"timestamp":"2025-09-15T00:05:43.802Z","level":"INFO","operation":"SCHEDULE_SETUP","details":{"service":"DataRetentionCleanup","schedule":"daily at midnight","nextRun":"2025-09-15T19:00:00.000Z"},"environment":"development"}
{"timestamp":"2025-09-15T00:06:35.656Z","level":"INFO","operation":"DATA_RETENTION_CLEANUP_START","details":{"retentionDays":60,"retentionPeriodMs":5184000000,"cutoffDate":"2025-07-17T00:06:35.656Z"},"environment":"development"}
{"timestamp":"2025-09-15T00:06:35.830Z","level":"INFO","operation":"INDIVIDUALLY_EXPIRED_MESSAGES","details":{"messagesDeleted":0,"cutoffTime":"2025-09-15T00:06:35.656Z"},"environment":"development"}
{"timestamp":"2025-09-15T00:06:35.859Z","level":"INFO","operation":"OLD_MESSAGES_CLEANUP","details":{"cutoffDate":"2025-07-17T00:06:35.664Z","retentionDays":60,"messagesDeleted":0},"environment":"development"}
{"timestamp":"2025-09-15T00:06:35.977Z","level":"INFO","operation":"OLD_SESSIONS_CLEANUP","details":{"cutoffDate":"2025-07-17T00:06:35.665Z","retentionDays":60,"sessionsDeleted":0},"environment":"development"}
{"timestamp":"2025-09-15T00:06:35.989Z","level":"INFO","operation":"OLD_PARTICIPANTS_CLEANUP","details":{"cutoffDate":"2025-07-17T00:06:35.665Z","retentionDays":60,"participantsDeleted":0},"environment":"development"}
{"timestamp":"2025-09-15T00:06:36.007Z","level":"INFO","operation":"OLD_TIMER_CHANGES_CLEANUP","details":{"cutoffDate":"2025-07-17T00:06:35.665Z","retentionDays":60,"timerChangesDeleted":0},"environment":"development"}
{"timestamp":"2025-09-15T00:06:36.009Z","level":"INFO","operation":"DATA_RETENTION_CLEANUP_STATISTICS","details":{"statistics":{"oldMessages":0,"oldSessions":0,"oldParticipants":0,"oldTimerChanges":0,"totalRecordsRemoved":0},"totalRecords":0,"executionTimeMs":353,"executionTimeSec":0},"environment":"development"}
{"timestamp":"2025-09-15T00:06:36.135Z","level":"INFO","operation":"EXPIRED_SESSION_MESSAGES","details":{"expiredSessionsFound":11,"messagesDeleted":0,"sessionIds":["0zxQvIYmM81rPG","wVyAOGc7j6Zouc","tJcfOcqA9xsgau","xuj5AvsoJRZ9qK","4UT73QLh9ibnkm","FLPK26DbNQoA87","sOkDlulaFs9zZA","zuuvaGRPR1AjPH","baO8swpvVQvTgj","5hQ9CAF3WquQVF","9fXnjhF3mMN4DA"]},"environment":"development"}
{"timestamp":"2025-09-15T00:06:36.136Z","level":"INFO","operation":"SESSION_BASED_CLEANUP_STATISTICS","details":{"statistics":{"expiredSessionMessages":0,"expiredMessages":0,"totalRemoved":0},"totalRecords":0,"executionTimeMs":482,"executionTimeSec":0},"environment":"development"}
{"timestamp":"2025-09-15T00:06:36.138Z","level":"INFO","operation":"SCHEDULE_SETUP","details":{"service":"MessageCleanup","schedule":"every 4 hours","nextRun":"2025-09-15T04:06:36.138Z"},"environment":"development"}
{"timestamp":"2025-09-15T00:06:36.138Z","level":"INFO","operation":"SCHEDULE_SETUP","details":{"service":"DataRetentionCleanup","schedule":"daily at midnight","nextRun":"2025-09-15T19:00:00.000Z"},"environment":"development"}
{"timestamp":"2025-09-15T00:06:51.697Z","level":"INFO","operation":"DATA_RETENTION_CLEANUP_START","details":{"retentionDays":60,"retentionPeriodMs":5184000000,"cutoffDate":"2025-07-17T00:06:51.697Z"},"environment":"development"}
{"timestamp":"2025-09-15T00:06:51.850Z","level":"INFO","operation":"INDIVIDUALLY_EXPIRED_MESSAGES","details":{"messagesDeleted":0,"cutoffTime":"2025-09-15T00:06:51.696Z"},"environment":"development"}
{"timestamp":"2025-09-15T00:06:51.906Z","level":"INFO","operation":"OLD_MESSAGES_CLEANUP","details":{"cutoffDate":"2025-07-17T00:06:51.709Z","retentionDays":60,"messagesDeleted":0},"environment":"development"}
{"timestamp":"2025-09-15T00:06:51.994Z","level":"INFO","operation":"OLD_SESSIONS_CLEANUP","details":{"cutoffDate":"2025-07-17T00:06:51.709Z","retentionDays":60,"sessionsDeleted":0},"environment":"development"}
{"timestamp":"2025-09-15T00:06:52.039Z","level":"INFO","operation":"OLD_PARTICIPANTS_CLEANUP","details":{"cutoffDate":"2025-07-17T00:06:51.710Z","retentionDays":60,"participantsDeleted":0},"environment":"development"}
{"timestamp":"2025-09-15T00:06:52.055Z","level":"INFO","operation":"OLD_TIMER_CHANGES_CLEANUP","details":{"cutoffDate":"2025-07-17T00:06:51.710Z","retentionDays":60,"timerChangesDeleted":0},"environment":"development"}
{"timestamp":"2025-09-15T00:06:52.056Z","level":"INFO","operation":"DATA_RETENTION_CLEANUP_STATISTICS","details":{"statistics":{"oldMessages":0,"oldSessions":0,"oldParticipants":0,"oldTimerChanges":0,"totalRecordsRemoved":0},"totalRecords":0,"executionTimeMs":359,"executionTimeSec":0},"environment":"development"}
{"timestamp":"2025-09-15T00:06:52.188Z","level":"INFO","operation":"EXPIRED_SESSION_MESSAGES","details":{"expiredSessionsFound":11,"messagesDeleted":0,"sessionIds":["0zxQvIYmM81rPG","wVyAOGc7j6Zouc","tJcfOcqA9xsgau","xuj5AvsoJRZ9qK","4UT73QLh9ibnkm","FLPK26DbNQoA87","sOkDlulaFs9zZA","zuuvaGRPR1AjPH","baO8swpvVQvTgj","5hQ9CAF3WquQVF","9fXnjhF3mMN4DA"]},"environment":"development"}
{"timestamp":"2025-09-15T00:06:52.188Z","level":"INFO","operation":"SESSION_BASED_CLEANUP_STATISTICS","details":{"statistics":{"expiredSessionMessages":0,"expiredMessages":0,"totalRemoved":0},"totalRecords":0,"executionTimeMs":494,"executionTimeSec":0},"environment":"development"}
{"timestamp":"2025-09-15T00:06:52.190Z","level":"INFO","operation":"SCHEDULE_SETUP","details":{"service":"MessageCleanup","schedule":"every 4 hours","nextRun":"2025-09-15T04:06:52.190Z"},"environment":"development"}
{"timestamp":"2025-09-15T00:06:52.191Z","level":"INFO","operation":"SCHEDULE_SETUP","details":{"service":"DataRetentionCleanup","schedule":"daily at midnight","nextRun":"2025-09-15T19:00:00.000Z"},"environment":"development"}
{"timestamp":"2025-09-15T00:07:02.932Z","level":"INFO","operation":"DATA_RETENTION_CLEANUP_START","details":{"retentionDays":60,"retentionPeriodMs":5184000000,"cutoffDate":"2025-07-17T00:07:02.932Z"},"environment":"development"}
{"timestamp":"2025-09-15T00:07:03.131Z","level":"INFO","operation":"INDIVIDUALLY_EXPIRED_MESSAGES","details":{"messagesDeleted":0,"cutoffTime":"2025-09-15T00:07:02.932Z"},"environment":"development"}
{"timestamp":"2025-09-15T00:07:03.174Z","level":"INFO","operation":"OLD_MESSAGES_CLEANUP","details":{"cutoffDate":"2025-07-17T00:07:02.940Z","retentionDays":60,"messagesDeleted":0},"environment":"development"}
{"timestamp":"2025-09-15T00:07:03.273Z","level":"INFO","operation":"OLD_SESSIONS_CLEANUP","details":{"cutoffDate":"2025-07-17T00:07:02.940Z","retentionDays":60,"sessionsDeleted":0},"environment":"development"}
{"timestamp":"2025-09-15T00:07:03.313Z","level":"INFO","operation":"OLD_PARTICIPANTS_CLEANUP","details":{"cutoffDate":"2025-07-17T00:07:02.940Z","retentionDays":60,"participantsDeleted":0},"environment":"development"}
{"timestamp":"2025-09-15T00:07:03.320Z","level":"INFO","operation":"OLD_TIMER_CHANGES_CLEANUP","details":{"cutoffDate":"2025-07-17T00:07:02.940Z","retentionDays":60,"timerChangesDeleted":0},"environment":"development"}
{"timestamp":"2025-09-15T00:07:03.321Z","level":"INFO","operation":"DATA_RETENTION_CLEANUP_STATISTICS","details":{"statistics":{"oldMessages":0,"oldSessions":0,"oldParticipants":0,"oldTimerChanges":0,"totalRecordsRemoved":0},"totalRecords":0,"executionTimeMs":389,"executionTimeSec":0},"environment":"development"}
{"timestamp":"2025-09-15T00:07:03.460Z","level":"INFO","operation":"EXPIRED_SESSION_MESSAGES","details":{"expiredSessionsFound":11,"messagesDeleted":0,"sessionIds":["0zxQvIYmM81rPG","wVyAOGc7j6Zouc","tJcfOcqA9xsgau","xuj5AvsoJRZ9qK","4UT73QLh9ibnkm","FLPK26DbNQoA87","sOkDlulaFs9zZA","zuuvaGRPR1AjPH","baO8swpvVQvTgj","5hQ9CAF3WquQVF","9fXnjhF3mMN4DA"]},"environment":"development"}
{"timestamp":"2025-09-15T00:07:03.460Z","level":"INFO","operation":"SESSION_BASED_CLEANUP_STATISTICS","details":{"statistics":{"expiredSessionMessages":0,"expiredMessages":0,"totalRemoved":0},"totalRecords":0,"executionTimeMs":530,"executionTimeSec":1},"environment":"development"}
{"timestamp":"2025-09-15T00:07:03.462Z","level":"INFO","operation":"SCHEDULE_SETUP","details":{"service":"MessageCleanup","schedule":"every 4 hours","nextRun":"2025-09-15T04:07:03.462Z"},"environment":"development"}
{"timestamp":"2025-09-15T00:07:03.462Z","level":"INFO","operation":"SCHEDULE_SETUP","details":{"service":"DataRetentionCleanup","schedule":"daily at midnight","nextRun":"2025-09-15T19:00:00.000Z"},"environment":"development"}
{"timestamp":"2025-09-15T00:08:58.392Z","level":"INFO","operation":"DATA_RETENTION_CLEANUP_START","details":{"retentionDays":60,"retentionPeriodMs":5184000000,"cutoffDate":"2025-07-17T00:08:58.392Z"},"environment":"development"}
{"timestamp":"2025-09-15T00:08:58.542Z","level":"INFO","operation":"INDIVIDUALLY_EXPIRED_MESSAGES","details":{"messagesDeleted":0,"cutoffTime":"2025-09-15T00:08:58.392Z"},"environment":"development"}
{"timestamp":"2025-09-15T00:08:58.597Z","level":"INFO","operation":"OLD_MESSAGES_CLEANUP","details":{"cutoffDate":"2025-07-17T00:08:58.403Z","retentionDays":60,"messagesDeleted":0},"environment":"development"}
{"timestamp":"2025-09-15T00:08:58.683Z","level":"INFO","operation":"OLD_SESSIONS_CLEANUP","details":{"cutoffDate":"2025-07-17T00:08:58.403Z","retentionDays":60,"sessionsDeleted":0},"environment":"development"}
{"timestamp":"2025-09-15T00:08:58.737Z","level":"INFO","operation":"OLD_PARTICIPANTS_CLEANUP","details":{"cutoffDate":"2025-07-17T00:08:58.403Z","retentionDays":60,"participantsDeleted":0},"environment":"development"}
{"timestamp":"2025-09-15T00:08:58.745Z","level":"INFO","operation":"OLD_TIMER_CHANGES_CLEANUP","details":{"cutoffDate":"2025-07-17T00:08:58.404Z","retentionDays":60,"timerChangesDeleted":0},"environment":"development"}
{"timestamp":"2025-09-15T00:08:58.745Z","level":"INFO","operation":"DATA_RETENTION_CLEANUP_STATISTICS","details":{"statistics":{"oldMessages":0,"oldSessions":0,"oldParticipants":0,"oldTimerChanges":0,"totalRecordsRemoved":0},"totalRecords":0,"executionTimeMs":353,"executionTimeSec":0},"environment":"development"}
{"timestamp":"2025-09-15T00:08:58.883Z","level":"INFO","operation":"EXPIRED_SESSION_MESSAGES","details":{"expiredSessionsFound":11,"messagesDeleted":0,"sessionIds":["0zxQvIYmM81rPG","wVyAOGc7j6Zouc","tJcfOcqA9xsgau","xuj5AvsoJRZ9qK","4UT73QLh9ibnkm","FLPK26DbNQoA87","sOkDlulaFs9zZA","zuuvaGRPR1AjPH","baO8swpvVQvTgj","5hQ9CAF3WquQVF","9fXnjhF3mMN4DA"]},"environment":"development"}
{"timestamp":"2025-09-15T00:08:58.883Z","level":"INFO","operation":"SESSION_BASED_CLEANUP_STATISTICS","details":{"statistics":{"expiredSessionMessages":0,"expiredMessages":0,"totalRemoved":0},"totalRecords":0,"executionTimeMs":493,"executionTimeSec":0},"environment":"development"}
{"timestamp":"2025-09-15T00:08:58.885Z","level":"INFO","operation":"SCHEDULE_SETUP","details":{"service":"MessageCleanup","schedule":"every 4 hours","nextRun":"2025-09-15T04:08:58.885Z"},"environment":"development"}
{"timestamp":"2025-09-15T00:08:58.885Z","level":"INFO","operation":"SCHEDULE_SETUP","details":{"service":"DataRetentionCleanup","schedule":"daily at midnight","nextRun":"2025-09-15T19:00:00.000Z"},"environment":"development"}
{"timestamp":"2025-09-15T00:10:02.166Z","level":"INFO","operation":"SPECIFIC_SESSION_CLEANUP","details":{"sessionId":"WOBml7lWOjVNNh","messagesDeleted":0},"environment":"development"}
{"timestamp":"2025-09-15T00:14:18.918Z","level":"INFO","operation":"SPECIFIC_SESSION_CLEANUP","details":{"sessionId":"D06xRQA0kfZP0m","messagesDeleted":0},"environment":"development"}
{"timestamp":"2025-09-15T00:28:50.395Z","level":"INFO","operation":"SPECIFIC_SESSION_CLEANUP","details":{"sessionId":"ymtqH9NMBC9lxT","messagesDeleted":0},"environment":"development"}
{"timestamp":"2025-09-15T00:34:43.343Z","level":"INFO","operation":"SPECIFIC_SESSION_CLEANUP","details":{"sessionId":"OKJMQEcflsaiEt","messagesDeleted":0},"environment":"development"}
