{"timestamp":"2025-08-14T11:06:53.998Z","level":"INFO","operation":"SPECIFIC_SESSION_CLEANUP","details":{"sessionId":"rGcPpIyO3fkiWr","messagesDeleted":0},"environment":"development"}
{"timestamp":"2025-08-14T12:01:49.194Z","level":"INFO","operation":"SPECIFIC_SESSION_CLEANUP","details":{"sessionId":"pErkqFTyjks5pp","messagesDeleted":4},"environment":"development"}
{"timestamp":"2025-08-14T12:49:45.304Z","level":"INFO","operation":"SPECIFIC_SESSION_CLEANUP","details":{"sessionId":"xnQEXglFfe6klF","messagesDeleted":0},"environment":"development"}
{"timestamp":"2025-08-14T12:54:20.059Z","level":"INFO","operation":"DATA_RETENTION_CLEANUP_START","details":{"retentionDays":60,"retentionPeriodMs":5184000000,"cutoffDate":"2025-06-15T12:54:20.058Z"},"environment":"development"}
{"timestamp":"2025-08-14T12:54:20.316Z","level":"INFO","operation":"INDIVIDUALLY_EXPIRED_MESSAGES","details":{"messagesDeleted":0,"cutoffTime":"2025-08-14T12:54:20.058Z"},"environment":"development"}
{"timestamp":"2025-08-14T12:54:20.555Z","level":"INFO","operation":"OLD_MESSAGES_CLEANUP","details":{"cutoffDate":"2025-06-15T12:54:20.066Z","retentionDays":60,"messagesDeleted":0},"environment":"development"}
{"timestamp":"2025-08-14T12:54:20.560Z","level":"INFO","operation":"OLD_SESSIONS_CLEANUP","details":{"cutoffDate":"2025-06-15T12:54:20.067Z","retentionDays":60,"sessionsDeleted":0},"environment":"development"}
{"timestamp":"2025-08-14T12:54:20.770Z","level":"INFO","operation":"OLD_TIMER_CHANGES_CLEANUP","details":{"cutoffDate":"2025-06-15T12:54:20.067Z","retentionDays":60,"timerChangesDeleted":0},"environment":"development"}
{"timestamp":"2025-08-14T12:54:20.771Z","level":"INFO","operation":"OLD_PARTICIPANTS_CLEANUP","details":{"cutoffDate":"2025-06-15T12:54:20.067Z","retentionDays":60,"participantsDeleted":0},"environment":"development"}
{"timestamp":"2025-08-14T12:54:20.772Z","level":"INFO","operation":"DATA_RETENTION_CLEANUP_STATISTICS","details":{"statistics":{"oldMessages":0,"oldSessions":0,"oldParticipants":0,"oldTimerChanges":0,"totalRecordsRemoved":0},"totalRecords":0,"executionTimeMs":714,"executionTimeSec":1},"environment":"development"}
{"timestamp":"2025-08-14T12:54:21.779Z","level":"INFO","operation":"EXPIRED_SESSION_MESSAGES","details":{"expiredSessionsFound":2,"messagesDeleted":0,"sessionIds":["pErkqFTyjks5pp","xnQEXglFfe6klF"]},"environment":"development"}
{"timestamp":"2025-08-14T12:54:21.780Z","level":"INFO","operation":"SESSION_BASED_CLEANUP_STATISTICS","details":{"statistics":{"expiredSessionMessages":0,"expiredMessages":0,"totalRemoved":0},"totalRecords":0,"executionTimeMs":1723,"executionTimeSec":2},"environment":"development"}
{"timestamp":"2025-08-14T12:54:21.782Z","level":"INFO","operation":"SCHEDULE_SETUP","details":{"service":"MessageCleanup","schedule":"every 4 hours","nextRun":"2025-08-14T16:54:21.782Z"},"environment":"development"}
{"timestamp":"2025-08-14T12:54:21.782Z","level":"INFO","operation":"SCHEDULE_SETUP","details":{"service":"DataRetentionCleanup","schedule":"daily at midnight","nextRun":"2025-08-14T19:00:00.000Z"},"environment":"development"}
{"timestamp":"2025-08-14T13:01:09.040Z","level":"INFO","operation":"DATA_RETENTION_CLEANUP_START","details":{"retentionDays":60,"retentionPeriodMs":5184000000,"cutoffDate":"2025-06-15T13:01:09.040Z"},"environment":"development"}
{"timestamp":"2025-08-14T13:01:09.221Z","level":"INFO","operation":"INDIVIDUALLY_EXPIRED_MESSAGES","details":{"messagesDeleted":0,"cutoffTime":"2025-08-14T13:01:09.039Z"},"environment":"development"}
{"timestamp":"2025-08-14T13:01:09.394Z","level":"INFO","operation":"OLD_MESSAGES_CLEANUP","details":{"cutoffDate":"2025-06-15T13:01:09.048Z","retentionDays":60,"messagesDeleted":0},"environment":"development"}
{"timestamp":"2025-08-14T13:01:09.438Z","level":"INFO","operation":"OLD_SESSIONS_CLEANUP","details":{"cutoffDate":"2025-06-15T13:01:09.049Z","retentionDays":60,"sessionsDeleted":0},"environment":"development"}
{"timestamp":"2025-08-14T13:01:09.458Z","level":"INFO","operation":"OLD_PARTICIPANTS_CLEANUP","details":{"cutoffDate":"2025-06-15T13:01:09.049Z","retentionDays":60,"participantsDeleted":0},"environment":"development"}
{"timestamp":"2025-08-14T13:01:09.574Z","level":"INFO","operation":"OLD_TIMER_CHANGES_CLEANUP","details":{"cutoffDate":"2025-06-15T13:01:09.049Z","retentionDays":60,"timerChangesDeleted":0},"environment":"development"}
{"timestamp":"2025-08-14T13:01:09.575Z","level":"INFO","operation":"DATA_RETENTION_CLEANUP_STATISTICS","details":{"statistics":{"oldMessages":0,"oldSessions":0,"oldParticipants":0,"oldTimerChanges":0,"totalRecordsRemoved":0},"totalRecords":0,"executionTimeMs":535,"executionTimeSec":1},"environment":"development"}
{"timestamp":"2025-08-14T13:01:09.935Z","level":"INFO","operation":"EXPIRED_SESSION_MESSAGES","details":{"expiredSessionsFound":2,"messagesDeleted":0,"sessionIds":["pErkqFTyjks5pp","xnQEXglFfe6klF"]},"environment":"development"}
{"timestamp":"2025-08-14T13:01:09.935Z","level":"INFO","operation":"SESSION_BASED_CLEANUP_STATISTICS","details":{"statistics":{"expiredSessionMessages":0,"expiredMessages":0,"totalRemoved":0},"totalRecords":0,"executionTimeMs":898,"executionTimeSec":1},"environment":"development"}
{"timestamp":"2025-08-14T13:01:09.937Z","level":"INFO","operation":"SCHEDULE_SETUP","details":{"service":"MessageCleanup","schedule":"every 4 hours","nextRun":"2025-08-14T17:01:09.937Z"},"environment":"development"}
{"timestamp":"2025-08-14T13:01:09.937Z","level":"INFO","operation":"SCHEDULE_SETUP","details":{"service":"DataRetentionCleanup","schedule":"daily at midnight","nextRun":"2025-08-14T19:00:00.000Z"},"environment":"development"}
{"timestamp":"2025-08-14T13:04:09.226Z","level":"INFO","operation":"SPECIFIC_SESSION_CLEANUP","details":{"sessionId":"CnGFBHfgSajCJE","messagesDeleted":3},"environment":"development"}
{"timestamp":"2025-08-14T13:06:23.338Z","level":"INFO","operation":"DATA_RETENTION_CLEANUP_START","details":{"retentionDays":60,"retentionPeriodMs":5184000000,"cutoffDate":"2025-06-15T13:06:23.338Z"},"environment":"development"}
{"timestamp":"2025-08-14T13:06:23.507Z","level":"INFO","operation":"INDIVIDUALLY_EXPIRED_MESSAGES","details":{"messagesDeleted":0,"cutoffTime":"2025-08-14T13:06:23.338Z"},"environment":"development"}
{"timestamp":"2025-08-14T13:06:23.673Z","level":"INFO","operation":"OLD_MESSAGES_CLEANUP","details":{"cutoffDate":"2025-06-15T13:06:23.346Z","retentionDays":60,"messagesDeleted":0},"environment":"development"}
{"timestamp":"2025-08-14T13:06:23.677Z","level":"INFO","operation":"OLD_SESSIONS_CLEANUP","details":{"cutoffDate":"2025-06-15T13:06:23.346Z","retentionDays":60,"sessionsDeleted":0},"environment":"development"}
{"timestamp":"2025-08-14T13:06:23.699Z","level":"INFO","operation":"OLD_PARTICIPANTS_CLEANUP","details":{"cutoffDate":"2025-06-15T13:06:23.346Z","retentionDays":60,"participantsDeleted":0},"environment":"development"}
{"timestamp":"2025-08-14T13:06:23.837Z","level":"INFO","operation":"OLD_TIMER_CHANGES_CLEANUP","details":{"cutoffDate":"2025-06-15T13:06:23.347Z","retentionDays":60,"timerChangesDeleted":0},"environment":"development"}
{"timestamp":"2025-08-14T13:06:23.837Z","level":"INFO","operation":"DATA_RETENTION_CLEANUP_STATISTICS","details":{"statistics":{"oldMessages":0,"oldSessions":0,"oldParticipants":0,"oldTimerChanges":0,"totalRecordsRemoved":0},"totalRecords":0,"executionTimeMs":499,"executionTimeSec":0},"environment":"development"}
{"timestamp":"2025-08-14T13:06:23.871Z","level":"INFO","operation":"EXPIRED_SESSION_MESSAGES","details":{"expiredSessionsFound":3,"messagesDeleted":0,"sessionIds":["pErkqFTyjks5pp","xnQEXglFfe6klF","CnGFBHfgSajCJE"]},"environment":"development"}
{"timestamp":"2025-08-14T13:06:23.872Z","level":"INFO","operation":"SESSION_BASED_CLEANUP_STATISTICS","details":{"statistics":{"expiredSessionMessages":0,"expiredMessages":0,"totalRemoved":0},"totalRecords":0,"executionTimeMs":536,"executionTimeSec":1},"environment":"development"}
{"timestamp":"2025-08-14T13:06:23.873Z","level":"INFO","operation":"SCHEDULE_SETUP","details":{"service":"MessageCleanup","schedule":"every 4 hours","nextRun":"2025-08-14T17:06:23.873Z"},"environment":"development"}
{"timestamp":"2025-08-14T13:06:23.873Z","level":"INFO","operation":"SCHEDULE_SETUP","details":{"service":"DataRetentionCleanup","schedule":"daily at midnight","nextRun":"2025-08-14T19:00:00.000Z"},"environment":"development"}
{"timestamp":"2025-08-14T13:08:29.821Z","level":"INFO","operation":"SPECIFIC_SESSION_CLEANUP","details":{"sessionId":"cLUdUGMFh6dAE9","messagesDeleted":0},"environment":"development"}
{"timestamp":"2025-08-14T13:11:58.407Z","level":"INFO","operation":"DATA_RETENTION_CLEANUP_START","details":{"retentionDays":60,"retentionPeriodMs":5184000000,"cutoffDate":"2025-06-15T13:11:58.407Z"},"environment":"development"}
{"timestamp":"2025-08-14T13:11:58.651Z","level":"INFO","operation":"INDIVIDUALLY_EXPIRED_MESSAGES","details":{"messagesDeleted":0,"cutoffTime":"2025-08-14T13:11:58.407Z"},"environment":"development"}
{"timestamp":"2025-08-14T13:11:58.666Z","level":"INFO","operation":"OLD_MESSAGES_CLEANUP","details":{"cutoffDate":"2025-06-15T13:11:58.416Z","retentionDays":60,"messagesDeleted":0},"environment":"development"}
{"timestamp":"2025-08-14T13:11:58.833Z","level":"INFO","operation":"OLD_SESSIONS_CLEANUP","details":{"cutoffDate":"2025-06-15T13:11:58.416Z","retentionDays":60,"sessionsDeleted":0},"environment":"development"}
{"timestamp":"2025-08-14T13:11:58.834Z","level":"INFO","operation":"OLD_PARTICIPANTS_CLEANUP","details":{"cutoffDate":"2025-06-15T13:11:58.416Z","retentionDays":60,"participantsDeleted":0},"environment":"development"}
{"timestamp":"2025-08-14T13:11:58.846Z","level":"INFO","operation":"OLD_TIMER_CHANGES_CLEANUP","details":{"cutoffDate":"2025-06-15T13:11:58.416Z","retentionDays":60,"timerChangesDeleted":0},"environment":"development"}
{"timestamp":"2025-08-14T13:11:58.847Z","level":"INFO","operation":"DATA_RETENTION_CLEANUP_STATISTICS","details":{"statistics":{"oldMessages":0,"oldSessions":0,"oldParticipants":0,"oldTimerChanges":0,"totalRecordsRemoved":0},"totalRecords":0,"executionTimeMs":439,"executionTimeSec":0},"environment":"development"}
{"timestamp":"2025-08-14T13:11:59.035Z","level":"INFO","operation":"EXPIRED_SESSION_MESSAGES","details":{"expiredSessionsFound":4,"messagesDeleted":0,"sessionIds":["pErkqFTyjks5pp","xnQEXglFfe6klF","CnGFBHfgSajCJE","cLUdUGMFh6dAE9"]},"environment":"development"}
{"timestamp":"2025-08-14T13:11:59.036Z","level":"INFO","operation":"SESSION_BASED_CLEANUP_STATISTICS","details":{"statistics":{"expiredSessionMessages":0,"expiredMessages":0,"totalRemoved":0},"totalRecords":0,"executionTimeMs":631,"executionTimeSec":1},"environment":"development"}
{"timestamp":"2025-08-14T13:11:59.038Z","level":"INFO","operation":"SCHEDULE_SETUP","details":{"service":"MessageCleanup","schedule":"every 4 hours","nextRun":"2025-08-14T17:11:59.037Z"},"environment":"development"}
{"timestamp":"2025-08-14T13:11:59.038Z","level":"INFO","operation":"SCHEDULE_SETUP","details":{"service":"DataRetentionCleanup","schedule":"daily at midnight","nextRun":"2025-08-14T19:00:00.000Z"},"environment":"development"}
