{"timestamp":"2025-07-20T15:11:28.585Z","level":"INFO","operation":"DATA_RETENTION_CLEANUP_START","details":{"retentionDays":60,"retentionPeriodMs":5184000000,"cutoffDate":"2025-05-21T15:11:28.584Z"},"environment":"development"}
{"timestamp":"2025-07-20T15:11:28.738Z","level":"INFO","operation":"INDIVIDUALLY_EXPIRED_MESSAGES","details":{"messagesDeleted":0,"cutoffTime":"2025-07-20T15:11:28.584Z"},"environment":"development"}
{"timestamp":"2025-07-20T15:11:28.860Z","level":"INFO","operation":"OLD_MESSAGES_CLEANUP","details":{"cutoffDate":"2025-05-21T15:11:28.593Z","retentionDays":60,"messagesDeleted":0},"environment":"development"}
{"timestamp":"2025-07-20T15:11:28.884Z","level":"INFO","operation":"OLD_SESSIONS_CLEANUP","details":{"cutoffDate":"2025-05-21T15:11:28.593Z","retentionDays":60,"sessionsDeleted":0},"environment":"development"}
{"timestamp":"2025-07-20T15:11:28.893Z","level":"INFO","operation":"OLD_PARTICIPANTS_CLEANUP","details":{"cutoffDate":"2025-05-21T15:11:28.593Z","retentionDays":60,"participantsDeleted":0},"environment":"development"}
{"timestamp":"2025-07-20T15:11:29.767Z","level":"INFO","operation":"OLD_TIMER_CHANGES_CLEANUP","details":{"cutoffDate":"2025-05-21T15:11:28.594Z","retentionDays":60,"timerChangesDeleted":0},"environment":"development"}
{"timestamp":"2025-07-20T15:11:29.768Z","level":"INFO","operation":"DATA_RETENTION_CLEANUP_STATISTICS","details":{"statistics":{"oldMessages":0,"oldSessions":0,"oldParticipants":0,"oldTimerChanges":0,"totalRecordsRemoved":0},"totalRecords":0,"executionTimeMs":1184,"executionTimeSec":1},"environment":"development"}
{"timestamp":"2025-07-20T15:11:29.782Z","level":"INFO","operation":"EXPIRED_SESSION_MESSAGES","details":{"expiredSessionsFound":26,"messagesDeleted":0,"sessionIds":["Hxttqq29AphTIc","K6vQbNKfqyAs7w","CihuVvwa88OKmq","xXeDT33946h9uv","jAOxZp1eerXgLC","3PckDgFIInGjyc","39RWs7b03JoDYd","NtsbenOVUagviX","iH9aNM3IOvN58H","am9zAOVipSSFZW","0YC4bICCZNXNpe","UhjR256v8JgFK2","vSQQd7VuFmGc7z","iUSgie8d3kdpVo","ptV1XCVaNyOuB5","5meKG6P3roxGFV","ZSf7TK57Ag6PiJ","Jp4PTbMnhgZdiW","iIC0NYMy81kLhP","Gk6BeZegc70yMV","2hDG3ouJeEnkmv","rk6bCKlUnhXSIm","jhuMyaIK8dY8FA","ECrFEwv6VAJon6","ec2xiw3Iomijw9","jEjUMBprUln6Eq"]},"environment":"development"}
{"timestamp":"2025-07-20T15:11:29.783Z","level":"INFO","operation":"SESSION_BASED_CLEANUP_STATISTICS","details":{"statistics":{"expiredSessionMessages":0,"expiredMessages":0,"totalRemoved":0},"totalRecords":0,"executionTimeMs":1201,"executionTimeSec":1},"environment":"development"}
{"timestamp":"2025-07-20T15:11:29.784Z","level":"INFO","operation":"SCHEDULE_SETUP","details":{"service":"MessageCleanup","schedule":"every 4 hours","nextRun":"2025-07-20T19:11:29.784Z"},"environment":"development"}
{"timestamp":"2025-07-20T15:11:29.785Z","level":"INFO","operation":"SCHEDULE_SETUP","details":{"service":"DataRetentionCleanup","schedule":"daily at midnight","nextRun":"2025-07-20T19:00:00.000Z"},"environment":"development"}
{"timestamp":"2025-07-20T19:00:00.166Z","level":"INFO","operation":"PRE_CLEANUP_STATISTICS","details":{"cutoffDate":"2025-05-21T19:00:00.013Z","recordsToRemove":0,"breakdown":{"messages":0,"sessions":0,"participants":0,"timerChanges":0}},"environment":"development"}
{"timestamp":"2025-07-20T19:00:00.167Z","level":"INFO","operation":"DATA_RETENTION_CLEANUP_START","details":{"retentionDays":60,"retentionPeriodMs":5184000000,"cutoffDate":"2025-05-21T19:00:00.167Z"},"environment":"development"}
{"timestamp":"2025-07-20T19:00:00.318Z","level":"INFO","operation":"OLD_TIMER_CHANGES_CLEANUP","details":{"cutoffDate":"2025-05-21T19:00:00.168Z","retentionDays":60,"timerChangesDeleted":0},"environment":"development"}
{"timestamp":"2025-07-20T19:00:00.318Z","level":"INFO","operation":"OLD_MESSAGES_CLEANUP","details":{"cutoffDate":"2025-05-21T19:00:00.168Z","retentionDays":60,"messagesDeleted":0},"environment":"development"}
{"timestamp":"2025-07-20T19:00:00.319Z","level":"INFO","operation":"OLD_PARTICIPANTS_CLEANUP","details":{"cutoffDate":"2025-05-21T19:00:00.168Z","retentionDays":60,"participantsDeleted":0},"environment":"development"}
{"timestamp":"2025-07-20T19:00:00.320Z","level":"INFO","operation":"OLD_SESSIONS_CLEANUP","details":{"cutoffDate":"2025-05-21T19:00:00.168Z","retentionDays":60,"sessionsDeleted":0},"environment":"development"}
{"timestamp":"2025-07-20T19:00:00.320Z","level":"INFO","operation":"DATA_RETENTION_CLEANUP_STATISTICS","details":{"statistics":{"oldMessages":0,"oldSessions":0,"oldParticipants":0,"oldTimerChanges":0,"totalRecordsRemoved":0},"totalRecords":0,"executionTimeMs":153,"executionTimeSec":0},"environment":"development"}
{"timestamp":"2025-07-20T19:11:29.946Z","level":"INFO","operation":"INDIVIDUALLY_EXPIRED_MESSAGES","details":{"messagesDeleted":0,"cutoffTime":"2025-07-20T19:11:29.797Z"},"environment":"development"}
{"timestamp":"2025-07-20T19:11:30.095Z","level":"INFO","operation":"EXPIRED_SESSION_MESSAGES","details":{"expiredSessionsFound":26,"messagesDeleted":0,"sessionIds":["Hxttqq29AphTIc","K6vQbNKfqyAs7w","CihuVvwa88OKmq","xXeDT33946h9uv","jAOxZp1eerXgLC","3PckDgFIInGjyc","39RWs7b03JoDYd","NtsbenOVUagviX","iH9aNM3IOvN58H","am9zAOVipSSFZW","0YC4bICCZNXNpe","UhjR256v8JgFK2","vSQQd7VuFmGc7z","iUSgie8d3kdpVo","ptV1XCVaNyOuB5","5meKG6P3roxGFV","ZSf7TK57Ag6PiJ","Jp4PTbMnhgZdiW","iIC0NYMy81kLhP","Gk6BeZegc70yMV","2hDG3ouJeEnkmv","rk6bCKlUnhXSIm","jhuMyaIK8dY8FA","ECrFEwv6VAJon6","ec2xiw3Iomijw9","jEjUMBprUln6Eq"]},"environment":"development"}
{"timestamp":"2025-07-20T19:11:30.096Z","level":"INFO","operation":"SESSION_BASED_CLEANUP_STATISTICS","details":{"statistics":{"expiredSessionMessages":0,"expiredMessages":0,"totalRemoved":0},"totalRecords":0,"executionTimeMs":299,"executionTimeSec":0},"environment":"development"}
