{"timestamp":"2025-08-28T08:17:47.610Z","level":"INFO","operation":"DATA_RETENTION_CLEANUP_START","details":{"retentionDays":60,"retentionPeriodMs":5184000000,"cutoffDate":"2025-06-29T08:17:47.610Z"},"environment":"development"}
{"timestamp":"2025-08-28T08:17:47.766Z","level":"INFO","operation":"EXPIRED_SESSION_MESSAGES","details":{"expiredSessionsFound":0,"messagesDeleted":0},"environment":"development"}
{"timestamp":"2025-08-28T08:17:47.766Z","level":"INFO","operation":"INDIVIDUALLY_EXPIRED_MESSAGES","details":{"messagesDeleted":0,"cutoffTime":"2025-08-28T08:17:47.609Z"},"environment":"development"}
{"timestamp":"2025-08-28T08:17:47.774Z","level":"INFO","operation":"SESSION_BASED_CLEANUP_STATISTICS","details":{"statistics":{"expiredSessionMessages":0,"expiredMessages":0,"totalRemoved":0},"totalRecords":0,"executionTimeMs":167,"executionTimeSec":0},"environment":"development"}
{"timestamp":"2025-08-28T08:17:47.886Z","level":"INFO","operation":"OLD_PARTICIPANTS_CLEANUP","details":{"cutoffDate":"2025-06-29T08:17:47.621Z","retentionDays":60,"participantsDeleted":0},"environment":"development"}
{"timestamp":"2025-08-28T08:17:47.911Z","level":"INFO","operation":"OLD_TIMER_CHANGES_CLEANUP","details":{"cutoffDate":"2025-06-29T08:17:47.621Z","retentionDays":60,"timerChangesDeleted":0},"environment":"development"}
{"timestamp":"2025-08-28T08:17:48.634Z","level":"INFO","operation":"OLD_SESSIONS_CLEANUP","details":{"cutoffDate":"2025-06-29T08:17:47.620Z","retentionDays":60,"sessionsDeleted":0},"environment":"development"}
{"timestamp":"2025-08-28T08:17:48.648Z","level":"INFO","operation":"OLD_MESSAGES_CLEANUP","details":{"cutoffDate":"2025-06-29T08:17:47.620Z","retentionDays":60,"messagesDeleted":0},"environment":"development"}
{"timestamp":"2025-08-28T08:17:48.649Z","level":"INFO","operation":"DATA_RETENTION_CLEANUP_STATISTICS","details":{"statistics":{"oldMessages":0,"oldSessions":0,"oldParticipants":0,"oldTimerChanges":0,"totalRecordsRemoved":0},"totalRecords":0,"executionTimeMs":1039,"executionTimeSec":1},"environment":"development"}
{"timestamp":"2025-08-28T08:17:48.650Z","level":"INFO","operation":"SCHEDULE_SETUP","details":{"service":"MessageCleanup","schedule":"every 4 hours","nextRun":"2025-08-28T12:17:48.650Z"},"environment":"development"}
{"timestamp":"2025-08-28T08:17:48.650Z","level":"INFO","operation":"SCHEDULE_SETUP","details":{"service":"DataRetentionCleanup","schedule":"daily at midnight","nextRun":"2025-08-28T19:00:00.000Z"},"environment":"development"}
{"timestamp":"2025-08-28T08:36:08.919Z","level":"INFO","operation":"SPECIFIC_SESSION_CLEANUP","details":{"sessionId":"sxq0B3S2NpjA0F","messagesDeleted":6},"environment":"development"}
{"timestamp":"2025-08-28T08:41:22.507Z","level":"INFO","operation":"SPECIFIC_SESSION_CLEANUP","details":{"sessionId":"dgHawnF8LDx34J","messagesDeleted":4},"environment":"development"}
{"timestamp":"2025-08-28T10:55:22.789Z","level":"INFO","operation":"DATA_RETENTION_CLEANUP_START","details":{"retentionDays":60,"retentionPeriodMs":5184000000,"cutoffDate":"2025-06-29T10:55:22.788Z"},"environment":"development"}
{"timestamp":"2025-08-28T10:55:22.946Z","level":"INFO","operation":"INDIVIDUALLY_EXPIRED_MESSAGES","details":{"messagesDeleted":0,"cutoffTime":"2025-08-28T10:55:22.787Z"},"environment":"development"}
{"timestamp":"2025-08-28T10:55:22.949Z","level":"INFO","operation":"EXPIRED_SESSION_MESSAGES","details":{"expiredSessionsFound":0,"messagesDeleted":0},"environment":"development"}
{"timestamp":"2025-08-28T10:55:22.950Z","level":"INFO","operation":"SESSION_BASED_CLEANUP_STATISTICS","details":{"statistics":{"expiredSessionMessages":0,"expiredMessages":0,"totalRemoved":0},"totalRecords":0,"executionTimeMs":163,"executionTimeSec":0},"environment":"development"}
{"timestamp":"2025-08-28T10:55:23.088Z","level":"INFO","operation":"OLD_MESSAGES_CLEANUP","details":{"cutoffDate":"2025-06-29T10:55:22.809Z","retentionDays":60,"messagesDeleted":0},"environment":"development"}
{"timestamp":"2025-08-28T10:55:23.095Z","level":"INFO","operation":"OLD_SESSIONS_CLEANUP","details":{"cutoffDate":"2025-06-29T10:55:22.809Z","retentionDays":60,"sessionsDeleted":0},"environment":"development"}
{"timestamp":"2025-08-28T10:55:23.098Z","level":"INFO","operation":"OLD_PARTICIPANTS_CLEANUP","details":{"cutoffDate":"2025-06-29T10:55:22.809Z","retentionDays":60,"participantsDeleted":0},"environment":"development"}
{"timestamp":"2025-08-28T10:55:23.238Z","level":"INFO","operation":"OLD_TIMER_CHANGES_CLEANUP","details":{"cutoffDate":"2025-06-29T10:55:22.809Z","retentionDays":60,"timerChangesDeleted":0},"environment":"development"}
{"timestamp":"2025-08-28T10:55:23.239Z","level":"INFO","operation":"DATA_RETENTION_CLEANUP_STATISTICS","details":{"statistics":{"oldMessages":0,"oldSessions":0,"oldParticipants":0,"oldTimerChanges":0,"totalRecordsRemoved":0},"totalRecords":0,"executionTimeMs":451,"executionTimeSec":0},"environment":"development"}
{"timestamp":"2025-08-28T10:55:23.240Z","level":"INFO","operation":"SCHEDULE_SETUP","details":{"service":"MessageCleanup","schedule":"every 4 hours","nextRun":"2025-08-28T14:55:23.240Z"},"environment":"development"}
{"timestamp":"2025-08-28T10:55:23.241Z","level":"INFO","operation":"SCHEDULE_SETUP","details":{"service":"DataRetentionCleanup","schedule":"daily at midnight","nextRun":"2025-08-28T19:00:00.000Z"},"environment":"development"}
{"timestamp":"2025-08-28T11:35:36.002Z","level":"INFO","operation":"SPECIFIC_SESSION_CLEANUP","details":{"sessionId":"FllZlhGven3JZm","messagesDeleted":2},"environment":"development"}
{"timestamp":"2025-08-28T11:46:47.607Z","level":"INFO","operation":"SPECIFIC_SESSION_CLEANUP","details":{"sessionId":"47PZ2jnOroxtJY","messagesDeleted":11},"environment":"development"}
