{"timestamp":"2025-07-15T07:51:36.914Z","level":"INFO","operation":"DATA_RETENTION_CLEANUP_START","details":{"retentionDays":60,"retentionPeriodMs":5184000000,"cutoffDate":"2025-05-16T07:51:36.913Z"},"environment":"development"}
{"timestamp":"2025-07-15T07:51:37.061Z","level":"INFO","operation":"INDIVIDUALLY_EXPIRED_MESSAGES","details":{"messagesDeleted":0,"cutoffTime":"2025-07-15T07:51:36.912Z"},"environment":"development"}
{"timestamp":"2025-07-15T07:51:37.146Z","level":"INFO","operation":"OLD_MESSAGES_CLEANUP","details":{"cutoffDate":"2025-05-16T07:51:36.923Z","retentionDays":60,"messagesDeleted":0},"environment":"development"}
{"timestamp":"2025-07-15T07:51:37.197Z","level":"INFO","operation":"OLD_SESSIONS_CLEANUP","details":{"cutoffDate":"2025-05-16T07:51:36.923Z","retentionDays":60,"sessionsDeleted":0},"environment":"development"}
{"timestamp":"2025-07-15T07:51:37.199Z","level":"INFO","operation":"OLD_PARTICIPANTS_CLEANUP","details":{"cutoffDate":"2025-05-16T07:51:36.923Z","retentionDays":60,"participantsDeleted":0},"environment":"development"}
{"timestamp":"2025-07-15T07:51:38.150Z","level":"INFO","operation":"EXPIRED_SESSION_MESSAGES","details":{"expiredSessionsFound":7,"messagesDeleted":0,"sessionIds":["QuF48RbNhZDBqG","SzNR0IRooDD8Yl","DxghPuZtInTrUs","Fm5cv6wz9l5Ohm","I7atnYUOu3uTZD","z6w0MtbKowR7D5","u31H2zPwoR3I0F"]},"environment":"development"}
{"timestamp":"2025-07-15T07:51:38.151Z","level":"INFO","operation":"SESSION_BASED_CLEANUP_STATISTICS","details":{"statistics":{"expiredSessionMessages":0,"expiredMessages":0,"totalRemoved":0},"totalRecords":0,"executionTimeMs":1239,"executionTimeSec":1},"environment":"development"}
{"timestamp":"2025-07-15T07:51:38.191Z","level":"INFO","operation":"OLD_TIMER_CHANGES_CLEANUP","details":{"cutoffDate":"2025-05-16T07:51:36.924Z","retentionDays":60,"timerChangesDeleted":0},"environment":"development"}
{"timestamp":"2025-07-15T07:51:38.192Z","level":"INFO","operation":"DATA_RETENTION_CLEANUP_STATISTICS","details":{"statistics":{"oldMessages":0,"oldSessions":0,"oldParticipants":0,"oldTimerChanges":0,"totalRecordsRemoved":0},"totalRecords":0,"executionTimeMs":1279,"executionTimeSec":1},"environment":"development"}
{"timestamp":"2025-07-15T07:51:38.193Z","level":"INFO","operation":"SCHEDULE_SETUP","details":{"service":"MessageCleanup","schedule":"every 4 hours","nextRun":"2025-07-15T11:51:38.193Z"},"environment":"development"}
{"timestamp":"2025-07-15T07:51:38.194Z","level":"INFO","operation":"SCHEDULE_SETUP","details":{"service":"DataRetentionCleanup","schedule":"daily at midnight","nextRun":"2025-07-15T19:00:00.000Z"},"environment":"development"}
{"timestamp":"2025-07-15T10:58:08.113Z","level":"INFO","operation":"SPECIFIC_SESSION_CLEANUP","details":{"sessionId":"Y68ih72w4DQtVG","messagesDeleted":0},"environment":"development"}
{"timestamp":"2025-07-15T11:32:33.909Z","level":"INFO","operation":"SPECIFIC_SESSION_CLEANUP","details":{"sessionId":"K6vQbNKfqyAs7w","messagesDeleted":8},"environment":"development"}
{"timestamp":"2025-07-15T11:51:39.706Z","level":"INFO","operation":"INDIVIDUALLY_EXPIRED_MESSAGES","details":{"messagesDeleted":0,"cutoffTime":"2025-07-15T11:51:38.207Z"},"environment":"development"}
{"timestamp":"2025-07-15T11:51:39.790Z","level":"INFO","operation":"EXPIRED_SESSION_MESSAGES","details":{"expiredSessionsFound":2,"messagesDeleted":0,"sessionIds":["Hxttqq29AphTIc","K6vQbNKfqyAs7w"]},"environment":"development"}
{"timestamp":"2025-07-15T11:51:39.791Z","level":"INFO","operation":"SESSION_BASED_CLEANUP_STATISTICS","details":{"statistics":{"expiredSessionMessages":0,"expiredMessages":0,"totalRemoved":0},"totalRecords":0,"executionTimeMs":1584,"executionTimeSec":2},"environment":"development"}
{"timestamp":"2025-07-15T15:51:39.794Z","level":"INFO","operation":"INDIVIDUALLY_EXPIRED_MESSAGES","details":{"messagesDeleted":0,"cutoffTime":"2025-07-15T15:51:38.217Z"},"environment":"development"}
{"timestamp":"2025-07-15T15:51:40.003Z","level":"INFO","operation":"EXPIRED_SESSION_MESSAGES","details":{"expiredSessionsFound":11,"messagesDeleted":0,"sessionIds":["Hxttqq29AphTIc","K6vQbNKfqyAs7w","CihuVvwa88OKmq","xXeDT33946h9uv","jAOxZp1eerXgLC","3PckDgFIInGjyc","39RWs7b03JoDYd","NtsbenOVUagviX","iH9aNM3IOvN58H","am9zAOVipSSFZW","0YC4bICCZNXNpe"]},"environment":"development"}
{"timestamp":"2025-07-15T15:51:40.003Z","level":"INFO","operation":"SESSION_BASED_CLEANUP_STATISTICS","details":{"statistics":{"expiredSessionMessages":0,"expiredMessages":0,"totalRemoved":0},"totalRecords":0,"executionTimeMs":1786,"executionTimeSec":2},"environment":"development"}
{"timestamp":"2025-07-15T19:00:02.528Z","level":"INFO","operation":"PRE_CLEANUP_STATISTICS","details":{"cutoffDate":"2025-05-16T19:00:00.011Z","recordsToRemove":0,"breakdown":{"messages":0,"sessions":0,"participants":0,"timerChanges":0}},"environment":"development"}
{"timestamp":"2025-07-15T19:00:02.528Z","level":"INFO","operation":"DATA_RETENTION_CLEANUP_START","details":{"retentionDays":60,"retentionPeriodMs":5184000000,"cutoffDate":"2025-05-16T19:00:02.528Z"},"environment":"development"}
{"timestamp":"2025-07-15T19:00:02.684Z","level":"INFO","operation":"OLD_TIMER_CHANGES_CLEANUP","details":{"cutoffDate":"2025-05-16T19:00:02.529Z","retentionDays":60,"timerChangesDeleted":0},"environment":"development"}
{"timestamp":"2025-07-15T19:00:02.688Z","level":"INFO","operation":"OLD_SESSIONS_CLEANUP","details":{"cutoffDate":"2025-05-16T19:00:02.529Z","retentionDays":60,"sessionsDeleted":0},"environment":"development"}
{"timestamp":"2025-07-15T19:00:02.688Z","level":"INFO","operation":"OLD_PARTICIPANTS_CLEANUP","details":{"cutoffDate":"2025-05-16T19:00:02.529Z","retentionDays":60,"participantsDeleted":0},"environment":"development"}
{"timestamp":"2025-07-15T19:00:02.702Z","level":"INFO","operation":"OLD_MESSAGES_CLEANUP","details":{"cutoffDate":"2025-05-16T19:00:02.529Z","retentionDays":60,"messagesDeleted":0},"environment":"development"}
{"timestamp":"2025-07-15T19:00:02.702Z","level":"INFO","operation":"DATA_RETENTION_CLEANUP_STATISTICS","details":{"statistics":{"oldMessages":0,"oldSessions":0,"oldParticipants":0,"oldTimerChanges":0,"totalRecordsRemoved":0},"totalRecords":0,"executionTimeMs":174,"executionTimeSec":0},"environment":"development"}
{"timestamp":"2025-07-15T19:51:39.622Z","level":"INFO","operation":"INDIVIDUALLY_EXPIRED_MESSAGES","details":{"messagesDeleted":0,"cutoffTime":"2025-07-15T19:51:38.222Z"},"environment":"development"}
{"timestamp":"2025-07-15T19:51:39.916Z","level":"INFO","operation":"EXPIRED_SESSION_MESSAGES","details":{"expiredSessionsFound":11,"messagesDeleted":0,"sessionIds":["Hxttqq29AphTIc","K6vQbNKfqyAs7w","CihuVvwa88OKmq","xXeDT33946h9uv","jAOxZp1eerXgLC","3PckDgFIInGjyc","39RWs7b03JoDYd","NtsbenOVUagviX","iH9aNM3IOvN58H","am9zAOVipSSFZW","0YC4bICCZNXNpe"]},"environment":"development"}
{"timestamp":"2025-07-15T19:51:39.916Z","level":"INFO","operation":"SESSION_BASED_CLEANUP_STATISTICS","details":{"statistics":{"expiredSessionMessages":0,"expiredMessages":0,"totalRemoved":0},"totalRecords":0,"executionTimeMs":1695,"executionTimeSec":2},"environment":"development"}
{"timestamp":"2025-07-15T23:51:39.609Z","level":"INFO","operation":"INDIVIDUALLY_EXPIRED_MESSAGES","details":{"messagesDeleted":0,"cutoffTime":"2025-07-15T23:51:38.230Z"},"environment":"development"}
{"timestamp":"2025-07-15T23:51:39.740Z","level":"INFO","operation":"EXPIRED_SESSION_MESSAGES","details":{"expiredSessionsFound":14,"messagesDeleted":0,"sessionIds":["Hxttqq29AphTIc","K6vQbNKfqyAs7w","CihuVvwa88OKmq","xXeDT33946h9uv","jAOxZp1eerXgLC","3PckDgFIInGjyc","39RWs7b03JoDYd","NtsbenOVUagviX","iH9aNM3IOvN58H","am9zAOVipSSFZW","0YC4bICCZNXNpe","UhjR256v8JgFK2","vSQQd7VuFmGc7z","iUSgie8d3kdpVo"]},"environment":"development"}
{"timestamp":"2025-07-15T23:51:39.740Z","level":"INFO","operation":"SESSION_BASED_CLEANUP_STATISTICS","details":{"statistics":{"expiredSessionMessages":0,"expiredMessages":0,"totalRemoved":0},"totalRecords":0,"executionTimeMs":1510,"executionTimeSec":2},"environment":"development"}
