{"timestamp":"2025-07-23T12:18:39.491Z","level":"INFO","operation":"DATA_RETENTION_CLEANUP_START","details":{"retentionDays":60,"retentionPeriodMs":5184000000,"cutoffDate":"2025-05-24T12:18:39.490Z"},"environment":"development"}
{"timestamp":"2025-07-23T12:18:39.633Z","level":"INFO","operation":"INDIVIDUALLY_EXPIRED_MESSAGES","details":{"messagesDeleted":0,"cutoffTime":"2025-07-23T12:18:39.490Z"},"environment":"development"}
{"timestamp":"2025-07-23T12:18:39.697Z","level":"INFO","operation":"OLD_MESSAGES_CLEANUP","details":{"cutoffDate":"2025-05-24T12:18:39.500Z","retentionDays":60,"messagesDeleted":0},"environment":"development"}
{"timestamp":"2025-07-23T12:18:39.766Z","level":"INFO","operation":"OLD_SESSIONS_CLEANUP","details":{"cutoffDate":"2025-05-24T12:18:39.501Z","retentionDays":60,"sessionsDeleted":0},"environment":"development"}
{"timestamp":"2025-07-23T12:18:39.772Z","level":"INFO","operation":"OLD_TIMER_CHANGES_CLEANUP","details":{"cutoffDate":"2025-05-24T12:18:39.501Z","retentionDays":60,"timerChangesDeleted":0},"environment":"development"}
{"timestamp":"2025-07-23T12:18:39.831Z","level":"INFO","operation":"EXPIRED_SESSION_MESSAGES","details":{"expiredSessionsFound":11,"messagesDeleted":0,"sessionIds":["H5gWVHNRVSymIt","dH1bBogV26oWzI","u4iZwhqrxuJZnN","CY9hmBF2EXb8UW","v6ne3CcFyMHyaW","IWx6obAk5qikel","ASBaOkiP09qNUd","on8P56oEb2ZXbx","xmYeBXvtp06Kes","vfjZqXWB7D6Oya","vykMYgjSqVYJJi"]},"environment":"development"}
{"timestamp":"2025-07-23T12:18:39.832Z","level":"INFO","operation":"SESSION_BASED_CLEANUP_STATISTICS","details":{"statistics":{"expiredSessionMessages":0,"expiredMessages":0,"totalRemoved":0},"totalRecords":0,"executionTimeMs":344,"executionTimeSec":0},"environment":"development"}
{"timestamp":"2025-07-23T12:18:40.599Z","level":"INFO","operation":"OLD_PARTICIPANTS_CLEANUP","details":{"cutoffDate":"2025-05-24T12:18:39.501Z","retentionDays":60,"participantsDeleted":0},"environment":"development"}
{"timestamp":"2025-07-23T12:18:40.600Z","level":"INFO","operation":"DATA_RETENTION_CLEANUP_STATISTICS","details":{"statistics":{"oldMessages":0,"oldSessions":0,"oldParticipants":0,"oldTimerChanges":0,"totalRecordsRemoved":0},"totalRecords":0,"executionTimeMs":1110,"executionTimeSec":1},"environment":"development"}
{"timestamp":"2025-07-23T12:18:40.601Z","level":"INFO","operation":"SCHEDULE_SETUP","details":{"service":"MessageCleanup","schedule":"every 4 hours","nextRun":"2025-07-23T16:18:40.601Z"},"environment":"development"}
{"timestamp":"2025-07-23T12:18:40.601Z","level":"INFO","operation":"SCHEDULE_SETUP","details":{"service":"DataRetentionCleanup","schedule":"daily at midnight","nextRun":"2025-07-23T19:00:00.000Z"},"environment":"development"}
{"timestamp":"2025-07-23T12:39:06.397Z","level":"INFO","operation":"SPECIFIC_SESSION_CLEANUP","details":{"sessionId":"SdgPPaLUEJp7bK","messagesDeleted":0},"environment":"development"}
{"timestamp":"2025-07-23T13:21:48.929Z","level":"INFO","operation":"DATA_RETENTION_CLEANUP_START","details":{"retentionDays":60,"retentionPeriodMs":5184000000,"cutoffDate":"2025-05-24T13:21:48.928Z"},"environment":"development"}
{"timestamp":"2025-07-23T13:21:49.070Z","level":"INFO","operation":"INDIVIDUALLY_EXPIRED_MESSAGES","details":{"messagesDeleted":0,"cutoffTime":"2025-07-23T13:21:48.928Z"},"environment":"development"}
{"timestamp":"2025-07-23T13:21:49.166Z","level":"INFO","operation":"OLD_MESSAGES_CLEANUP","details":{"cutoffDate":"2025-05-24T13:21:48.938Z","retentionDays":60,"messagesDeleted":0},"environment":"development"}
{"timestamp":"2025-07-23T13:21:49.204Z","level":"INFO","operation":"OLD_SESSIONS_CLEANUP","details":{"cutoffDate":"2025-05-24T13:21:48.938Z","retentionDays":60,"sessionsDeleted":0},"environment":"development"}
{"timestamp":"2025-07-23T13:21:49.207Z","level":"INFO","operation":"OLD_PARTICIPANTS_CLEANUP","details":{"cutoffDate":"2025-05-24T13:21:48.938Z","retentionDays":60,"participantsDeleted":0},"environment":"development"}
{"timestamp":"2025-07-23T13:21:49.308Z","level":"INFO","operation":"EXPIRED_SESSION_MESSAGES","details":{"expiredSessionsFound":12,"messagesDeleted":0,"sessionIds":["H5gWVHNRVSymIt","dH1bBogV26oWzI","u4iZwhqrxuJZnN","CY9hmBF2EXb8UW","v6ne3CcFyMHyaW","IWx6obAk5qikel","ASBaOkiP09qNUd","on8P56oEb2ZXbx","xmYeBXvtp06Kes","vfjZqXWB7D6Oya","vykMYgjSqVYJJi","SdgPPaLUEJp7bK"]},"environment":"development"}
{"timestamp":"2025-07-23T13:21:49.311Z","level":"INFO","operation":"SESSION_BASED_CLEANUP_STATISTICS","details":{"statistics":{"expiredSessionMessages":0,"expiredMessages":0,"totalRemoved":0},"totalRecords":0,"executionTimeMs":385,"executionTimeSec":0},"environment":"development"}
{"timestamp":"2025-07-23T13:21:50.225Z","level":"INFO","operation":"OLD_TIMER_CHANGES_CLEANUP","details":{"cutoffDate":"2025-05-24T13:21:48.938Z","retentionDays":60,"timerChangesDeleted":0},"environment":"development"}
{"timestamp":"2025-07-23T13:21:50.225Z","level":"INFO","operation":"DATA_RETENTION_CLEANUP_STATISTICS","details":{"statistics":{"oldMessages":0,"oldSessions":0,"oldParticipants":0,"oldTimerChanges":0,"totalRecordsRemoved":0},"totalRecords":0,"executionTimeMs":1297,"executionTimeSec":1},"environment":"development"}
{"timestamp":"2025-07-23T13:21:50.227Z","level":"INFO","operation":"SCHEDULE_SETUP","details":{"service":"MessageCleanup","schedule":"every 4 hours","nextRun":"2025-07-23T17:21:50.227Z"},"environment":"development"}
{"timestamp":"2025-07-23T13:21:50.228Z","level":"INFO","operation":"SCHEDULE_SETUP","details":{"service":"DataRetentionCleanup","schedule":"daily at midnight","nextRun":"2025-07-23T19:00:00.000Z"},"environment":"development"}
{"timestamp":"2025-07-23T14:02:25.664Z","level":"INFO","operation":"SPECIFIC_SESSION_CLEANUP","details":{"sessionId":"CGJI9WZaen7e0S","messagesDeleted":0},"environment":"development"}
{"timestamp":"2025-07-23T14:23:04.370Z","level":"INFO","operation":"DATA_RETENTION_CLEANUP_START","details":{"retentionDays":60,"retentionPeriodMs":5184000000,"cutoffDate":"2025-05-24T14:23:04.369Z"},"environment":"development"}
{"timestamp":"2025-07-23T14:23:04.516Z","level":"INFO","operation":"INDIVIDUALLY_EXPIRED_MESSAGES","details":{"messagesDeleted":0,"cutoffTime":"2025-07-23T14:23:04.368Z"},"environment":"development"}
{"timestamp":"2025-07-23T14:23:04.645Z","level":"INFO","operation":"OLD_PARTICIPANTS_CLEANUP","details":{"cutoffDate":"2025-05-24T14:23:04.387Z","retentionDays":60,"participantsDeleted":0},"environment":"development"}
{"timestamp":"2025-07-23T14:23:04.647Z","level":"INFO","operation":"OLD_TIMER_CHANGES_CLEANUP","details":{"cutoffDate":"2025-05-24T14:23:04.388Z","retentionDays":60,"timerChangesDeleted":0},"environment":"development"}
{"timestamp":"2025-07-23T14:23:04.660Z","level":"INFO","operation":"EXPIRED_SESSION_MESSAGES","details":{"expiredSessionsFound":13,"messagesDeleted":0,"sessionIds":["H5gWVHNRVSymIt","dH1bBogV26oWzI","u4iZwhqrxuJZnN","CY9hmBF2EXb8UW","v6ne3CcFyMHyaW","IWx6obAk5qikel","ASBaOkiP09qNUd","on8P56oEb2ZXbx","xmYeBXvtp06Kes","vfjZqXWB7D6Oya","vykMYgjSqVYJJi","SdgPPaLUEJp7bK","CGJI9WZaen7e0S"]},"environment":"development"}
{"timestamp":"2025-07-23T14:23:04.660Z","level":"INFO","operation":"SESSION_BASED_CLEANUP_STATISTICS","details":{"statistics":{"expiredSessionMessages":0,"expiredMessages":0,"totalRemoved":0},"totalRecords":0,"executionTimeMs":293,"executionTimeSec":0},"environment":"development"}
{"timestamp":"2025-07-23T14:23:05.400Z","level":"INFO","operation":"OLD_SESSIONS_CLEANUP","details":{"cutoffDate":"2025-05-24T14:23:04.387Z","retentionDays":60,"sessionsDeleted":0},"environment":"development"}
{"timestamp":"2025-07-23T14:23:05.471Z","level":"INFO","operation":"OLD_MESSAGES_CLEANUP","details":{"cutoffDate":"2025-05-24T14:23:04.387Z","retentionDays":60,"messagesDeleted":0},"environment":"development"}
{"timestamp":"2025-07-23T14:23:05.472Z","level":"INFO","operation":"DATA_RETENTION_CLEANUP_STATISTICS","details":{"statistics":{"oldMessages":0,"oldSessions":0,"oldParticipants":0,"oldTimerChanges":0,"totalRecordsRemoved":0},"totalRecords":0,"executionTimeMs":1102,"executionTimeSec":1},"environment":"development"}
{"timestamp":"2025-07-23T14:23:05.473Z","level":"INFO","operation":"SCHEDULE_SETUP","details":{"service":"MessageCleanup","schedule":"every 4 hours","nextRun":"2025-07-23T18:23:05.473Z"},"environment":"development"}
{"timestamp":"2025-07-23T14:23:05.473Z","level":"INFO","operation":"SCHEDULE_SETUP","details":{"service":"DataRetentionCleanup","schedule":"daily at midnight","nextRun":"2025-07-23T19:00:00.000Z"},"environment":"development"}
{"timestamp":"2025-07-23T14:46:24.133Z","level":"INFO","operation":"SPECIFIC_SESSION_CLEANUP","details":{"sessionId":"3RKtC86GAXhrpg","messagesDeleted":3},"environment":"development"}
{"timestamp":"2025-07-23T14:47:26.716Z","level":"INFO","operation":"DATA_RETENTION_CLEANUP_START","details":{"retentionDays":60,"retentionPeriodMs":5184000000,"cutoffDate":"2025-05-24T14:47:26.716Z"},"environment":"development"}
{"timestamp":"2025-07-23T14:47:26.877Z","level":"INFO","operation":"INDIVIDUALLY_EXPIRED_MESSAGES","details":{"messagesDeleted":0,"cutoffTime":"2025-07-23T14:47:26.715Z"},"environment":"development"}
{"timestamp":"2025-07-23T14:47:26.950Z","level":"INFO","operation":"OLD_MESSAGES_CLEANUP","details":{"cutoffDate":"2025-05-24T14:47:26.725Z","retentionDays":60,"messagesDeleted":0},"environment":"development"}
{"timestamp":"2025-07-23T14:47:27.037Z","level":"INFO","operation":"OLD_SESSIONS_CLEANUP","details":{"cutoffDate":"2025-05-24T14:47:26.725Z","retentionDays":60,"sessionsDeleted":0},"environment":"development"}
{"timestamp":"2025-07-23T14:47:27.092Z","level":"INFO","operation":"OLD_PARTICIPANTS_CLEANUP","details":{"cutoffDate":"2025-05-24T14:47:26.726Z","retentionDays":60,"participantsDeleted":0},"environment":"development"}
{"timestamp":"2025-07-23T14:47:27.108Z","level":"INFO","operation":"OLD_TIMER_CHANGES_CLEANUP","details":{"cutoffDate":"2025-05-24T14:47:26.726Z","retentionDays":60,"timerChangesDeleted":0},"environment":"development"}
{"timestamp":"2025-07-23T14:47:27.110Z","level":"INFO","operation":"DATA_RETENTION_CLEANUP_STATISTICS","details":{"statistics":{"oldMessages":0,"oldSessions":0,"oldParticipants":0,"oldTimerChanges":0,"totalRecordsRemoved":0},"totalRecords":0,"executionTimeMs":393,"executionTimeSec":0},"environment":"development"}
{"timestamp":"2025-07-23T14:47:27.268Z","level":"INFO","operation":"EXPIRED_SESSION_MESSAGES","details":{"expiredSessionsFound":1,"messagesDeleted":0,"sessionIds":["3RKtC86GAXhrpg"]},"environment":"development"}
{"timestamp":"2025-07-23T14:47:27.268Z","level":"INFO","operation":"SESSION_BASED_CLEANUP_STATISTICS","details":{"statistics":{"expiredSessionMessages":0,"expiredMessages":0,"totalRemoved":0},"totalRecords":0,"executionTimeMs":554,"executionTimeSec":1},"environment":"development"}
{"timestamp":"2025-07-23T14:47:27.269Z","level":"INFO","operation":"SCHEDULE_SETUP","details":{"service":"MessageCleanup","schedule":"every 4 hours","nextRun":"2025-07-23T18:47:27.269Z"},"environment":"development"}
{"timestamp":"2025-07-23T14:47:27.269Z","level":"INFO","operation":"SCHEDULE_SETUP","details":{"service":"DataRetentionCleanup","schedule":"daily at midnight","nextRun":"2025-07-23T19:00:00.000Z"},"environment":"development"}
{"timestamp":"2025-07-23T14:47:39.761Z","level":"INFO","operation":"DATA_RETENTION_CLEANUP_START","details":{"retentionDays":60,"retentionPeriodMs":5184000000,"cutoffDate":"2025-05-24T14:47:39.761Z"},"environment":"development"}
{"timestamp":"2025-07-23T14:47:39.930Z","level":"INFO","operation":"OLD_MESSAGES_CLEANUP","details":{"cutoffDate":"2025-05-24T14:47:39.770Z","retentionDays":60,"messagesDeleted":0},"environment":"development"}
{"timestamp":"2025-07-23T14:47:39.935Z","level":"INFO","operation":"INDIVIDUALLY_EXPIRED_MESSAGES","details":{"messagesDeleted":0,"cutoffTime":"2025-07-23T14:47:39.760Z"},"environment":"development"}
{"timestamp":"2025-07-23T14:47:40.080Z","level":"INFO","operation":"OLD_SESSIONS_CLEANUP","details":{"cutoffDate":"2025-05-24T14:47:39.770Z","retentionDays":60,"sessionsDeleted":0},"environment":"development"}
{"timestamp":"2025-07-23T14:47:40.085Z","level":"INFO","operation":"OLD_PARTICIPANTS_CLEANUP","details":{"cutoffDate":"2025-05-24T14:47:39.770Z","retentionDays":60,"participantsDeleted":0},"environment":"development"}
{"timestamp":"2025-07-23T14:47:40.100Z","level":"INFO","operation":"OLD_TIMER_CHANGES_CLEANUP","details":{"cutoffDate":"2025-05-24T14:47:39.771Z","retentionDays":60,"timerChangesDeleted":0},"environment":"development"}
{"timestamp":"2025-07-23T14:47:40.100Z","level":"INFO","operation":"DATA_RETENTION_CLEANUP_STATISTICS","details":{"statistics":{"oldMessages":0,"oldSessions":0,"oldParticipants":0,"oldTimerChanges":0,"totalRecordsRemoved":0},"totalRecords":0,"executionTimeMs":339,"executionTimeSec":0},"environment":"development"}
{"timestamp":"2025-07-23T14:47:41.231Z","level":"INFO","operation":"EXPIRED_SESSION_MESSAGES","details":{"expiredSessionsFound":1,"messagesDeleted":0,"sessionIds":["3RKtC86GAXhrpg"]},"environment":"development"}
{"timestamp":"2025-07-23T14:47:41.232Z","level":"INFO","operation":"SESSION_BASED_CLEANUP_STATISTICS","details":{"statistics":{"expiredSessionMessages":0,"expiredMessages":0,"totalRemoved":0},"totalRecords":0,"executionTimeMs":1473,"executionTimeSec":1},"environment":"development"}
{"timestamp":"2025-07-23T14:47:41.234Z","level":"INFO","operation":"SCHEDULE_SETUP","details":{"service":"MessageCleanup","schedule":"every 4 hours","nextRun":"2025-07-23T18:47:41.234Z"},"environment":"development"}
{"timestamp":"2025-07-23T14:47:41.234Z","level":"INFO","operation":"SCHEDULE_SETUP","details":{"service":"DataRetentionCleanup","schedule":"daily at midnight","nextRun":"2025-07-23T19:00:00.000Z"},"environment":"development"}
{"timestamp":"2025-07-23T14:48:08.124Z","level":"INFO","operation":"DATA_RETENTION_CLEANUP_START","details":{"retentionDays":60,"retentionPeriodMs":5184000000,"cutoffDate":"2025-05-24T14:48:08.124Z"},"environment":"development"}
{"timestamp":"2025-07-23T14:48:08.295Z","level":"INFO","operation":"INDIVIDUALLY_EXPIRED_MESSAGES","details":{"messagesDeleted":0,"cutoffTime":"2025-07-23T14:48:08.123Z"},"environment":"development"}
{"timestamp":"2025-07-23T14:48:08.427Z","level":"INFO","operation":"OLD_MESSAGES_CLEANUP","details":{"cutoffDate":"2025-05-24T14:48:08.132Z","retentionDays":60,"messagesDeleted":0},"environment":"development"}
{"timestamp":"2025-07-23T14:48:08.465Z","level":"INFO","operation":"OLD_SESSIONS_CLEANUP","details":{"cutoffDate":"2025-05-24T14:48:08.132Z","retentionDays":60,"sessionsDeleted":0},"environment":"development"}
{"timestamp":"2025-07-23T14:48:08.483Z","level":"INFO","operation":"OLD_PARTICIPANTS_CLEANUP","details":{"cutoffDate":"2025-05-24T14:48:08.132Z","retentionDays":60,"participantsDeleted":0},"environment":"development"}
{"timestamp":"2025-07-23T14:48:08.603Z","level":"INFO","operation":"OLD_TIMER_CHANGES_CLEANUP","details":{"cutoffDate":"2025-05-24T14:48:08.132Z","retentionDays":60,"timerChangesDeleted":0},"environment":"development"}
{"timestamp":"2025-07-23T14:48:08.604Z","level":"INFO","operation":"DATA_RETENTION_CLEANUP_STATISTICS","details":{"statistics":{"oldMessages":0,"oldSessions":0,"oldParticipants":0,"oldTimerChanges":0,"totalRecordsRemoved":0},"totalRecords":0,"executionTimeMs":481,"executionTimeSec":0},"environment":"development"}
{"timestamp":"2025-07-23T14:48:08.670Z","level":"INFO","operation":"EXPIRED_SESSION_MESSAGES","details":{"expiredSessionsFound":1,"messagesDeleted":0,"sessionIds":["3RKtC86GAXhrpg"]},"environment":"development"}
{"timestamp":"2025-07-23T14:48:08.671Z","level":"INFO","operation":"SESSION_BASED_CLEANUP_STATISTICS","details":{"statistics":{"expiredSessionMessages":0,"expiredMessages":0,"totalRemoved":0},"totalRecords":0,"executionTimeMs":548,"executionTimeSec":1},"environment":"development"}
{"timestamp":"2025-07-23T14:48:08.672Z","level":"INFO","operation":"SCHEDULE_SETUP","details":{"service":"MessageCleanup","schedule":"every 4 hours","nextRun":"2025-07-23T18:48:08.672Z"},"environment":"development"}
{"timestamp":"2025-07-23T14:48:08.672Z","level":"INFO","operation":"SCHEDULE_SETUP","details":{"service":"DataRetentionCleanup","schedule":"daily at midnight","nextRun":"2025-07-23T19:00:00.000Z"},"environment":"development"}
{"timestamp":"2025-07-23T14:54:37.070Z","level":"INFO","operation":"SPECIFIC_SESSION_CLEANUP","details":{"sessionId":"AaOkGbVbmpOmah","messagesDeleted":0},"environment":"development"}
{"timestamp":"2025-07-23T14:58:48.852Z","level":"INFO","operation":"DATA_RETENTION_CLEANUP_START","details":{"retentionDays":60,"retentionPeriodMs":5184000000,"cutoffDate":"2025-05-24T14:58:48.851Z"},"environment":"development"}
{"timestamp":"2025-07-23T14:58:49.146Z","level":"INFO","operation":"INDIVIDUALLY_EXPIRED_MESSAGES","details":{"messagesDeleted":0,"cutoffTime":"2025-07-23T14:58:48.851Z"},"environment":"development"}
{"timestamp":"2025-07-23T14:58:49.439Z","level":"INFO","operation":"OLD_MESSAGES_CLEANUP","details":{"cutoffDate":"2025-05-24T14:58:48.865Z","retentionDays":60,"messagesDeleted":0},"environment":"development"}
{"timestamp":"2025-07-23T14:58:49.446Z","level":"INFO","operation":"OLD_SESSIONS_CLEANUP","details":{"cutoffDate":"2025-05-24T14:58:48.865Z","retentionDays":60,"sessionsDeleted":0},"environment":"development"}
{"timestamp":"2025-07-23T14:58:49.452Z","level":"INFO","operation":"OLD_PARTICIPANTS_CLEANUP","details":{"cutoffDate":"2025-05-24T14:58:48.865Z","retentionDays":60,"participantsDeleted":0},"environment":"development"}
{"timestamp":"2025-07-23T14:58:49.715Z","level":"INFO","operation":"OLD_TIMER_CHANGES_CLEANUP","details":{"cutoffDate":"2025-05-24T14:58:48.865Z","retentionDays":60,"timerChangesDeleted":0},"environment":"development"}
{"timestamp":"2025-07-23T14:58:49.716Z","level":"INFO","operation":"DATA_RETENTION_CLEANUP_STATISTICS","details":{"statistics":{"oldMessages":0,"oldSessions":0,"oldParticipants":0,"oldTimerChanges":0,"totalRecordsRemoved":0},"totalRecords":0,"executionTimeMs":865,"executionTimeSec":1},"environment":"development"}
{"timestamp":"2025-07-23T14:58:49.736Z","level":"INFO","operation":"EXPIRED_SESSION_MESSAGES","details":{"expiredSessionsFound":1,"messagesDeleted":0,"sessionIds":["AaOkGbVbmpOmah"]},"environment":"development"}
{"timestamp":"2025-07-23T14:58:49.736Z","level":"INFO","operation":"SESSION_BASED_CLEANUP_STATISTICS","details":{"statistics":{"expiredSessionMessages":0,"expiredMessages":0,"totalRemoved":0},"totalRecords":0,"executionTimeMs":887,"executionTimeSec":1},"environment":"development"}
{"timestamp":"2025-07-23T14:58:49.737Z","level":"INFO","operation":"SCHEDULE_SETUP","details":{"service":"MessageCleanup","schedule":"every 4 hours","nextRun":"2025-07-23T18:58:49.737Z"},"environment":"development"}
{"timestamp":"2025-07-23T14:58:49.738Z","level":"INFO","operation":"SCHEDULE_SETUP","details":{"service":"DataRetentionCleanup","schedule":"daily at midnight","nextRun":"2025-07-23T19:00:00.000Z"},"environment":"development"}
{"timestamp":"2025-07-23T14:59:02.252Z","level":"INFO","operation":"DATA_RETENTION_CLEANUP_START","details":{"retentionDays":60,"retentionPeriodMs":5184000000,"cutoffDate":"2025-05-24T14:59:02.252Z"},"environment":"development"}
{"timestamp":"2025-07-23T14:59:02.505Z","level":"INFO","operation":"INDIVIDUALLY_EXPIRED_MESSAGES","details":{"messagesDeleted":0,"cutoffTime":"2025-07-23T14:59:02.252Z"},"environment":"development"}
{"timestamp":"2025-07-23T14:59:02.732Z","level":"INFO","operation":"OLD_SESSIONS_CLEANUP","details":{"cutoffDate":"2025-05-24T14:59:02.261Z","retentionDays":60,"sessionsDeleted":0},"environment":"development"}
{"timestamp":"2025-07-23T14:59:02.737Z","level":"INFO","operation":"OLD_MESSAGES_CLEANUP","details":{"cutoffDate":"2025-05-24T14:59:02.261Z","retentionDays":60,"messagesDeleted":0},"environment":"development"}
{"timestamp":"2025-07-23T14:59:02.777Z","level":"INFO","operation":"OLD_PARTICIPANTS_CLEANUP","details":{"cutoffDate":"2025-05-24T14:59:02.261Z","retentionDays":60,"participantsDeleted":0},"environment":"development"}
{"timestamp":"2025-07-23T14:59:02.986Z","level":"INFO","operation":"OLD_TIMER_CHANGES_CLEANUP","details":{"cutoffDate":"2025-05-24T14:59:02.261Z","retentionDays":60,"timerChangesDeleted":0},"environment":"development"}
{"timestamp":"2025-07-23T14:59:02.987Z","level":"INFO","operation":"DATA_RETENTION_CLEANUP_STATISTICS","details":{"statistics":{"oldMessages":0,"oldSessions":0,"oldParticipants":0,"oldTimerChanges":0,"totalRecordsRemoved":0},"totalRecords":0,"executionTimeMs":735,"executionTimeSec":1},"environment":"development"}
{"timestamp":"2025-07-23T14:59:03.043Z","level":"INFO","operation":"EXPIRED_SESSION_MESSAGES","details":{"expiredSessionsFound":1,"messagesDeleted":0,"sessionIds":["AaOkGbVbmpOmah"]},"environment":"development"}
{"timestamp":"2025-07-23T14:59:03.043Z","level":"INFO","operation":"SESSION_BASED_CLEANUP_STATISTICS","details":{"statistics":{"expiredSessionMessages":0,"expiredMessages":0,"totalRemoved":0},"totalRecords":0,"executionTimeMs":793,"executionTimeSec":1},"environment":"development"}
{"timestamp":"2025-07-23T14:59:03.045Z","level":"INFO","operation":"SCHEDULE_SETUP","details":{"service":"MessageCleanup","schedule":"every 4 hours","nextRun":"2025-07-23T18:59:03.045Z"},"environment":"development"}
{"timestamp":"2025-07-23T14:59:03.045Z","level":"INFO","operation":"SCHEDULE_SETUP","details":{"service":"DataRetentionCleanup","schedule":"daily at midnight","nextRun":"2025-07-23T19:00:00.000Z"},"environment":"development"}
{"timestamp":"2025-07-23T15:10:42.425Z","level":"INFO","operation":"SPECIFIC_SESSION_CLEANUP","details":{"sessionId":"AcPEAN1wF7TSVm","messagesDeleted":2},"environment":"development"}
{"timestamp":"2025-07-23T15:15:30.349Z","level":"INFO","operation":"SPECIFIC_SESSION_CLEANUP","details":{"sessionId":"r91tRe6gWPEcGa","messagesDeleted":2},"environment":"development"}
{"timestamp":"2025-07-23T15:18:47.163Z","level":"INFO","operation":"SPECIFIC_SESSION_CLEANUP","details":{"sessionId":"b3Qy3vNkCs6I6t","messagesDeleted":2},"environment":"development"}
{"timestamp":"2025-07-23T15:19:56.899Z","level":"INFO","operation":"SPECIFIC_SESSION_CLEANUP","details":{"sessionId":"byuuoMVGF1eqr3","messagesDeleted":2},"environment":"development"}
{"timestamp":"2025-07-23T15:47:25.561Z","level":"INFO","operation":"SPECIFIC_SESSION_CLEANUP","details":{"sessionId":"pe3DgfX7DEoIyR","messagesDeleted":0},"environment":"development"}
{"timestamp":"2025-07-23T18:50:19.919Z","level":"INFO","operation":"DATA_RETENTION_CLEANUP_START","details":{"retentionDays":60,"retentionPeriodMs":5184000000,"cutoffDate":"2025-05-24T18:50:19.918Z"},"environment":"development"}
{"timestamp":"2025-07-23T18:50:20.981Z","level":"INFO","operation":"OLD_MESSAGES_CLEANUP","details":{"cutoffDate":"2025-05-24T18:50:19.934Z","retentionDays":60,"messagesDeleted":0},"environment":"development"}
{"timestamp":"2025-07-23T18:50:21.034Z","level":"INFO","operation":"OLD_SESSIONS_CLEANUP","details":{"cutoffDate":"2025-05-24T18:50:19.934Z","retentionDays":60,"sessionsDeleted":0},"environment":"development"}
{"timestamp":"2025-07-23T18:50:21.212Z","level":"INFO","operation":"OLD_PARTICIPANTS_CLEANUP","details":{"cutoffDate":"2025-05-24T18:50:19.934Z","retentionDays":60,"participantsDeleted":0},"environment":"development"}
{"timestamp":"2025-07-23T18:50:21.288Z","level":"INFO","operation":"OLD_TIMER_CHANGES_CLEANUP","details":{"cutoffDate":"2025-05-24T18:50:19.935Z","retentionDays":60,"timerChangesDeleted":0},"environment":"development"}
{"timestamp":"2025-07-23T18:50:21.289Z","level":"INFO","operation":"DATA_RETENTION_CLEANUP_STATISTICS","details":{"statistics":{"oldMessages":0,"oldSessions":0,"oldParticipants":0,"oldTimerChanges":0,"totalRecordsRemoved":0},"totalRecords":0,"executionTimeMs":1371,"executionTimeSec":1},"environment":"development"}
{"timestamp":"2025-07-23T18:50:22.442Z","level":"INFO","operation":"INDIVIDUALLY_EXPIRED_MESSAGES","details":{"messagesDeleted":0,"cutoffTime":"2025-07-23T18:50:19.918Z"},"environment":"development"}
{"timestamp":"2025-07-23T18:50:22.743Z","level":"INFO","operation":"EXPIRED_SESSION_MESSAGES","details":{"expiredSessionsFound":10,"messagesDeleted":0,"sessionIds":["AcPEAN1wF7TSVm","r91tRe6gWPEcGa","b3Qy3vNkCs6I6t","byuuoMVGF1eqr3","uQm6YcvGOEioOt","pe3DgfX7DEoIyR","3Gc7uy9M1rAWUV","dL1bXxTkiCwpCV","fueUC4rTCeqYi8","zvBDz7sDoOXSwf"]},"environment":"development"}
{"timestamp":"2025-07-23T18:50:22.744Z","level":"INFO","operation":"SESSION_BASED_CLEANUP_STATISTICS","details":{"statistics":{"expiredSessionMessages":0,"expiredMessages":0,"totalRemoved":0},"totalRecords":0,"executionTimeMs":2828,"executionTimeSec":3},"environment":"development"}
{"timestamp":"2025-07-23T18:50:22.745Z","level":"INFO","operation":"SCHEDULE_SETUP","details":{"service":"MessageCleanup","schedule":"every 4 hours","nextRun":"2025-07-23T22:50:22.745Z"},"environment":"development"}
{"timestamp":"2025-07-23T18:50:22.746Z","level":"INFO","operation":"SCHEDULE_SETUP","details":{"service":"DataRetentionCleanup","schedule":"daily at midnight","nextRun":"2025-07-23T19:00:00.000Z"},"environment":"development"}
{"timestamp":"2025-07-23T19:00:04.230Z","level":"INFO","operation":"PRE_CLEANUP_STATISTICS","details":{"cutoffDate":"2025-05-24T19:00:00.014Z","recordsToRemove":0,"breakdown":{"messages":0,"sessions":0,"participants":0,"timerChanges":0}},"environment":"development"}
{"timestamp":"2025-07-23T19:00:04.231Z","level":"INFO","operation":"DATA_RETENTION_CLEANUP_START","details":{"retentionDays":60,"retentionPeriodMs":5184000000,"cutoffDate":"2025-05-24T19:00:04.231Z"},"environment":"development"}
{"timestamp":"2025-07-23T19:00:04.545Z","level":"INFO","operation":"OLD_TIMER_CHANGES_CLEANUP","details":{"cutoffDate":"2025-05-24T19:00:04.232Z","retentionDays":60,"timerChangesDeleted":0},"environment":"development"}
{"timestamp":"2025-07-23T19:00:04.546Z","level":"INFO","operation":"OLD_PARTICIPANTS_CLEANUP","details":{"cutoffDate":"2025-05-24T19:00:04.232Z","retentionDays":60,"participantsDeleted":0},"environment":"development"}
{"timestamp":"2025-07-23T19:00:04.547Z","level":"INFO","operation":"OLD_SESSIONS_CLEANUP","details":{"cutoffDate":"2025-05-24T19:00:04.232Z","retentionDays":60,"sessionsDeleted":0},"environment":"development"}
{"timestamp":"2025-07-23T19:00:04.548Z","level":"INFO","operation":"OLD_MESSAGES_CLEANUP","details":{"cutoffDate":"2025-05-24T19:00:04.232Z","retentionDays":60,"messagesDeleted":0},"environment":"development"}
{"timestamp":"2025-07-23T19:00:04.548Z","level":"INFO","operation":"DATA_RETENTION_CLEANUP_STATISTICS","details":{"statistics":{"oldMessages":0,"oldSessions":0,"oldParticipants":0,"oldTimerChanges":0,"totalRecordsRemoved":0},"totalRecords":0,"executionTimeMs":317,"executionTimeSec":0},"environment":"development"}
{"timestamp":"2025-07-23T19:09:25.680Z","level":"INFO","operation":"SPECIFIC_SESSION_CLEANUP","details":{"sessionId":"E9o15EE8of1ah2","messagesDeleted":1},"environment":"development"}
