{"timestamp":"2025-06-19T04:40:51.696Z","level":"INFO","operation":"DATA_RETENTION_CLEANUP_START","details":{"retentionDays":60,"retentionPeriodMs":5184000000,"cutoffDate":"2025-04-20T04:40:51.691Z"},"environment":"development"}
{"timestamp":"2025-06-19T04:40:51.881Z","level":"INFO","operation":"INDIVIDUALLY_EXPIRED_MESSAGES","details":{"messagesDeleted":0,"cutoffTime":"2025-06-19T04:40:51.689Z"},"environment":"development"}
{"timestamp":"2025-06-19T04:40:51.891Z","level":"INFO","operation":"EXPIRED_SESSION_MESSAGES","details":{"expiredSessionsFound":0,"messagesDeleted":0},"environment":"development"}
{"timestamp":"2025-06-19T04:40:51.895Z","level":"INFO","operation":"OLD_MESSAGES_CLEANUP","details":{"cutoffDate":"2025-04-20T04:40:51.742Z","retentionDays":60,"messagesDeleted":0},"environment":"development"}
{"timestamp":"2025-06-19T04:40:51.905Z","level":"INFO","operation":"SESSION_BASED_CLEANUP_STATISTICS","details":{"statistics":{"expiredSessionMessages":0,"expiredMessages":0,"totalRemoved":0},"totalRecords":0,"executionTimeMs":224,"executionTimeSec":0},"environment":"development"}
{"timestamp":"2025-06-19T04:40:52.024Z","level":"INFO","operation":"OLD_TIMER_CHANGES_CLEANUP","details":{"cutoffDate":"2025-04-20T04:40:51.744Z","retentionDays":60,"timerChangesDeleted":0},"environment":"development"}
{"timestamp":"2025-06-19T04:40:52.826Z","level":"INFO","operation":"OLD_PARTICIPANTS_CLEANUP","details":{"cutoffDate":"2025-04-20T04:40:51.743Z","retentionDays":60,"participantsDeleted":0},"environment":"development"}
{"timestamp":"2025-06-19T04:40:52.915Z","level":"INFO","operation":"OLD_SESSIONS_CLEANUP","details":{"cutoffDate":"2025-04-20T04:40:51.743Z","retentionDays":60,"sessionsDeleted":0},"environment":"development"}
{"timestamp":"2025-06-19T04:40:52.918Z","level":"INFO","operation":"DATA_RETENTION_CLEANUP_STATISTICS","details":{"statistics":{"oldMessages":0,"oldSessions":0,"oldParticipants":0,"oldTimerChanges":0,"totalRecordsRemoved":0},"totalRecords":0,"executionTimeMs":1227,"executionTimeSec":1},"environment":"development"}
{"timestamp":"2025-06-19T04:40:52.928Z","level":"INFO","operation":"SCHEDULE_SETUP","details":{"service":"MessageCleanup","schedule":"every 4 hours","nextRun":"2025-06-19T08:40:52.927Z"},"environment":"development"}
{"timestamp":"2025-06-19T04:40:52.930Z","level":"INFO","operation":"SCHEDULE_SETUP","details":{"service":"DataRetentionCleanup","schedule":"daily at midnight","nextRun":"2025-06-19T19:00:00.000Z"},"environment":"development"}
{"timestamp":"2025-06-19T04:48:22.350Z","level":"INFO","operation":"DATA_RETENTION_CLEANUP_START","details":{"retentionDays":60,"retentionPeriodMs":5184000000,"cutoffDate":"2025-04-20T04:48:22.345Z"},"environment":"development"}
{"timestamp":"2025-06-19T04:48:22.526Z","level":"INFO","operation":"INDIVIDUALLY_EXPIRED_MESSAGES","details":{"messagesDeleted":0,"cutoffTime":"2025-06-19T04:48:22.344Z"},"environment":"development"}
{"timestamp":"2025-06-19T04:48:22.529Z","level":"INFO","operation":"EXPIRED_SESSION_MESSAGES","details":{"expiredSessionsFound":0,"messagesDeleted":0},"environment":"development"}
{"timestamp":"2025-06-19T04:48:22.531Z","level":"INFO","operation":"SESSION_BASED_CLEANUP_STATISTICS","details":{"statistics":{"expiredSessionMessages":0,"expiredMessages":0,"totalRemoved":0},"totalRecords":0,"executionTimeMs":196,"executionTimeSec":0},"environment":"development"}
{"timestamp":"2025-06-19T04:48:22.577Z","level":"INFO","operation":"OLD_MESSAGES_CLEANUP","details":{"cutoffDate":"2025-04-20T04:48:22.397Z","retentionDays":60,"messagesDeleted":0},"environment":"development"}
{"timestamp":"2025-06-19T04:48:22.664Z","level":"INFO","operation":"OLD_PARTICIPANTS_CLEANUP","details":{"cutoffDate":"2025-04-20T04:48:22.399Z","retentionDays":60,"participantsDeleted":0},"environment":"development"}
{"timestamp":"2025-06-19T04:48:22.677Z","level":"INFO","operation":"OLD_TIMER_CHANGES_CLEANUP","details":{"cutoffDate":"2025-04-20T04:48:22.401Z","retentionDays":60,"timerChangesDeleted":0},"environment":"development"}
{"timestamp":"2025-06-19T04:48:23.567Z","level":"INFO","operation":"OLD_SESSIONS_CLEANUP","details":{"cutoffDate":"2025-04-20T04:48:22.398Z","retentionDays":60,"sessionsDeleted":0},"environment":"development"}
{"timestamp":"2025-06-19T04:48:23.568Z","level":"INFO","operation":"DATA_RETENTION_CLEANUP_STATISTICS","details":{"statistics":{"oldMessages":0,"oldSessions":0,"oldParticipants":0,"oldTimerChanges":0,"totalRecordsRemoved":0},"totalRecords":0,"executionTimeMs":1223,"executionTimeSec":1},"environment":"development"}
{"timestamp":"2025-06-19T04:48:23.569Z","level":"INFO","operation":"SCHEDULE_SETUP","details":{"service":"MessageCleanup","schedule":"every 4 hours","nextRun":"2025-06-19T08:48:23.569Z"},"environment":"development"}
{"timestamp":"2025-06-19T04:48:23.570Z","level":"INFO","operation":"SCHEDULE_SETUP","details":{"service":"DataRetentionCleanup","schedule":"daily at midnight","nextRun":"2025-06-19T19:00:00.000Z"},"environment":"development"}
