{"timestamp":"2025-08-10T13:42:34.136Z","level":"INFO","operation":"SPECIFIC_SESSION_CLEANUP","details":{"sessionId":"K2zncB8Hmy5x3n","messagesDeleted":2},"environment":"development"}
{"timestamp":"2025-08-10T18:22:48.602Z","level":"INFO","operation":"SPECIFIC_SESSION_CLEANUP","details":{"sessionId":"sFSxfW4SulF8nL","messagesDeleted":10},"environment":"development"}
{"timestamp":"2025-08-10T18:40:29.580Z","level":"INFO","operation":"DATA_RETENTION_CLEANUP_START","details":{"retentionDays":60,"retentionPeriodMs":5184000000,"cutoffDate":"2025-06-11T18:40:29.580Z"},"environment":"development"}
{"timestamp":"2025-08-10T18:40:29.735Z","level":"INFO","operation":"INDIVIDUALLY_EXPIRED_MESSAGES","details":{"messagesDeleted":0,"cutoffTime":"2025-08-10T18:40:29.579Z"},"environment":"development"}
{"timestamp":"2025-08-10T18:40:29.745Z","level":"INFO","operation":"OLD_SESSIONS_CLEANUP","details":{"cutoffDate":"2025-06-11T18:40:29.589Z","retentionDays":60,"sessionsDeleted":0},"environment":"development"}
{"timestamp":"2025-08-10T18:40:29.745Z","level":"INFO","operation":"OLD_MESSAGES_CLEANUP","details":{"cutoffDate":"2025-06-11T18:40:29.589Z","retentionDays":60,"messagesDeleted":0},"environment":"development"}
{"timestamp":"2025-08-10T18:40:29.885Z","level":"INFO","operation":"EXPIRED_SESSION_MESSAGES","details":{"expiredSessionsFound":2,"messagesDeleted":0,"sessionIds":["SXxKjkXludZVIP","sFSxfW4SulF8nL"]},"environment":"development"}
{"timestamp":"2025-08-10T18:40:29.886Z","level":"INFO","operation":"SESSION_BASED_CLEANUP_STATISTICS","details":{"statistics":{"expiredSessionMessages":0,"expiredMessages":0,"totalRemoved":0},"totalRecords":0,"executionTimeMs":309,"executionTimeSec":0},"environment":"development"}
{"timestamp":"2025-08-10T18:40:30.553Z","level":"INFO","operation":"OLD_PARTICIPANTS_CLEANUP","details":{"cutoffDate":"2025-06-11T18:40:29.589Z","retentionDays":60,"participantsDeleted":0},"environment":"development"}
{"timestamp":"2025-08-10T18:40:30.554Z","level":"INFO","operation":"OLD_TIMER_CHANGES_CLEANUP","details":{"cutoffDate":"2025-06-11T18:40:29.590Z","retentionDays":60,"timerChangesDeleted":0},"environment":"development"}
{"timestamp":"2025-08-10T18:40:30.555Z","level":"INFO","operation":"DATA_RETENTION_CLEANUP_STATISTICS","details":{"statistics":{"oldMessages":0,"oldSessions":0,"oldParticipants":0,"oldTimerChanges":0,"totalRecordsRemoved":0},"totalRecords":0,"executionTimeMs":975,"executionTimeSec":1},"environment":"development"}
{"timestamp":"2025-08-10T18:40:30.556Z","level":"INFO","operation":"SCHEDULE_SETUP","details":{"service":"MessageCleanup","schedule":"every 4 hours","nextRun":"2025-08-10T22:40:30.556Z"},"environment":"development"}
{"timestamp":"2025-08-10T18:40:30.556Z","level":"INFO","operation":"SCHEDULE_SETUP","details":{"service":"DataRetentionCleanup","schedule":"daily at midnight","nextRun":"2025-08-10T19:00:00.000Z"},"environment":"development"}
{"timestamp":"2025-08-10T18:45:01.775Z","level":"INFO","operation":"SPECIFIC_SESSION_CLEANUP","details":{"sessionId":"cU3rbVx7ALzwcD","messagesDeleted":7},"environment":"development"}
{"timestamp":"2025-08-10T19:00:00.167Z","level":"INFO","operation":"PRE_CLEANUP_STATISTICS","details":{"cutoffDate":"2025-06-11T19:00:00.015Z","recordsToRemove":0,"breakdown":{"messages":0,"sessions":0,"participants":0,"timerChanges":0}},"environment":"development"}
{"timestamp":"2025-08-10T19:00:00.168Z","level":"INFO","operation":"DATA_RETENTION_CLEANUP_START","details":{"retentionDays":60,"retentionPeriodMs":5184000000,"cutoffDate":"2025-06-11T19:00:00.168Z"},"environment":"development"}
{"timestamp":"2025-08-10T19:00:00.317Z","level":"INFO","operation":"OLD_TIMER_CHANGES_CLEANUP","details":{"cutoffDate":"2025-06-11T19:00:00.169Z","retentionDays":60,"timerChangesDeleted":0},"environment":"development"}
{"timestamp":"2025-08-10T19:00:00.318Z","level":"INFO","operation":"OLD_PARTICIPANTS_CLEANUP","details":{"cutoffDate":"2025-06-11T19:00:00.169Z","retentionDays":60,"participantsDeleted":0},"environment":"development"}
{"timestamp":"2025-08-10T19:00:00.319Z","level":"INFO","operation":"OLD_SESSIONS_CLEANUP","details":{"cutoffDate":"2025-06-11T19:00:00.169Z","retentionDays":60,"sessionsDeleted":0},"environment":"development"}
{"timestamp":"2025-08-10T19:00:00.320Z","level":"INFO","operation":"OLD_MESSAGES_CLEANUP","details":{"cutoffDate":"2025-06-11T19:00:00.169Z","retentionDays":60,"messagesDeleted":0},"environment":"development"}
{"timestamp":"2025-08-10T19:00:00.320Z","level":"INFO","operation":"DATA_RETENTION_CLEANUP_STATISTICS","details":{"statistics":{"oldMessages":0,"oldSessions":0,"oldParticipants":0,"oldTimerChanges":0,"totalRecordsRemoved":0},"totalRecords":0,"executionTimeMs":152,"executionTimeSec":0},"environment":"development"}
{"timestamp":"2025-08-10T22:22:40.466Z","level":"INFO","operation":"SPECIFIC_SESSION_CLEANUP","details":{"sessionId":"MPDx8RfyEn49VL","messagesDeleted":0},"environment":"development"}
{"timestamp":"2025-08-10T22:26:18.187Z","level":"INFO","operation":"DATA_RETENTION_CLEANUP_START","details":{"retentionDays":60,"retentionPeriodMs":5184000000,"cutoffDate":"2025-06-11T22:26:18.187Z"},"environment":"development"}
{"timestamp":"2025-08-10T22:26:18.345Z","level":"INFO","operation":"INDIVIDUALLY_EXPIRED_MESSAGES","details":{"messagesDeleted":3,"cutoffTime":"2025-08-10T22:26:18.186Z"},"environment":"development"}
{"timestamp":"2025-08-10T22:26:18.408Z","level":"INFO","operation":"OLD_MESSAGES_CLEANUP","details":{"cutoffDate":"2025-06-11T22:26:18.195Z","retentionDays":60,"messagesDeleted":0},"environment":"development"}
{"timestamp":"2025-08-10T22:26:18.491Z","level":"INFO","operation":"OLD_SESSIONS_CLEANUP","details":{"cutoffDate":"2025-06-11T22:26:18.195Z","retentionDays":60,"sessionsDeleted":0},"environment":"development"}
{"timestamp":"2025-08-10T22:26:18.493Z","level":"INFO","operation":"OLD_PARTICIPANTS_CLEANUP","details":{"cutoffDate":"2025-06-11T22:26:18.195Z","retentionDays":60,"participantsDeleted":0},"environment":"development"}
{"timestamp":"2025-08-10T22:26:18.558Z","level":"INFO","operation":"OLD_TIMER_CHANGES_CLEANUP","details":{"cutoffDate":"2025-06-11T22:26:18.195Z","retentionDays":60,"timerChangesDeleted":0},"environment":"development"}
{"timestamp":"2025-08-10T22:26:18.559Z","level":"INFO","operation":"DATA_RETENTION_CLEANUP_STATISTICS","details":{"statistics":{"oldMessages":0,"oldSessions":0,"oldParticipants":0,"oldTimerChanges":0,"totalRecordsRemoved":0},"totalRecords":0,"executionTimeMs":372,"executionTimeSec":0},"environment":"development"}
{"timestamp":"2025-08-10T22:26:18.641Z","level":"INFO","operation":"EXPIRED_SESSION_MESSAGES","details":{"expiredSessionsFound":5,"messagesDeleted":0,"sessionIds":["SXxKjkXludZVIP","sFSxfW4SulF8nL","cU3rbVx7ALzwcD","MPDx8RfyEn49VL","yGPP4f2KFnzLEK"]},"environment":"development"}
{"timestamp":"2025-08-10T22:26:18.642Z","level":"INFO","operation":"SESSION_BASED_CLEANUP_STATISTICS","details":{"statistics":{"expiredSessionMessages":0,"expiredMessages":3,"totalRemoved":3},"totalRecords":6,"executionTimeMs":457,"executionTimeSec":0},"environment":"development"}
{"timestamp":"2025-08-10T22:26:18.643Z","level":"INFO","operation":"SCHEDULE_SETUP","details":{"service":"MessageCleanup","schedule":"every 4 hours","nextRun":"2025-08-11T02:26:18.643Z"},"environment":"development"}
{"timestamp":"2025-08-10T22:26:18.643Z","level":"INFO","operation":"SCHEDULE_SETUP","details":{"service":"DataRetentionCleanup","schedule":"daily at midnight","nextRun":"2025-08-11T19:00:00.000Z"},"environment":"development"}
{"timestamp":"2025-08-10T22:26:25.738Z","level":"INFO","operation":"DATA_RETENTION_CLEANUP_START","details":{"retentionDays":60,"retentionPeriodMs":5184000000,"cutoffDate":"2025-06-11T22:26:25.737Z"},"environment":"development"}
{"timestamp":"2025-08-10T22:26:26.051Z","level":"INFO","operation":"INDIVIDUALLY_EXPIRED_MESSAGES","details":{"messagesDeleted":0,"cutoffTime":"2025-08-10T22:26:25.737Z"},"environment":"development"}
{"timestamp":"2025-08-10T22:26:26.074Z","level":"INFO","operation":"OLD_MESSAGES_CLEANUP","details":{"cutoffDate":"2025-06-11T22:26:25.745Z","retentionDays":60,"messagesDeleted":0},"environment":"development"}
{"timestamp":"2025-08-10T22:26:26.200Z","level":"INFO","operation":"OLD_SESSIONS_CLEANUP","details":{"cutoffDate":"2025-06-11T22:26:25.745Z","retentionDays":60,"sessionsDeleted":0},"environment":"development"}
{"timestamp":"2025-08-10T22:26:26.206Z","level":"INFO","operation":"OLD_PARTICIPANTS_CLEANUP","details":{"cutoffDate":"2025-06-11T22:26:25.745Z","retentionDays":60,"participantsDeleted":0},"environment":"development"}
{"timestamp":"2025-08-10T22:26:26.221Z","level":"INFO","operation":"OLD_TIMER_CHANGES_CLEANUP","details":{"cutoffDate":"2025-06-11T22:26:25.746Z","retentionDays":60,"timerChangesDeleted":0},"environment":"development"}
{"timestamp":"2025-08-10T22:26:26.222Z","level":"INFO","operation":"DATA_RETENTION_CLEANUP_STATISTICS","details":{"statistics":{"oldMessages":0,"oldSessions":0,"oldParticipants":0,"oldTimerChanges":0,"totalRecordsRemoved":0},"totalRecords":0,"executionTimeMs":485,"executionTimeSec":0},"environment":"development"}
{"timestamp":"2025-08-10T22:26:26.369Z","level":"INFO","operation":"EXPIRED_SESSION_MESSAGES","details":{"expiredSessionsFound":5,"messagesDeleted":0,"sessionIds":["SXxKjkXludZVIP","sFSxfW4SulF8nL","cU3rbVx7ALzwcD","MPDx8RfyEn49VL","yGPP4f2KFnzLEK"]},"environment":"development"}
{"timestamp":"2025-08-10T22:26:26.370Z","level":"INFO","operation":"SESSION_BASED_CLEANUP_STATISTICS","details":{"statistics":{"expiredSessionMessages":0,"expiredMessages":0,"totalRemoved":0},"totalRecords":0,"executionTimeMs":634,"executionTimeSec":1},"environment":"development"}
{"timestamp":"2025-08-10T22:26:26.372Z","level":"INFO","operation":"SCHEDULE_SETUP","details":{"service":"MessageCleanup","schedule":"every 4 hours","nextRun":"2025-08-11T02:26:26.372Z"},"environment":"development"}
{"timestamp":"2025-08-10T22:26:26.372Z","level":"INFO","operation":"SCHEDULE_SETUP","details":{"service":"DataRetentionCleanup","schedule":"daily at midnight","nextRun":"2025-08-11T19:00:00.000Z"},"environment":"development"}
{"timestamp":"2025-08-10T22:29:18.923Z","level":"INFO","operation":"SPECIFIC_SESSION_CLEANUP","details":{"sessionId":"FUkHcCn04lphr7","messagesDeleted":3},"environment":"development"}
{"timestamp":"2025-08-10T22:32:11.727Z","level":"INFO","operation":"DATA_RETENTION_CLEANUP_START","details":{"retentionDays":60,"retentionPeriodMs":5184000000,"cutoffDate":"2025-06-11T22:32:11.727Z"},"environment":"development"}
{"timestamp":"2025-08-10T22:32:11.895Z","level":"INFO","operation":"INDIVIDUALLY_EXPIRED_MESSAGES","details":{"messagesDeleted":4,"cutoffTime":"2025-08-10T22:32:11.727Z"},"environment":"development"}
{"timestamp":"2025-08-10T22:32:11.951Z","level":"INFO","operation":"OLD_MESSAGES_CLEANUP","details":{"cutoffDate":"2025-06-11T22:32:11.737Z","retentionDays":60,"messagesDeleted":0},"environment":"development"}
{"timestamp":"2025-08-10T22:32:12.035Z","level":"INFO","operation":"OLD_SESSIONS_CLEANUP","details":{"cutoffDate":"2025-06-11T22:32:11.737Z","retentionDays":60,"sessionsDeleted":0},"environment":"development"}
{"timestamp":"2025-08-10T22:32:12.043Z","level":"INFO","operation":"OLD_PARTICIPANTS_CLEANUP","details":{"cutoffDate":"2025-06-11T22:32:11.737Z","retentionDays":60,"participantsDeleted":0},"environment":"development"}
{"timestamp":"2025-08-10T22:32:12.099Z","level":"INFO","operation":"OLD_TIMER_CHANGES_CLEANUP","details":{"cutoffDate":"2025-06-11T22:32:11.737Z","retentionDays":60,"timerChangesDeleted":0},"environment":"development"}
{"timestamp":"2025-08-10T22:32:12.101Z","level":"INFO","operation":"DATA_RETENTION_CLEANUP_STATISTICS","details":{"statistics":{"oldMessages":0,"oldSessions":0,"oldParticipants":0,"oldTimerChanges":0,"totalRecordsRemoved":0},"totalRecords":0,"executionTimeMs":373,"executionTimeSec":0},"environment":"development"}
{"timestamp":"2025-08-10T22:32:12.191Z","level":"INFO","operation":"EXPIRED_SESSION_MESSAGES","details":{"expiredSessionsFound":6,"messagesDeleted":0,"sessionIds":["SXxKjkXludZVIP","sFSxfW4SulF8nL","cU3rbVx7ALzwcD","MPDx8RfyEn49VL","yGPP4f2KFnzLEK","FUkHcCn04lphr7"]},"environment":"development"}
{"timestamp":"2025-08-10T22:32:12.192Z","level":"INFO","operation":"SESSION_BASED_CLEANUP_STATISTICS","details":{"statistics":{"expiredSessionMessages":0,"expiredMessages":4,"totalRemoved":4},"totalRecords":8,"executionTimeMs":467,"executionTimeSec":0},"environment":"development"}
{"timestamp":"2025-08-10T22:32:12.194Z","level":"INFO","operation":"SCHEDULE_SETUP","details":{"service":"MessageCleanup","schedule":"every 4 hours","nextRun":"2025-08-11T02:32:12.193Z"},"environment":"development"}
{"timestamp":"2025-08-10T22:32:12.194Z","level":"INFO","operation":"SCHEDULE_SETUP","details":{"service":"DataRetentionCleanup","schedule":"daily at midnight","nextRun":"2025-08-11T19:00:00.000Z"},"environment":"development"}
{"timestamp":"2025-08-10T22:32:27.491Z","level":"INFO","operation":"DATA_RETENTION_CLEANUP_START","details":{"retentionDays":60,"retentionPeriodMs":5184000000,"cutoffDate":"2025-06-11T22:32:27.491Z"},"environment":"development"}
{"timestamp":"2025-08-10T22:32:27.668Z","level":"INFO","operation":"INDIVIDUALLY_EXPIRED_MESSAGES","details":{"messagesDeleted":0,"cutoffTime":"2025-08-10T22:32:27.491Z"},"environment":"development"}
{"timestamp":"2025-08-10T22:32:27.816Z","level":"INFO","operation":"OLD_SESSIONS_CLEANUP","details":{"cutoffDate":"2025-06-11T22:32:27.498Z","retentionDays":60,"sessionsDeleted":0},"environment":"development"}
{"timestamp":"2025-08-10T22:32:27.826Z","level":"INFO","operation":"OLD_PARTICIPANTS_CLEANUP","details":{"cutoffDate":"2025-06-11T22:32:27.498Z","retentionDays":60,"participantsDeleted":0},"environment":"development"}
{"timestamp":"2025-08-10T22:32:27.910Z","level":"INFO","operation":"OLD_TIMER_CHANGES_CLEANUP","details":{"cutoffDate":"2025-06-11T22:32:27.499Z","retentionDays":60,"timerChangesDeleted":0},"environment":"development"}
{"timestamp":"2025-08-10T22:32:27.973Z","level":"INFO","operation":"EXPIRED_SESSION_MESSAGES","details":{"expiredSessionsFound":6,"messagesDeleted":0,"sessionIds":["SXxKjkXludZVIP","sFSxfW4SulF8nL","cU3rbVx7ALzwcD","MPDx8RfyEn49VL","yGPP4f2KFnzLEK","FUkHcCn04lphr7"]},"environment":"development"}
{"timestamp":"2025-08-10T22:32:27.974Z","level":"INFO","operation":"SESSION_BASED_CLEANUP_STATISTICS","details":{"statistics":{"expiredSessionMessages":0,"expiredMessages":0,"totalRemoved":0},"totalRecords":0,"executionTimeMs":484,"executionTimeSec":0},"environment":"development"}
{"timestamp":"2025-08-10T22:32:29.533Z","level":"INFO","operation":"OLD_MESSAGES_CLEANUP","details":{"cutoffDate":"2025-06-11T22:32:27.498Z","retentionDays":60,"messagesDeleted":0},"environment":"development"}
{"timestamp":"2025-08-10T22:32:29.534Z","level":"INFO","operation":"DATA_RETENTION_CLEANUP_STATISTICS","details":{"statistics":{"oldMessages":0,"oldSessions":0,"oldParticipants":0,"oldTimerChanges":0,"totalRecordsRemoved":0},"totalRecords":0,"executionTimeMs":2043,"executionTimeSec":2},"environment":"development"}
{"timestamp":"2025-08-10T22:32:29.536Z","level":"INFO","operation":"SCHEDULE_SETUP","details":{"service":"MessageCleanup","schedule":"every 4 hours","nextRun":"2025-08-11T02:32:29.536Z"},"environment":"development"}
{"timestamp":"2025-08-10T22:32:29.536Z","level":"INFO","operation":"SCHEDULE_SETUP","details":{"service":"DataRetentionCleanup","schedule":"daily at midnight","nextRun":"2025-08-11T19:00:00.000Z"},"environment":"development"}
{"timestamp":"2025-08-10T22:32:45.982Z","level":"INFO","operation":"DATA_RETENTION_CLEANUP_START","details":{"retentionDays":60,"retentionPeriodMs":5184000000,"cutoffDate":"2025-06-11T22:32:45.981Z"},"environment":"development"}
{"timestamp":"2025-08-10T22:32:46.225Z","level":"INFO","operation":"INDIVIDUALLY_EXPIRED_MESSAGES","details":{"messagesDeleted":0,"cutoffTime":"2025-08-10T22:32:45.981Z"},"environment":"development"}
{"timestamp":"2025-08-10T22:32:46.378Z","level":"INFO","operation":"OLD_MESSAGES_CLEANUP","details":{"cutoffDate":"2025-06-11T22:32:45.989Z","retentionDays":60,"messagesDeleted":0},"environment":"development"}
{"timestamp":"2025-08-10T22:32:46.431Z","level":"INFO","operation":"OLD_SESSIONS_CLEANUP","details":{"cutoffDate":"2025-06-11T22:32:45.989Z","retentionDays":60,"sessionsDeleted":0},"environment":"development"}
{"timestamp":"2025-08-10T22:32:46.531Z","level":"INFO","operation":"OLD_PARTICIPANTS_CLEANUP","details":{"cutoffDate":"2025-06-11T22:32:45.989Z","retentionDays":60,"participantsDeleted":0},"environment":"development"}
{"timestamp":"2025-08-10T22:32:46.583Z","level":"INFO","operation":"OLD_TIMER_CHANGES_CLEANUP","details":{"cutoffDate":"2025-06-11T22:32:45.990Z","retentionDays":60,"timerChangesDeleted":0},"environment":"development"}
{"timestamp":"2025-08-10T22:32:46.584Z","level":"INFO","operation":"DATA_RETENTION_CLEANUP_STATISTICS","details":{"statistics":{"oldMessages":0,"oldSessions":0,"oldParticipants":0,"oldTimerChanges":0,"totalRecordsRemoved":0},"totalRecords":0,"executionTimeMs":603,"executionTimeSec":1},"environment":"development"}
{"timestamp":"2025-08-10T22:32:46.736Z","level":"INFO","operation":"EXPIRED_SESSION_MESSAGES","details":{"expiredSessionsFound":6,"messagesDeleted":0,"sessionIds":["SXxKjkXludZVIP","sFSxfW4SulF8nL","cU3rbVx7ALzwcD","MPDx8RfyEn49VL","yGPP4f2KFnzLEK","FUkHcCn04lphr7"]},"environment":"development"}
{"timestamp":"2025-08-10T22:32:46.736Z","level":"INFO","operation":"SESSION_BASED_CLEANUP_STATISTICS","details":{"statistics":{"expiredSessionMessages":0,"expiredMessages":0,"totalRemoved":0},"totalRecords":0,"executionTimeMs":757,"executionTimeSec":1},"environment":"development"}
{"timestamp":"2025-08-10T22:32:46.738Z","level":"INFO","operation":"SCHEDULE_SETUP","details":{"service":"MessageCleanup","schedule":"every 4 hours","nextRun":"2025-08-11T02:32:46.738Z"},"environment":"development"}
{"timestamp":"2025-08-10T22:32:46.739Z","level":"INFO","operation":"SCHEDULE_SETUP","details":{"service":"DataRetentionCleanup","schedule":"daily at midnight","nextRun":"2025-08-11T19:00:00.000Z"},"environment":"development"}
{"timestamp":"2025-08-10T22:32:56.189Z","level":"INFO","operation":"DATA_RETENTION_CLEANUP_START","details":{"retentionDays":60,"retentionPeriodMs":5184000000,"cutoffDate":"2025-06-11T22:32:56.189Z"},"environment":"development"}
{"timestamp":"2025-08-10T22:32:56.484Z","level":"INFO","operation":"INDIVIDUALLY_EXPIRED_MESSAGES","details":{"messagesDeleted":0,"cutoffTime":"2025-08-10T22:32:56.189Z"},"environment":"development"}
{"timestamp":"2025-08-10T22:32:56.629Z","level":"INFO","operation":"OLD_MESSAGES_CLEANUP","details":{"cutoffDate":"2025-06-11T22:32:56.193Z","retentionDays":60,"messagesDeleted":0},"environment":"development"}
{"timestamp":"2025-08-10T22:32:56.634Z","level":"INFO","operation":"OLD_SESSIONS_CLEANUP","details":{"cutoffDate":"2025-06-11T22:32:56.193Z","retentionDays":60,"sessionsDeleted":0},"environment":"development"}
{"timestamp":"2025-08-10T22:32:56.777Z","level":"INFO","operation":"OLD_PARTICIPANTS_CLEANUP","details":{"cutoffDate":"2025-06-11T22:32:56.193Z","retentionDays":60,"participantsDeleted":0},"environment":"development"}
{"timestamp":"2025-08-10T22:32:56.782Z","level":"INFO","operation":"OLD_TIMER_CHANGES_CLEANUP","details":{"cutoffDate":"2025-06-11T22:32:56.194Z","retentionDays":60,"timerChangesDeleted":0},"environment":"development"}
{"timestamp":"2025-08-10T22:32:56.783Z","level":"INFO","operation":"DATA_RETENTION_CLEANUP_STATISTICS","details":{"statistics":{"oldMessages":0,"oldSessions":0,"oldParticipants":0,"oldTimerChanges":0,"totalRecordsRemoved":0},"totalRecords":0,"executionTimeMs":594,"executionTimeSec":1},"environment":"development"}
{"timestamp":"2025-08-10T22:32:57.255Z","level":"INFO","operation":"EXPIRED_SESSION_MESSAGES","details":{"expiredSessionsFound":6,"messagesDeleted":0,"sessionIds":["SXxKjkXludZVIP","sFSxfW4SulF8nL","cU3rbVx7ALzwcD","MPDx8RfyEn49VL","yGPP4f2KFnzLEK","FUkHcCn04lphr7"]},"environment":"development"}
{"timestamp":"2025-08-10T22:32:57.255Z","level":"INFO","operation":"SESSION_BASED_CLEANUP_STATISTICS","details":{"statistics":{"expiredSessionMessages":0,"expiredMessages":0,"totalRemoved":0},"totalRecords":0,"executionTimeMs":1067,"executionTimeSec":1},"environment":"development"}
{"timestamp":"2025-08-10T22:32:57.257Z","level":"INFO","operation":"SCHEDULE_SETUP","details":{"service":"MessageCleanup","schedule":"every 4 hours","nextRun":"2025-08-11T02:32:57.257Z"},"environment":"development"}
{"timestamp":"2025-08-10T22:32:57.257Z","level":"INFO","operation":"SCHEDULE_SETUP","details":{"service":"DataRetentionCleanup","schedule":"daily at midnight","nextRun":"2025-08-11T19:00:00.000Z"},"environment":"development"}
{"timestamp":"2025-08-10T22:35:13.651Z","level":"INFO","operation":"DATA_RETENTION_CLEANUP_START","details":{"retentionDays":60,"retentionPeriodMs":5184000000,"cutoffDate":"2025-06-11T22:35:13.651Z"},"environment":"development"}
{"timestamp":"2025-08-10T22:35:13.893Z","level":"INFO","operation":"OLD_MESSAGES_CLEANUP","details":{"cutoffDate":"2025-06-11T22:35:13.659Z","retentionDays":60,"messagesDeleted":0},"environment":"development"}
{"timestamp":"2025-08-10T22:35:14.013Z","level":"INFO","operation":"OLD_SESSIONS_CLEANUP","details":{"cutoffDate":"2025-06-11T22:35:13.659Z","retentionDays":60,"sessionsDeleted":0},"environment":"development"}
{"timestamp":"2025-08-10T22:35:14.016Z","level":"INFO","operation":"OLD_PARTICIPANTS_CLEANUP","details":{"cutoffDate":"2025-06-11T22:35:13.659Z","retentionDays":60,"participantsDeleted":0},"environment":"development"}
{"timestamp":"2025-08-10T22:35:14.042Z","level":"INFO","operation":"OLD_TIMER_CHANGES_CLEANUP","details":{"cutoffDate":"2025-06-11T22:35:13.660Z","retentionDays":60,"timerChangesDeleted":0},"environment":"development"}
{"timestamp":"2025-08-10T22:35:14.047Z","level":"INFO","operation":"DATA_RETENTION_CLEANUP_STATISTICS","details":{"statistics":{"oldMessages":0,"oldSessions":0,"oldParticipants":0,"oldTimerChanges":0,"totalRecordsRemoved":0},"totalRecords":0,"executionTimeMs":396,"executionTimeSec":0},"environment":"development"}
{"timestamp":"2025-08-10T22:35:14.164Z","level":"INFO","operation":"EXPIRED_SESSION_MESSAGES","details":{"expiredSessionsFound":6,"messagesDeleted":0,"sessionIds":["SXxKjkXludZVIP","sFSxfW4SulF8nL","cU3rbVx7ALzwcD","MPDx8RfyEn49VL","yGPP4f2KFnzLEK","FUkHcCn04lphr7"]},"environment":"development"}
{"timestamp":"2025-08-10T22:35:14.644Z","level":"INFO","operation":"INDIVIDUALLY_EXPIRED_MESSAGES","details":{"messagesDeleted":4,"cutoffTime":"2025-08-10T22:35:13.651Z"},"environment":"development"}
{"timestamp":"2025-08-10T22:35:14.644Z","level":"INFO","operation":"SESSION_BASED_CLEANUP_STATISTICS","details":{"statistics":{"expiredSessionMessages":0,"expiredMessages":4,"totalRemoved":4},"totalRecords":8,"executionTimeMs":995,"executionTimeSec":1},"environment":"development"}
{"timestamp":"2025-08-10T22:35:14.645Z","level":"INFO","operation":"SCHEDULE_SETUP","details":{"service":"MessageCleanup","schedule":"every 4 hours","nextRun":"2025-08-11T02:35:14.645Z"},"environment":"development"}
{"timestamp":"2025-08-10T22:35:14.646Z","level":"INFO","operation":"SCHEDULE_SETUP","details":{"service":"DataRetentionCleanup","schedule":"daily at midnight","nextRun":"2025-08-11T19:00:00.000Z"},"environment":"development"}
{"timestamp":"2025-08-10T22:35:22.571Z","level":"INFO","operation":"DATA_RETENTION_CLEANUP_START","details":{"retentionDays":60,"retentionPeriodMs":5184000000,"cutoffDate":"2025-06-11T22:35:22.571Z"},"environment":"development"}
{"timestamp":"2025-08-10T22:35:22.731Z","level":"INFO","operation":"INDIVIDUALLY_EXPIRED_MESSAGES","details":{"messagesDeleted":0,"cutoffTime":"2025-08-10T22:35:22.571Z"},"environment":"development"}
{"timestamp":"2025-08-10T22:35:22.891Z","level":"INFO","operation":"OLD_MESSAGES_CLEANUP","details":{"cutoffDate":"2025-06-11T22:35:22.581Z","retentionDays":60,"messagesDeleted":0},"environment":"development"}
{"timestamp":"2025-08-10T22:35:23.034Z","level":"INFO","operation":"OLD_SESSIONS_CLEANUP","details":{"cutoffDate":"2025-06-11T22:35:22.581Z","retentionDays":60,"sessionsDeleted":0},"environment":"development"}
{"timestamp":"2025-08-10T22:35:23.038Z","level":"INFO","operation":"OLD_PARTICIPANTS_CLEANUP","details":{"cutoffDate":"2025-06-11T22:35:22.581Z","retentionDays":60,"participantsDeleted":0},"environment":"development"}
{"timestamp":"2025-08-10T22:35:23.049Z","level":"INFO","operation":"OLD_TIMER_CHANGES_CLEANUP","details":{"cutoffDate":"2025-06-11T22:35:22.581Z","retentionDays":60,"timerChangesDeleted":0},"environment":"development"}
{"timestamp":"2025-08-10T22:35:23.050Z","level":"INFO","operation":"DATA_RETENTION_CLEANUP_STATISTICS","details":{"statistics":{"oldMessages":0,"oldSessions":0,"oldParticipants":0,"oldTimerChanges":0,"totalRecordsRemoved":0},"totalRecords":0,"executionTimeMs":478,"executionTimeSec":0},"environment":"development"}
{"timestamp":"2025-08-10T22:35:23.186Z","level":"INFO","operation":"EXPIRED_SESSION_MESSAGES","details":{"expiredSessionsFound":6,"messagesDeleted":0,"sessionIds":["SXxKjkXludZVIP","sFSxfW4SulF8nL","cU3rbVx7ALzwcD","MPDx8RfyEn49VL","yGPP4f2KFnzLEK","FUkHcCn04lphr7"]},"environment":"development"}
{"timestamp":"2025-08-10T22:35:23.186Z","level":"INFO","operation":"SESSION_BASED_CLEANUP_STATISTICS","details":{"statistics":{"expiredSessionMessages":0,"expiredMessages":0,"totalRemoved":0},"totalRecords":0,"executionTimeMs":617,"executionTimeSec":1},"environment":"development"}
{"timestamp":"2025-08-10T22:35:23.188Z","level":"INFO","operation":"SCHEDULE_SETUP","details":{"service":"MessageCleanup","schedule":"every 4 hours","nextRun":"2025-08-11T02:35:23.187Z"},"environment":"development"}
{"timestamp":"2025-08-10T22:35:23.188Z","level":"INFO","operation":"SCHEDULE_SETUP","details":{"service":"DataRetentionCleanup","schedule":"daily at midnight","nextRun":"2025-08-11T19:00:00.000Z"},"environment":"development"}
