{"timestamp":"2025-08-25T14:44:39.463Z","level":"INFO","operation":"DATA_RETENTION_CLEANUP_START","details":{"retentionDays":60,"retentionPeriodMs":5184000000,"cutoffDate":"2025-06-26T14:44:39.463Z"},"environment":"development"}
{"timestamp":"2025-08-25T14:44:39.623Z","level":"INFO","operation":"EXPIRED_SESSION_MESSAGES","details":{"expiredSessionsFound":0,"messagesDeleted":0},"environment":"development"}
{"timestamp":"2025-08-25T14:44:39.624Z","level":"INFO","operation":"INDIVIDUALLY_EXPIRED_MESSAGES","details":{"messagesDeleted":6,"cutoffTime":"2025-08-25T14:44:39.462Z"},"environment":"development"}
{"timestamp":"2025-08-25T14:44:39.625Z","level":"INFO","operation":"SESSION_BASED_CLEANUP_STATISTICS","details":{"statistics":{"expiredSessionMessages":0,"expiredMessages":6,"totalRemoved":6},"totalRecords":12,"executionTimeMs":165,"executionTimeSec":0},"environment":"development"}
{"timestamp":"2025-08-25T14:44:39.774Z","level":"INFO","operation":"OLD_SESSIONS_CLEANUP","details":{"cutoffDate":"2025-06-26T14:44:39.473Z","retentionDays":60,"sessionsDeleted":0},"environment":"development"}
{"timestamp":"2025-08-25T14:44:39.775Z","level":"INFO","operation":"OLD_MESSAGES_CLEANUP","details":{"cutoffDate":"2025-06-26T14:44:39.473Z","retentionDays":60,"messagesDeleted":0},"environment":"development"}
{"timestamp":"2025-08-25T14:44:39.797Z","level":"INFO","operation":"OLD_PARTICIPANTS_CLEANUP","details":{"cutoffDate":"2025-06-26T14:44:39.473Z","retentionDays":60,"participantsDeleted":0},"environment":"development"}
{"timestamp":"2025-08-25T14:44:40.637Z","level":"INFO","operation":"OLD_TIMER_CHANGES_CLEANUP","details":{"cutoffDate":"2025-06-26T14:44:39.473Z","retentionDays":60,"timerChangesDeleted":0},"environment":"development"}
{"timestamp":"2025-08-25T14:44:40.638Z","level":"INFO","operation":"DATA_RETENTION_CLEANUP_STATISTICS","details":{"statistics":{"oldMessages":0,"oldSessions":0,"oldParticipants":0,"oldTimerChanges":0,"totalRecordsRemoved":0},"totalRecords":0,"executionTimeMs":1175,"executionTimeSec":1},"environment":"development"}
{"timestamp":"2025-08-25T14:44:40.639Z","level":"INFO","operation":"SCHEDULE_SETUP","details":{"service":"MessageCleanup","schedule":"every 4 hours","nextRun":"2025-08-25T18:44:40.639Z"},"environment":"development"}
{"timestamp":"2025-08-25T14:44:40.639Z","level":"INFO","operation":"SCHEDULE_SETUP","details":{"service":"DataRetentionCleanup","schedule":"daily at midnight","nextRun":"2025-08-25T19:00:00.000Z"},"environment":"development"}
{"timestamp":"2025-08-25T18:44:40.796Z","level":"INFO","operation":"EXPIRED_SESSION_MESSAGES","details":{"expiredSessionsFound":0,"messagesDeleted":0},"environment":"development"}
{"timestamp":"2025-08-25T18:44:40.797Z","level":"INFO","operation":"INDIVIDUALLY_EXPIRED_MESSAGES","details":{"messagesDeleted":0,"cutoffTime":"2025-08-25T18:44:40.646Z"},"environment":"development"}
{"timestamp":"2025-08-25T18:44:40.809Z","level":"INFO","operation":"SESSION_BASED_CLEANUP_STATISTICS","details":{"statistics":{"expiredSessionMessages":0,"expiredMessages":0,"totalRemoved":0},"totalRecords":0,"executionTimeMs":164,"executionTimeSec":0},"environment":"development"}
{"timestamp":"2025-08-25T19:00:00.158Z","level":"INFO","operation":"PRE_CLEANUP_STATISTICS","details":{"cutoffDate":"2025-06-26T19:00:00.003Z","recordsToRemove":0,"breakdown":{"messages":0,"sessions":0,"participants":0,"timerChanges":0}},"environment":"development"}
{"timestamp":"2025-08-25T19:00:00.159Z","level":"INFO","operation":"DATA_RETENTION_CLEANUP_START","details":{"retentionDays":60,"retentionPeriodMs":5184000000,"cutoffDate":"2025-06-26T19:00:00.159Z"},"environment":"development"}
{"timestamp":"2025-08-25T19:00:00.309Z","level":"INFO","operation":"OLD_TIMER_CHANGES_CLEANUP","details":{"cutoffDate":"2025-06-26T19:00:00.159Z","retentionDays":60,"timerChangesDeleted":0},"environment":"development"}
{"timestamp":"2025-08-25T19:00:00.309Z","level":"INFO","operation":"OLD_PARTICIPANTS_CLEANUP","details":{"cutoffDate":"2025-06-26T19:00:00.159Z","retentionDays":60,"participantsDeleted":0},"environment":"development"}
{"timestamp":"2025-08-25T19:00:00.310Z","level":"INFO","operation":"OLD_SESSIONS_CLEANUP","details":{"cutoffDate":"2025-06-26T19:00:00.159Z","retentionDays":60,"sessionsDeleted":0},"environment":"development"}
{"timestamp":"2025-08-25T19:00:00.310Z","level":"INFO","operation":"OLD_MESSAGES_CLEANUP","details":{"cutoffDate":"2025-06-26T19:00:00.159Z","retentionDays":60,"messagesDeleted":0},"environment":"development"}
{"timestamp":"2025-08-25T19:00:00.311Z","level":"INFO","operation":"DATA_RETENTION_CLEANUP_STATISTICS","details":{"statistics":{"oldMessages":0,"oldSessions":0,"oldParticipants":0,"oldTimerChanges":0,"totalRecordsRemoved":0},"totalRecords":0,"executionTimeMs":152,"executionTimeSec":0},"environment":"development"}
