{"timestamp":"2025-07-26T00:57:06.493Z","level":"INFO","operation":"SPECIFIC_SESSION_CLEANUP","details":{"sessionId":"VAzJoTgUqoQ1lG","messagesDeleted":0},"environment":"development"}
{"timestamp":"2025-07-26T01:38:24.178Z","level":"INFO","operation":"SPECIFIC_SESSION_CLEANUP","details":{"sessionId":"Q7SCly537Dsbxg","messagesDeleted":0},"environment":"development"}
{"timestamp":"2025-07-26T01:44:31.114Z","level":"INFO","operation":"SPECIFIC_SESSION_CLEANUP","details":{"sessionId":"5qxtWAmnBvavWX","messagesDeleted":14},"environment":"development"}
{"timestamp":"2025-07-26T01:44:31.163Z","level":"INFO","operation":"SPECIFIC_SESSION_CLEANUP","details":{"sessionId":"5qxtWAmnBvavWX","messagesDeleted":0},"environment":"development"}
{"timestamp":"2025-07-26T01:58:31.936Z","level":"INFO","operation":"SPECIFIC_SESSION_CLEANUP","details":{"sessionId":"o6uosV63EvuNDC","messagesDeleted":9},"environment":"development"}
{"timestamp":"2025-07-26T02:53:18.750Z","level":"INFO","operation":"DATA_RETENTION_CLEANUP_START","details":{"retentionDays":60,"retentionPeriodMs":5184000000,"cutoffDate":"2025-05-27T02:53:18.749Z"},"environment":"development"}
{"timestamp":"2025-07-26T02:53:18.905Z","level":"INFO","operation":"INDIVIDUALLY_EXPIRED_MESSAGES","details":{"messagesDeleted":37,"cutoffTime":"2025-07-26T02:53:18.749Z"},"environment":"development"}
{"timestamp":"2025-07-26T02:53:18.973Z","level":"INFO","operation":"OLD_PARTICIPANTS_CLEANUP","details":{"cutoffDate":"2025-05-27T02:53:18.758Z","retentionDays":60,"participantsDeleted":0},"environment":"development"}
{"timestamp":"2025-07-26T02:53:19.009Z","level":"INFO","operation":"OLD_TIMER_CHANGES_CLEANUP","details":{"cutoffDate":"2025-05-27T02:53:18.758Z","retentionDays":60,"timerChangesDeleted":0},"environment":"development"}
{"timestamp":"2025-07-26T02:53:19.039Z","level":"INFO","operation":"EXPIRED_SESSION_MESSAGES","details":{"expiredSessionsFound":6,"messagesDeleted":0,"sessionIds":["Q7SCly537Dsbxg","5qxtWAmnBvavWX","o6uosV63EvuNDC","R5T1gI48UOWDey","JKpQvawqzKK7cp","zYwWL0vwbtV26X"]},"environment":"development"}
{"timestamp":"2025-07-26T02:53:19.040Z","level":"INFO","operation":"SESSION_BASED_CLEANUP_STATISTICS","details":{"statistics":{"expiredSessionMessages":0,"expiredMessages":37,"totalRemoved":37},"totalRecords":74,"executionTimeMs":292,"executionTimeSec":0},"environment":"development"}
{"timestamp":"2025-07-26T02:53:19.795Z","level":"INFO","operation":"OLD_SESSIONS_CLEANUP","details":{"cutoffDate":"2025-05-27T02:53:18.758Z","retentionDays":60,"sessionsDeleted":0},"environment":"development"}
{"timestamp":"2025-07-26T02:53:19.884Z","level":"INFO","operation":"OLD_MESSAGES_CLEANUP","details":{"cutoffDate":"2025-05-27T02:53:18.757Z","retentionDays":60,"messagesDeleted":0},"environment":"development"}
{"timestamp":"2025-07-26T02:53:19.885Z","level":"INFO","operation":"DATA_RETENTION_CLEANUP_STATISTICS","details":{"statistics":{"oldMessages":0,"oldSessions":0,"oldParticipants":0,"oldTimerChanges":0,"totalRecordsRemoved":0},"totalRecords":0,"executionTimeMs":1136,"executionTimeSec":1},"environment":"development"}
{"timestamp":"2025-07-26T02:53:19.886Z","level":"INFO","operation":"SCHEDULE_SETUP","details":{"service":"MessageCleanup","schedule":"every 4 hours","nextRun":"2025-07-26T06:53:19.886Z"},"environment":"development"}
{"timestamp":"2025-07-26T02:53:19.887Z","level":"INFO","operation":"SCHEDULE_SETUP","details":{"service":"DataRetentionCleanup","schedule":"daily at midnight","nextRun":"2025-07-26T19:00:00.000Z"},"environment":"development"}
{"timestamp":"2025-07-26T03:08:56.310Z","level":"INFO","operation":"DATA_RETENTION_CLEANUP_START","details":{"retentionDays":60,"retentionPeriodMs":5184000000,"cutoffDate":"2025-05-27T03:08:56.310Z"},"environment":"development"}
{"timestamp":"2025-07-26T03:08:56.452Z","level":"INFO","operation":"INDIVIDUALLY_EXPIRED_MESSAGES","details":{"messagesDeleted":0,"cutoffTime":"2025-07-26T03:08:56.310Z"},"environment":"development"}
{"timestamp":"2025-07-26T03:08:56.538Z","level":"INFO","operation":"OLD_MESSAGES_CLEANUP","details":{"cutoffDate":"2025-05-27T03:08:56.319Z","retentionDays":60,"messagesDeleted":0},"environment":"development"}
{"timestamp":"2025-07-26T03:08:56.582Z","level":"INFO","operation":"OLD_SESSIONS_CLEANUP","details":{"cutoffDate":"2025-05-27T03:08:56.319Z","retentionDays":60,"sessionsDeleted":0},"environment":"development"}
{"timestamp":"2025-07-26T03:08:56.587Z","level":"INFO","operation":"OLD_PARTICIPANTS_CLEANUP","details":{"cutoffDate":"2025-05-27T03:08:56.320Z","retentionDays":60,"participantsDeleted":0},"environment":"development"}
{"timestamp":"2025-07-26T03:08:56.673Z","level":"INFO","operation":"OLD_TIMER_CHANGES_CLEANUP","details":{"cutoffDate":"2025-05-27T03:08:56.320Z","retentionDays":60,"timerChangesDeleted":0},"environment":"development"}
{"timestamp":"2025-07-26T03:08:56.674Z","level":"INFO","operation":"DATA_RETENTION_CLEANUP_STATISTICS","details":{"statistics":{"oldMessages":0,"oldSessions":0,"oldParticipants":0,"oldTimerChanges":0,"totalRecordsRemoved":0},"totalRecords":0,"executionTimeMs":363,"executionTimeSec":0},"environment":"development"}
{"timestamp":"2025-07-26T03:08:56.721Z","level":"INFO","operation":"EXPIRED_SESSION_MESSAGES","details":{"expiredSessionsFound":6,"messagesDeleted":0,"sessionIds":["Q7SCly537Dsbxg","5qxtWAmnBvavWX","o6uosV63EvuNDC","R5T1gI48UOWDey","JKpQvawqzKK7cp","zYwWL0vwbtV26X"]},"environment":"development"}
{"timestamp":"2025-07-26T03:08:56.722Z","level":"INFO","operation":"SESSION_BASED_CLEANUP_STATISTICS","details":{"statistics":{"expiredSessionMessages":0,"expiredMessages":0,"totalRemoved":0},"totalRecords":0,"executionTimeMs":414,"executionTimeSec":0},"environment":"development"}
{"timestamp":"2025-07-26T03:08:56.724Z","level":"INFO","operation":"SCHEDULE_SETUP","details":{"service":"MessageCleanup","schedule":"every 4 hours","nextRun":"2025-07-26T07:08:56.723Z"},"environment":"development"}
{"timestamp":"2025-07-26T03:08:56.724Z","level":"INFO","operation":"SCHEDULE_SETUP","details":{"service":"DataRetentionCleanup","schedule":"daily at midnight","nextRun":"2025-07-26T19:00:00.000Z"},"environment":"development"}
{"timestamp":"2025-07-26T03:09:32.238Z","level":"INFO","operation":"DATA_RETENTION_CLEANUP_START","details":{"retentionDays":60,"retentionPeriodMs":5184000000,"cutoffDate":"2025-05-27T03:09:32.238Z"},"environment":"development"}
{"timestamp":"2025-07-26T03:09:32.378Z","level":"INFO","operation":"INDIVIDUALLY_EXPIRED_MESSAGES","details":{"messagesDeleted":0,"cutoffTime":"2025-07-26T03:09:32.237Z"},"environment":"development"}
{"timestamp":"2025-07-26T03:09:32.466Z","level":"INFO","operation":"OLD_MESSAGES_CLEANUP","details":{"cutoffDate":"2025-05-27T03:09:32.248Z","retentionDays":60,"messagesDeleted":0},"environment":"development"}
{"timestamp":"2025-07-26T03:09:32.509Z","level":"INFO","operation":"OLD_SESSIONS_CLEANUP","details":{"cutoffDate":"2025-05-27T03:09:32.248Z","retentionDays":60,"sessionsDeleted":0},"environment":"development"}
{"timestamp":"2025-07-26T03:09:32.523Z","level":"INFO","operation":"OLD_TIMER_CHANGES_CLEANUP","details":{"cutoffDate":"2025-05-27T03:09:32.248Z","retentionDays":60,"timerChangesDeleted":0},"environment":"development"}
{"timestamp":"2025-07-26T03:09:32.610Z","level":"INFO","operation":"EXPIRED_SESSION_MESSAGES","details":{"expiredSessionsFound":7,"messagesDeleted":0,"sessionIds":["Q7SCly537Dsbxg","5qxtWAmnBvavWX","o6uosV63EvuNDC","R5T1gI48UOWDey","JKpQvawqzKK7cp","PpkcMblH3joYg4","zYwWL0vwbtV26X"]},"environment":"development"}
{"timestamp":"2025-07-26T03:09:32.611Z","level":"INFO","operation":"SESSION_BASED_CLEANUP_STATISTICS","details":{"statistics":{"expiredSessionMessages":0,"expiredMessages":0,"totalRemoved":0},"totalRecords":0,"executionTimeMs":375,"executionTimeSec":0},"environment":"development"}
{"timestamp":"2025-07-26T03:09:33.373Z","level":"INFO","operation":"OLD_PARTICIPANTS_CLEANUP","details":{"cutoffDate":"2025-05-27T03:09:32.248Z","retentionDays":60,"participantsDeleted":0},"environment":"development"}
{"timestamp":"2025-07-26T03:09:33.373Z","level":"INFO","operation":"DATA_RETENTION_CLEANUP_STATISTICS","details":{"statistics":{"oldMessages":0,"oldSessions":0,"oldParticipants":0,"oldTimerChanges":0,"totalRecordsRemoved":0},"totalRecords":0,"executionTimeMs":1135,"executionTimeSec":1},"environment":"development"}
{"timestamp":"2025-07-26T03:09:33.375Z","level":"INFO","operation":"SCHEDULE_SETUP","details":{"service":"MessageCleanup","schedule":"every 4 hours","nextRun":"2025-07-26T07:09:33.375Z"},"environment":"development"}
{"timestamp":"2025-07-26T03:09:33.375Z","level":"INFO","operation":"SCHEDULE_SETUP","details":{"service":"DataRetentionCleanup","schedule":"daily at midnight","nextRun":"2025-07-26T19:00:00.000Z"},"environment":"development"}
{"timestamp":"2025-07-26T03:10:06.127Z","level":"INFO","operation":"DATA_RETENTION_CLEANUP_START","details":{"retentionDays":60,"retentionPeriodMs":5184000000,"cutoffDate":"2025-05-27T03:10:06.127Z"},"environment":"development"}
{"timestamp":"2025-07-26T03:10:06.281Z","level":"INFO","operation":"INDIVIDUALLY_EXPIRED_MESSAGES","details":{"messagesDeleted":0,"cutoffTime":"2025-07-26T03:10:06.127Z"},"environment":"development"}
{"timestamp":"2025-07-26T03:10:06.365Z","level":"INFO","operation":"OLD_MESSAGES_CLEANUP","details":{"cutoffDate":"2025-05-27T03:10:06.135Z","retentionDays":60,"messagesDeleted":0},"environment":"development"}
{"timestamp":"2025-07-26T03:10:06.405Z","level":"INFO","operation":"OLD_SESSIONS_CLEANUP","details":{"cutoffDate":"2025-05-27T03:10:06.135Z","retentionDays":60,"sessionsDeleted":0},"environment":"development"}
{"timestamp":"2025-07-26T03:10:06.428Z","level":"INFO","operation":"OLD_PARTICIPANTS_CLEANUP","details":{"cutoffDate":"2025-05-27T03:10:06.135Z","retentionDays":60,"participantsDeleted":0},"environment":"development"}
{"timestamp":"2025-07-26T03:10:06.497Z","level":"INFO","operation":"OLD_TIMER_CHANGES_CLEANUP","details":{"cutoffDate":"2025-05-27T03:10:06.136Z","retentionDays":60,"timerChangesDeleted":0},"environment":"development"}
{"timestamp":"2025-07-26T03:10:06.498Z","level":"INFO","operation":"DATA_RETENTION_CLEANUP_STATISTICS","details":{"statistics":{"oldMessages":0,"oldSessions":0,"oldParticipants":0,"oldTimerChanges":0,"totalRecordsRemoved":0},"totalRecords":0,"executionTimeMs":370,"executionTimeSec":0},"environment":"development"}
{"timestamp":"2025-07-26T03:10:07.354Z","level":"INFO","operation":"EXPIRED_SESSION_MESSAGES","details":{"expiredSessionsFound":7,"messagesDeleted":0,"sessionIds":["Q7SCly537Dsbxg","5qxtWAmnBvavWX","o6uosV63EvuNDC","R5T1gI48UOWDey","JKpQvawqzKK7cp","PpkcMblH3joYg4","zYwWL0vwbtV26X"]},"environment":"development"}
{"timestamp":"2025-07-26T03:10:07.355Z","level":"INFO","operation":"SESSION_BASED_CLEANUP_STATISTICS","details":{"statistics":{"expiredSessionMessages":0,"expiredMessages":0,"totalRemoved":0},"totalRecords":0,"executionTimeMs":1230,"executionTimeSec":1},"environment":"development"}
{"timestamp":"2025-07-26T03:10:07.356Z","level":"INFO","operation":"SCHEDULE_SETUP","details":{"service":"MessageCleanup","schedule":"every 4 hours","nextRun":"2025-07-26T07:10:07.356Z"},"environment":"development"}
{"timestamp":"2025-07-26T03:10:07.357Z","level":"INFO","operation":"SCHEDULE_SETUP","details":{"service":"DataRetentionCleanup","schedule":"daily at midnight","nextRun":"2025-07-26T19:00:00.000Z"},"environment":"development"}
{"timestamp":"2025-07-26T03:10:44.650Z","level":"INFO","operation":"DATA_RETENTION_CLEANUP_START","details":{"retentionDays":60,"retentionPeriodMs":5184000000,"cutoffDate":"2025-05-27T03:10:44.649Z"},"environment":"development"}
{"timestamp":"2025-07-26T03:10:44.805Z","level":"INFO","operation":"INDIVIDUALLY_EXPIRED_MESSAGES","details":{"messagesDeleted":0,"cutoffTime":"2025-07-26T03:10:44.649Z"},"environment":"development"}
{"timestamp":"2025-07-26T03:10:44.924Z","level":"INFO","operation":"OLD_MESSAGES_CLEANUP","details":{"cutoffDate":"2025-05-27T03:10:44.659Z","retentionDays":60,"messagesDeleted":0},"environment":"development"}
{"timestamp":"2025-07-26T03:10:44.937Z","level":"INFO","operation":"OLD_SESSIONS_CLEANUP","details":{"cutoffDate":"2025-05-27T03:10:44.660Z","retentionDays":60,"sessionsDeleted":0},"environment":"development"}
{"timestamp":"2025-07-26T03:10:44.938Z","level":"INFO","operation":"OLD_PARTICIPANTS_CLEANUP","details":{"cutoffDate":"2025-05-27T03:10:44.660Z","retentionDays":60,"participantsDeleted":0},"environment":"development"}
{"timestamp":"2025-07-26T03:10:45.069Z","level":"INFO","operation":"EXPIRED_SESSION_MESSAGES","details":{"expiredSessionsFound":7,"messagesDeleted":0,"sessionIds":["Q7SCly537Dsbxg","5qxtWAmnBvavWX","o6uosV63EvuNDC","R5T1gI48UOWDey","JKpQvawqzKK7cp","PpkcMblH3joYg4","zYwWL0vwbtV26X"]},"environment":"development"}
{"timestamp":"2025-07-26T03:10:45.070Z","level":"INFO","operation":"SESSION_BASED_CLEANUP_STATISTICS","details":{"statistics":{"expiredSessionMessages":0,"expiredMessages":0,"totalRemoved":0},"totalRecords":0,"executionTimeMs":423,"executionTimeSec":0},"environment":"development"}
{"timestamp":"2025-07-26T03:10:45.848Z","level":"INFO","operation":"OLD_TIMER_CHANGES_CLEANUP","details":{"cutoffDate":"2025-05-27T03:10:44.660Z","retentionDays":60,"timerChangesDeleted":0},"environment":"development"}
{"timestamp":"2025-07-26T03:10:45.848Z","level":"INFO","operation":"DATA_RETENTION_CLEANUP_STATISTICS","details":{"statistics":{"oldMessages":0,"oldSessions":0,"oldParticipants":0,"oldTimerChanges":0,"totalRecordsRemoved":0},"totalRecords":0,"executionTimeMs":1199,"executionTimeSec":1},"environment":"development"}
{"timestamp":"2025-07-26T03:10:45.850Z","level":"INFO","operation":"SCHEDULE_SETUP","details":{"service":"MessageCleanup","schedule":"every 4 hours","nextRun":"2025-07-26T07:10:45.850Z"},"environment":"development"}
{"timestamp":"2025-07-26T03:10:45.850Z","level":"INFO","operation":"SCHEDULE_SETUP","details":{"service":"DataRetentionCleanup","schedule":"daily at midnight","nextRun":"2025-07-26T19:00:00.000Z"},"environment":"development"}
{"timestamp":"2025-07-26T03:10:56.733Z","level":"INFO","operation":"DATA_RETENTION_CLEANUP_START","details":{"retentionDays":60,"retentionPeriodMs":5184000000,"cutoffDate":"2025-05-27T03:10:56.733Z"},"environment":"development"}
{"timestamp":"2025-07-26T03:10:56.877Z","level":"INFO","operation":"INDIVIDUALLY_EXPIRED_MESSAGES","details":{"messagesDeleted":0,"cutoffTime":"2025-07-26T03:10:56.732Z"},"environment":"development"}
{"timestamp":"2025-07-26T03:10:57.011Z","level":"INFO","operation":"OLD_SESSIONS_CLEANUP","details":{"cutoffDate":"2025-05-27T03:10:56.742Z","retentionDays":60,"sessionsDeleted":0},"environment":"development"}
{"timestamp":"2025-07-26T03:10:57.012Z","level":"INFO","operation":"OLD_PARTICIPANTS_CLEANUP","details":{"cutoffDate":"2025-05-27T03:10:56.742Z","retentionDays":60,"participantsDeleted":0},"environment":"development"}
{"timestamp":"2025-07-26T03:10:57.115Z","level":"INFO","operation":"OLD_TIMER_CHANGES_CLEANUP","details":{"cutoffDate":"2025-05-27T03:10:56.742Z","retentionDays":60,"timerChangesDeleted":0},"environment":"development"}
{"timestamp":"2025-07-26T03:10:57.143Z","level":"INFO","operation":"EXPIRED_SESSION_MESSAGES","details":{"expiredSessionsFound":7,"messagesDeleted":0,"sessionIds":["Q7SCly537Dsbxg","5qxtWAmnBvavWX","o6uosV63EvuNDC","R5T1gI48UOWDey","JKpQvawqzKK7cp","PpkcMblH3joYg4","zYwWL0vwbtV26X"]},"environment":"development"}
{"timestamp":"2025-07-26T03:10:57.144Z","level":"INFO","operation":"SESSION_BASED_CLEANUP_STATISTICS","details":{"statistics":{"expiredSessionMessages":0,"expiredMessages":0,"totalRemoved":0},"totalRecords":0,"executionTimeMs":413,"executionTimeSec":0},"environment":"development"}
{"timestamp":"2025-07-26T03:10:57.891Z","level":"INFO","operation":"OLD_MESSAGES_CLEANUP","details":{"cutoffDate":"2025-05-27T03:10:56.741Z","retentionDays":60,"messagesDeleted":0},"environment":"development"}
{"timestamp":"2025-07-26T03:10:57.892Z","level":"INFO","operation":"DATA_RETENTION_CLEANUP_STATISTICS","details":{"statistics":{"oldMessages":0,"oldSessions":0,"oldParticipants":0,"oldTimerChanges":0,"totalRecordsRemoved":0},"totalRecords":0,"executionTimeMs":1159,"executionTimeSec":1},"environment":"development"}
{"timestamp":"2025-07-26T03:10:57.893Z","level":"INFO","operation":"SCHEDULE_SETUP","details":{"service":"MessageCleanup","schedule":"every 4 hours","nextRun":"2025-07-26T07:10:57.893Z"},"environment":"development"}
{"timestamp":"2025-07-26T03:10:57.894Z","level":"INFO","operation":"SCHEDULE_SETUP","details":{"service":"DataRetentionCleanup","schedule":"daily at midnight","nextRun":"2025-07-26T19:00:00.000Z"},"environment":"development"}
{"timestamp":"2025-07-26T03:11:12.474Z","level":"INFO","operation":"DATA_RETENTION_CLEANUP_START","details":{"retentionDays":60,"retentionPeriodMs":5184000000,"cutoffDate":"2025-05-27T03:11:12.474Z"},"environment":"development"}
{"timestamp":"2025-07-26T03:11:12.618Z","level":"INFO","operation":"INDIVIDUALLY_EXPIRED_MESSAGES","details":{"messagesDeleted":0,"cutoffTime":"2025-07-26T03:11:12.474Z"},"environment":"development"}
{"timestamp":"2025-07-26T03:11:20.619Z","level":"INFO","operation":"DATA_RETENTION_CLEANUP_START","details":{"retentionDays":60,"retentionPeriodMs":5184000000,"cutoffDate":"2025-05-27T03:11:20.619Z"},"environment":"development"}
{"timestamp":"2025-07-26T03:11:20.764Z","level":"INFO","operation":"INDIVIDUALLY_EXPIRED_MESSAGES","details":{"messagesDeleted":0,"cutoffTime":"2025-07-26T03:11:20.618Z"},"environment":"development"}
{"timestamp":"2025-07-26T03:11:20.795Z","level":"INFO","operation":"OLD_MESSAGES_CLEANUP","details":{"cutoffDate":"2025-05-27T03:11:20.629Z","retentionDays":60,"messagesDeleted":0},"environment":"development"}
{"timestamp":"2025-07-26T03:11:20.894Z","level":"INFO","operation":"OLD_SESSIONS_CLEANUP","details":{"cutoffDate":"2025-05-27T03:11:20.629Z","retentionDays":60,"sessionsDeleted":0},"environment":"development"}
{"timestamp":"2025-07-26T03:11:20.898Z","level":"INFO","operation":"OLD_PARTICIPANTS_CLEANUP","details":{"cutoffDate":"2025-05-27T03:11:20.629Z","retentionDays":60,"participantsDeleted":0},"environment":"development"}
{"timestamp":"2025-07-26T03:11:20.929Z","level":"INFO","operation":"OLD_TIMER_CHANGES_CLEANUP","details":{"cutoffDate":"2025-05-27T03:11:20.629Z","retentionDays":60,"timerChangesDeleted":0},"environment":"development"}
{"timestamp":"2025-07-26T03:11:20.930Z","level":"INFO","operation":"DATA_RETENTION_CLEANUP_STATISTICS","details":{"statistics":{"oldMessages":0,"oldSessions":0,"oldParticipants":0,"oldTimerChanges":0,"totalRecordsRemoved":0},"totalRecords":0,"executionTimeMs":310,"executionTimeSec":0},"environment":"development"}
{"timestamp":"2025-07-26T03:11:21.033Z","level":"INFO","operation":"EXPIRED_SESSION_MESSAGES","details":{"expiredSessionsFound":7,"messagesDeleted":0,"sessionIds":["Q7SCly537Dsbxg","5qxtWAmnBvavWX","o6uosV63EvuNDC","R5T1gI48UOWDey","JKpQvawqzKK7cp","PpkcMblH3joYg4","zYwWL0vwbtV26X"]},"environment":"development"}
{"timestamp":"2025-07-26T03:11:21.033Z","level":"INFO","operation":"SESSION_BASED_CLEANUP_STATISTICS","details":{"statistics":{"expiredSessionMessages":0,"expiredMessages":0,"totalRemoved":0},"totalRecords":0,"executionTimeMs":417,"executionTimeSec":0},"environment":"development"}
{"timestamp":"2025-07-26T03:11:21.035Z","level":"INFO","operation":"SCHEDULE_SETUP","details":{"service":"MessageCleanup","schedule":"every 4 hours","nextRun":"2025-07-26T07:11:21.035Z"},"environment":"development"}
{"timestamp":"2025-07-26T03:11:21.036Z","level":"INFO","operation":"SCHEDULE_SETUP","details":{"service":"DataRetentionCleanup","schedule":"daily at midnight","nextRun":"2025-07-26T19:00:00.000Z"},"environment":"development"}
{"timestamp":"2025-07-26T03:11:31.436Z","level":"INFO","operation":"DATA_RETENTION_CLEANUP_START","details":{"retentionDays":60,"retentionPeriodMs":5184000000,"cutoffDate":"2025-05-27T03:11:31.435Z"},"environment":"development"}
{"timestamp":"2025-07-26T03:11:31.575Z","level":"INFO","operation":"INDIVIDUALLY_EXPIRED_MESSAGES","details":{"messagesDeleted":0,"cutoffTime":"2025-07-26T03:11:31.435Z"},"environment":"development"}
{"timestamp":"2025-07-26T03:11:31.596Z","level":"INFO","operation":"OLD_MESSAGES_CLEANUP","details":{"cutoffDate":"2025-05-27T03:11:31.443Z","retentionDays":60,"messagesDeleted":0},"environment":"development"}
{"timestamp":"2025-07-26T03:11:31.707Z","level":"INFO","operation":"OLD_PARTICIPANTS_CLEANUP","details":{"cutoffDate":"2025-05-27T03:11:31.443Z","retentionDays":60,"participantsDeleted":0},"environment":"development"}
{"timestamp":"2025-07-26T03:11:31.731Z","level":"INFO","operation":"OLD_TIMER_CHANGES_CLEANUP","details":{"cutoffDate":"2025-05-27T03:11:31.443Z","retentionDays":60,"timerChangesDeleted":0},"environment":"development"}
{"timestamp":"2025-07-26T03:11:32.001Z","level":"INFO","operation":"EXPIRED_SESSION_MESSAGES","details":{"expiredSessionsFound":7,"messagesDeleted":0,"sessionIds":["Q7SCly537Dsbxg","5qxtWAmnBvavWX","o6uosV63EvuNDC","R5T1gI48UOWDey","JKpQvawqzKK7cp","PpkcMblH3joYg4","zYwWL0vwbtV26X"]},"environment":"development"}
{"timestamp":"2025-07-26T03:11:32.002Z","level":"INFO","operation":"SESSION_BASED_CLEANUP_STATISTICS","details":{"statistics":{"expiredSessionMessages":0,"expiredMessages":0,"totalRemoved":0},"totalRecords":0,"executionTimeMs":569,"executionTimeSec":1},"environment":"development"}
{"timestamp":"2025-07-26T03:11:32.594Z","level":"INFO","operation":"OLD_SESSIONS_CLEANUP","details":{"cutoffDate":"2025-05-27T03:11:31.443Z","retentionDays":60,"sessionsDeleted":0},"environment":"development"}
{"timestamp":"2025-07-26T03:11:32.595Z","level":"INFO","operation":"DATA_RETENTION_CLEANUP_STATISTICS","details":{"statistics":{"oldMessages":0,"oldSessions":0,"oldParticipants":0,"oldTimerChanges":0,"totalRecordsRemoved":0},"totalRecords":0,"executionTimeMs":1160,"executionTimeSec":1},"environment":"development"}
{"timestamp":"2025-07-26T03:11:32.596Z","level":"INFO","operation":"SCHEDULE_SETUP","details":{"service":"MessageCleanup","schedule":"every 4 hours","nextRun":"2025-07-26T07:11:32.596Z"},"environment":"development"}
{"timestamp":"2025-07-26T03:11:32.597Z","level":"INFO","operation":"SCHEDULE_SETUP","details":{"service":"DataRetentionCleanup","schedule":"daily at midnight","nextRun":"2025-07-26T19:00:00.000Z"},"environment":"development"}
{"timestamp":"2025-07-26T03:11:41.144Z","level":"INFO","operation":"DATA_RETENTION_CLEANUP_START","details":{"retentionDays":60,"retentionPeriodMs":5184000000,"cutoffDate":"2025-05-27T03:11:41.143Z"},"environment":"development"}
{"timestamp":"2025-07-26T03:11:41.287Z","level":"INFO","operation":"INDIVIDUALLY_EXPIRED_MESSAGES","details":{"messagesDeleted":0,"cutoffTime":"2025-07-26T03:11:41.143Z"},"environment":"development"}
{"timestamp":"2025-07-26T03:11:41.421Z","level":"INFO","operation":"OLD_MESSAGES_CLEANUP","details":{"cutoffDate":"2025-05-27T03:11:41.152Z","retentionDays":60,"messagesDeleted":0},"environment":"development"}
{"timestamp":"2025-07-26T03:11:41.517Z","level":"INFO","operation":"OLD_PARTICIPANTS_CLEANUP","details":{"cutoffDate":"2025-05-27T03:11:41.152Z","retentionDays":60,"participantsDeleted":0},"environment":"development"}
{"timestamp":"2025-07-26T03:11:41.557Z","level":"INFO","operation":"OLD_TIMER_CHANGES_CLEANUP","details":{"cutoffDate":"2025-05-27T03:11:41.152Z","retentionDays":60,"timerChangesDeleted":0},"environment":"development"}
{"timestamp":"2025-07-26T03:11:41.660Z","level":"INFO","operation":"EXPIRED_SESSION_MESSAGES","details":{"expiredSessionsFound":7,"messagesDeleted":0,"sessionIds":["Q7SCly537Dsbxg","5qxtWAmnBvavWX","o6uosV63EvuNDC","R5T1gI48UOWDey","JKpQvawqzKK7cp","PpkcMblH3joYg4","zYwWL0vwbtV26X"]},"environment":"development"}
{"timestamp":"2025-07-26T03:11:41.661Z","level":"INFO","operation":"SESSION_BASED_CLEANUP_STATISTICS","details":{"statistics":{"expiredSessionMessages":0,"expiredMessages":0,"totalRemoved":0},"totalRecords":0,"executionTimeMs":519,"executionTimeSec":1},"environment":"development"}
{"timestamp":"2025-07-26T03:11:41.795Z","level":"INFO","operation":"OLD_SESSIONS_CLEANUP","details":{"cutoffDate":"2025-05-27T03:11:41.152Z","retentionDays":60,"sessionsDeleted":0},"environment":"development"}
{"timestamp":"2025-07-26T03:11:41.795Z","level":"INFO","operation":"DATA_RETENTION_CLEANUP_STATISTICS","details":{"statistics":{"oldMessages":0,"oldSessions":0,"oldParticipants":0,"oldTimerChanges":0,"totalRecordsRemoved":0},"totalRecords":0,"executionTimeMs":652,"executionTimeSec":1},"environment":"development"}
{"timestamp":"2025-07-26T03:11:41.797Z","level":"INFO","operation":"SCHEDULE_SETUP","details":{"service":"MessageCleanup","schedule":"every 4 hours","nextRun":"2025-07-26T07:11:41.797Z"},"environment":"development"}
{"timestamp":"2025-07-26T03:11:41.797Z","level":"INFO","operation":"SCHEDULE_SETUP","details":{"service":"DataRetentionCleanup","schedule":"daily at midnight","nextRun":"2025-07-26T19:00:00.000Z"},"environment":"development"}
{"timestamp":"2025-07-26T03:12:12.179Z","level":"INFO","operation":"DATA_RETENTION_CLEANUP_START","details":{"retentionDays":60,"retentionPeriodMs":5184000000,"cutoffDate":"2025-05-27T03:12:12.178Z"},"environment":"development"}
{"timestamp":"2025-07-26T03:12:12.323Z","level":"INFO","operation":"INDIVIDUALLY_EXPIRED_MESSAGES","details":{"messagesDeleted":0,"cutoffTime":"2025-07-26T03:12:12.178Z"},"environment":"development"}
{"timestamp":"2025-07-26T03:12:12.326Z","level":"INFO","operation":"OLD_SESSIONS_CLEANUP","details":{"cutoffDate":"2025-05-27T03:12:12.188Z","retentionDays":60,"sessionsDeleted":0},"environment":"development"}
{"timestamp":"2025-07-26T03:12:12.326Z","level":"INFO","operation":"OLD_MESSAGES_CLEANUP","details":{"cutoffDate":"2025-05-27T03:12:12.187Z","retentionDays":60,"messagesDeleted":0},"environment":"development"}
{"timestamp":"2025-07-26T03:12:12.462Z","level":"INFO","operation":"EXPIRED_SESSION_MESSAGES","details":{"expiredSessionsFound":7,"messagesDeleted":0,"sessionIds":["Q7SCly537Dsbxg","5qxtWAmnBvavWX","o6uosV63EvuNDC","R5T1gI48UOWDey","JKpQvawqzKK7cp","PpkcMblH3joYg4","zYwWL0vwbtV26X"]},"environment":"development"}
{"timestamp":"2025-07-26T03:12:12.463Z","level":"INFO","operation":"SESSION_BASED_CLEANUP_STATISTICS","details":{"statistics":{"expiredSessionMessages":0,"expiredMessages":0,"totalRemoved":0},"totalRecords":0,"executionTimeMs":287,"executionTimeSec":0},"environment":"development"}
{"timestamp":"2025-07-26T03:12:13.166Z","level":"INFO","operation":"OLD_TIMER_CHANGES_CLEANUP","details":{"cutoffDate":"2025-05-27T03:12:12.188Z","retentionDays":60,"timerChangesDeleted":0},"environment":"development"}
{"timestamp":"2025-07-26T03:12:13.260Z","level":"INFO","operation":"OLD_PARTICIPANTS_CLEANUP","details":{"cutoffDate":"2025-05-27T03:12:12.188Z","retentionDays":60,"participantsDeleted":0},"environment":"development"}
{"timestamp":"2025-07-26T03:12:13.261Z","level":"INFO","operation":"DATA_RETENTION_CLEANUP_STATISTICS","details":{"statistics":{"oldMessages":0,"oldSessions":0,"oldParticipants":0,"oldTimerChanges":0,"totalRecordsRemoved":0},"totalRecords":0,"executionTimeMs":1083,"executionTimeSec":1},"environment":"development"}
{"timestamp":"2025-07-26T03:12:13.262Z","level":"INFO","operation":"SCHEDULE_SETUP","details":{"service":"MessageCleanup","schedule":"every 4 hours","nextRun":"2025-07-26T07:12:13.262Z"},"environment":"development"}
{"timestamp":"2025-07-26T03:12:13.262Z","level":"INFO","operation":"SCHEDULE_SETUP","details":{"service":"DataRetentionCleanup","schedule":"daily at midnight","nextRun":"2025-07-26T19:00:00.000Z"},"environment":"development"}
{"timestamp":"2025-07-26T03:21:51.229Z","level":"INFO","operation":"DATA_RETENTION_CLEANUP_START","details":{"retentionDays":60,"retentionPeriodMs":5184000000,"cutoffDate":"2025-05-27T03:21:51.229Z"},"environment":"development"}
{"timestamp":"2025-07-26T03:21:51.371Z","level":"INFO","operation":"EXPIRED_SESSION_MESSAGES","details":{"expiredSessionsFound":0,"messagesDeleted":0},"environment":"development"}
{"timestamp":"2025-07-26T03:21:51.372Z","level":"INFO","operation":"INDIVIDUALLY_EXPIRED_MESSAGES","details":{"messagesDeleted":0,"cutoffTime":"2025-07-26T03:21:51.229Z"},"environment":"development"}
{"timestamp":"2025-07-26T03:21:51.372Z","level":"INFO","operation":"SESSION_BASED_CLEANUP_STATISTICS","details":{"statistics":{"expiredSessionMessages":0,"expiredMessages":0,"totalRemoved":0},"totalRecords":0,"executionTimeMs":145,"executionTimeSec":0},"environment":"development"}
{"timestamp":"2025-07-26T03:21:51.508Z","level":"INFO","operation":"OLD_SESSIONS_CLEANUP","details":{"cutoffDate":"2025-05-27T03:21:51.238Z","retentionDays":60,"sessionsDeleted":0},"environment":"development"}
{"timestamp":"2025-07-26T03:21:51.509Z","level":"INFO","operation":"OLD_PARTICIPANTS_CLEANUP","details":{"cutoffDate":"2025-05-27T03:21:51.238Z","retentionDays":60,"participantsDeleted":0},"environment":"development"}
{"timestamp":"2025-07-26T03:21:51.514Z","level":"INFO","operation":"OLD_MESSAGES_CLEANUP","details":{"cutoffDate":"2025-05-27T03:21:51.237Z","retentionDays":60,"messagesDeleted":0},"environment":"development"}
{"timestamp":"2025-07-26T03:21:51.641Z","level":"INFO","operation":"OLD_TIMER_CHANGES_CLEANUP","details":{"cutoffDate":"2025-05-27T03:21:51.238Z","retentionDays":60,"timerChangesDeleted":0},"environment":"development"}
{"timestamp":"2025-07-26T03:21:51.642Z","level":"INFO","operation":"DATA_RETENTION_CLEANUP_STATISTICS","details":{"statistics":{"oldMessages":0,"oldSessions":0,"oldParticipants":0,"oldTimerChanges":0,"totalRecordsRemoved":0},"totalRecords":0,"executionTimeMs":413,"executionTimeSec":0},"environment":"development"}
{"timestamp":"2025-07-26T03:21:51.643Z","level":"INFO","operation":"SCHEDULE_SETUP","details":{"service":"MessageCleanup","schedule":"every 4 hours","nextRun":"2025-07-26T07:21:51.643Z"},"environment":"development"}
{"timestamp":"2025-07-26T03:21:51.643Z","level":"INFO","operation":"SCHEDULE_SETUP","details":{"service":"DataRetentionCleanup","schedule":"daily at midnight","nextRun":"2025-07-26T19:00:00.000Z"},"environment":"development"}
{"timestamp":"2025-07-26T03:23:05.567Z","level":"INFO","operation":"DATA_RETENTION_CLEANUP_START","details":{"retentionDays":60,"retentionPeriodMs":5184000000,"cutoffDate":"2025-05-27T03:23:05.567Z"},"environment":"development"}
{"timestamp":"2025-07-26T03:23:05.712Z","level":"INFO","operation":"EXPIRED_SESSION_MESSAGES","details":{"expiredSessionsFound":0,"messagesDeleted":0},"environment":"development"}
{"timestamp":"2025-07-26T03:23:05.724Z","level":"INFO","operation":"INDIVIDUALLY_EXPIRED_MESSAGES","details":{"messagesDeleted":0,"cutoffTime":"2025-07-26T03:23:05.567Z"},"environment":"development"}
{"timestamp":"2025-07-26T03:23:05.725Z","level":"INFO","operation":"SESSION_BASED_CLEANUP_STATISTICS","details":{"statistics":{"expiredSessionMessages":0,"expiredMessages":0,"totalRemoved":0},"totalRecords":0,"executionTimeMs":160,"executionTimeSec":0},"environment":"development"}
{"timestamp":"2025-07-26T03:23:05.795Z","level":"INFO","operation":"OLD_MESSAGES_CLEANUP","details":{"cutoffDate":"2025-05-27T03:23:05.576Z","retentionDays":60,"messagesDeleted":0},"environment":"development"}
{"timestamp":"2025-07-26T03:23:05.846Z","level":"INFO","operation":"OLD_SESSIONS_CLEANUP","details":{"cutoffDate":"2025-05-27T03:23:05.576Z","retentionDays":60,"sessionsDeleted":0},"environment":"development"}
{"timestamp":"2025-07-26T03:23:05.871Z","level":"INFO","operation":"OLD_PARTICIPANTS_CLEANUP","details":{"cutoffDate":"2025-05-27T03:23:05.576Z","retentionDays":60,"participantsDeleted":0},"environment":"development"}
{"timestamp":"2025-07-26T03:23:06.739Z","level":"INFO","operation":"OLD_TIMER_CHANGES_CLEANUP","details":{"cutoffDate":"2025-05-27T03:23:05.576Z","retentionDays":60,"timerChangesDeleted":0},"environment":"development"}
{"timestamp":"2025-07-26T03:23:06.739Z","level":"INFO","operation":"DATA_RETENTION_CLEANUP_STATISTICS","details":{"statistics":{"oldMessages":0,"oldSessions":0,"oldParticipants":0,"oldTimerChanges":0,"totalRecordsRemoved":0},"totalRecords":0,"executionTimeMs":1172,"executionTimeSec":1},"environment":"development"}
{"timestamp":"2025-07-26T03:23:06.740Z","level":"INFO","operation":"SCHEDULE_SETUP","details":{"service":"MessageCleanup","schedule":"every 4 hours","nextRun":"2025-07-26T07:23:06.740Z"},"environment":"development"}
{"timestamp":"2025-07-26T03:23:06.741Z","level":"INFO","operation":"SCHEDULE_SETUP","details":{"service":"DataRetentionCleanup","schedule":"daily at midnight","nextRun":"2025-07-26T19:00:00.000Z"},"environment":"development"}
{"timestamp":"2025-07-26T03:23:40.758Z","level":"INFO","operation":"DATA_RETENTION_CLEANUP_START","details":{"retentionDays":60,"retentionPeriodMs":5184000000,"cutoffDate":"2025-05-27T03:23:40.758Z"},"environment":"development"}
{"timestamp":"2025-07-26T03:23:40.918Z","level":"INFO","operation":"EXPIRED_SESSION_MESSAGES","details":{"expiredSessionsFound":0,"messagesDeleted":0},"environment":"development"}
{"timestamp":"2025-07-26T03:23:40.920Z","level":"INFO","operation":"INDIVIDUALLY_EXPIRED_MESSAGES","details":{"messagesDeleted":0,"cutoffTime":"2025-07-26T03:23:40.758Z"},"environment":"development"}
{"timestamp":"2025-07-26T03:23:40.921Z","level":"INFO","operation":"SESSION_BASED_CLEANUP_STATISTICS","details":{"statistics":{"expiredSessionMessages":0,"expiredMessages":0,"totalRemoved":0},"totalRecords":0,"executionTimeMs":165,"executionTimeSec":0},"environment":"development"}
{"timestamp":"2025-07-26T03:23:41.060Z","level":"INFO","operation":"OLD_MESSAGES_CLEANUP","details":{"cutoffDate":"2025-05-27T03:23:40.767Z","retentionDays":60,"messagesDeleted":0},"environment":"development"}
{"timestamp":"2025-07-26T03:23:41.061Z","level":"INFO","operation":"OLD_SESSIONS_CLEANUP","details":{"cutoffDate":"2025-05-27T03:23:40.767Z","retentionDays":60,"sessionsDeleted":0},"environment":"development"}
{"timestamp":"2025-07-26T03:23:41.070Z","level":"INFO","operation":"OLD_PARTICIPANTS_CLEANUP","details":{"cutoffDate":"2025-05-27T03:23:40.767Z","retentionDays":60,"participantsDeleted":0},"environment":"development"}
{"timestamp":"2025-07-26T03:23:45.943Z","level":"INFO","operation":"DATA_RETENTION_CLEANUP_START","details":{"retentionDays":60,"retentionPeriodMs":5184000000,"cutoffDate":"2025-05-27T03:23:45.943Z"},"environment":"development"}
{"timestamp":"2025-07-26T03:23:46.083Z","level":"INFO","operation":"EXPIRED_SESSION_MESSAGES","details":{"expiredSessionsFound":0,"messagesDeleted":0},"environment":"development"}
{"timestamp":"2025-07-26T03:23:46.084Z","level":"INFO","operation":"INDIVIDUALLY_EXPIRED_MESSAGES","details":{"messagesDeleted":0,"cutoffTime":"2025-07-26T03:23:45.942Z"},"environment":"development"}
{"timestamp":"2025-07-26T03:23:46.085Z","level":"INFO","operation":"SESSION_BASED_CLEANUP_STATISTICS","details":{"statistics":{"expiredSessionMessages":0,"expiredMessages":0,"totalRemoved":0},"totalRecords":0,"executionTimeMs":143,"executionTimeSec":0},"environment":"development"}
{"timestamp":"2025-07-26T03:23:46.212Z","level":"INFO","operation":"OLD_MESSAGES_CLEANUP","details":{"cutoffDate":"2025-05-27T03:23:45.950Z","retentionDays":60,"messagesDeleted":0},"environment":"development"}
{"timestamp":"2025-07-26T03:23:46.215Z","level":"INFO","operation":"OLD_SESSIONS_CLEANUP","details":{"cutoffDate":"2025-05-27T03:23:45.951Z","retentionDays":60,"sessionsDeleted":0},"environment":"development"}
{"timestamp":"2025-07-26T03:23:46.217Z","level":"INFO","operation":"OLD_PARTICIPANTS_CLEANUP","details":{"cutoffDate":"2025-05-27T03:23:45.951Z","retentionDays":60,"participantsDeleted":0},"environment":"development"}
{"timestamp":"2025-07-26T03:23:46.347Z","level":"INFO","operation":"OLD_TIMER_CHANGES_CLEANUP","details":{"cutoffDate":"2025-05-27T03:23:45.951Z","retentionDays":60,"timerChangesDeleted":0},"environment":"development"}
{"timestamp":"2025-07-26T03:23:46.348Z","level":"INFO","operation":"DATA_RETENTION_CLEANUP_STATISTICS","details":{"statistics":{"oldMessages":0,"oldSessions":0,"oldParticipants":0,"oldTimerChanges":0,"totalRecordsRemoved":0},"totalRecords":0,"executionTimeMs":405,"executionTimeSec":0},"environment":"development"}
{"timestamp":"2025-07-26T03:23:46.349Z","level":"INFO","operation":"SCHEDULE_SETUP","details":{"service":"MessageCleanup","schedule":"every 4 hours","nextRun":"2025-07-26T07:23:46.349Z"},"environment":"development"}
{"timestamp":"2025-07-26T03:23:46.349Z","level":"INFO","operation":"SCHEDULE_SETUP","details":{"service":"DataRetentionCleanup","schedule":"daily at midnight","nextRun":"2025-07-26T19:00:00.000Z"},"environment":"development"}
{"timestamp":"2025-07-26T03:23:53.285Z","level":"INFO","operation":"DATA_RETENTION_CLEANUP_START","details":{"retentionDays":60,"retentionPeriodMs":5184000000,"cutoffDate":"2025-05-27T03:23:53.285Z"},"environment":"development"}
{"timestamp":"2025-07-26T03:23:53.428Z","level":"INFO","operation":"EXPIRED_SESSION_MESSAGES","details":{"expiredSessionsFound":0,"messagesDeleted":0},"environment":"development"}
{"timestamp":"2025-07-26T03:23:53.436Z","level":"INFO","operation":"INDIVIDUALLY_EXPIRED_MESSAGES","details":{"messagesDeleted":0,"cutoffTime":"2025-07-26T03:23:53.285Z"},"environment":"development"}
{"timestamp":"2025-07-26T03:23:53.436Z","level":"INFO","operation":"SESSION_BASED_CLEANUP_STATISTICS","details":{"statistics":{"expiredSessionMessages":0,"expiredMessages":0,"totalRemoved":0},"totalRecords":0,"executionTimeMs":153,"executionTimeSec":0},"environment":"development"}
{"timestamp":"2025-07-26T03:23:53.562Z","level":"INFO","operation":"OLD_MESSAGES_CLEANUP","details":{"cutoffDate":"2025-05-27T03:23:53.296Z","retentionDays":60,"messagesDeleted":0},"environment":"development"}
{"timestamp":"2025-07-26T03:23:53.578Z","level":"INFO","operation":"OLD_SESSIONS_CLEANUP","details":{"cutoffDate":"2025-05-27T03:23:53.296Z","retentionDays":60,"sessionsDeleted":0},"environment":"development"}
{"timestamp":"2025-07-26T03:23:53.586Z","level":"INFO","operation":"OLD_PARTICIPANTS_CLEANUP","details":{"cutoffDate":"2025-05-27T03:23:53.296Z","retentionDays":60,"participantsDeleted":0},"environment":"development"}
{"timestamp":"2025-07-26T03:23:53.696Z","level":"INFO","operation":"OLD_TIMER_CHANGES_CLEANUP","details":{"cutoffDate":"2025-05-27T03:23:53.296Z","retentionDays":60,"timerChangesDeleted":0},"environment":"development"}
{"timestamp":"2025-07-26T03:23:53.699Z","level":"INFO","operation":"DATA_RETENTION_CLEANUP_STATISTICS","details":{"statistics":{"oldMessages":0,"oldSessions":0,"oldParticipants":0,"oldTimerChanges":0,"totalRecordsRemoved":0},"totalRecords":0,"executionTimeMs":414,"executionTimeSec":0},"environment":"development"}
{"timestamp":"2025-07-26T03:23:53.700Z","level":"INFO","operation":"SCHEDULE_SETUP","details":{"service":"MessageCleanup","schedule":"every 4 hours","nextRun":"2025-07-26T07:23:53.700Z"},"environment":"development"}
{"timestamp":"2025-07-26T03:23:53.701Z","level":"INFO","operation":"SCHEDULE_SETUP","details":{"service":"DataRetentionCleanup","schedule":"daily at midnight","nextRun":"2025-07-26T19:00:00.000Z"},"environment":"development"}
{"timestamp":"2025-07-26T03:24:16.184Z","level":"INFO","operation":"DATA_RETENTION_CLEANUP_START","details":{"retentionDays":60,"retentionPeriodMs":5184000000,"cutoffDate":"2025-05-27T03:24:16.183Z"},"environment":"development"}
{"timestamp":"2025-07-26T03:24:16.324Z","level":"INFO","operation":"EXPIRED_SESSION_MESSAGES","details":{"expiredSessionsFound":0,"messagesDeleted":0},"environment":"development"}
{"timestamp":"2025-07-26T03:24:16.327Z","level":"INFO","operation":"INDIVIDUALLY_EXPIRED_MESSAGES","details":{"messagesDeleted":0,"cutoffTime":"2025-07-26T03:24:16.183Z"},"environment":"development"}
{"timestamp":"2025-07-26T03:24:16.328Z","level":"INFO","operation":"SESSION_BASED_CLEANUP_STATISTICS","details":{"statistics":{"expiredSessionMessages":0,"expiredMessages":0,"totalRemoved":0},"totalRecords":0,"executionTimeMs":147,"executionTimeSec":0},"environment":"development"}
{"timestamp":"2025-07-26T03:24:16.343Z","level":"INFO","operation":"OLD_PARTICIPANTS_CLEANUP","details":{"cutoffDate":"2025-05-27T03:24:16.192Z","retentionDays":60,"participantsDeleted":0},"environment":"development"}
{"timestamp":"2025-07-26T03:24:16.360Z","level":"INFO","operation":"OLD_TIMER_CHANGES_CLEANUP","details":{"cutoffDate":"2025-05-27T03:24:16.192Z","retentionDays":60,"timerChangesDeleted":0},"environment":"development"}
{"timestamp":"2025-07-26T03:24:17.299Z","level":"INFO","operation":"OLD_SESSIONS_CLEANUP","details":{"cutoffDate":"2025-05-27T03:24:16.192Z","retentionDays":60,"sessionsDeleted":0},"environment":"development"}
{"timestamp":"2025-07-26T03:24:17.307Z","level":"INFO","operation":"OLD_MESSAGES_CLEANUP","details":{"cutoffDate":"2025-05-27T03:24:16.191Z","retentionDays":60,"messagesDeleted":0},"environment":"development"}
{"timestamp":"2025-07-26T03:24:17.307Z","level":"INFO","operation":"DATA_RETENTION_CLEANUP_STATISTICS","details":{"statistics":{"oldMessages":0,"oldSessions":0,"oldParticipants":0,"oldTimerChanges":0,"totalRecordsRemoved":0},"totalRecords":0,"executionTimeMs":1124,"executionTimeSec":1},"environment":"development"}
{"timestamp":"2025-07-26T03:24:17.310Z","level":"INFO","operation":"SCHEDULE_SETUP","details":{"service":"MessageCleanup","schedule":"every 4 hours","nextRun":"2025-07-26T07:24:17.310Z"},"environment":"development"}
{"timestamp":"2025-07-26T03:24:17.310Z","level":"INFO","operation":"SCHEDULE_SETUP","details":{"service":"DataRetentionCleanup","schedule":"daily at midnight","nextRun":"2025-07-26T19:00:00.000Z"},"environment":"development"}
{"timestamp":"2025-07-26T03:24:34.344Z","level":"INFO","operation":"DATA_RETENTION_CLEANUP_START","details":{"retentionDays":60,"retentionPeriodMs":5184000000,"cutoffDate":"2025-05-27T03:24:34.343Z"},"environment":"development"}
{"timestamp":"2025-07-26T03:24:34.489Z","level":"INFO","operation":"EXPIRED_SESSION_MESSAGES","details":{"expiredSessionsFound":0,"messagesDeleted":0},"environment":"development"}
{"timestamp":"2025-07-26T03:24:34.490Z","level":"INFO","operation":"INDIVIDUALLY_EXPIRED_MESSAGES","details":{"messagesDeleted":0,"cutoffTime":"2025-07-26T03:24:34.343Z"},"environment":"development"}
{"timestamp":"2025-07-26T03:24:34.491Z","level":"INFO","operation":"SESSION_BASED_CLEANUP_STATISTICS","details":{"statistics":{"expiredSessionMessages":0,"expiredMessages":0,"totalRemoved":0},"totalRecords":0,"executionTimeMs":150,"executionTimeSec":0},"environment":"development"}
{"timestamp":"2025-07-26T03:24:34.559Z","level":"INFO","operation":"OLD_MESSAGES_CLEANUP","details":{"cutoffDate":"2025-05-27T03:24:34.352Z","retentionDays":60,"messagesDeleted":0},"environment":"development"}
{"timestamp":"2025-07-26T03:24:34.623Z","level":"INFO","operation":"OLD_SESSIONS_CLEANUP","details":{"cutoffDate":"2025-05-27T03:24:34.352Z","retentionDays":60,"sessionsDeleted":0},"environment":"development"}
{"timestamp":"2025-07-26T03:24:34.624Z","level":"INFO","operation":"OLD_PARTICIPANTS_CLEANUP","details":{"cutoffDate":"2025-05-27T03:24:34.352Z","retentionDays":60,"participantsDeleted":0},"environment":"development"}
{"timestamp":"2025-07-26T03:24:34.693Z","level":"INFO","operation":"OLD_TIMER_CHANGES_CLEANUP","details":{"cutoffDate":"2025-05-27T03:24:34.353Z","retentionDays":60,"timerChangesDeleted":0},"environment":"development"}
{"timestamp":"2025-07-26T03:24:34.694Z","level":"INFO","operation":"DATA_RETENTION_CLEANUP_STATISTICS","details":{"statistics":{"oldMessages":0,"oldSessions":0,"oldParticipants":0,"oldTimerChanges":0,"totalRecordsRemoved":0},"totalRecords":0,"executionTimeMs":351,"executionTimeSec":0},"environment":"development"}
{"timestamp":"2025-07-26T03:24:34.695Z","level":"INFO","operation":"SCHEDULE_SETUP","details":{"service":"MessageCleanup","schedule":"every 4 hours","nextRun":"2025-07-26T07:24:34.695Z"},"environment":"development"}
{"timestamp":"2025-07-26T03:24:34.696Z","level":"INFO","operation":"SCHEDULE_SETUP","details":{"service":"DataRetentionCleanup","schedule":"daily at midnight","nextRun":"2025-07-26T19:00:00.000Z"},"environment":"development"}
{"timestamp":"2025-07-26T03:42:37.058Z","level":"INFO","operation":"SPECIFIC_SESSION_CLEANUP","details":{"sessionId":"qruOZc6u2JOqgB","messagesDeleted":0},"environment":"development"}
{"timestamp":"2025-07-26T03:45:54.458Z","level":"INFO","operation":"DATA_RETENTION_CLEANUP_START","details":{"retentionDays":60,"retentionPeriodMs":5184000000,"cutoffDate":"2025-05-27T03:45:54.457Z"},"environment":"development"}
{"timestamp":"2025-07-26T03:45:54.609Z","level":"INFO","operation":"INDIVIDUALLY_EXPIRED_MESSAGES","details":{"messagesDeleted":1,"cutoffTime":"2025-07-26T03:45:54.457Z"},"environment":"development"}
{"timestamp":"2025-07-26T03:45:54.710Z","level":"INFO","operation":"OLD_PARTICIPANTS_CLEANUP","details":{"cutoffDate":"2025-05-27T03:45:54.466Z","retentionDays":60,"participantsDeleted":0},"environment":"development"}
{"timestamp":"2025-07-26T03:45:54.752Z","level":"INFO","operation":"OLD_TIMER_CHANGES_CLEANUP","details":{"cutoffDate":"2025-05-27T03:45:54.467Z","retentionDays":60,"timerChangesDeleted":0},"environment":"development"}
{"timestamp":"2025-07-26T03:45:54.784Z","level":"INFO","operation":"EXPIRED_SESSION_MESSAGES","details":{"expiredSessionsFound":1,"messagesDeleted":0,"sessionIds":["qruOZc6u2JOqgB"]},"environment":"development"}
{"timestamp":"2025-07-26T03:45:54.786Z","level":"INFO","operation":"SESSION_BASED_CLEANUP_STATISTICS","details":{"statistics":{"expiredSessionMessages":0,"expiredMessages":1,"totalRemoved":1},"totalRecords":2,"executionTimeMs":331,"executionTimeSec":0},"environment":"development"}
{"timestamp":"2025-07-26T03:45:55.485Z","level":"INFO","operation":"OLD_MESSAGES_CLEANUP","details":{"cutoffDate":"2025-05-27T03:45:54.466Z","retentionDays":60,"messagesDeleted":0},"environment":"development"}
{"timestamp":"2025-07-26T03:45:55.532Z","level":"INFO","operation":"OLD_SESSIONS_CLEANUP","details":{"cutoffDate":"2025-05-27T03:45:54.466Z","retentionDays":60,"sessionsDeleted":0},"environment":"development"}
{"timestamp":"2025-07-26T03:45:55.533Z","level":"INFO","operation":"DATA_RETENTION_CLEANUP_STATISTICS","details":{"statistics":{"oldMessages":0,"oldSessions":0,"oldParticipants":0,"oldTimerChanges":0,"totalRecordsRemoved":0},"totalRecords":0,"executionTimeMs":1076,"executionTimeSec":1},"environment":"development"}
{"timestamp":"2025-07-26T03:45:55.534Z","level":"INFO","operation":"SCHEDULE_SETUP","details":{"service":"MessageCleanup","schedule":"every 4 hours","nextRun":"2025-07-26T07:45:55.534Z"},"environment":"development"}
{"timestamp":"2025-07-26T03:45:55.535Z","level":"INFO","operation":"SCHEDULE_SETUP","details":{"service":"DataRetentionCleanup","schedule":"daily at midnight","nextRun":"2025-07-26T19:00:00.000Z"},"environment":"development"}
{"timestamp":"2025-07-26T03:50:31.955Z","level":"INFO","operation":"DATA_RETENTION_CLEANUP_START","details":{"retentionDays":60,"retentionPeriodMs":5184000000,"cutoffDate":"2025-05-27T03:50:31.955Z"},"environment":"development"}
{"timestamp":"2025-07-26T03:50:32.098Z","level":"INFO","operation":"INDIVIDUALLY_EXPIRED_MESSAGES","details":{"messagesDeleted":0,"cutoffTime":"2025-07-26T03:50:31.955Z"},"environment":"development"}
{"timestamp":"2025-07-26T03:50:32.146Z","level":"INFO","operation":"OLD_MESSAGES_CLEANUP","details":{"cutoffDate":"2025-05-27T03:50:31.964Z","retentionDays":60,"messagesDeleted":0},"environment":"development"}
{"timestamp":"2025-07-26T03:50:32.229Z","level":"INFO","operation":"OLD_PARTICIPANTS_CLEANUP","details":{"cutoffDate":"2025-05-27T03:50:31.964Z","retentionDays":60,"participantsDeleted":0},"environment":"development"}
{"timestamp":"2025-07-26T03:50:32.231Z","level":"INFO","operation":"OLD_TIMER_CHANGES_CLEANUP","details":{"cutoffDate":"2025-05-27T03:50:31.965Z","retentionDays":60,"timerChangesDeleted":0},"environment":"development"}
{"timestamp":"2025-07-26T03:50:33.132Z","level":"INFO","operation":"OLD_SESSIONS_CLEANUP","details":{"cutoffDate":"2025-05-27T03:50:31.964Z","retentionDays":60,"sessionsDeleted":0},"environment":"development"}
{"timestamp":"2025-07-26T03:50:33.133Z","level":"INFO","operation":"DATA_RETENTION_CLEANUP_STATISTICS","details":{"statistics":{"oldMessages":0,"oldSessions":0,"oldParticipants":0,"oldTimerChanges":0,"totalRecordsRemoved":0},"totalRecords":0,"executionTimeMs":1178,"executionTimeSec":1},"environment":"development"}
{"timestamp":"2025-07-26T03:50:33.181Z","level":"INFO","operation":"EXPIRED_SESSION_MESSAGES","details":{"expiredSessionsFound":1,"messagesDeleted":0,"sessionIds":["qruOZc6u2JOqgB"]},"environment":"development"}
{"timestamp":"2025-07-26T03:50:33.182Z","level":"INFO","operation":"SESSION_BASED_CLEANUP_STATISTICS","details":{"statistics":{"expiredSessionMessages":0,"expiredMessages":0,"totalRemoved":0},"totalRecords":0,"executionTimeMs":1229,"executionTimeSec":1},"environment":"development"}
{"timestamp":"2025-07-26T03:50:33.187Z","level":"INFO","operation":"SCHEDULE_SETUP","details":{"service":"MessageCleanup","schedule":"every 4 hours","nextRun":"2025-07-26T07:50:33.187Z"},"environment":"development"}
{"timestamp":"2025-07-26T03:50:33.187Z","level":"INFO","operation":"SCHEDULE_SETUP","details":{"service":"DataRetentionCleanup","schedule":"daily at midnight","nextRun":"2025-07-26T19:00:00.000Z"},"environment":"development"}
{"timestamp":"2025-07-26T03:52:16.198Z","level":"INFO","operation":"DATA_RETENTION_CLEANUP_START","details":{"retentionDays":60,"retentionPeriodMs":5184000000,"cutoffDate":"2025-05-27T03:52:16.198Z"},"environment":"development"}
{"timestamp":"2025-07-26T03:52:16.341Z","level":"INFO","operation":"INDIVIDUALLY_EXPIRED_MESSAGES","details":{"messagesDeleted":0,"cutoffTime":"2025-07-26T03:52:16.197Z"},"environment":"development"}
{"timestamp":"2025-07-26T03:52:16.474Z","level":"INFO","operation":"OLD_SESSIONS_CLEANUP","details":{"cutoffDate":"2025-05-27T03:52:16.203Z","retentionDays":60,"sessionsDeleted":0},"environment":"development"}
{"timestamp":"2025-07-26T03:52:16.476Z","level":"INFO","operation":"OLD_PARTICIPANTS_CLEANUP","details":{"cutoffDate":"2025-05-27T03:52:16.203Z","retentionDays":60,"participantsDeleted":0},"environment":"development"}
{"timestamp":"2025-07-26T03:52:16.578Z","level":"INFO","operation":"OLD_TIMER_CHANGES_CLEANUP","details":{"cutoffDate":"2025-05-27T03:52:16.203Z","retentionDays":60,"timerChangesDeleted":0},"environment":"development"}
{"timestamp":"2025-07-26T03:52:16.609Z","level":"INFO","operation":"EXPIRED_SESSION_MESSAGES","details":{"expiredSessionsFound":1,"messagesDeleted":0,"sessionIds":["qruOZc6u2JOqgB"]},"environment":"development"}
{"timestamp":"2025-07-26T03:52:16.610Z","level":"INFO","operation":"SESSION_BASED_CLEANUP_STATISTICS","details":{"statistics":{"expiredSessionMessages":0,"expiredMessages":0,"totalRemoved":0},"totalRecords":0,"executionTimeMs":414,"executionTimeSec":0},"environment":"development"}
{"timestamp":"2025-07-26T03:52:17.323Z","level":"INFO","operation":"OLD_MESSAGES_CLEANUP","details":{"cutoffDate":"2025-05-27T03:52:16.203Z","retentionDays":60,"messagesDeleted":0},"environment":"development"}
{"timestamp":"2025-07-26T03:52:17.324Z","level":"INFO","operation":"DATA_RETENTION_CLEANUP_STATISTICS","details":{"statistics":{"oldMessages":0,"oldSessions":0,"oldParticipants":0,"oldTimerChanges":0,"totalRecordsRemoved":0},"totalRecords":0,"executionTimeMs":1126,"executionTimeSec":1},"environment":"development"}
{"timestamp":"2025-07-26T03:52:17.325Z","level":"INFO","operation":"SCHEDULE_SETUP","details":{"service":"MessageCleanup","schedule":"every 4 hours","nextRun":"2025-07-26T07:52:17.325Z"},"environment":"development"}
{"timestamp":"2025-07-26T03:52:17.326Z","level":"INFO","operation":"SCHEDULE_SETUP","details":{"service":"DataRetentionCleanup","schedule":"daily at midnight","nextRun":"2025-07-26T19:00:00.000Z"},"environment":"development"}
{"timestamp":"2025-07-26T03:54:11.898Z","level":"INFO","operation":"DATA_RETENTION_CLEANUP_START","details":{"retentionDays":60,"retentionPeriodMs":5184000000,"cutoffDate":"2025-05-27T03:54:11.898Z"},"environment":"development"}
{"timestamp":"2025-07-26T03:54:12.051Z","level":"INFO","operation":"INDIVIDUALLY_EXPIRED_MESSAGES","details":{"messagesDeleted":0,"cutoffTime":"2025-07-26T03:54:11.897Z"},"environment":"development"}
{"timestamp":"2025-07-26T03:54:12.157Z","level":"INFO","operation":"OLD_MESSAGES_CLEANUP","details":{"cutoffDate":"2025-05-27T03:54:11.906Z","retentionDays":60,"messagesDeleted":0},"environment":"development"}
{"timestamp":"2025-07-26T03:54:12.169Z","level":"INFO","operation":"OLD_SESSIONS_CLEANUP","details":{"cutoffDate":"2025-05-27T03:54:11.906Z","retentionDays":60,"sessionsDeleted":0},"environment":"development"}
{"timestamp":"2025-07-26T03:54:12.198Z","level":"INFO","operation":"OLD_PARTICIPANTS_CLEANUP","details":{"cutoffDate":"2025-05-27T03:54:11.906Z","retentionDays":60,"participantsDeleted":0},"environment":"development"}
{"timestamp":"2025-07-26T03:54:12.301Z","level":"INFO","operation":"EXPIRED_SESSION_MESSAGES","details":{"expiredSessionsFound":1,"messagesDeleted":0,"sessionIds":["qruOZc6u2JOqgB"]},"environment":"development"}
{"timestamp":"2025-07-26T03:54:12.302Z","level":"INFO","operation":"SESSION_BASED_CLEANUP_STATISTICS","details":{"statistics":{"expiredSessionMessages":0,"expiredMessages":0,"totalRemoved":0},"totalRecords":0,"executionTimeMs":405,"executionTimeSec":0},"environment":"development"}
{"timestamp":"2025-07-26T03:54:13.171Z","level":"INFO","operation":"OLD_TIMER_CHANGES_CLEANUP","details":{"cutoffDate":"2025-05-27T03:54:11.907Z","retentionDays":60,"timerChangesDeleted":0},"environment":"development"}
{"timestamp":"2025-07-26T03:54:13.172Z","level":"INFO","operation":"DATA_RETENTION_CLEANUP_STATISTICS","details":{"statistics":{"oldMessages":0,"oldSessions":0,"oldParticipants":0,"oldTimerChanges":0,"totalRecordsRemoved":0},"totalRecords":0,"executionTimeMs":1274,"executionTimeSec":1},"environment":"development"}
{"timestamp":"2025-07-26T03:54:13.174Z","level":"INFO","operation":"SCHEDULE_SETUP","details":{"service":"MessageCleanup","schedule":"every 4 hours","nextRun":"2025-07-26T07:54:13.173Z"},"environment":"development"}
{"timestamp":"2025-07-26T03:54:13.174Z","level":"INFO","operation":"SCHEDULE_SETUP","details":{"service":"DataRetentionCleanup","schedule":"daily at midnight","nextRun":"2025-07-26T19:00:00.000Z"},"environment":"development"}
{"timestamp":"2025-07-26T03:54:39.992Z","level":"INFO","operation":"DATA_RETENTION_CLEANUP_START","details":{"retentionDays":60,"retentionPeriodMs":5184000000,"cutoffDate":"2025-05-27T03:54:39.992Z"},"environment":"development"}
{"timestamp":"2025-07-26T03:54:40.137Z","level":"INFO","operation":"INDIVIDUALLY_EXPIRED_MESSAGES","details":{"messagesDeleted":0,"cutoffTime":"2025-07-26T03:54:39.992Z"},"environment":"development"}
{"timestamp":"2025-07-26T03:54:40.173Z","level":"INFO","operation":"OLD_MESSAGES_CLEANUP","details":{"cutoffDate":"2025-05-27T03:54:40.000Z","retentionDays":60,"messagesDeleted":0},"environment":"development"}
{"timestamp":"2025-07-26T03:54:40.269Z","level":"INFO","operation":"OLD_SESSIONS_CLEANUP","details":{"cutoffDate":"2025-05-27T03:54:40.000Z","retentionDays":60,"sessionsDeleted":0},"environment":"development"}
{"timestamp":"2025-07-26T03:54:40.270Z","level":"INFO","operation":"OLD_PARTICIPANTS_CLEANUP","details":{"cutoffDate":"2025-05-27T03:54:40.000Z","retentionDays":60,"participantsDeleted":0},"environment":"development"}
{"timestamp":"2025-07-26T03:54:40.308Z","level":"INFO","operation":"OLD_TIMER_CHANGES_CLEANUP","details":{"cutoffDate":"2025-05-27T03:54:40.000Z","retentionDays":60,"timerChangesDeleted":0},"environment":"development"}
{"timestamp":"2025-07-26T03:54:40.309Z","level":"INFO","operation":"DATA_RETENTION_CLEANUP_STATISTICS","details":{"statistics":{"oldMessages":0,"oldSessions":0,"oldParticipants":0,"oldTimerChanges":0,"totalRecordsRemoved":0},"totalRecords":0,"executionTimeMs":317,"executionTimeSec":0},"environment":"development"}
{"timestamp":"2025-07-26T03:54:40.403Z","level":"INFO","operation":"EXPIRED_SESSION_MESSAGES","details":{"expiredSessionsFound":1,"messagesDeleted":0,"sessionIds":["qruOZc6u2JOqgB"]},"environment":"development"}
{"timestamp":"2025-07-26T03:54:40.403Z","level":"INFO","operation":"SESSION_BASED_CLEANUP_STATISTICS","details":{"statistics":{"expiredSessionMessages":0,"expiredMessages":0,"totalRemoved":0},"totalRecords":0,"executionTimeMs":413,"executionTimeSec":0},"environment":"development"}
{"timestamp":"2025-07-26T03:54:40.405Z","level":"INFO","operation":"SCHEDULE_SETUP","details":{"service":"MessageCleanup","schedule":"every 4 hours","nextRun":"2025-07-26T07:54:40.405Z"},"environment":"development"}
{"timestamp":"2025-07-26T03:54:40.405Z","level":"INFO","operation":"SCHEDULE_SETUP","details":{"service":"DataRetentionCleanup","schedule":"daily at midnight","nextRun":"2025-07-26T19:00:00.000Z"},"environment":"development"}
