{"timestamp":"2025-07-22T01:17:32.164Z","level":"INFO","operation":"DATA_RETENTION_CLEANUP_START","details":{"retentionDays":60,"retentionPeriodMs":5184000000,"cutoffDate":"2025-05-23T01:17:32.163Z"},"environment":"development"}
{"timestamp":"2025-07-22T01:17:32.320Z","level":"INFO","operation":"INDIVIDUALLY_EXPIRED_MESSAGES","details":{"messagesDeleted":0,"cutoffTime":"2025-07-22T01:17:32.163Z"},"environment":"development"}
{"timestamp":"2025-07-22T01:17:32.366Z","level":"INFO","operation":"OLD_MESSAGES_CLEANUP","details":{"cutoffDate":"2025-05-23T01:17:32.173Z","retentionDays":60,"messagesDeleted":0},"environment":"development"}
{"timestamp":"2025-07-22T01:17:32.468Z","level":"INFO","operation":"OLD_SESSIONS_CLEANUP","details":{"cutoffDate":"2025-05-23T01:17:32.173Z","retentionDays":60,"sessionsDeleted":0},"environment":"development"}
{"timestamp":"2025-07-22T01:17:32.471Z","level":"INFO","operation":"OLD_PARTICIPANTS_CLEANUP","details":{"cutoffDate":"2025-05-23T01:17:32.173Z","retentionDays":60,"participantsDeleted":0},"environment":"development"}
{"timestamp":"2025-07-22T01:17:32.514Z","level":"INFO","operation":"OLD_TIMER_CHANGES_CLEANUP","details":{"cutoffDate":"2025-05-23T01:17:32.174Z","retentionDays":60,"timerChangesDeleted":0},"environment":"development"}
{"timestamp":"2025-07-22T01:17:32.515Z","level":"INFO","operation":"DATA_RETENTION_CLEANUP_STATISTICS","details":{"statistics":{"oldMessages":0,"oldSessions":0,"oldParticipants":0,"oldTimerChanges":0,"totalRecordsRemoved":0},"totalRecords":0,"executionTimeMs":352,"executionTimeSec":0},"environment":"development"}
{"timestamp":"2025-07-22T01:17:32.619Z","level":"INFO","operation":"EXPIRED_SESSION_MESSAGES","details":{"expiredSessionsFound":5,"messagesDeleted":0,"sessionIds":["DcmmETb5kV4Bgf","CWNVFmjacVCCar","maoyqzkaAzkKVg","TIUE5GUROoQij2","kRhGCk0fYa3Awj"]},"environment":"development"}
{"timestamp":"2025-07-22T01:17:32.620Z","level":"INFO","operation":"SESSION_BASED_CLEANUP_STATISTICS","details":{"statistics":{"expiredSessionMessages":0,"expiredMessages":0,"totalRemoved":0},"totalRecords":0,"executionTimeMs":459,"executionTimeSec":0},"environment":"development"}
{"timestamp":"2025-07-22T01:17:32.621Z","level":"INFO","operation":"SCHEDULE_SETUP","details":{"service":"MessageCleanup","schedule":"every 4 hours","nextRun":"2025-07-22T05:17:32.621Z"},"environment":"development"}
{"timestamp":"2025-07-22T01:17:32.621Z","level":"INFO","operation":"SCHEDULE_SETUP","details":{"service":"DataRetentionCleanup","schedule":"daily at midnight","nextRun":"2025-07-22T19:00:00.000Z"},"environment":"development"}
{"timestamp":"2025-07-22T01:40:20.269Z","level":"INFO","operation":"SPECIFIC_SESSION_CLEANUP","details":{"sessionId":"ErbOFJ3WLaGBnb","messagesDeleted":3},"environment":"development"}
{"timestamp":"2025-07-22T03:37:49.370Z","level":"INFO","operation":"SPECIFIC_SESSION_CLEANUP","details":{"sessionId":"th3NIpu9AdLQx2","messagesDeleted":0},"environment":"development"}
{"timestamp":"2025-07-22T03:54:44.226Z","level":"INFO","operation":"DATA_RETENTION_CLEANUP_START","details":{"retentionDays":60,"retentionPeriodMs":5184000000,"cutoffDate":"2025-05-23T03:54:44.226Z"},"environment":"development"}
{"timestamp":"2025-07-22T03:54:44.383Z","level":"INFO","operation":"INDIVIDUALLY_EXPIRED_MESSAGES","details":{"messagesDeleted":0,"cutoffTime":"2025-07-22T03:54:44.225Z"},"environment":"development"}
{"timestamp":"2025-07-22T03:54:44.385Z","level":"INFO","operation":"EXPIRED_SESSION_MESSAGES","details":{"expiredSessionsFound":0,"messagesDeleted":0},"environment":"development"}
{"timestamp":"2025-07-22T03:54:44.386Z","level":"INFO","operation":"SESSION_BASED_CLEANUP_STATISTICS","details":{"statistics":{"expiredSessionMessages":0,"expiredMessages":0,"totalRemoved":0},"totalRecords":0,"executionTimeMs":164,"executionTimeSec":0},"environment":"development"}
{"timestamp":"2025-07-22T03:54:44.484Z","level":"INFO","operation":"OLD_MESSAGES_CLEANUP","details":{"cutoffDate":"2025-05-23T03:54:44.234Z","retentionDays":60,"messagesDeleted":0},"environment":"development"}
{"timestamp":"2025-07-22T03:54:44.537Z","level":"INFO","operation":"OLD_SESSIONS_CLEANUP","details":{"cutoffDate":"2025-05-23T03:54:44.235Z","retentionDays":60,"sessionsDeleted":0},"environment":"development"}
{"timestamp":"2025-07-22T03:54:44.538Z","level":"INFO","operation":"OLD_PARTICIPANTS_CLEANUP","details":{"cutoffDate":"2025-05-23T03:54:44.235Z","retentionDays":60,"participantsDeleted":0},"environment":"development"}
{"timestamp":"2025-07-22T03:54:44.638Z","level":"INFO","operation":"OLD_TIMER_CHANGES_CLEANUP","details":{"cutoffDate":"2025-05-23T03:54:44.235Z","retentionDays":60,"timerChangesDeleted":0},"environment":"development"}
{"timestamp":"2025-07-22T03:54:44.638Z","level":"INFO","operation":"DATA_RETENTION_CLEANUP_STATISTICS","details":{"statistics":{"oldMessages":0,"oldSessions":0,"oldParticipants":0,"oldTimerChanges":0,"totalRecordsRemoved":0},"totalRecords":0,"executionTimeMs":412,"executionTimeSec":0},"environment":"development"}
{"timestamp":"2025-07-22T03:54:44.640Z","level":"INFO","operation":"SCHEDULE_SETUP","details":{"service":"MessageCleanup","schedule":"every 4 hours","nextRun":"2025-07-22T07:54:44.639Z"},"environment":"development"}
{"timestamp":"2025-07-22T03:54:44.640Z","level":"INFO","operation":"SCHEDULE_SETUP","details":{"service":"DataRetentionCleanup","schedule":"daily at midnight","nextRun":"2025-07-22T19:00:00.000Z"},"environment":"development"}
{"timestamp":"2025-07-22T03:59:54.979Z","level":"INFO","operation":"DATA_RETENTION_CLEANUP_START","details":{"retentionDays":60,"retentionPeriodMs":5184000000,"cutoffDate":"2025-05-23T03:59:54.979Z"},"environment":"development"}
{"timestamp":"2025-07-22T03:59:55.236Z","level":"INFO","operation":"INDIVIDUALLY_EXPIRED_MESSAGES","details":{"messagesDeleted":0,"cutoffTime":"2025-07-22T03:59:54.979Z"},"environment":"development"}
{"timestamp":"2025-07-22T03:59:55.261Z","level":"INFO","operation":"EXPIRED_SESSION_MESSAGES","details":{"expiredSessionsFound":0,"messagesDeleted":0},"environment":"development"}
{"timestamp":"2025-07-22T03:59:55.261Z","level":"INFO","operation":"SESSION_BASED_CLEANUP_STATISTICS","details":{"statistics":{"expiredSessionMessages":0,"expiredMessages":0,"totalRemoved":0},"totalRecords":0,"executionTimeMs":284,"executionTimeSec":0},"environment":"development"}
{"timestamp":"2025-07-22T03:59:55.263Z","level":"INFO","operation":"OLD_MESSAGES_CLEANUP","details":{"cutoffDate":"2025-05-23T03:59:54.987Z","retentionDays":60,"messagesDeleted":0},"environment":"development"}
{"timestamp":"2025-07-22T03:59:55.387Z","level":"INFO","operation":"OLD_SESSIONS_CLEANUP","details":{"cutoffDate":"2025-05-23T03:59:54.987Z","retentionDays":60,"sessionsDeleted":0},"environment":"development"}
{"timestamp":"2025-07-22T03:59:55.412Z","level":"INFO","operation":"OLD_TIMER_CHANGES_CLEANUP","details":{"cutoffDate":"2025-05-23T03:59:54.987Z","retentionDays":60,"timerChangesDeleted":0},"environment":"development"}
{"timestamp":"2025-07-22T03:59:55.413Z","level":"INFO","operation":"OLD_PARTICIPANTS_CLEANUP","details":{"cutoffDate":"2025-05-23T03:59:54.987Z","retentionDays":60,"participantsDeleted":0},"environment":"development"}
{"timestamp":"2025-07-22T03:59:55.414Z","level":"INFO","operation":"DATA_RETENTION_CLEANUP_STATISTICS","details":{"statistics":{"oldMessages":0,"oldSessions":0,"oldParticipants":0,"oldTimerChanges":0,"totalRecordsRemoved":0},"totalRecords":0,"executionTimeMs":435,"executionTimeSec":0},"environment":"development"}
{"timestamp":"2025-07-22T03:59:55.415Z","level":"INFO","operation":"SCHEDULE_SETUP","details":{"service":"MessageCleanup","schedule":"every 4 hours","nextRun":"2025-07-22T07:59:55.415Z"},"environment":"development"}
{"timestamp":"2025-07-22T03:59:55.415Z","level":"INFO","operation":"SCHEDULE_SETUP","details":{"service":"DataRetentionCleanup","schedule":"daily at midnight","nextRun":"2025-07-22T19:00:00.000Z"},"environment":"development"}
{"timestamp":"2025-07-22T04:00:20.903Z","level":"INFO","operation":"DATA_RETENTION_CLEANUP_START","details":{"retentionDays":60,"retentionPeriodMs":5184000000,"cutoffDate":"2025-05-23T04:00:20.903Z"},"environment":"development"}
{"timestamp":"2025-07-22T04:00:21.166Z","level":"INFO","operation":"INDIVIDUALLY_EXPIRED_MESSAGES","details":{"messagesDeleted":0,"cutoffTime":"2025-07-22T04:00:20.903Z"},"environment":"development"}
{"timestamp":"2025-07-22T04:00:21.189Z","level":"INFO","operation":"EXPIRED_SESSION_MESSAGES","details":{"expiredSessionsFound":0,"messagesDeleted":0},"environment":"development"}
{"timestamp":"2025-07-22T04:00:21.190Z","level":"INFO","operation":"SESSION_BASED_CLEANUP_STATISTICS","details":{"statistics":{"expiredSessionMessages":0,"expiredMessages":0,"totalRemoved":0},"totalRecords":0,"executionTimeMs":288,"executionTimeSec":0},"environment":"development"}
{"timestamp":"2025-07-22T04:00:21.208Z","level":"INFO","operation":"OLD_MESSAGES_CLEANUP","details":{"cutoffDate":"2025-05-23T04:00:20.910Z","retentionDays":60,"messagesDeleted":0},"environment":"development"}
{"timestamp":"2025-07-22T04:00:21.313Z","level":"INFO","operation":"OLD_SESSIONS_CLEANUP","details":{"cutoffDate":"2025-05-23T04:00:20.911Z","retentionDays":60,"sessionsDeleted":0},"environment":"development"}
{"timestamp":"2025-07-22T04:00:21.339Z","level":"INFO","operation":"OLD_PARTICIPANTS_CLEANUP","details":{"cutoffDate":"2025-05-23T04:00:20.911Z","retentionDays":60,"participantsDeleted":0},"environment":"development"}
{"timestamp":"2025-07-22T04:00:21.356Z","level":"INFO","operation":"OLD_TIMER_CHANGES_CLEANUP","details":{"cutoffDate":"2025-05-23T04:00:20.911Z","retentionDays":60,"timerChangesDeleted":0},"environment":"development"}
{"timestamp":"2025-07-22T04:00:21.357Z","level":"INFO","operation":"DATA_RETENTION_CLEANUP_STATISTICS","details":{"statistics":{"oldMessages":0,"oldSessions":0,"oldParticipants":0,"oldTimerChanges":0,"totalRecordsRemoved":0},"totalRecords":0,"executionTimeMs":454,"executionTimeSec":0},"environment":"development"}
{"timestamp":"2025-07-22T04:00:21.359Z","level":"INFO","operation":"SCHEDULE_SETUP","details":{"service":"MessageCleanup","schedule":"every 4 hours","nextRun":"2025-07-22T08:00:21.358Z"},"environment":"development"}
{"timestamp":"2025-07-22T04:00:21.359Z","level":"INFO","operation":"SCHEDULE_SETUP","details":{"service":"DataRetentionCleanup","schedule":"daily at midnight","nextRun":"2025-07-22T19:00:00.000Z"},"environment":"development"}
{"timestamp":"2025-07-22T04:00:44.434Z","level":"INFO","operation":"DATA_RETENTION_CLEANUP_START","details":{"retentionDays":60,"retentionPeriodMs":5184000000,"cutoffDate":"2025-05-23T04:00:44.434Z"},"environment":"development"}
{"timestamp":"2025-07-22T04:00:44.688Z","level":"INFO","operation":"INDIVIDUALLY_EXPIRED_MESSAGES","details":{"messagesDeleted":0,"cutoffTime":"2025-07-22T04:00:44.434Z"},"environment":"development"}
{"timestamp":"2025-07-22T04:00:44.730Z","level":"INFO","operation":"EXPIRED_SESSION_MESSAGES","details":{"expiredSessionsFound":0,"messagesDeleted":0},"environment":"development"}
{"timestamp":"2025-07-22T04:00:44.731Z","level":"INFO","operation":"SESSION_BASED_CLEANUP_STATISTICS","details":{"statistics":{"expiredSessionMessages":0,"expiredMessages":0,"totalRemoved":0},"totalRecords":0,"executionTimeMs":299,"executionTimeSec":0},"environment":"development"}
{"timestamp":"2025-07-22T04:00:44.751Z","level":"INFO","operation":"OLD_MESSAGES_CLEANUP","details":{"cutoffDate":"2025-05-23T04:00:44.443Z","retentionDays":60,"messagesDeleted":0},"environment":"development"}
{"timestamp":"2025-07-22T04:00:44.835Z","level":"INFO","operation":"OLD_SESSIONS_CLEANUP","details":{"cutoffDate":"2025-05-23T04:00:44.443Z","retentionDays":60,"sessionsDeleted":0},"environment":"development"}
{"timestamp":"2025-07-22T04:00:44.881Z","level":"INFO","operation":"OLD_PARTICIPANTS_CLEANUP","details":{"cutoffDate":"2025-05-23T04:00:44.443Z","retentionDays":60,"participantsDeleted":0},"environment":"development"}
{"timestamp":"2025-07-22T04:00:44.901Z","level":"INFO","operation":"OLD_TIMER_CHANGES_CLEANUP","details":{"cutoffDate":"2025-05-23T04:00:44.443Z","retentionDays":60,"timerChangesDeleted":0},"environment":"development"}
{"timestamp":"2025-07-22T04:00:44.901Z","level":"INFO","operation":"DATA_RETENTION_CLEANUP_STATISTICS","details":{"statistics":{"oldMessages":0,"oldSessions":0,"oldParticipants":0,"oldTimerChanges":0,"totalRecordsRemoved":0},"totalRecords":0,"executionTimeMs":467,"executionTimeSec":0},"environment":"development"}
{"timestamp":"2025-07-22T04:00:44.903Z","level":"INFO","operation":"SCHEDULE_SETUP","details":{"service":"MessageCleanup","schedule":"every 4 hours","nextRun":"2025-07-22T08:00:44.903Z"},"environment":"development"}
{"timestamp":"2025-07-22T04:00:44.903Z","level":"INFO","operation":"SCHEDULE_SETUP","details":{"service":"DataRetentionCleanup","schedule":"daily at midnight","nextRun":"2025-07-22T19:00:00.000Z"},"environment":"development"}
{"timestamp":"2025-07-22T04:00:56.621Z","level":"INFO","operation":"DATA_RETENTION_CLEANUP_START","details":{"retentionDays":60,"retentionPeriodMs":5184000000,"cutoffDate":"2025-05-23T04:00:56.621Z"},"environment":"development"}
{"timestamp":"2025-07-22T04:00:56.896Z","level":"INFO","operation":"INDIVIDUALLY_EXPIRED_MESSAGES","details":{"messagesDeleted":0,"cutoffTime":"2025-07-22T04:00:56.620Z"},"environment":"development"}
{"timestamp":"2025-07-22T04:00:56.903Z","level":"INFO","operation":"EXPIRED_SESSION_MESSAGES","details":{"expiredSessionsFound":0,"messagesDeleted":0},"environment":"development"}
{"timestamp":"2025-07-22T04:00:56.904Z","level":"INFO","operation":"SESSION_BASED_CLEANUP_STATISTICS","details":{"statistics":{"expiredSessionMessages":0,"expiredMessages":0,"totalRemoved":0},"totalRecords":0,"executionTimeMs":285,"executionTimeSec":0},"environment":"development"}
{"timestamp":"2025-07-22T04:00:56.926Z","level":"INFO","operation":"OLD_MESSAGES_CLEANUP","details":{"cutoffDate":"2025-05-23T04:00:56.628Z","retentionDays":60,"messagesDeleted":0},"environment":"development"}
{"timestamp":"2025-07-22T04:00:57.044Z","level":"INFO","operation":"OLD_SESSIONS_CLEANUP","details":{"cutoffDate":"2025-05-23T04:00:56.628Z","retentionDays":60,"sessionsDeleted":0},"environment":"development"}
{"timestamp":"2025-07-22T04:00:57.050Z","level":"INFO","operation":"OLD_PARTICIPANTS_CLEANUP","details":{"cutoffDate":"2025-05-23T04:00:56.628Z","retentionDays":60,"participantsDeleted":0},"environment":"development"}
{"timestamp":"2025-07-22T04:00:57.073Z","level":"INFO","operation":"OLD_TIMER_CHANGES_CLEANUP","details":{"cutoffDate":"2025-05-23T04:00:56.629Z","retentionDays":60,"timerChangesDeleted":0},"environment":"development"}
{"timestamp":"2025-07-22T04:00:57.074Z","level":"INFO","operation":"DATA_RETENTION_CLEANUP_STATISTICS","details":{"statistics":{"oldMessages":0,"oldSessions":0,"oldParticipants":0,"oldTimerChanges":0,"totalRecordsRemoved":0},"totalRecords":0,"executionTimeMs":454,"executionTimeSec":0},"environment":"development"}
{"timestamp":"2025-07-22T04:00:57.076Z","level":"INFO","operation":"SCHEDULE_SETUP","details":{"service":"MessageCleanup","schedule":"every 4 hours","nextRun":"2025-07-22T08:00:57.076Z"},"environment":"development"}
{"timestamp":"2025-07-22T04:00:57.076Z","level":"INFO","operation":"SCHEDULE_SETUP","details":{"service":"DataRetentionCleanup","schedule":"daily at midnight","nextRun":"2025-07-22T19:00:00.000Z"},"environment":"development"}
{"timestamp":"2025-07-22T04:01:13.956Z","level":"INFO","operation":"DATA_RETENTION_CLEANUP_START","details":{"retentionDays":60,"retentionPeriodMs":5184000000,"cutoffDate":"2025-05-23T04:01:13.956Z"},"environment":"development"}
{"timestamp":"2025-07-22T04:01:14.198Z","level":"INFO","operation":"INDIVIDUALLY_EXPIRED_MESSAGES","details":{"messagesDeleted":0,"cutoffTime":"2025-07-22T04:01:13.955Z"},"environment":"development"}
{"timestamp":"2025-07-22T04:01:14.207Z","level":"INFO","operation":"EXPIRED_SESSION_MESSAGES","details":{"expiredSessionsFound":0,"messagesDeleted":0},"environment":"development"}
{"timestamp":"2025-07-22T04:01:14.208Z","level":"INFO","operation":"SESSION_BASED_CLEANUP_STATISTICS","details":{"statistics":{"expiredSessionMessages":0,"expiredMessages":0,"totalRemoved":0},"totalRecords":0,"executionTimeMs":253,"executionTimeSec":0},"environment":"development"}
{"timestamp":"2025-07-22T04:01:14.227Z","level":"INFO","operation":"OLD_MESSAGES_CLEANUP","details":{"cutoffDate":"2025-05-23T04:01:13.963Z","retentionDays":60,"messagesDeleted":0},"environment":"development"}
{"timestamp":"2025-07-22T04:01:14.345Z","level":"INFO","operation":"OLD_SESSIONS_CLEANUP","details":{"cutoffDate":"2025-05-23T04:01:13.964Z","retentionDays":60,"sessionsDeleted":0},"environment":"development"}
{"timestamp":"2025-07-22T04:01:14.354Z","level":"INFO","operation":"OLD_PARTICIPANTS_CLEANUP","details":{"cutoffDate":"2025-05-23T04:01:13.964Z","retentionDays":60,"participantsDeleted":0},"environment":"development"}
{"timestamp":"2025-07-22T04:01:14.374Z","level":"INFO","operation":"OLD_TIMER_CHANGES_CLEANUP","details":{"cutoffDate":"2025-05-23T04:01:13.964Z","retentionDays":60,"timerChangesDeleted":0},"environment":"development"}
{"timestamp":"2025-07-22T04:01:14.375Z","level":"INFO","operation":"DATA_RETENTION_CLEANUP_STATISTICS","details":{"statistics":{"oldMessages":0,"oldSessions":0,"oldParticipants":0,"oldTimerChanges":0,"totalRecordsRemoved":0},"totalRecords":0,"executionTimeMs":418,"executionTimeSec":0},"environment":"development"}
{"timestamp":"2025-07-22T04:01:14.376Z","level":"INFO","operation":"SCHEDULE_SETUP","details":{"service":"MessageCleanup","schedule":"every 4 hours","nextRun":"2025-07-22T08:01:14.376Z"},"environment":"development"}
{"timestamp":"2025-07-22T04:01:14.376Z","level":"INFO","operation":"SCHEDULE_SETUP","details":{"service":"DataRetentionCleanup","schedule":"daily at midnight","nextRun":"2025-07-22T19:00:00.000Z"},"environment":"development"}
{"timestamp":"2025-07-22T04:01:31.733Z","level":"INFO","operation":"DATA_RETENTION_CLEANUP_START","details":{"retentionDays":60,"retentionPeriodMs":5184000000,"cutoffDate":"2025-05-23T04:01:31.733Z"},"environment":"development"}
{"timestamp":"2025-07-22T04:01:31.975Z","level":"INFO","operation":"INDIVIDUALLY_EXPIRED_MESSAGES","details":{"messagesDeleted":0,"cutoffTime":"2025-07-22T04:01:31.732Z"},"environment":"development"}
{"timestamp":"2025-07-22T04:01:31.993Z","level":"INFO","operation":"EXPIRED_SESSION_MESSAGES","details":{"expiredSessionsFound":0,"messagesDeleted":0},"environment":"development"}
{"timestamp":"2025-07-22T04:01:31.995Z","level":"INFO","operation":"SESSION_BASED_CLEANUP_STATISTICS","details":{"statistics":{"expiredSessionMessages":0,"expiredMessages":0,"totalRemoved":0},"totalRecords":0,"executionTimeMs":264,"executionTimeSec":0},"environment":"development"}
{"timestamp":"2025-07-22T04:01:32.010Z","level":"INFO","operation":"OLD_MESSAGES_CLEANUP","details":{"cutoffDate":"2025-05-23T04:01:31.741Z","retentionDays":60,"messagesDeleted":0},"environment":"development"}
{"timestamp":"2025-07-22T04:01:32.122Z","level":"INFO","operation":"OLD_SESSIONS_CLEANUP","details":{"cutoffDate":"2025-05-23T04:01:31.741Z","retentionDays":60,"sessionsDeleted":0},"environment":"development"}
{"timestamp":"2025-07-22T04:01:32.142Z","level":"INFO","operation":"OLD_PARTICIPANTS_CLEANUP","details":{"cutoffDate":"2025-05-23T04:01:31.741Z","retentionDays":60,"participantsDeleted":0},"environment":"development"}
{"timestamp":"2025-07-22T04:01:32.158Z","level":"INFO","operation":"OLD_TIMER_CHANGES_CLEANUP","details":{"cutoffDate":"2025-05-23T04:01:31.741Z","retentionDays":60,"timerChangesDeleted":0},"environment":"development"}
{"timestamp":"2025-07-22T04:01:32.158Z","level":"INFO","operation":"DATA_RETENTION_CLEANUP_STATISTICS","details":{"statistics":{"oldMessages":0,"oldSessions":0,"oldParticipants":0,"oldTimerChanges":0,"totalRecordsRemoved":0},"totalRecords":0,"executionTimeMs":425,"executionTimeSec":0},"environment":"development"}
{"timestamp":"2025-07-22T04:01:32.159Z","level":"INFO","operation":"SCHEDULE_SETUP","details":{"service":"MessageCleanup","schedule":"every 4 hours","nextRun":"2025-07-22T08:01:32.159Z"},"environment":"development"}
{"timestamp":"2025-07-22T04:01:32.160Z","level":"INFO","operation":"SCHEDULE_SETUP","details":{"service":"DataRetentionCleanup","schedule":"daily at midnight","nextRun":"2025-07-22T19:00:00.000Z"},"environment":"development"}
{"timestamp":"2025-07-22T04:01:40.552Z","level":"INFO","operation":"DATA_RETENTION_CLEANUP_START","details":{"retentionDays":60,"retentionPeriodMs":5184000000,"cutoffDate":"2025-05-23T04:01:40.552Z"},"environment":"development"}
{"timestamp":"2025-07-22T04:01:40.726Z","level":"INFO","operation":"INDIVIDUALLY_EXPIRED_MESSAGES","details":{"messagesDeleted":0,"cutoffTime":"2025-07-22T04:01:40.552Z"},"environment":"development"}
{"timestamp":"2025-07-22T04:01:40.868Z","level":"INFO","operation":"EXPIRED_SESSION_MESSAGES","details":{"expiredSessionsFound":0,"messagesDeleted":0},"environment":"development"}
{"timestamp":"2025-07-22T04:01:40.869Z","level":"INFO","operation":"SESSION_BASED_CLEANUP_STATISTICS","details":{"statistics":{"expiredSessionMessages":0,"expiredMessages":0,"totalRemoved":0},"totalRecords":0,"executionTimeMs":319,"executionTimeSec":0},"environment":"development"}
{"timestamp":"2025-07-22T04:01:40.873Z","level":"INFO","operation":"OLD_SESSIONS_CLEANUP","details":{"cutoffDate":"2025-05-23T04:01:40.560Z","retentionDays":60,"sessionsDeleted":0},"environment":"development"}
{"timestamp":"2025-07-22T04:01:40.877Z","level":"INFO","operation":"OLD_MESSAGES_CLEANUP","details":{"cutoffDate":"2025-05-23T04:01:40.560Z","retentionDays":60,"messagesDeleted":0},"environment":"development"}
{"timestamp":"2025-07-22T04:01:41.018Z","level":"INFO","operation":"OLD_PARTICIPANTS_CLEANUP","details":{"cutoffDate":"2025-05-23T04:01:40.560Z","retentionDays":60,"participantsDeleted":0},"environment":"development"}
{"timestamp":"2025-07-22T04:01:41.020Z","level":"INFO","operation":"OLD_TIMER_CHANGES_CLEANUP","details":{"cutoffDate":"2025-05-23T04:01:40.561Z","retentionDays":60,"timerChangesDeleted":0},"environment":"development"}
{"timestamp":"2025-07-22T04:01:41.020Z","level":"INFO","operation":"DATA_RETENTION_CLEANUP_STATISTICS","details":{"statistics":{"oldMessages":0,"oldSessions":0,"oldParticipants":0,"oldTimerChanges":0,"totalRecordsRemoved":0},"totalRecords":0,"executionTimeMs":468,"executionTimeSec":0},"environment":"development"}
{"timestamp":"2025-07-22T04:01:41.022Z","level":"INFO","operation":"SCHEDULE_SETUP","details":{"service":"MessageCleanup","schedule":"every 4 hours","nextRun":"2025-07-22T08:01:41.022Z"},"environment":"development"}
{"timestamp":"2025-07-22T04:01:41.022Z","level":"INFO","operation":"SCHEDULE_SETUP","details":{"service":"DataRetentionCleanup","schedule":"daily at midnight","nextRun":"2025-07-22T19:00:00.000Z"},"environment":"development"}
{"timestamp":"2025-07-22T04:03:08.625Z","level":"INFO","operation":"DATA_RETENTION_CLEANUP_START","details":{"retentionDays":60,"retentionPeriodMs":5184000000,"cutoffDate":"2025-05-23T04:03:08.624Z"},"environment":"development"}
{"timestamp":"2025-07-22T04:03:08.805Z","level":"INFO","operation":"INDIVIDUALLY_EXPIRED_MESSAGES","details":{"messagesDeleted":0,"cutoffTime":"2025-07-22T04:03:08.624Z"},"environment":"development"}
{"timestamp":"2025-07-22T04:03:08.889Z","level":"INFO","operation":"EXPIRED_SESSION_MESSAGES","details":{"expiredSessionsFound":0,"messagesDeleted":0},"environment":"development"}
{"timestamp":"2025-07-22T04:03:08.891Z","level":"INFO","operation":"SESSION_BASED_CLEANUP_STATISTICS","details":{"statistics":{"expiredSessionMessages":0,"expiredMessages":0,"totalRemoved":0},"totalRecords":0,"executionTimeMs":269,"executionTimeSec":0},"environment":"development"}
{"timestamp":"2025-07-22T04:03:08.959Z","level":"INFO","operation":"OLD_SESSIONS_CLEANUP","details":{"cutoffDate":"2025-05-23T04:03:08.633Z","retentionDays":60,"sessionsDeleted":0},"environment":"development"}
{"timestamp":"2025-07-22T04:03:09.035Z","level":"INFO","operation":"OLD_PARTICIPANTS_CLEANUP","details":{"cutoffDate":"2025-05-23T04:03:08.633Z","retentionDays":60,"participantsDeleted":0},"environment":"development"}
{"timestamp":"2025-07-22T04:03:13.728Z","level":"INFO","operation":"DATA_RETENTION_CLEANUP_START","details":{"retentionDays":60,"retentionPeriodMs":5184000000,"cutoffDate":"2025-05-23T04:03:13.728Z"},"environment":"development"}
{"timestamp":"2025-07-22T04:03:13.904Z","level":"INFO","operation":"INDIVIDUALLY_EXPIRED_MESSAGES","details":{"messagesDeleted":0,"cutoffTime":"2025-07-22T04:03:13.727Z"},"environment":"development"}
{"timestamp":"2025-07-22T04:03:14.012Z","level":"INFO","operation":"EXPIRED_SESSION_MESSAGES","details":{"expiredSessionsFound":0,"messagesDeleted":0},"environment":"development"}
{"timestamp":"2025-07-22T04:03:14.013Z","level":"INFO","operation":"SESSION_BASED_CLEANUP_STATISTICS","details":{"statistics":{"expiredSessionMessages":0,"expiredMessages":0,"totalRemoved":0},"totalRecords":0,"executionTimeMs":288,"executionTimeSec":0},"environment":"development"}
{"timestamp":"2025-07-22T04:03:14.019Z","level":"INFO","operation":"OLD_MESSAGES_CLEANUP","details":{"cutoffDate":"2025-05-23T04:03:13.735Z","retentionDays":60,"messagesDeleted":0},"environment":"development"}
{"timestamp":"2025-07-22T04:03:14.056Z","level":"INFO","operation":"OLD_SESSIONS_CLEANUP","details":{"cutoffDate":"2025-05-23T04:03:13.735Z","retentionDays":60,"sessionsDeleted":0},"environment":"development"}
{"timestamp":"2025-07-22T04:03:14.157Z","level":"INFO","operation":"OLD_PARTICIPANTS_CLEANUP","details":{"cutoffDate":"2025-05-23T04:03:13.735Z","retentionDays":60,"participantsDeleted":0},"environment":"development"}
{"timestamp":"2025-07-22T04:03:14.165Z","level":"INFO","operation":"OLD_TIMER_CHANGES_CLEANUP","details":{"cutoffDate":"2025-05-23T04:03:13.736Z","retentionDays":60,"timerChangesDeleted":0},"environment":"development"}
{"timestamp":"2025-07-22T04:03:14.165Z","level":"INFO","operation":"DATA_RETENTION_CLEANUP_STATISTICS","details":{"statistics":{"oldMessages":0,"oldSessions":0,"oldParticipants":0,"oldTimerChanges":0,"totalRecordsRemoved":0},"totalRecords":0,"executionTimeMs":437,"executionTimeSec":0},"environment":"development"}
{"timestamp":"2025-07-22T04:03:14.167Z","level":"INFO","operation":"SCHEDULE_SETUP","details":{"service":"MessageCleanup","schedule":"every 4 hours","nextRun":"2025-07-22T08:03:14.167Z"},"environment":"development"}
{"timestamp":"2025-07-22T04:03:14.167Z","level":"INFO","operation":"SCHEDULE_SETUP","details":{"service":"DataRetentionCleanup","schedule":"daily at midnight","nextRun":"2025-07-22T19:00:00.000Z"},"environment":"development"}
{"timestamp":"2025-07-22T04:03:20.288Z","level":"INFO","operation":"DATA_RETENTION_CLEANUP_START","details":{"retentionDays":60,"retentionPeriodMs":5184000000,"cutoffDate":"2025-05-23T04:03:20.288Z"},"environment":"development"}
{"timestamp":"2025-07-22T04:03:20.464Z","level":"INFO","operation":"INDIVIDUALLY_EXPIRED_MESSAGES","details":{"messagesDeleted":0,"cutoffTime":"2025-07-22T04:03:20.288Z"},"environment":"development"}
{"timestamp":"2025-07-22T04:03:20.554Z","level":"INFO","operation":"EXPIRED_SESSION_MESSAGES","details":{"expiredSessionsFound":0,"messagesDeleted":0},"environment":"development"}
{"timestamp":"2025-07-22T04:03:20.554Z","level":"INFO","operation":"SESSION_BASED_CLEANUP_STATISTICS","details":{"statistics":{"expiredSessionMessages":0,"expiredMessages":0,"totalRemoved":0},"totalRecords":0,"executionTimeMs":268,"executionTimeSec":0},"environment":"development"}
{"timestamp":"2025-07-22T04:03:20.561Z","level":"INFO","operation":"OLD_MESSAGES_CLEANUP","details":{"cutoffDate":"2025-05-23T04:03:20.295Z","retentionDays":60,"messagesDeleted":0},"environment":"development"}
{"timestamp":"2025-07-22T04:03:20.616Z","level":"INFO","operation":"OLD_SESSIONS_CLEANUP","details":{"cutoffDate":"2025-05-23T04:03:20.295Z","retentionDays":60,"sessionsDeleted":0},"environment":"development"}
{"timestamp":"2025-07-22T04:03:20.701Z","level":"INFO","operation":"OLD_PARTICIPANTS_CLEANUP","details":{"cutoffDate":"2025-05-23T04:03:20.296Z","retentionDays":60,"participantsDeleted":0},"environment":"development"}
{"timestamp":"2025-07-22T04:03:20.709Z","level":"INFO","operation":"OLD_TIMER_CHANGES_CLEANUP","details":{"cutoffDate":"2025-05-23T04:03:20.296Z","retentionDays":60,"timerChangesDeleted":0},"environment":"development"}
{"timestamp":"2025-07-22T04:03:20.709Z","level":"INFO","operation":"DATA_RETENTION_CLEANUP_STATISTICS","details":{"statistics":{"oldMessages":0,"oldSessions":0,"oldParticipants":0,"oldTimerChanges":0,"totalRecordsRemoved":0},"totalRecords":0,"executionTimeMs":421,"executionTimeSec":0},"environment":"development"}
{"timestamp":"2025-07-22T04:03:20.711Z","level":"INFO","operation":"SCHEDULE_SETUP","details":{"service":"MessageCleanup","schedule":"every 4 hours","nextRun":"2025-07-22T08:03:20.711Z"},"environment":"development"}
{"timestamp":"2025-07-22T04:03:20.711Z","level":"INFO","operation":"SCHEDULE_SETUP","details":{"service":"DataRetentionCleanup","schedule":"daily at midnight","nextRun":"2025-07-22T19:00:00.000Z"},"environment":"development"}
{"timestamp":"2025-07-22T04:03:58.453Z","level":"INFO","operation":"DATA_RETENTION_CLEANUP_START","details":{"retentionDays":60,"retentionPeriodMs":5184000000,"cutoffDate":"2025-05-23T04:03:58.453Z"},"environment":"development"}
{"timestamp":"2025-07-22T04:03:58.616Z","level":"INFO","operation":"INDIVIDUALLY_EXPIRED_MESSAGES","details":{"messagesDeleted":0,"cutoffTime":"2025-07-22T04:03:58.453Z"},"environment":"development"}
{"timestamp":"2025-07-22T04:03:58.736Z","level":"INFO","operation":"EXPIRED_SESSION_MESSAGES","details":{"expiredSessionsFound":0,"messagesDeleted":0},"environment":"development"}
{"timestamp":"2025-07-22T04:03:58.737Z","level":"INFO","operation":"SESSION_BASED_CLEANUP_STATISTICS","details":{"statistics":{"expiredSessionMessages":0,"expiredMessages":0,"totalRemoved":0},"totalRecords":0,"executionTimeMs":286,"executionTimeSec":0},"environment":"development"}
{"timestamp":"2025-07-22T04:03:58.778Z","level":"INFO","operation":"OLD_MESSAGES_CLEANUP","details":{"cutoffDate":"2025-05-23T04:03:58.463Z","retentionDays":60,"messagesDeleted":0},"environment":"development"}
{"timestamp":"2025-07-22T04:03:58.882Z","level":"INFO","operation":"OLD_SESSIONS_CLEANUP","details":{"cutoffDate":"2025-05-23T04:03:58.463Z","retentionDays":60,"sessionsDeleted":0},"environment":"development"}
{"timestamp":"2025-07-22T04:03:58.928Z","level":"INFO","operation":"OLD_PARTICIPANTS_CLEANUP","details":{"cutoffDate":"2025-05-23T04:03:58.463Z","retentionDays":60,"participantsDeleted":0},"environment":"development"}
{"timestamp":"2025-07-22T04:03:58.932Z","level":"INFO","operation":"OLD_TIMER_CHANGES_CLEANUP","details":{"cutoffDate":"2025-05-23T04:03:58.464Z","retentionDays":60,"timerChangesDeleted":0},"environment":"development"}
{"timestamp":"2025-07-22T04:03:58.933Z","level":"INFO","operation":"DATA_RETENTION_CLEANUP_STATISTICS","details":{"statistics":{"oldMessages":0,"oldSessions":0,"oldParticipants":0,"oldTimerChanges":0,"totalRecordsRemoved":0},"totalRecords":0,"executionTimeMs":480,"executionTimeSec":0},"environment":"development"}
{"timestamp":"2025-07-22T04:03:58.934Z","level":"INFO","operation":"SCHEDULE_SETUP","details":{"service":"MessageCleanup","schedule":"every 4 hours","nextRun":"2025-07-22T08:03:58.934Z"},"environment":"development"}
{"timestamp":"2025-07-22T04:03:58.934Z","level":"INFO","operation":"SCHEDULE_SETUP","details":{"service":"DataRetentionCleanup","schedule":"daily at midnight","nextRun":"2025-07-22T19:00:00.000Z"},"environment":"development"}
{"timestamp":"2025-07-22T04:04:22.062Z","level":"INFO","operation":"DATA_RETENTION_CLEANUP_START","details":{"retentionDays":60,"retentionPeriodMs":5184000000,"cutoffDate":"2025-05-23T04:04:22.062Z"},"environment":"development"}
{"timestamp":"2025-07-22T04:04:22.323Z","level":"INFO","operation":"INDIVIDUALLY_EXPIRED_MESSAGES","details":{"messagesDeleted":0,"cutoffTime":"2025-07-22T04:04:22.062Z"},"environment":"development"}
{"timestamp":"2025-07-22T04:04:22.338Z","level":"INFO","operation":"EXPIRED_SESSION_MESSAGES","details":{"expiredSessionsFound":0,"messagesDeleted":0},"environment":"development"}
{"timestamp":"2025-07-22T04:04:22.338Z","level":"INFO","operation":"SESSION_BASED_CLEANUP_STATISTICS","details":{"statistics":{"expiredSessionMessages":0,"expiredMessages":0,"totalRemoved":0},"totalRecords":0,"executionTimeMs":278,"executionTimeSec":0},"environment":"development"}
{"timestamp":"2025-07-22T04:04:22.378Z","level":"INFO","operation":"OLD_MESSAGES_CLEANUP","details":{"cutoffDate":"2025-05-23T04:04:22.070Z","retentionDays":60,"messagesDeleted":0},"environment":"development"}
{"timestamp":"2025-07-22T04:04:22.470Z","level":"INFO","operation":"OLD_SESSIONS_CLEANUP","details":{"cutoffDate":"2025-05-23T04:04:22.070Z","retentionDays":60,"sessionsDeleted":0},"environment":"development"}
{"timestamp":"2025-07-22T04:04:22.485Z","level":"INFO","operation":"OLD_PARTICIPANTS_CLEANUP","details":{"cutoffDate":"2025-05-23T04:04:22.070Z","retentionDays":60,"participantsDeleted":0},"environment":"development"}
{"timestamp":"2025-07-22T04:04:22.528Z","level":"INFO","operation":"OLD_TIMER_CHANGES_CLEANUP","details":{"cutoffDate":"2025-05-23T04:04:22.071Z","retentionDays":60,"timerChangesDeleted":0},"environment":"development"}
{"timestamp":"2025-07-22T04:04:22.529Z","level":"INFO","operation":"DATA_RETENTION_CLEANUP_STATISTICS","details":{"statistics":{"oldMessages":0,"oldSessions":0,"oldParticipants":0,"oldTimerChanges":0,"totalRecordsRemoved":0},"totalRecords":0,"executionTimeMs":467,"executionTimeSec":0},"environment":"development"}
{"timestamp":"2025-07-22T04:04:22.530Z","level":"INFO","operation":"SCHEDULE_SETUP","details":{"service":"DataRetentionCleanup","schedule":"daily at midnight","nextRun":"2025-07-22T19:00:00.000Z"},"environment":"development"}
{"timestamp":"2025-07-22T04:04:22.530Z","level":"INFO","operation":"SCHEDULE_SETUP","details":{"service":"MessageCleanup","schedule":"every 4 hours","nextRun":"2025-07-22T08:04:22.530Z"},"environment":"development"}
{"timestamp":"2025-07-22T04:05:17.998Z","level":"INFO","operation":"DATA_RETENTION_CLEANUP_START","details":{"retentionDays":60,"retentionPeriodMs":5184000000,"cutoffDate":"2025-05-23T04:05:17.998Z"},"environment":"development"}
{"timestamp":"2025-07-22T04:05:18.209Z","level":"INFO","operation":"INDIVIDUALLY_EXPIRED_MESSAGES","details":{"messagesDeleted":0,"cutoffTime":"2025-07-22T04:05:17.998Z"},"environment":"development"}
{"timestamp":"2025-07-22T04:05:18.212Z","level":"INFO","operation":"EXPIRED_SESSION_MESSAGES","details":{"expiredSessionsFound":0,"messagesDeleted":0},"environment":"development"}
{"timestamp":"2025-07-22T04:05:18.212Z","level":"INFO","operation":"SESSION_BASED_CLEANUP_STATISTICS","details":{"statistics":{"expiredSessionMessages":0,"expiredMessages":0,"totalRemoved":0},"totalRecords":0,"executionTimeMs":216,"executionTimeSec":0},"environment":"development"}
{"timestamp":"2025-07-22T04:05:18.222Z","level":"INFO","operation":"OLD_MESSAGES_CLEANUP","details":{"cutoffDate":"2025-05-23T04:05:18.035Z","retentionDays":60,"messagesDeleted":0},"environment":"development"}
{"timestamp":"2025-07-22T04:05:18.356Z","level":"INFO","operation":"OLD_SESSIONS_CLEANUP","details":{"cutoffDate":"2025-05-23T04:05:18.035Z","retentionDays":60,"sessionsDeleted":0},"environment":"development"}
{"timestamp":"2025-07-22T04:05:18.361Z","level":"INFO","operation":"OLD_PARTICIPANTS_CLEANUP","details":{"cutoffDate":"2025-05-23T04:05:18.035Z","retentionDays":60,"participantsDeleted":0},"environment":"development"}
{"timestamp":"2025-07-22T04:05:18.373Z","level":"INFO","operation":"OLD_TIMER_CHANGES_CLEANUP","details":{"cutoffDate":"2025-05-23T04:05:18.036Z","retentionDays":60,"timerChangesDeleted":0},"environment":"development"}
{"timestamp":"2025-07-22T04:05:18.373Z","level":"INFO","operation":"DATA_RETENTION_CLEANUP_STATISTICS","details":{"statistics":{"oldMessages":0,"oldSessions":0,"oldParticipants":0,"oldTimerChanges":0,"totalRecordsRemoved":0},"totalRecords":0,"executionTimeMs":375,"executionTimeSec":0},"environment":"development"}
{"timestamp":"2025-07-22T04:05:18.374Z","level":"INFO","operation":"SCHEDULE_SETUP","details":{"service":"MessageCleanup","schedule":"every 4 hours","nextRun":"2025-07-22T08:05:18.374Z"},"environment":"development"}
{"timestamp":"2025-07-22T04:05:18.375Z","level":"INFO","operation":"SCHEDULE_SETUP","details":{"service":"DataRetentionCleanup","schedule":"daily at midnight","nextRun":"2025-07-22T19:00:00.000Z"},"environment":"development"}
{"timestamp":"2025-07-22T04:11:31.421Z","level":"INFO","operation":"SPECIFIC_SESSION_CLEANUP","details":{"sessionId":"H5gWVHNRVSymIt","messagesDeleted":1},"environment":"development"}
{"timestamp":"2025-07-22T04:22:35.587Z","level":"INFO","operation":"SPECIFIC_SESSION_CLEANUP","details":{"sessionId":"dH1bBogV26oWzI","messagesDeleted":0},"environment":"development"}
{"timestamp":"2025-07-22T04:24:11.731Z","level":"INFO","operation":"SPECIFIC_SESSION_CLEANUP","details":{"sessionId":"u4iZwhqrxuJZnN","messagesDeleted":0},"environment":"development"}
{"timestamp":"2025-07-22T04:37:44.398Z","level":"INFO","operation":"DATA_RETENTION_CLEANUP_START","details":{"retentionDays":60,"retentionPeriodMs":5184000000,"cutoffDate":"2025-05-23T04:37:44.398Z"},"environment":"development"}
{"timestamp":"2025-07-22T04:37:44.541Z","level":"INFO","operation":"INDIVIDUALLY_EXPIRED_MESSAGES","details":{"messagesDeleted":0,"cutoffTime":"2025-07-22T04:37:44.397Z"},"environment":"development"}
{"timestamp":"2025-07-22T04:37:44.621Z","level":"INFO","operation":"OLD_MESSAGES_CLEANUP","details":{"cutoffDate":"2025-05-23T04:37:44.406Z","retentionDays":60,"messagesDeleted":0},"environment":"development"}
{"timestamp":"2025-07-22T04:37:44.670Z","level":"INFO","operation":"OLD_SESSIONS_CLEANUP","details":{"cutoffDate":"2025-05-23T04:37:44.407Z","retentionDays":60,"sessionsDeleted":0},"environment":"development"}
{"timestamp":"2025-07-22T04:37:44.677Z","level":"INFO","operation":"OLD_PARTICIPANTS_CLEANUP","details":{"cutoffDate":"2025-05-23T04:37:44.407Z","retentionDays":60,"participantsDeleted":0},"environment":"development"}
{"timestamp":"2025-07-22T04:37:44.802Z","level":"INFO","operation":"EXPIRED_SESSION_MESSAGES","details":{"expiredSessionsFound":3,"messagesDeleted":0,"sessionIds":["H5gWVHNRVSymIt","dH1bBogV26oWzI","u4iZwhqrxuJZnN"]},"environment":"development"}
{"timestamp":"2025-07-22T04:37:44.803Z","level":"INFO","operation":"SESSION_BASED_CLEANUP_STATISTICS","details":{"statistics":{"expiredSessionMessages":0,"expiredMessages":0,"totalRemoved":0},"totalRecords":0,"executionTimeMs":407,"executionTimeSec":0},"environment":"development"}
{"timestamp":"2025-07-22T04:37:45.570Z","level":"INFO","operation":"OLD_TIMER_CHANGES_CLEANUP","details":{"cutoffDate":"2025-05-23T04:37:44.407Z","retentionDays":60,"timerChangesDeleted":0},"environment":"development"}
{"timestamp":"2025-07-22T04:37:45.570Z","level":"INFO","operation":"DATA_RETENTION_CLEANUP_STATISTICS","details":{"statistics":{"oldMessages":0,"oldSessions":0,"oldParticipants":0,"oldTimerChanges":0,"totalRecordsRemoved":0},"totalRecords":0,"executionTimeMs":1172,"executionTimeSec":1},"environment":"development"}
{"timestamp":"2025-07-22T04:37:45.572Z","level":"INFO","operation":"SCHEDULE_SETUP","details":{"service":"DataRetentionCleanup","schedule":"daily at midnight","nextRun":"2025-07-22T19:00:00.000Z"},"environment":"development"}
{"timestamp":"2025-07-22T04:37:45.572Z","level":"INFO","operation":"SCHEDULE_SETUP","details":{"service":"MessageCleanup","schedule":"every 4 hours","nextRun":"2025-07-22T08:37:45.572Z"},"environment":"development"}
{"timestamp":"2025-07-22T04:44:05.369Z","level":"INFO","operation":"SPECIFIC_SESSION_CLEANUP","details":{"sessionId":"CY9hmBF2EXb8UW","messagesDeleted":0},"environment":"development"}
