{"timestamp":"2025-08-04T05:04:29.795Z","level":"INFO","operation":"DATA_RETENTION_CLEANUP_START","details":{"retentionDays":60,"retentionPeriodMs":5184000000,"cutoffDate":"2025-06-05T05:04:29.794Z"},"environment":"development"}
{"timestamp":"2025-08-04T05:04:29.952Z","level":"INFO","operation":"INDIVIDUALLY_EXPIRED_MESSAGES","details":{"messagesDeleted":0,"cutoffTime":"2025-08-04T05:04:29.794Z"},"environment":"development"}
{"timestamp":"2025-08-04T05:04:30.098Z","level":"INFO","operation":"OLD_PARTICIPANTS_CLEANUP","details":{"cutoffDate":"2025-06-05T05:04:29.804Z","retentionDays":60,"participantsDeleted":0},"environment":"development"}
{"timestamp":"2025-08-04T05:04:30.100Z","level":"INFO","operation":"OLD_TIMER_CHANGES_CLEANUP","details":{"cutoffDate":"2025-06-05T05:04:29.804Z","retentionDays":60,"timerChangesDeleted":0},"environment":"development"}
{"timestamp":"2025-08-04T05:04:30.114Z","level":"INFO","operation":"EXPIRED_SESSION_MESSAGES","details":{"expiredSessionsFound":33,"messagesDeleted":0,"sessionIds":["v8eYKIQIEtbWWe","cVbiwF7K3mkO7P","QFiIJuSyPc2n1o","9PviKQsXfy7rF6","Iwu5iGeREr4Nb4","Bsj7MwDcXqjqAK","7WkM4FvuazhGtt","3pPhzH6R804aSa","QHgajFUhi8i9Kl","AbEI1Zo7BA4tyB","faLFGw5cHmJ9H3","QKmMuIxSeO48vG","8ze5iKiPf8bGRv","zYw3Ebp2MdmO6Y","kg4jTQ22W1gwQN","l7rSrwppEgbvJu","Y0Eis4invsl0DT","obEoi2mV2Q6uNe","shYUcpkO6HfyN7","dnNC3elnaSTGMo","aZTGdmtplHnDDs","UQTv1W8j6w4M9k","V0cRmoycenp63N","pKqub8RRJMZ4Zj","77IZ9vSELtdWI9","nsEFmcjvD0Sax1","pdiT6xsZVlmDRb","w4LajjpAN5p6tP","tQwZ04jdO7HmvZ","1SdqjNoJ5szNcS","U03d6w4HxqqmLm","o1gbhXzj2WS0yc","xib2hCLXZ0kbv2"]},"environment":"development"}
{"timestamp":"2025-08-04T05:04:30.114Z","level":"INFO","operation":"SESSION_BASED_CLEANUP_STATISTICS","details":{"statistics":{"expiredSessionMessages":0,"expiredMessages":0,"totalRemoved":0},"totalRecords":0,"executionTimeMs":322,"executionTimeSec":0},"environment":"development"}
{"timestamp":"2025-08-04T05:04:30.843Z","level":"INFO","operation":"OLD_MESSAGES_CLEANUP","details":{"cutoffDate":"2025-06-05T05:04:29.803Z","retentionDays":60,"messagesDeleted":0},"environment":"development"}
{"timestamp":"2025-08-04T05:04:30.849Z","level":"INFO","operation":"OLD_SESSIONS_CLEANUP","details":{"cutoffDate":"2025-06-05T05:04:29.804Z","retentionDays":60,"sessionsDeleted":0},"environment":"development"}
{"timestamp":"2025-08-04T05:04:30.850Z","level":"INFO","operation":"DATA_RETENTION_CLEANUP_STATISTICS","details":{"statistics":{"oldMessages":0,"oldSessions":0,"oldParticipants":0,"oldTimerChanges":0,"totalRecordsRemoved":0},"totalRecords":0,"executionTimeMs":1056,"executionTimeSec":1},"environment":"development"}
{"timestamp":"2025-08-04T05:04:30.851Z","level":"INFO","operation":"SCHEDULE_SETUP","details":{"service":"MessageCleanup","schedule":"every 4 hours","nextRun":"2025-08-04T09:04:30.851Z"},"environment":"development"}
{"timestamp":"2025-08-04T05:04:30.851Z","level":"INFO","operation":"SCHEDULE_SETUP","details":{"service":"DataRetentionCleanup","schedule":"daily at midnight","nextRun":"2025-08-04T19:00:00.000Z"},"environment":"development"}
{"timestamp":"2025-08-04T05:04:45.426Z","level":"INFO","operation":"DATA_RETENTION_CLEANUP_START","details":{"retentionDays":60,"retentionPeriodMs":5184000000,"cutoffDate":"2025-06-05T05:04:45.425Z"},"environment":"development"}
{"timestamp":"2025-08-04T05:04:45.616Z","level":"INFO","operation":"INDIVIDUALLY_EXPIRED_MESSAGES","details":{"messagesDeleted":0,"cutoffTime":"2025-08-04T05:04:45.425Z"},"environment":"development"}
{"timestamp":"2025-08-04T05:04:45.651Z","level":"INFO","operation":"OLD_MESSAGES_CLEANUP","details":{"cutoffDate":"2025-06-05T05:04:45.435Z","retentionDays":60,"messagesDeleted":0},"environment":"development"}
{"timestamp":"2025-08-04T05:04:45.762Z","level":"INFO","operation":"OLD_SESSIONS_CLEANUP","details":{"cutoffDate":"2025-06-05T05:04:45.435Z","retentionDays":60,"sessionsDeleted":0},"environment":"development"}
{"timestamp":"2025-08-04T05:04:45.785Z","level":"INFO","operation":"OLD_PARTICIPANTS_CLEANUP","details":{"cutoffDate":"2025-06-05T05:04:45.435Z","retentionDays":60,"participantsDeleted":0},"environment":"development"}
{"timestamp":"2025-08-04T05:04:45.799Z","level":"INFO","operation":"OLD_TIMER_CHANGES_CLEANUP","details":{"cutoffDate":"2025-06-05T05:04:45.436Z","retentionDays":60,"timerChangesDeleted":0},"environment":"development"}
{"timestamp":"2025-08-04T05:04:45.801Z","level":"INFO","operation":"DATA_RETENTION_CLEANUP_STATISTICS","details":{"statistics":{"oldMessages":0,"oldSessions":0,"oldParticipants":0,"oldTimerChanges":0,"totalRecordsRemoved":0},"totalRecords":0,"executionTimeMs":376,"executionTimeSec":0},"environment":"development"}
{"timestamp":"2025-08-04T05:04:45.934Z","level":"INFO","operation":"EXPIRED_SESSION_MESSAGES","details":{"expiredSessionsFound":33,"messagesDeleted":0,"sessionIds":["v8eYKIQIEtbWWe","cVbiwF7K3mkO7P","QFiIJuSyPc2n1o","9PviKQsXfy7rF6","Iwu5iGeREr4Nb4","Bsj7MwDcXqjqAK","7WkM4FvuazhGtt","3pPhzH6R804aSa","QHgajFUhi8i9Kl","AbEI1Zo7BA4tyB","faLFGw5cHmJ9H3","QKmMuIxSeO48vG","8ze5iKiPf8bGRv","zYw3Ebp2MdmO6Y","kg4jTQ22W1gwQN","l7rSrwppEgbvJu","Y0Eis4invsl0DT","obEoi2mV2Q6uNe","shYUcpkO6HfyN7","dnNC3elnaSTGMo","aZTGdmtplHnDDs","UQTv1W8j6w4M9k","V0cRmoycenp63N","pKqub8RRJMZ4Zj","77IZ9vSELtdWI9","nsEFmcjvD0Sax1","pdiT6xsZVlmDRb","w4LajjpAN5p6tP","tQwZ04jdO7HmvZ","1SdqjNoJ5szNcS","U03d6w4HxqqmLm","o1gbhXzj2WS0yc","xib2hCLXZ0kbv2"]},"environment":"development"}
{"timestamp":"2025-08-04T05:04:45.934Z","level":"INFO","operation":"SESSION_BASED_CLEANUP_STATISTICS","details":{"statistics":{"expiredSessionMessages":0,"expiredMessages":0,"totalRemoved":0},"totalRecords":0,"executionTimeMs":511,"executionTimeSec":1},"environment":"development"}
{"timestamp":"2025-08-04T05:04:45.936Z","level":"INFO","operation":"SCHEDULE_SETUP","details":{"service":"MessageCleanup","schedule":"every 4 hours","nextRun":"2025-08-04T09:04:45.936Z"},"environment":"development"}
{"timestamp":"2025-08-04T05:04:45.937Z","level":"INFO","operation":"SCHEDULE_SETUP","details":{"service":"DataRetentionCleanup","schedule":"daily at midnight","nextRun":"2025-08-04T19:00:00.000Z"},"environment":"development"}
{"timestamp":"2025-08-04T06:02:31.940Z","level":"INFO","operation":"SPECIFIC_SESSION_CLEANUP","details":{"sessionId":"njedMtveN2ApM8","messagesDeleted":7},"environment":"development"}
{"timestamp":"2025-08-04T06:06:28.401Z","level":"INFO","operation":"SPECIFIC_SESSION_CLEANUP","details":{"sessionId":"4CPJSEkl6pyLju","messagesDeleted":10},"environment":"development"}
{"timestamp":"2025-08-04T06:46:26.266Z","level":"INFO","operation":"SPECIFIC_SESSION_CLEANUP","details":{"sessionId":"YI4Zu5XjsXYvY7","messagesDeleted":9},"environment":"development"}
{"timestamp":"2025-08-04T07:04:08.702Z","level":"INFO","operation":"SPECIFIC_SESSION_CLEANUP","details":{"sessionId":"bLcMRefB82X8Mg","messagesDeleted":8},"environment":"development"}
{"timestamp":"2025-08-04T20:55:07.979Z","level":"INFO","operation":"DATA_RETENTION_CLEANUP_START","details":{"retentionDays":60,"retentionPeriodMs":5184000000,"cutoffDate":"2025-06-05T20:55:07.979Z"},"environment":"development"}
{"timestamp":"2025-08-04T20:55:08.136Z","level":"INFO","operation":"INDIVIDUALLY_EXPIRED_MESSAGES","details":{"messagesDeleted":0,"cutoffTime":"2025-08-04T20:55:07.978Z"},"environment":"development"}
{"timestamp":"2025-08-04T20:55:08.283Z","level":"INFO","operation":"OLD_MESSAGES_CLEANUP","details":{"cutoffDate":"2025-06-05T20:55:07.994Z","retentionDays":60,"messagesDeleted":0},"environment":"development"}
{"timestamp":"2025-08-04T20:55:08.309Z","level":"INFO","operation":"OLD_SESSIONS_CLEANUP","details":{"cutoffDate":"2025-06-05T20:55:07.995Z","retentionDays":60,"sessionsDeleted":0},"environment":"development"}
{"timestamp":"2025-08-04T20:55:08.349Z","level":"INFO","operation":"OLD_PARTICIPANTS_CLEANUP","details":{"cutoffDate":"2025-06-05T20:55:07.995Z","retentionDays":60,"participantsDeleted":0},"environment":"development"}
{"timestamp":"2025-08-04T20:55:08.431Z","level":"INFO","operation":"OLD_TIMER_CHANGES_CLEANUP","details":{"cutoffDate":"2025-06-05T20:55:07.995Z","retentionDays":60,"timerChangesDeleted":0},"environment":"development"}
{"timestamp":"2025-08-04T20:55:08.432Z","level":"INFO","operation":"DATA_RETENTION_CLEANUP_STATISTICS","details":{"statistics":{"oldMessages":0,"oldSessions":0,"oldParticipants":0,"oldTimerChanges":0,"totalRecordsRemoved":0},"totalRecords":0,"executionTimeMs":453,"executionTimeSec":0},"environment":"development"}
{"timestamp":"2025-08-04T20:55:08.578Z","level":"INFO","operation":"EXPIRED_SESSION_MESSAGES","details":{"expiredSessionsFound":40,"messagesDeleted":0,"sessionIds":["v8eYKIQIEtbWWe","cVbiwF7K3mkO7P","QFiIJuSyPc2n1o","9PviKQsXfy7rF6","Iwu5iGeREr4Nb4","Bsj7MwDcXqjqAK","7WkM4FvuazhGtt","3pPhzH6R804aSa","QHgajFUhi8i9Kl","AbEI1Zo7BA4tyB","faLFGw5cHmJ9H3","QKmMuIxSeO48vG","8ze5iKiPf8bGRv","zYw3Ebp2MdmO6Y","kg4jTQ22W1gwQN","l7rSrwppEgbvJu","Y0Eis4invsl0DT","obEoi2mV2Q6uNe","shYUcpkO6HfyN7","dnNC3elnaSTGMo","aZTGdmtplHnDDs","UQTv1W8j6w4M9k","V0cRmoycenp63N","pKqub8RRJMZ4Zj","77IZ9vSELtdWI9","nsEFmcjvD0Sax1","pdiT6xsZVlmDRb","w4LajjpAN5p6tP","tQwZ04jdO7HmvZ","1SdqjNoJ5szNcS","U03d6w4HxqqmLm","o1gbhXzj2WS0yc","xib2hCLXZ0kbv2","njedMtveN2ApM8","4CPJSEkl6pyLju","YI4Zu5XjsXYvY7","bLcMRefB82X8Mg","9qNMVyiEwSP8I4","xmca98EcUL6L1z","ZS94Ql1AxQABrQ"]},"environment":"development"}
{"timestamp":"2025-08-04T20:55:08.578Z","level":"INFO","operation":"SESSION_BASED_CLEANUP_STATISTICS","details":{"statistics":{"expiredSessionMessages":0,"expiredMessages":0,"totalRemoved":0},"totalRecords":0,"executionTimeMs":602,"executionTimeSec":1},"environment":"development"}
{"timestamp":"2025-08-04T20:55:08.579Z","level":"INFO","operation":"SCHEDULE_SETUP","details":{"service":"MessageCleanup","schedule":"every 4 hours","nextRun":"2025-08-05T00:55:08.579Z"},"environment":"development"}
{"timestamp":"2025-08-04T20:55:08.580Z","level":"INFO","operation":"SCHEDULE_SETUP","details":{"service":"DataRetentionCleanup","schedule":"daily at midnight","nextRun":"2025-08-05T19:00:00.000Z"},"environment":"development"}
{"timestamp":"2025-08-04T23:00:17.027Z","level":"INFO","operation":"DATA_RETENTION_CLEANUP_START","details":{"retentionDays":60,"retentionPeriodMs":5184000000,"cutoffDate":"2025-06-05T23:00:17.026Z"},"environment":"development"}
{"timestamp":"2025-08-04T23:00:17.182Z","level":"INFO","operation":"INDIVIDUALLY_EXPIRED_MESSAGES","details":{"messagesDeleted":0,"cutoffTime":"2025-08-04T23:00:17.025Z"},"environment":"development"}
{"timestamp":"2025-08-04T23:00:17.323Z","level":"INFO","operation":"OLD_PARTICIPANTS_CLEANUP","details":{"cutoffDate":"2025-06-05T23:00:17.035Z","retentionDays":60,"participantsDeleted":0},"environment":"development"}
{"timestamp":"2025-08-04T23:00:17.330Z","level":"INFO","operation":"OLD_TIMER_CHANGES_CLEANUP","details":{"cutoffDate":"2025-06-05T23:00:17.036Z","retentionDays":60,"timerChangesDeleted":0},"environment":"development"}
{"timestamp":"2025-08-04T23:00:17.404Z","level":"INFO","operation":"EXPIRED_SESSION_MESSAGES","details":{"expiredSessionsFound":40,"messagesDeleted":0,"sessionIds":["v8eYKIQIEtbWWe","cVbiwF7K3mkO7P","QFiIJuSyPc2n1o","9PviKQsXfy7rF6","Iwu5iGeREr4Nb4","Bsj7MwDcXqjqAK","7WkM4FvuazhGtt","3pPhzH6R804aSa","QHgajFUhi8i9Kl","AbEI1Zo7BA4tyB","faLFGw5cHmJ9H3","QKmMuIxSeO48vG","8ze5iKiPf8bGRv","zYw3Ebp2MdmO6Y","kg4jTQ22W1gwQN","l7rSrwppEgbvJu","Y0Eis4invsl0DT","obEoi2mV2Q6uNe","shYUcpkO6HfyN7","dnNC3elnaSTGMo","aZTGdmtplHnDDs","UQTv1W8j6w4M9k","V0cRmoycenp63N","pKqub8RRJMZ4Zj","77IZ9vSELtdWI9","nsEFmcjvD0Sax1","pdiT6xsZVlmDRb","w4LajjpAN5p6tP","tQwZ04jdO7HmvZ","1SdqjNoJ5szNcS","U03d6w4HxqqmLm","o1gbhXzj2WS0yc","xib2hCLXZ0kbv2","njedMtveN2ApM8","4CPJSEkl6pyLju","YI4Zu5XjsXYvY7","bLcMRefB82X8Mg","9qNMVyiEwSP8I4","xmca98EcUL6L1z","ZS94Ql1AxQABrQ"]},"environment":"development"}
{"timestamp":"2025-08-04T23:00:17.405Z","level":"INFO","operation":"SESSION_BASED_CLEANUP_STATISTICS","details":{"statistics":{"expiredSessionMessages":0,"expiredMessages":0,"totalRemoved":0},"totalRecords":0,"executionTimeMs":381,"executionTimeSec":0},"environment":"development"}
{"timestamp":"2025-08-04T23:00:18.031Z","level":"INFO","operation":"OLD_SESSIONS_CLEANUP","details":{"cutoffDate":"2025-06-05T23:00:17.035Z","retentionDays":60,"sessionsDeleted":0},"environment":"development"}
{"timestamp":"2025-08-04T23:00:18.053Z","level":"INFO","operation":"OLD_MESSAGES_CLEANUP","details":{"cutoffDate":"2025-06-05T23:00:17.035Z","retentionDays":60,"messagesDeleted":0},"environment":"development"}
{"timestamp":"2025-08-04T23:00:18.053Z","level":"INFO","operation":"DATA_RETENTION_CLEANUP_STATISTICS","details":{"statistics":{"oldMessages":0,"oldSessions":0,"oldParticipants":0,"oldTimerChanges":0,"totalRecordsRemoved":0},"totalRecords":0,"executionTimeMs":1027,"executionTimeSec":1},"environment":"development"}
{"timestamp":"2025-08-04T23:00:18.054Z","level":"INFO","operation":"SCHEDULE_SETUP","details":{"service":"MessageCleanup","schedule":"every 4 hours","nextRun":"2025-08-05T03:00:18.054Z"},"environment":"development"}
{"timestamp":"2025-08-04T23:00:18.055Z","level":"INFO","operation":"SCHEDULE_SETUP","details":{"service":"DataRetentionCleanup","schedule":"daily at midnight","nextRun":"2025-08-05T19:00:00.000Z"},"environment":"development"}
{"timestamp":"2025-08-04T23:00:24.388Z","level":"INFO","operation":"DATA_RETENTION_CLEANUP_START","details":{"retentionDays":60,"retentionPeriodMs":5184000000,"cutoffDate":"2025-06-05T23:00:24.387Z"},"environment":"development"}
{"timestamp":"2025-08-04T23:00:24.636Z","level":"INFO","operation":"INDIVIDUALLY_EXPIRED_MESSAGES","details":{"messagesDeleted":0,"cutoffTime":"2025-08-04T23:00:24.386Z"},"environment":"development"}
{"timestamp":"2025-08-04T23:00:24.668Z","level":"INFO","operation":"OLD_MESSAGES_CLEANUP","details":{"cutoffDate":"2025-06-05T23:00:24.411Z","retentionDays":60,"messagesDeleted":0},"environment":"development"}
{"timestamp":"2025-08-04T23:00:24.782Z","level":"INFO","operation":"OLD_SESSIONS_CLEANUP","details":{"cutoffDate":"2025-06-05T23:00:24.412Z","retentionDays":60,"sessionsDeleted":0},"environment":"development"}
{"timestamp":"2025-08-04T23:00:24.792Z","level":"INFO","operation":"OLD_PARTICIPANTS_CLEANUP","details":{"cutoffDate":"2025-06-05T23:00:24.412Z","retentionDays":60,"participantsDeleted":0},"environment":"development"}
{"timestamp":"2025-08-04T23:00:24.814Z","level":"INFO","operation":"OLD_TIMER_CHANGES_CLEANUP","details":{"cutoffDate":"2025-06-05T23:00:24.412Z","retentionDays":60,"timerChangesDeleted":0},"environment":"development"}
{"timestamp":"2025-08-04T23:00:24.815Z","level":"INFO","operation":"DATA_RETENTION_CLEANUP_STATISTICS","details":{"statistics":{"oldMessages":0,"oldSessions":0,"oldParticipants":0,"oldTimerChanges":0,"totalRecordsRemoved":0},"totalRecords":0,"executionTimeMs":428,"executionTimeSec":0},"environment":"development"}
{"timestamp":"2025-08-04T23:00:24.939Z","level":"INFO","operation":"EXPIRED_SESSION_MESSAGES","details":{"expiredSessionsFound":40,"messagesDeleted":0,"sessionIds":["v8eYKIQIEtbWWe","cVbiwF7K3mkO7P","QFiIJuSyPc2n1o","9PviKQsXfy7rF6","Iwu5iGeREr4Nb4","Bsj7MwDcXqjqAK","7WkM4FvuazhGtt","3pPhzH6R804aSa","QHgajFUhi8i9Kl","AbEI1Zo7BA4tyB","faLFGw5cHmJ9H3","QKmMuIxSeO48vG","8ze5iKiPf8bGRv","zYw3Ebp2MdmO6Y","kg4jTQ22W1gwQN","l7rSrwppEgbvJu","Y0Eis4invsl0DT","obEoi2mV2Q6uNe","shYUcpkO6HfyN7","dnNC3elnaSTGMo","aZTGdmtplHnDDs","UQTv1W8j6w4M9k","V0cRmoycenp63N","pKqub8RRJMZ4Zj","77IZ9vSELtdWI9","nsEFmcjvD0Sax1","pdiT6xsZVlmDRb","w4LajjpAN5p6tP","tQwZ04jdO7HmvZ","1SdqjNoJ5szNcS","U03d6w4HxqqmLm","o1gbhXzj2WS0yc","xib2hCLXZ0kbv2","njedMtveN2ApM8","4CPJSEkl6pyLju","YI4Zu5XjsXYvY7","bLcMRefB82X8Mg","9qNMVyiEwSP8I4","xmca98EcUL6L1z","ZS94Ql1AxQABrQ"]},"environment":"development"}
{"timestamp":"2025-08-04T23:00:24.939Z","level":"INFO","operation":"SESSION_BASED_CLEANUP_STATISTICS","details":{"statistics":{"expiredSessionMessages":0,"expiredMessages":0,"totalRemoved":0},"totalRecords":0,"executionTimeMs":555,"executionTimeSec":1},"environment":"development"}
{"timestamp":"2025-08-04T23:00:24.940Z","level":"INFO","operation":"SCHEDULE_SETUP","details":{"service":"MessageCleanup","schedule":"every 4 hours","nextRun":"2025-08-05T03:00:24.940Z"},"environment":"development"}
{"timestamp":"2025-08-04T23:00:24.941Z","level":"INFO","operation":"SCHEDULE_SETUP","details":{"service":"DataRetentionCleanup","schedule":"daily at midnight","nextRun":"2025-08-05T19:00:00.000Z"},"environment":"development"}
{"timestamp":"2025-08-04T23:00:38.245Z","level":"INFO","operation":"DATA_RETENTION_CLEANUP_START","details":{"retentionDays":60,"retentionPeriodMs":5184000000,"cutoffDate":"2025-06-05T23:00:38.244Z"},"environment":"development"}
{"timestamp":"2025-08-04T23:00:38.432Z","level":"INFO","operation":"INDIVIDUALLY_EXPIRED_MESSAGES","details":{"messagesDeleted":0,"cutoffTime":"2025-08-04T23:00:38.244Z"},"environment":"development"}
{"timestamp":"2025-08-04T23:00:38.455Z","level":"INFO","operation":"OLD_MESSAGES_CLEANUP","details":{"cutoffDate":"2025-06-05T23:00:38.253Z","retentionDays":60,"messagesDeleted":0},"environment":"development"}
{"timestamp":"2025-08-04T23:00:38.579Z","level":"INFO","operation":"OLD_SESSIONS_CLEANUP","details":{"cutoffDate":"2025-06-05T23:00:38.254Z","retentionDays":60,"sessionsDeleted":0},"environment":"development"}
{"timestamp":"2025-08-04T23:00:38.586Z","level":"INFO","operation":"OLD_PARTICIPANTS_CLEANUP","details":{"cutoffDate":"2025-06-05T23:00:38.254Z","retentionDays":60,"participantsDeleted":0},"environment":"development"}
{"timestamp":"2025-08-04T23:00:38.601Z","level":"INFO","operation":"OLD_TIMER_CHANGES_CLEANUP","details":{"cutoffDate":"2025-06-05T23:00:38.254Z","retentionDays":60,"timerChangesDeleted":0},"environment":"development"}
{"timestamp":"2025-08-04T23:00:38.602Z","level":"INFO","operation":"DATA_RETENTION_CLEANUP_STATISTICS","details":{"statistics":{"oldMessages":0,"oldSessions":0,"oldParticipants":0,"oldTimerChanges":0,"totalRecordsRemoved":0},"totalRecords":0,"executionTimeMs":357,"executionTimeSec":0},"environment":"development"}
{"timestamp":"2025-08-04T23:00:38.735Z","level":"INFO","operation":"EXPIRED_SESSION_MESSAGES","details":{"expiredSessionsFound":40,"messagesDeleted":0,"sessionIds":["v8eYKIQIEtbWWe","cVbiwF7K3mkO7P","QFiIJuSyPc2n1o","9PviKQsXfy7rF6","Iwu5iGeREr4Nb4","Bsj7MwDcXqjqAK","7WkM4FvuazhGtt","3pPhzH6R804aSa","QHgajFUhi8i9Kl","AbEI1Zo7BA4tyB","faLFGw5cHmJ9H3","QKmMuIxSeO48vG","8ze5iKiPf8bGRv","zYw3Ebp2MdmO6Y","kg4jTQ22W1gwQN","l7rSrwppEgbvJu","Y0Eis4invsl0DT","obEoi2mV2Q6uNe","shYUcpkO6HfyN7","dnNC3elnaSTGMo","aZTGdmtplHnDDs","UQTv1W8j6w4M9k","V0cRmoycenp63N","pKqub8RRJMZ4Zj","77IZ9vSELtdWI9","nsEFmcjvD0Sax1","pdiT6xsZVlmDRb","w4LajjpAN5p6tP","tQwZ04jdO7HmvZ","1SdqjNoJ5szNcS","U03d6w4HxqqmLm","o1gbhXzj2WS0yc","xib2hCLXZ0kbv2","njedMtveN2ApM8","4CPJSEkl6pyLju","YI4Zu5XjsXYvY7","bLcMRefB82X8Mg","9qNMVyiEwSP8I4","xmca98EcUL6L1z","ZS94Ql1AxQABrQ"]},"environment":"development"}
{"timestamp":"2025-08-04T23:00:38.736Z","level":"INFO","operation":"SESSION_BASED_CLEANUP_STATISTICS","details":{"statistics":{"expiredSessionMessages":0,"expiredMessages":0,"totalRemoved":0},"totalRecords":0,"executionTimeMs":494,"executionTimeSec":0},"environment":"development"}
{"timestamp":"2025-08-04T23:00:38.737Z","level":"INFO","operation":"SCHEDULE_SETUP","details":{"service":"MessageCleanup","schedule":"every 4 hours","nextRun":"2025-08-05T03:00:38.737Z"},"environment":"development"}
{"timestamp":"2025-08-04T23:00:38.737Z","level":"INFO","operation":"SCHEDULE_SETUP","details":{"service":"DataRetentionCleanup","schedule":"daily at midnight","nextRun":"2025-08-05T19:00:00.000Z"},"environment":"development"}
{"timestamp":"2025-08-04T23:00:56.002Z","level":"INFO","operation":"DATA_RETENTION_CLEANUP_START","details":{"retentionDays":60,"retentionPeriodMs":5184000000,"cutoffDate":"2025-06-05T23:00:56.002Z"},"environment":"development"}
{"timestamp":"2025-08-04T23:00:56.178Z","level":"INFO","operation":"INDIVIDUALLY_EXPIRED_MESSAGES","details":{"messagesDeleted":0,"cutoffTime":"2025-08-04T23:00:56.001Z"},"environment":"development"}
{"timestamp":"2025-08-04T23:00:56.234Z","level":"INFO","operation":"OLD_MESSAGES_CLEANUP","details":{"cutoffDate":"2025-06-05T23:00:56.009Z","retentionDays":60,"messagesDeleted":0},"environment":"development"}
{"timestamp":"2025-08-04T23:00:56.324Z","level":"INFO","operation":"OLD_SESSIONS_CLEANUP","details":{"cutoffDate":"2025-06-05T23:00:56.010Z","retentionDays":60,"sessionsDeleted":0},"environment":"development"}
{"timestamp":"2025-08-04T23:00:56.345Z","level":"INFO","operation":"OLD_PARTICIPANTS_CLEANUP","details":{"cutoffDate":"2025-06-05T23:00:56.010Z","retentionDays":60,"participantsDeleted":0},"environment":"development"}
{"timestamp":"2025-08-04T23:00:56.382Z","level":"INFO","operation":"OLD_TIMER_CHANGES_CLEANUP","details":{"cutoffDate":"2025-06-05T23:00:56.010Z","retentionDays":60,"timerChangesDeleted":0},"environment":"development"}
{"timestamp":"2025-08-04T23:00:56.383Z","level":"INFO","operation":"DATA_RETENTION_CLEANUP_STATISTICS","details":{"statistics":{"oldMessages":0,"oldSessions":0,"oldParticipants":0,"oldTimerChanges":0,"totalRecordsRemoved":0},"totalRecords":0,"executionTimeMs":381,"executionTimeSec":0},"environment":"development"}
{"timestamp":"2025-08-04T23:00:56.493Z","level":"INFO","operation":"EXPIRED_SESSION_MESSAGES","details":{"expiredSessionsFound":40,"messagesDeleted":0,"sessionIds":["v8eYKIQIEtbWWe","cVbiwF7K3mkO7P","QFiIJuSyPc2n1o","9PviKQsXfy7rF6","Iwu5iGeREr4Nb4","Bsj7MwDcXqjqAK","7WkM4FvuazhGtt","3pPhzH6R804aSa","QHgajFUhi8i9Kl","AbEI1Zo7BA4tyB","faLFGw5cHmJ9H3","QKmMuIxSeO48vG","8ze5iKiPf8bGRv","zYw3Ebp2MdmO6Y","kg4jTQ22W1gwQN","l7rSrwppEgbvJu","Y0Eis4invsl0DT","obEoi2mV2Q6uNe","shYUcpkO6HfyN7","dnNC3elnaSTGMo","aZTGdmtplHnDDs","UQTv1W8j6w4M9k","V0cRmoycenp63N","pKqub8RRJMZ4Zj","77IZ9vSELtdWI9","nsEFmcjvD0Sax1","pdiT6xsZVlmDRb","w4LajjpAN5p6tP","tQwZ04jdO7HmvZ","1SdqjNoJ5szNcS","U03d6w4HxqqmLm","o1gbhXzj2WS0yc","xib2hCLXZ0kbv2","njedMtveN2ApM8","4CPJSEkl6pyLju","YI4Zu5XjsXYvY7","bLcMRefB82X8Mg","9qNMVyiEwSP8I4","xmca98EcUL6L1z","ZS94Ql1AxQABrQ"]},"environment":"development"}
{"timestamp":"2025-08-04T23:00:56.494Z","level":"INFO","operation":"SESSION_BASED_CLEANUP_STATISTICS","details":{"statistics":{"expiredSessionMessages":0,"expiredMessages":0,"totalRemoved":0},"totalRecords":0,"executionTimeMs":494,"executionTimeSec":0},"environment":"development"}
{"timestamp":"2025-08-04T23:00:56.495Z","level":"INFO","operation":"SCHEDULE_SETUP","details":{"service":"MessageCleanup","schedule":"every 4 hours","nextRun":"2025-08-05T03:00:56.495Z"},"environment":"development"}
{"timestamp":"2025-08-04T23:00:56.495Z","level":"INFO","operation":"SCHEDULE_SETUP","details":{"service":"DataRetentionCleanup","schedule":"daily at midnight","nextRun":"2025-08-05T19:00:00.000Z"},"environment":"development"}
{"timestamp":"2025-08-04T23:01:07.417Z","level":"INFO","operation":"DATA_RETENTION_CLEANUP_START","details":{"retentionDays":60,"retentionPeriodMs":5184000000,"cutoffDate":"2025-06-05T23:01:07.417Z"},"environment":"development"}
{"timestamp":"2025-08-04T23:01:07.711Z","level":"INFO","operation":"INDIVIDUALLY_EXPIRED_MESSAGES","details":{"messagesDeleted":0,"cutoffTime":"2025-08-04T23:01:07.416Z"},"environment":"development"}
{"timestamp":"2025-08-04T23:01:07.728Z","level":"INFO","operation":"OLD_MESSAGES_CLEANUP","details":{"cutoffDate":"2025-06-05T23:01:07.424Z","retentionDays":60,"messagesDeleted":0},"environment":"development"}
{"timestamp":"2025-08-04T23:01:07.866Z","level":"INFO","operation":"OLD_SESSIONS_CLEANUP","details":{"cutoffDate":"2025-06-05T23:01:07.425Z","retentionDays":60,"sessionsDeleted":0},"environment":"development"}
{"timestamp":"2025-08-04T23:01:07.882Z","level":"INFO","operation":"OLD_PARTICIPANTS_CLEANUP","details":{"cutoffDate":"2025-06-05T23:01:07.425Z","retentionDays":60,"participantsDeleted":0},"environment":"development"}
{"timestamp":"2025-08-04T23:01:07.888Z","level":"INFO","operation":"OLD_TIMER_CHANGES_CLEANUP","details":{"cutoffDate":"2025-06-05T23:01:07.425Z","retentionDays":60,"timerChangesDeleted":0},"environment":"development"}
{"timestamp":"2025-08-04T23:01:07.889Z","level":"INFO","operation":"DATA_RETENTION_CLEANUP_STATISTICS","details":{"statistics":{"oldMessages":0,"oldSessions":0,"oldParticipants":0,"oldTimerChanges":0,"totalRecordsRemoved":0},"totalRecords":0,"executionTimeMs":472,"executionTimeSec":0},"environment":"development"}
{"timestamp":"2025-08-04T23:01:08.033Z","level":"INFO","operation":"EXPIRED_SESSION_MESSAGES","details":{"expiredSessionsFound":40,"messagesDeleted":0,"sessionIds":["v8eYKIQIEtbWWe","cVbiwF7K3mkO7P","QFiIJuSyPc2n1o","9PviKQsXfy7rF6","Iwu5iGeREr4Nb4","Bsj7MwDcXqjqAK","7WkM4FvuazhGtt","3pPhzH6R804aSa","QHgajFUhi8i9Kl","AbEI1Zo7BA4tyB","faLFGw5cHmJ9H3","QKmMuIxSeO48vG","8ze5iKiPf8bGRv","zYw3Ebp2MdmO6Y","kg4jTQ22W1gwQN","l7rSrwppEgbvJu","Y0Eis4invsl0DT","obEoi2mV2Q6uNe","shYUcpkO6HfyN7","dnNC3elnaSTGMo","aZTGdmtplHnDDs","UQTv1W8j6w4M9k","V0cRmoycenp63N","pKqub8RRJMZ4Zj","77IZ9vSELtdWI9","nsEFmcjvD0Sax1","pdiT6xsZVlmDRb","w4LajjpAN5p6tP","tQwZ04jdO7HmvZ","1SdqjNoJ5szNcS","U03d6w4HxqqmLm","o1gbhXzj2WS0yc","xib2hCLXZ0kbv2","njedMtveN2ApM8","4CPJSEkl6pyLju","YI4Zu5XjsXYvY7","bLcMRefB82X8Mg","9qNMVyiEwSP8I4","xmca98EcUL6L1z","ZS94Ql1AxQABrQ"]},"environment":"development"}
{"timestamp":"2025-08-04T23:01:08.034Z","level":"INFO","operation":"SESSION_BASED_CLEANUP_STATISTICS","details":{"statistics":{"expiredSessionMessages":0,"expiredMessages":0,"totalRemoved":0},"totalRecords":0,"executionTimeMs":619,"executionTimeSec":1},"environment":"development"}
{"timestamp":"2025-08-04T23:01:08.043Z","level":"INFO","operation":"SCHEDULE_SETUP","details":{"service":"MessageCleanup","schedule":"every 4 hours","nextRun":"2025-08-05T03:01:08.043Z"},"environment":"development"}
{"timestamp":"2025-08-04T23:01:08.044Z","level":"INFO","operation":"SCHEDULE_SETUP","details":{"service":"DataRetentionCleanup","schedule":"daily at midnight","nextRun":"2025-08-05T19:00:00.000Z"},"environment":"development"}
{"timestamp":"2025-08-04T23:02:20.518Z","level":"INFO","operation":"DATA_RETENTION_CLEANUP_START","details":{"retentionDays":60,"retentionPeriodMs":5184000000,"cutoffDate":"2025-06-05T23:02:20.517Z"},"environment":"development"}
{"timestamp":"2025-08-04T23:02:20.694Z","level":"INFO","operation":"INDIVIDUALLY_EXPIRED_MESSAGES","details":{"messagesDeleted":0,"cutoffTime":"2025-08-04T23:02:20.516Z"},"environment":"development"}
{"timestamp":"2025-08-04T23:02:20.740Z","level":"INFO","operation":"OLD_MESSAGES_CLEANUP","details":{"cutoffDate":"2025-06-05T23:02:20.528Z","retentionDays":60,"messagesDeleted":0},"environment":"development"}
{"timestamp":"2025-08-04T23:02:20.850Z","level":"INFO","operation":"OLD_PARTICIPANTS_CLEANUP","details":{"cutoffDate":"2025-06-05T23:02:20.529Z","retentionDays":60,"participantsDeleted":0},"environment":"development"}
{"timestamp":"2025-08-04T23:02:20.887Z","level":"INFO","operation":"OLD_TIMER_CHANGES_CLEANUP","details":{"cutoffDate":"2025-06-05T23:02:20.529Z","retentionDays":60,"timerChangesDeleted":0},"environment":"development"}
{"timestamp":"2025-08-04T23:02:21.034Z","level":"INFO","operation":"EXPIRED_SESSION_MESSAGES","details":{"expiredSessionsFound":40,"messagesDeleted":0,"sessionIds":["v8eYKIQIEtbWWe","cVbiwF7K3mkO7P","QFiIJuSyPc2n1o","9PviKQsXfy7rF6","Iwu5iGeREr4Nb4","Bsj7MwDcXqjqAK","7WkM4FvuazhGtt","3pPhzH6R804aSa","QHgajFUhi8i9Kl","AbEI1Zo7BA4tyB","faLFGw5cHmJ9H3","QKmMuIxSeO48vG","8ze5iKiPf8bGRv","zYw3Ebp2MdmO6Y","kg4jTQ22W1gwQN","l7rSrwppEgbvJu","Y0Eis4invsl0DT","obEoi2mV2Q6uNe","shYUcpkO6HfyN7","dnNC3elnaSTGMo","aZTGdmtplHnDDs","UQTv1W8j6w4M9k","V0cRmoycenp63N","pKqub8RRJMZ4Zj","77IZ9vSELtdWI9","nsEFmcjvD0Sax1","pdiT6xsZVlmDRb","w4LajjpAN5p6tP","tQwZ04jdO7HmvZ","1SdqjNoJ5szNcS","U03d6w4HxqqmLm","o1gbhXzj2WS0yc","xib2hCLXZ0kbv2","njedMtveN2ApM8","4CPJSEkl6pyLju","YI4Zu5XjsXYvY7","bLcMRefB82X8Mg","9qNMVyiEwSP8I4","xmca98EcUL6L1z","ZS94Ql1AxQABrQ"]},"environment":"development"}
{"timestamp":"2025-08-04T23:02:21.035Z","level":"INFO","operation":"SESSION_BASED_CLEANUP_STATISTICS","details":{"statistics":{"expiredSessionMessages":0,"expiredMessages":0,"totalRemoved":0},"totalRecords":0,"executionTimeMs":520,"executionTimeSec":1},"environment":"development"}
{"timestamp":"2025-08-04T23:02:21.152Z","level":"INFO","operation":"OLD_SESSIONS_CLEANUP","details":{"cutoffDate":"2025-06-05T23:02:20.529Z","retentionDays":60,"sessionsDeleted":0},"environment":"development"}
{"timestamp":"2025-08-04T23:02:21.152Z","level":"INFO","operation":"DATA_RETENTION_CLEANUP_STATISTICS","details":{"statistics":{"oldMessages":0,"oldSessions":0,"oldParticipants":0,"oldTimerChanges":0,"totalRecordsRemoved":0},"totalRecords":0,"executionTimeMs":635,"executionTimeSec":1},"environment":"development"}
{"timestamp":"2025-08-04T23:02:21.154Z","level":"INFO","operation":"SCHEDULE_SETUP","details":{"service":"MessageCleanup","schedule":"every 4 hours","nextRun":"2025-08-05T03:02:21.154Z"},"environment":"development"}
{"timestamp":"2025-08-04T23:02:21.154Z","level":"INFO","operation":"SCHEDULE_SETUP","details":{"service":"DataRetentionCleanup","schedule":"daily at midnight","nextRun":"2025-08-05T19:00:00.000Z"},"environment":"development"}
{"timestamp":"2025-08-04T23:02:40.897Z","level":"INFO","operation":"DATA_RETENTION_CLEANUP_START","details":{"retentionDays":60,"retentionPeriodMs":5184000000,"cutoffDate":"2025-06-05T23:02:40.896Z"},"environment":"development"}
{"timestamp":"2025-08-04T23:02:41.071Z","level":"INFO","operation":"INDIVIDUALLY_EXPIRED_MESSAGES","details":{"messagesDeleted":0,"cutoffTime":"2025-08-04T23:02:40.896Z"},"environment":"development"}
{"timestamp":"2025-08-04T23:02:41.124Z","level":"INFO","operation":"OLD_MESSAGES_CLEANUP","details":{"cutoffDate":"2025-06-05T23:02:40.904Z","retentionDays":60,"messagesDeleted":0},"environment":"development"}
{"timestamp":"2025-08-04T23:02:41.233Z","level":"INFO","operation":"OLD_SESSIONS_CLEANUP","details":{"cutoffDate":"2025-06-05T23:02:40.904Z","retentionDays":60,"sessionsDeleted":0},"environment":"development"}
{"timestamp":"2025-08-04T23:02:41.247Z","level":"INFO","operation":"OLD_PARTICIPANTS_CLEANUP","details":{"cutoffDate":"2025-06-05T23:02:40.904Z","retentionDays":60,"participantsDeleted":0},"environment":"development"}
{"timestamp":"2025-08-04T23:02:41.272Z","level":"INFO","operation":"OLD_TIMER_CHANGES_CLEANUP","details":{"cutoffDate":"2025-06-05T23:02:40.905Z","retentionDays":60,"timerChangesDeleted":0},"environment":"development"}
{"timestamp":"2025-08-04T23:02:41.272Z","level":"INFO","operation":"DATA_RETENTION_CLEANUP_STATISTICS","details":{"statistics":{"oldMessages":0,"oldSessions":0,"oldParticipants":0,"oldTimerChanges":0,"totalRecordsRemoved":0},"totalRecords":0,"executionTimeMs":376,"executionTimeSec":0},"environment":"development"}
{"timestamp":"2025-08-04T23:02:41.398Z","level":"INFO","operation":"EXPIRED_SESSION_MESSAGES","details":{"expiredSessionsFound":40,"messagesDeleted":0,"sessionIds":["v8eYKIQIEtbWWe","cVbiwF7K3mkO7P","QFiIJuSyPc2n1o","9PviKQsXfy7rF6","Iwu5iGeREr4Nb4","Bsj7MwDcXqjqAK","7WkM4FvuazhGtt","3pPhzH6R804aSa","QHgajFUhi8i9Kl","AbEI1Zo7BA4tyB","faLFGw5cHmJ9H3","QKmMuIxSeO48vG","8ze5iKiPf8bGRv","zYw3Ebp2MdmO6Y","kg4jTQ22W1gwQN","l7rSrwppEgbvJu","Y0Eis4invsl0DT","obEoi2mV2Q6uNe","shYUcpkO6HfyN7","dnNC3elnaSTGMo","aZTGdmtplHnDDs","UQTv1W8j6w4M9k","V0cRmoycenp63N","pKqub8RRJMZ4Zj","77IZ9vSELtdWI9","nsEFmcjvD0Sax1","pdiT6xsZVlmDRb","w4LajjpAN5p6tP","tQwZ04jdO7HmvZ","1SdqjNoJ5szNcS","U03d6w4HxqqmLm","o1gbhXzj2WS0yc","xib2hCLXZ0kbv2","njedMtveN2ApM8","4CPJSEkl6pyLju","YI4Zu5XjsXYvY7","bLcMRefB82X8Mg","9qNMVyiEwSP8I4","xmca98EcUL6L1z","ZS94Ql1AxQABrQ"]},"environment":"development"}
{"timestamp":"2025-08-04T23:02:41.399Z","level":"INFO","operation":"SESSION_BASED_CLEANUP_STATISTICS","details":{"statistics":{"expiredSessionMessages":0,"expiredMessages":0,"totalRemoved":0},"totalRecords":0,"executionTimeMs":505,"executionTimeSec":1},"environment":"development"}
{"timestamp":"2025-08-04T23:02:41.400Z","level":"INFO","operation":"SCHEDULE_SETUP","details":{"service":"MessageCleanup","schedule":"every 4 hours","nextRun":"2025-08-05T03:02:41.400Z"},"environment":"development"}
{"timestamp":"2025-08-04T23:02:41.401Z","level":"INFO","operation":"SCHEDULE_SETUP","details":{"service":"DataRetentionCleanup","schedule":"daily at midnight","nextRun":"2025-08-05T19:00:00.000Z"},"environment":"development"}
{"timestamp":"2025-08-04T23:10:07.568Z","level":"INFO","operation":"SPECIFIC_SESSION_CLEANUP","details":{"sessionId":"7650j0FCFh9Zcd","messagesDeleted":0},"environment":"development"}
{"timestamp":"2025-08-04T23:21:53.864Z","level":"INFO","operation":"SPECIFIC_SESSION_CLEANUP","details":{"sessionId":"QbLIUvpdFeONbN","messagesDeleted":15},"environment":"development"}
{"timestamp":"2025-08-04T23:35:01.490Z","level":"INFO","operation":"SPECIFIC_SESSION_CLEANUP","details":{"sessionId":"hh1xVZK0cELQiX","messagesDeleted":27},"environment":"development"}
