{"timestamp":"2025-08-05T00:03:06.825Z","level":"INFO","operation":"DATA_RETENTION_CLEANUP_START","details":{"retentionDays":60,"retentionPeriodMs":5184000000,"cutoffDate":"2025-06-06T00:03:06.825Z"},"environment":"development"}
{"timestamp":"2025-08-05T00:03:06.986Z","level":"INFO","operation":"INDIVIDUALLY_EXPIRED_MESSAGES","details":{"messagesDeleted":2,"cutoffTime":"2025-08-05T00:03:06.825Z"},"environment":"development"}
{"timestamp":"2025-08-05T00:03:06.996Z","level":"INFO","operation":"OLD_MESSAGES_CLEANUP","details":{"cutoffDate":"2025-06-06T00:03:06.833Z","retentionDays":60,"messagesDeleted":0},"environment":"development"}
{"timestamp":"2025-08-05T00:03:07.125Z","level":"INFO","operation":"OLD_TIMER_CHANGES_CLEANUP","details":{"cutoffDate":"2025-06-06T00:03:06.834Z","retentionDays":60,"timerChangesDeleted":0},"environment":"development"}
{"timestamp":"2025-08-05T00:03:07.255Z","level":"INFO","operation":"EXPIRED_SESSION_MESSAGES","details":{"expiredSessionsFound":1,"messagesDeleted":0,"sessionIds":["hh1xVZK0cELQiX"]},"environment":"development"}
{"timestamp":"2025-08-05T00:03:07.256Z","level":"INFO","operation":"SESSION_BASED_CLEANUP_STATISTICS","details":{"statistics":{"expiredSessionMessages":0,"expiredMessages":2,"totalRemoved":2},"totalRecords":4,"executionTimeMs":432,"executionTimeSec":0},"environment":"development"}
{"timestamp":"2025-08-05T00:03:07.857Z","level":"INFO","operation":"OLD_SESSIONS_CLEANUP","details":{"cutoffDate":"2025-06-06T00:03:06.833Z","retentionDays":60,"sessionsDeleted":0},"environment":"development"}
{"timestamp":"2025-08-05T00:03:07.891Z","level":"INFO","operation":"OLD_PARTICIPANTS_CLEANUP","details":{"cutoffDate":"2025-06-06T00:03:06.833Z","retentionDays":60,"participantsDeleted":0},"environment":"development"}
{"timestamp":"2025-08-05T00:03:07.892Z","level":"INFO","operation":"DATA_RETENTION_CLEANUP_STATISTICS","details":{"statistics":{"oldMessages":0,"oldSessions":0,"oldParticipants":0,"oldTimerChanges":0,"totalRecordsRemoved":0},"totalRecords":0,"executionTimeMs":1067,"executionTimeSec":1},"environment":"development"}
{"timestamp":"2025-08-05T00:03:07.893Z","level":"INFO","operation":"SCHEDULE_SETUP","details":{"service":"MessageCleanup","schedule":"every 4 hours","nextRun":"2025-08-05T04:03:07.893Z"},"environment":"development"}
{"timestamp":"2025-08-05T00:03:07.893Z","level":"INFO","operation":"SCHEDULE_SETUP","details":{"service":"DataRetentionCleanup","schedule":"daily at midnight","nextRun":"2025-08-05T19:00:00.000Z"},"environment":"development"}
{"timestamp":"2025-08-05T00:06:47.190Z","level":"INFO","operation":"DATA_RETENTION_CLEANUP_START","details":{"retentionDays":60,"retentionPeriodMs":5184000000,"cutoffDate":"2025-06-06T00:06:47.190Z"},"environment":"development"}
{"timestamp":"2025-08-05T00:06:47.368Z","level":"INFO","operation":"INDIVIDUALLY_EXPIRED_MESSAGES","details":{"messagesDeleted":1,"cutoffTime":"2025-08-05T00:06:47.189Z"},"environment":"development"}
{"timestamp":"2025-08-05T00:06:47.494Z","level":"INFO","operation":"OLD_MESSAGES_CLEANUP","details":{"cutoffDate":"2025-06-06T00:06:47.197Z","retentionDays":60,"messagesDeleted":0},"environment":"development"}
{"timestamp":"2025-08-05T00:06:47.512Z","level":"INFO","operation":"OLD_SESSIONS_CLEANUP","details":{"cutoffDate":"2025-06-06T00:06:47.197Z","retentionDays":60,"sessionsDeleted":0},"environment":"development"}
{"timestamp":"2025-08-05T00:06:47.516Z","level":"INFO","operation":"OLD_PARTICIPANTS_CLEANUP","details":{"cutoffDate":"2025-06-06T00:06:47.198Z","retentionDays":60,"participantsDeleted":0},"environment":"development"}
{"timestamp":"2025-08-05T00:06:47.642Z","level":"INFO","operation":"OLD_TIMER_CHANGES_CLEANUP","details":{"cutoffDate":"2025-06-06T00:06:47.198Z","retentionDays":60,"timerChangesDeleted":0},"environment":"development"}
{"timestamp":"2025-08-05T00:06:47.643Z","level":"INFO","operation":"DATA_RETENTION_CLEANUP_STATISTICS","details":{"statistics":{"oldMessages":0,"oldSessions":0,"oldParticipants":0,"oldTimerChanges":0,"totalRecordsRemoved":0},"totalRecords":0,"executionTimeMs":453,"executionTimeSec":0},"environment":"development"}
{"timestamp":"2025-08-05T00:06:47.665Z","level":"INFO","operation":"EXPIRED_SESSION_MESSAGES","details":{"expiredSessionsFound":1,"messagesDeleted":0,"sessionIds":["hh1xVZK0cELQiX"]},"environment":"development"}
{"timestamp":"2025-08-05T00:06:47.665Z","level":"INFO","operation":"SESSION_BASED_CLEANUP_STATISTICS","details":{"statistics":{"expiredSessionMessages":0,"expiredMessages":1,"totalRemoved":1},"totalRecords":2,"executionTimeMs":478,"executionTimeSec":0},"environment":"development"}
{"timestamp":"2025-08-05T00:06:47.666Z","level":"INFO","operation":"SCHEDULE_SETUP","details":{"service":"MessageCleanup","schedule":"every 4 hours","nextRun":"2025-08-05T04:06:47.666Z"},"environment":"development"}
{"timestamp":"2025-08-05T00:06:47.667Z","level":"INFO","operation":"SCHEDULE_SETUP","details":{"service":"DataRetentionCleanup","schedule":"daily at midnight","nextRun":"2025-08-05T19:00:00.000Z"},"environment":"development"}
{"timestamp":"2025-08-05T00:07:39.745Z","level":"INFO","operation":"DATA_RETENTION_CLEANUP_START","details":{"retentionDays":60,"retentionPeriodMs":5184000000,"cutoffDate":"2025-06-06T00:07:39.745Z"},"environment":"development"}
{"timestamp":"2025-08-05T00:07:39.903Z","level":"INFO","operation":"INDIVIDUALLY_EXPIRED_MESSAGES","details":{"messagesDeleted":0,"cutoffTime":"2025-08-05T00:07:39.744Z"},"environment":"development"}
{"timestamp":"2025-08-05T00:07:40.026Z","level":"INFO","operation":"OLD_MESSAGES_CLEANUP","details":{"cutoffDate":"2025-06-06T00:07:39.752Z","retentionDays":60,"messagesDeleted":0},"environment":"development"}
{"timestamp":"2025-08-05T00:07:40.049Z","level":"INFO","operation":"OLD_SESSIONS_CLEANUP","details":{"cutoffDate":"2025-06-06T00:07:39.753Z","retentionDays":60,"sessionsDeleted":0},"environment":"development"}
{"timestamp":"2025-08-05T00:07:40.146Z","level":"INFO","operation":"OLD_PARTICIPANTS_CLEANUP","details":{"cutoffDate":"2025-06-06T00:07:39.753Z","retentionDays":60,"participantsDeleted":0},"environment":"development"}
{"timestamp":"2025-08-05T00:07:40.177Z","level":"INFO","operation":"OLD_TIMER_CHANGES_CLEANUP","details":{"cutoffDate":"2025-06-06T00:07:39.753Z","retentionDays":60,"timerChangesDeleted":0},"environment":"development"}
{"timestamp":"2025-08-05T00:07:40.177Z","level":"INFO","operation":"DATA_RETENTION_CLEANUP_STATISTICS","details":{"statistics":{"oldMessages":0,"oldSessions":0,"oldParticipants":0,"oldTimerChanges":0,"totalRecordsRemoved":0},"totalRecords":0,"executionTimeMs":432,"executionTimeSec":0},"environment":"development"}
{"timestamp":"2025-08-05T00:07:40.305Z","level":"INFO","operation":"EXPIRED_SESSION_MESSAGES","details":{"expiredSessionsFound":1,"messagesDeleted":0,"sessionIds":["hh1xVZK0cELQiX"]},"environment":"development"}
{"timestamp":"2025-08-05T00:07:40.306Z","level":"INFO","operation":"SESSION_BASED_CLEANUP_STATISTICS","details":{"statistics":{"expiredSessionMessages":0,"expiredMessages":0,"totalRemoved":0},"totalRecords":0,"executionTimeMs":564,"executionTimeSec":1},"environment":"development"}
{"timestamp":"2025-08-05T00:07:40.307Z","level":"INFO","operation":"SCHEDULE_SETUP","details":{"service":"MessageCleanup","schedule":"every 4 hours","nextRun":"2025-08-05T04:07:40.307Z"},"environment":"development"}
{"timestamp":"2025-08-05T00:07:40.308Z","level":"INFO","operation":"SCHEDULE_SETUP","details":{"service":"DataRetentionCleanup","schedule":"daily at midnight","nextRun":"2025-08-05T19:00:00.000Z"},"environment":"development"}
{"timestamp":"2025-08-05T00:07:47.390Z","level":"INFO","operation":"DATA_RETENTION_CLEANUP_START","details":{"retentionDays":60,"retentionPeriodMs":5184000000,"cutoffDate":"2025-06-06T00:07:47.390Z"},"environment":"development"}
{"timestamp":"2025-08-05T00:07:47.570Z","level":"INFO","operation":"INDIVIDUALLY_EXPIRED_MESSAGES","details":{"messagesDeleted":0,"cutoffTime":"2025-08-05T00:07:47.389Z"},"environment":"development"}
{"timestamp":"2025-08-05T00:07:55.823Z","level":"INFO","operation":"DATA_RETENTION_CLEANUP_START","details":{"retentionDays":60,"retentionPeriodMs":5184000000,"cutoffDate":"2025-06-06T00:07:55.823Z"},"environment":"development"}
{"timestamp":"2025-08-05T00:07:55.992Z","level":"INFO","operation":"INDIVIDUALLY_EXPIRED_MESSAGES","details":{"messagesDeleted":0,"cutoffTime":"2025-08-05T00:07:55.823Z"},"environment":"development"}
{"timestamp":"2025-08-05T00:08:01.789Z","level":"INFO","operation":"DATA_RETENTION_CLEANUP_START","details":{"retentionDays":60,"retentionPeriodMs":5184000000,"cutoffDate":"2025-06-06T00:08:01.789Z"},"environment":"development"}
{"timestamp":"2025-08-05T00:08:01.991Z","level":"INFO","operation":"INDIVIDUALLY_EXPIRED_MESSAGES","details":{"messagesDeleted":0,"cutoffTime":"2025-08-05T00:08:01.788Z"},"environment":"development"}
{"timestamp":"2025-08-05T00:08:02.026Z","level":"INFO","operation":"OLD_MESSAGES_CLEANUP","details":{"cutoffDate":"2025-06-06T00:08:01.797Z","retentionDays":60,"messagesDeleted":0},"environment":"development"}
{"timestamp":"2025-08-05T00:08:02.138Z","level":"INFO","operation":"OLD_SESSIONS_CLEANUP","details":{"cutoffDate":"2025-06-06T00:08:01.797Z","retentionDays":60,"sessionsDeleted":0},"environment":"development"}
{"timestamp":"2025-08-05T00:08:02.160Z","level":"INFO","operation":"OLD_PARTICIPANTS_CLEANUP","details":{"cutoffDate":"2025-06-06T00:08:01.797Z","retentionDays":60,"participantsDeleted":0},"environment":"development"}
{"timestamp":"2025-08-05T00:08:02.174Z","level":"INFO","operation":"OLD_TIMER_CHANGES_CLEANUP","details":{"cutoffDate":"2025-06-06T00:08:01.798Z","retentionDays":60,"timerChangesDeleted":0},"environment":"development"}
{"timestamp":"2025-08-05T00:08:02.175Z","level":"INFO","operation":"DATA_RETENTION_CLEANUP_STATISTICS","details":{"statistics":{"oldMessages":0,"oldSessions":0,"oldParticipants":0,"oldTimerChanges":0,"totalRecordsRemoved":0},"totalRecords":0,"executionTimeMs":386,"executionTimeSec":0},"environment":"development"}
{"timestamp":"2025-08-05T00:08:02.309Z","level":"INFO","operation":"EXPIRED_SESSION_MESSAGES","details":{"expiredSessionsFound":1,"messagesDeleted":0,"sessionIds":["hh1xVZK0cELQiX"]},"environment":"development"}
{"timestamp":"2025-08-05T00:08:02.310Z","level":"INFO","operation":"SESSION_BASED_CLEANUP_STATISTICS","details":{"statistics":{"expiredSessionMessages":0,"expiredMessages":0,"totalRemoved":0},"totalRecords":0,"executionTimeMs":523,"executionTimeSec":1},"environment":"development"}
{"timestamp":"2025-08-05T00:08:02.312Z","level":"INFO","operation":"SCHEDULE_SETUP","details":{"service":"MessageCleanup","schedule":"every 4 hours","nextRun":"2025-08-05T04:08:02.312Z"},"environment":"development"}
{"timestamp":"2025-08-05T00:08:02.312Z","level":"INFO","operation":"SCHEDULE_SETUP","details":{"service":"DataRetentionCleanup","schedule":"daily at midnight","nextRun":"2025-08-05T19:00:00.000Z"},"environment":"development"}
{"timestamp":"2025-08-05T00:08:13.525Z","level":"INFO","operation":"DATA_RETENTION_CLEANUP_START","details":{"retentionDays":60,"retentionPeriodMs":5184000000,"cutoffDate":"2025-06-06T00:08:13.525Z"},"environment":"development"}
{"timestamp":"2025-08-05T00:08:13.678Z","level":"INFO","operation":"INDIVIDUALLY_EXPIRED_MESSAGES","details":{"messagesDeleted":0,"cutoffTime":"2025-08-05T00:08:13.525Z"},"environment":"development"}
{"timestamp":"2025-08-05T00:08:13.751Z","level":"INFO","operation":"OLD_MESSAGES_CLEANUP","details":{"cutoffDate":"2025-06-06T00:08:13.533Z","retentionDays":60,"messagesDeleted":0},"environment":"development"}
{"timestamp":"2025-08-05T00:08:13.824Z","level":"INFO","operation":"OLD_SESSIONS_CLEANUP","details":{"cutoffDate":"2025-06-06T00:08:13.533Z","retentionDays":60,"sessionsDeleted":0},"environment":"development"}
{"timestamp":"2025-08-05T00:08:13.826Z","level":"INFO","operation":"OLD_PARTICIPANTS_CLEANUP","details":{"cutoffDate":"2025-06-06T00:08:13.534Z","retentionDays":60,"participantsDeleted":0},"environment":"development"}
{"timestamp":"2025-08-05T00:08:13.898Z","level":"INFO","operation":"EXPIRED_SESSION_MESSAGES","details":{"expiredSessionsFound":1,"messagesDeleted":0,"sessionIds":["hh1xVZK0cELQiX"]},"environment":"development"}
{"timestamp":"2025-08-05T00:08:13.899Z","level":"INFO","operation":"SESSION_BASED_CLEANUP_STATISTICS","details":{"statistics":{"expiredSessionMessages":0,"expiredMessages":0,"totalRemoved":0},"totalRecords":0,"executionTimeMs":376,"executionTimeSec":0},"environment":"development"}
{"timestamp":"2025-08-05T00:08:14.625Z","level":"INFO","operation":"OLD_TIMER_CHANGES_CLEANUP","details":{"cutoffDate":"2025-06-06T00:08:13.534Z","retentionDays":60,"timerChangesDeleted":0},"environment":"development"}
{"timestamp":"2025-08-05T00:08:14.626Z","level":"INFO","operation":"DATA_RETENTION_CLEANUP_STATISTICS","details":{"statistics":{"oldMessages":0,"oldSessions":0,"oldParticipants":0,"oldTimerChanges":0,"totalRecordsRemoved":0},"totalRecords":0,"executionTimeMs":1101,"executionTimeSec":1},"environment":"development"}
{"timestamp":"2025-08-05T00:08:14.627Z","level":"INFO","operation":"SCHEDULE_SETUP","details":{"service":"MessageCleanup","schedule":"every 4 hours","nextRun":"2025-08-05T04:08:14.627Z"},"environment":"development"}
{"timestamp":"2025-08-05T00:08:14.627Z","level":"INFO","operation":"SCHEDULE_SETUP","details":{"service":"DataRetentionCleanup","schedule":"daily at midnight","nextRun":"2025-08-05T19:00:00.000Z"},"environment":"development"}
{"timestamp":"2025-08-05T00:11:38.869Z","level":"INFO","operation":"DATA_RETENTION_CLEANUP_START","details":{"retentionDays":60,"retentionPeriodMs":5184000000,"cutoffDate":"2025-06-06T00:11:38.869Z"},"environment":"development"}
{"timestamp":"2025-08-05T00:11:39.032Z","level":"INFO","operation":"INDIVIDUALLY_EXPIRED_MESSAGES","details":{"messagesDeleted":0,"cutoffTime":"2025-08-05T00:11:38.869Z"},"environment":"development"}
{"timestamp":"2025-08-05T00:11:39.153Z","level":"INFO","operation":"OLD_MESSAGES_CLEANUP","details":{"cutoffDate":"2025-06-06T00:11:38.877Z","retentionDays":60,"messagesDeleted":0},"environment":"development"}
{"timestamp":"2025-08-05T00:11:39.180Z","level":"INFO","operation":"OLD_PARTICIPANTS_CLEANUP","details":{"cutoffDate":"2025-06-06T00:11:38.878Z","retentionDays":60,"participantsDeleted":0},"environment":"development"}
{"timestamp":"2025-08-05T00:11:39.182Z","level":"INFO","operation":"OLD_SESSIONS_CLEANUP","details":{"cutoffDate":"2025-06-06T00:11:38.877Z","retentionDays":60,"sessionsDeleted":0},"environment":"development"}
{"timestamp":"2025-08-05T00:11:39.298Z","level":"INFO","operation":"OLD_TIMER_CHANGES_CLEANUP","details":{"cutoffDate":"2025-06-06T00:11:38.878Z","retentionDays":60,"timerChangesDeleted":0},"environment":"development"}
{"timestamp":"2025-08-05T00:11:39.299Z","level":"INFO","operation":"DATA_RETENTION_CLEANUP_STATISTICS","details":{"statistics":{"oldMessages":0,"oldSessions":0,"oldParticipants":0,"oldTimerChanges":0,"totalRecordsRemoved":0},"totalRecords":0,"executionTimeMs":430,"executionTimeSec":0},"environment":"development"}
{"timestamp":"2025-08-05T00:11:39.335Z","level":"INFO","operation":"EXPIRED_SESSION_MESSAGES","details":{"expiredSessionsFound":1,"messagesDeleted":0,"sessionIds":["hh1xVZK0cELQiX"]},"environment":"development"}
{"timestamp":"2025-08-05T00:11:39.335Z","level":"INFO","operation":"SESSION_BASED_CLEANUP_STATISTICS","details":{"statistics":{"expiredSessionMessages":0,"expiredMessages":0,"totalRemoved":0},"totalRecords":0,"executionTimeMs":468,"executionTimeSec":0},"environment":"development"}
{"timestamp":"2025-08-05T00:11:39.337Z","level":"INFO","operation":"SCHEDULE_SETUP","details":{"service":"MessageCleanup","schedule":"every 4 hours","nextRun":"2025-08-05T04:11:39.336Z"},"environment":"development"}
{"timestamp":"2025-08-05T00:11:39.337Z","level":"INFO","operation":"SCHEDULE_SETUP","details":{"service":"DataRetentionCleanup","schedule":"daily at midnight","nextRun":"2025-08-05T19:00:00.000Z"},"environment":"development"}
{"timestamp":"2025-08-05T00:11:46.156Z","level":"INFO","operation":"DATA_RETENTION_CLEANUP_START","details":{"retentionDays":60,"retentionPeriodMs":5184000000,"cutoffDate":"2025-06-06T00:11:46.156Z"},"environment":"development"}
{"timestamp":"2025-08-05T00:11:46.411Z","level":"INFO","operation":"INDIVIDUALLY_EXPIRED_MESSAGES","details":{"messagesDeleted":0,"cutoffTime":"2025-08-05T00:11:46.156Z"},"environment":"development"}
{"timestamp":"2025-08-05T00:11:46.462Z","level":"INFO","operation":"OLD_MESSAGES_CLEANUP","details":{"cutoffDate":"2025-06-06T00:11:46.166Z","retentionDays":60,"messagesDeleted":0},"environment":"development"}
{"timestamp":"2025-08-05T00:11:46.560Z","level":"INFO","operation":"OLD_SESSIONS_CLEANUP","details":{"cutoffDate":"2025-06-06T00:11:46.166Z","retentionDays":60,"sessionsDeleted":0},"environment":"development"}
{"timestamp":"2025-08-05T00:11:46.599Z","level":"INFO","operation":"OLD_PARTICIPANTS_CLEANUP","details":{"cutoffDate":"2025-06-06T00:11:46.166Z","retentionDays":60,"participantsDeleted":0},"environment":"development"}
{"timestamp":"2025-08-05T00:11:46.610Z","level":"INFO","operation":"OLD_TIMER_CHANGES_CLEANUP","details":{"cutoffDate":"2025-06-06T00:11:46.167Z","retentionDays":60,"timerChangesDeleted":0},"environment":"development"}
{"timestamp":"2025-08-05T00:11:46.611Z","level":"INFO","operation":"DATA_RETENTION_CLEANUP_STATISTICS","details":{"statistics":{"oldMessages":0,"oldSessions":0,"oldParticipants":0,"oldTimerChanges":0,"totalRecordsRemoved":0},"totalRecords":0,"executionTimeMs":455,"executionTimeSec":0},"environment":"development"}
{"timestamp":"2025-08-05T00:11:46.748Z","level":"INFO","operation":"EXPIRED_SESSION_MESSAGES","details":{"expiredSessionsFound":1,"messagesDeleted":0,"sessionIds":["hh1xVZK0cELQiX"]},"environment":"development"}
{"timestamp":"2025-08-05T00:11:46.749Z","level":"INFO","operation":"SESSION_BASED_CLEANUP_STATISTICS","details":{"statistics":{"expiredSessionMessages":0,"expiredMessages":0,"totalRemoved":0},"totalRecords":0,"executionTimeMs":596,"executionTimeSec":1},"environment":"development"}
{"timestamp":"2025-08-05T00:11:46.750Z","level":"INFO","operation":"SCHEDULE_SETUP","details":{"service":"MessageCleanup","schedule":"every 4 hours","nextRun":"2025-08-05T04:11:46.750Z"},"environment":"development"}
{"timestamp":"2025-08-05T00:11:46.750Z","level":"INFO","operation":"SCHEDULE_SETUP","details":{"service":"DataRetentionCleanup","schedule":"daily at midnight","nextRun":"2025-08-05T19:00:00.000Z"},"environment":"development"}
{"timestamp":"2025-08-05T00:11:57.604Z","level":"INFO","operation":"DATA_RETENTION_CLEANUP_START","details":{"retentionDays":60,"retentionPeriodMs":5184000000,"cutoffDate":"2025-06-06T00:11:57.604Z"},"environment":"development"}
{"timestamp":"2025-08-05T00:11:57.809Z","level":"INFO","operation":"INDIVIDUALLY_EXPIRED_MESSAGES","details":{"messagesDeleted":0,"cutoffTime":"2025-08-05T00:11:57.603Z"},"environment":"development"}
{"timestamp":"2025-08-05T00:11:57.817Z","level":"INFO","operation":"OLD_MESSAGES_CLEANUP","details":{"cutoffDate":"2025-06-06T00:11:57.611Z","retentionDays":60,"messagesDeleted":0},"environment":"development"}
{"timestamp":"2025-08-05T00:11:57.959Z","level":"INFO","operation":"OLD_SESSIONS_CLEANUP","details":{"cutoffDate":"2025-06-06T00:11:57.611Z","retentionDays":60,"sessionsDeleted":0},"environment":"development"}
{"timestamp":"2025-08-05T00:11:57.965Z","level":"INFO","operation":"OLD_PARTICIPANTS_CLEANUP","details":{"cutoffDate":"2025-06-06T00:11:57.611Z","retentionDays":60,"participantsDeleted":0},"environment":"development"}
{"timestamp":"2025-08-05T00:11:57.965Z","level":"INFO","operation":"OLD_TIMER_CHANGES_CLEANUP","details":{"cutoffDate":"2025-06-06T00:11:57.611Z","retentionDays":60,"timerChangesDeleted":0},"environment":"development"}
{"timestamp":"2025-08-05T00:11:57.966Z","level":"INFO","operation":"DATA_RETENTION_CLEANUP_STATISTICS","details":{"statistics":{"oldMessages":0,"oldSessions":0,"oldParticipants":0,"oldTimerChanges":0,"totalRecordsRemoved":0},"totalRecords":0,"executionTimeMs":362,"executionTimeSec":0},"environment":"development"}
{"timestamp":"2025-08-05T00:11:58.115Z","level":"INFO","operation":"EXPIRED_SESSION_MESSAGES","details":{"expiredSessionsFound":1,"messagesDeleted":0,"sessionIds":["hh1xVZK0cELQiX"]},"environment":"development"}
{"timestamp":"2025-08-05T00:11:58.115Z","level":"INFO","operation":"SESSION_BASED_CLEANUP_STATISTICS","details":{"statistics":{"expiredSessionMessages":0,"expiredMessages":0,"totalRemoved":0},"totalRecords":0,"executionTimeMs":513,"executionTimeSec":1},"environment":"development"}
{"timestamp":"2025-08-05T00:11:58.117Z","level":"INFO","operation":"SCHEDULE_SETUP","details":{"service":"MessageCleanup","schedule":"every 4 hours","nextRun":"2025-08-05T04:11:58.117Z"},"environment":"development"}
{"timestamp":"2025-08-05T00:11:58.117Z","level":"INFO","operation":"SCHEDULE_SETUP","details":{"service":"DataRetentionCleanup","schedule":"daily at midnight","nextRun":"2025-08-05T19:00:00.000Z"},"environment":"development"}
{"timestamp":"2025-08-05T00:14:55.851Z","level":"INFO","operation":"DATA_RETENTION_CLEANUP_START","details":{"retentionDays":60,"retentionPeriodMs":5184000000,"cutoffDate":"2025-06-06T00:14:55.851Z"},"environment":"development"}
{"timestamp":"2025-08-05T00:14:56.009Z","level":"INFO","operation":"INDIVIDUALLY_EXPIRED_MESSAGES","details":{"messagesDeleted":0,"cutoffTime":"2025-08-05T00:14:55.850Z"},"environment":"development"}
{"timestamp":"2025-08-05T00:14:56.029Z","level":"INFO","operation":"OLD_MESSAGES_CLEANUP","details":{"cutoffDate":"2025-06-06T00:14:55.859Z","retentionDays":60,"messagesDeleted":0},"environment":"development"}
{"timestamp":"2025-08-05T00:14:56.154Z","level":"INFO","operation":"OLD_SESSIONS_CLEANUP","details":{"cutoffDate":"2025-06-06T00:14:55.860Z","retentionDays":60,"sessionsDeleted":0},"environment":"development"}
{"timestamp":"2025-08-05T00:14:56.157Z","level":"INFO","operation":"OLD_PARTICIPANTS_CLEANUP","details":{"cutoffDate":"2025-06-06T00:14:55.860Z","retentionDays":60,"participantsDeleted":0},"environment":"development"}
{"timestamp":"2025-08-05T00:14:56.175Z","level":"INFO","operation":"OLD_TIMER_CHANGES_CLEANUP","details":{"cutoffDate":"2025-06-06T00:14:55.860Z","retentionDays":60,"timerChangesDeleted":0},"environment":"development"}
{"timestamp":"2025-08-05T00:14:56.176Z","level":"INFO","operation":"DATA_RETENTION_CLEANUP_STATISTICS","details":{"statistics":{"oldMessages":0,"oldSessions":0,"oldParticipants":0,"oldTimerChanges":0,"totalRecordsRemoved":0},"totalRecords":0,"executionTimeMs":325,"executionTimeSec":0},"environment":"development"}
{"timestamp":"2025-08-05T00:14:56.305Z","level":"INFO","operation":"EXPIRED_SESSION_MESSAGES","details":{"expiredSessionsFound":1,"messagesDeleted":0,"sessionIds":["hh1xVZK0cELQiX"]},"environment":"development"}
{"timestamp":"2025-08-05T00:14:56.306Z","level":"INFO","operation":"SESSION_BASED_CLEANUP_STATISTICS","details":{"statistics":{"expiredSessionMessages":0,"expiredMessages":0,"totalRemoved":0},"totalRecords":0,"executionTimeMs":457,"executionTimeSec":0},"environment":"development"}
{"timestamp":"2025-08-05T00:14:56.307Z","level":"INFO","operation":"SCHEDULE_SETUP","details":{"service":"MessageCleanup","schedule":"every 4 hours","nextRun":"2025-08-05T04:14:56.307Z"},"environment":"development"}
{"timestamp":"2025-08-05T00:14:56.307Z","level":"INFO","operation":"SCHEDULE_SETUP","details":{"service":"DataRetentionCleanup","schedule":"daily at midnight","nextRun":"2025-08-05T19:00:00.000Z"},"environment":"development"}
{"timestamp":"2025-08-05T00:36:22.719Z","level":"INFO","operation":"DATA_RETENTION_CLEANUP_START","details":{"retentionDays":60,"retentionPeriodMs":5184000000,"cutoffDate":"2025-06-06T00:36:22.719Z"},"environment":"development"}
{"timestamp":"2025-08-05T00:36:22.879Z","level":"INFO","operation":"INDIVIDUALLY_EXPIRED_MESSAGES","details":{"messagesDeleted":4,"cutoffTime":"2025-08-05T00:36:22.719Z"},"environment":"development"}
{"timestamp":"2025-08-05T00:36:23.028Z","level":"INFO","operation":"OLD_MESSAGES_CLEANUP","details":{"cutoffDate":"2025-06-06T00:36:22.729Z","retentionDays":60,"messagesDeleted":0},"environment":"development"}
{"timestamp":"2025-08-05T00:36:23.037Z","level":"INFO","operation":"OLD_SESSIONS_CLEANUP","details":{"cutoffDate":"2025-06-06T00:36:22.730Z","retentionDays":60,"sessionsDeleted":0},"environment":"development"}
{"timestamp":"2025-08-05T00:36:23.042Z","level":"INFO","operation":"OLD_PARTICIPANTS_CLEANUP","details":{"cutoffDate":"2025-06-06T00:36:22.730Z","retentionDays":60,"participantsDeleted":0},"environment":"development"}
{"timestamp":"2025-08-05T00:36:23.176Z","level":"INFO","operation":"EXPIRED_SESSION_MESSAGES","details":{"expiredSessionsFound":1,"messagesDeleted":0,"sessionIds":["hh1xVZK0cELQiX"]},"environment":"development"}
{"timestamp":"2025-08-05T00:36:23.177Z","level":"INFO","operation":"SESSION_BASED_CLEANUP_STATISTICS","details":{"statistics":{"expiredSessionMessages":0,"expiredMessages":4,"totalRemoved":4},"totalRecords":8,"executionTimeMs":460,"executionTimeSec":0},"environment":"development"}
{"timestamp":"2025-08-05T00:36:23.957Z","level":"INFO","operation":"OLD_TIMER_CHANGES_CLEANUP","details":{"cutoffDate":"2025-06-06T00:36:22.730Z","retentionDays":60,"timerChangesDeleted":0},"environment":"development"}
{"timestamp":"2025-08-05T00:36:23.958Z","level":"INFO","operation":"DATA_RETENTION_CLEANUP_STATISTICS","details":{"statistics":{"oldMessages":0,"oldSessions":0,"oldParticipants":0,"oldTimerChanges":0,"totalRecordsRemoved":0},"totalRecords":0,"executionTimeMs":1239,"executionTimeSec":1},"environment":"development"}
{"timestamp":"2025-08-05T00:36:23.959Z","level":"INFO","operation":"SCHEDULE_SETUP","details":{"service":"MessageCleanup","schedule":"every 4 hours","nextRun":"2025-08-05T04:36:23.959Z"},"environment":"development"}
{"timestamp":"2025-08-05T00:36:23.960Z","level":"INFO","operation":"SCHEDULE_SETUP","details":{"service":"DataRetentionCleanup","schedule":"daily at midnight","nextRun":"2025-08-05T19:00:00.000Z"},"environment":"development"}
{"timestamp":"2025-08-05T02:30:21.612Z","level":"INFO","operation":"DATA_RETENTION_CLEANUP_START","details":{"retentionDays":60,"retentionPeriodMs":5184000000,"cutoffDate":"2025-06-06T02:30:21.612Z"},"environment":"development"}
{"timestamp":"2025-08-05T02:30:21.831Z","level":"INFO","operation":"INDIVIDUALLY_EXPIRED_MESSAGES","details":{"messagesDeleted":0,"cutoffTime":"2025-08-05T02:30:21.611Z"},"environment":"development"}
{"timestamp":"2025-08-05T02:30:21.977Z","level":"INFO","operation":"OLD_SESSIONS_CLEANUP","details":{"cutoffDate":"2025-06-06T02:30:21.621Z","retentionDays":60,"sessionsDeleted":0},"environment":"development"}
{"timestamp":"2025-08-05T02:30:21.978Z","level":"INFO","operation":"OLD_PARTICIPANTS_CLEANUP","details":{"cutoffDate":"2025-06-06T02:30:21.621Z","retentionDays":60,"participantsDeleted":0},"environment":"development"}
{"timestamp":"2025-08-05T02:30:21.982Z","level":"INFO","operation":"OLD_MESSAGES_CLEANUP","details":{"cutoffDate":"2025-06-06T02:30:21.621Z","retentionDays":60,"messagesDeleted":0},"environment":"development"}
{"timestamp":"2025-08-05T02:30:22.122Z","level":"INFO","operation":"OLD_TIMER_CHANGES_CLEANUP","details":{"cutoffDate":"2025-06-06T02:30:21.622Z","retentionDays":60,"timerChangesDeleted":0},"environment":"development"}
{"timestamp":"2025-08-05T02:30:22.123Z","level":"INFO","operation":"DATA_RETENTION_CLEANUP_STATISTICS","details":{"statistics":{"oldMessages":0,"oldSessions":0,"oldParticipants":0,"oldTimerChanges":0,"totalRecordsRemoved":0},"totalRecords":0,"executionTimeMs":511,"executionTimeSec":1},"environment":"development"}
{"timestamp":"2025-08-05T02:30:22.135Z","level":"INFO","operation":"EXPIRED_SESSION_MESSAGES","details":{"expiredSessionsFound":1,"messagesDeleted":0,"sessionIds":["hh1xVZK0cELQiX"]},"environment":"development"}
{"timestamp":"2025-08-05T02:30:22.136Z","level":"INFO","operation":"SESSION_BASED_CLEANUP_STATISTICS","details":{"statistics":{"expiredSessionMessages":0,"expiredMessages":0,"totalRemoved":0},"totalRecords":0,"executionTimeMs":525,"executionTimeSec":1},"environment":"development"}
{"timestamp":"2025-08-05T02:30:22.137Z","level":"INFO","operation":"SCHEDULE_SETUP","details":{"service":"MessageCleanup","schedule":"every 4 hours","nextRun":"2025-08-05T06:30:22.137Z"},"environment":"development"}
{"timestamp":"2025-08-05T02:30:22.137Z","level":"INFO","operation":"SCHEDULE_SETUP","details":{"service":"DataRetentionCleanup","schedule":"daily at midnight","nextRun":"2025-08-05T19:00:00.000Z"},"environment":"development"}
{"timestamp":"2025-08-05T02:30:37.732Z","level":"INFO","operation":"DATA_RETENTION_CLEANUP_START","details":{"retentionDays":60,"retentionPeriodMs":5184000000,"cutoffDate":"2025-06-06T02:30:37.732Z"},"environment":"development"}
{"timestamp":"2025-08-05T02:30:37.939Z","level":"INFO","operation":"INDIVIDUALLY_EXPIRED_MESSAGES","details":{"messagesDeleted":0,"cutoffTime":"2025-08-05T02:30:37.732Z"},"environment":"development"}
{"timestamp":"2025-08-05T02:30:38.073Z","level":"INFO","operation":"OLD_MESSAGES_CLEANUP","details":{"cutoffDate":"2025-06-06T02:30:37.737Z","retentionDays":60,"messagesDeleted":0},"environment":"development"}
{"timestamp":"2025-08-05T02:30:38.087Z","level":"INFO","operation":"OLD_SESSIONS_CLEANUP","details":{"cutoffDate":"2025-06-06T02:30:37.737Z","retentionDays":60,"sessionsDeleted":0},"environment":"development"}
{"timestamp":"2025-08-05T02:30:38.167Z","level":"INFO","operation":"OLD_PARTICIPANTS_CLEANUP","details":{"cutoffDate":"2025-06-06T02:30:37.738Z","retentionDays":60,"participantsDeleted":0},"environment":"development"}
{"timestamp":"2025-08-05T02:30:38.227Z","level":"INFO","operation":"OLD_TIMER_CHANGES_CLEANUP","details":{"cutoffDate":"2025-06-06T02:30:37.738Z","retentionDays":60,"timerChangesDeleted":0},"environment":"development"}
{"timestamp":"2025-08-05T02:30:38.230Z","level":"INFO","operation":"DATA_RETENTION_CLEANUP_STATISTICS","details":{"statistics":{"oldMessages":0,"oldSessions":0,"oldParticipants":0,"oldTimerChanges":0,"totalRecordsRemoved":0},"totalRecords":0,"executionTimeMs":498,"executionTimeSec":0},"environment":"development"}
{"timestamp":"2025-08-05T02:30:42.795Z","level":"INFO","operation":"DATA_RETENTION_CLEANUP_START","details":{"retentionDays":60,"retentionPeriodMs":5184000000,"cutoffDate":"2025-06-06T02:30:42.795Z"},"environment":"development"}
{"timestamp":"2025-08-05T02:30:43.058Z","level":"INFO","operation":"INDIVIDUALLY_EXPIRED_MESSAGES","details":{"messagesDeleted":0,"cutoffTime":"2025-08-05T02:30:42.794Z"},"environment":"development"}
{"timestamp":"2025-08-05T02:30:43.098Z","level":"INFO","operation":"OLD_MESSAGES_CLEANUP","details":{"cutoffDate":"2025-06-06T02:30:42.803Z","retentionDays":60,"messagesDeleted":0},"environment":"development"}
{"timestamp":"2025-08-05T02:30:43.204Z","level":"INFO","operation":"OLD_SESSIONS_CLEANUP","details":{"cutoffDate":"2025-06-06T02:30:42.803Z","retentionDays":60,"sessionsDeleted":0},"environment":"development"}
{"timestamp":"2025-08-05T02:30:43.230Z","level":"INFO","operation":"OLD_PARTICIPANTS_CLEANUP","details":{"cutoffDate":"2025-06-06T02:30:42.803Z","retentionDays":60,"participantsDeleted":0},"environment":"development"}
{"timestamp":"2025-08-05T02:30:43.244Z","level":"INFO","operation":"OLD_TIMER_CHANGES_CLEANUP","details":{"cutoffDate":"2025-06-06T02:30:42.803Z","retentionDays":60,"timerChangesDeleted":0},"environment":"development"}
{"timestamp":"2025-08-05T02:30:43.244Z","level":"INFO","operation":"DATA_RETENTION_CLEANUP_STATISTICS","details":{"statistics":{"oldMessages":0,"oldSessions":0,"oldParticipants":0,"oldTimerChanges":0,"totalRecordsRemoved":0},"totalRecords":0,"executionTimeMs":449,"executionTimeSec":0},"environment":"development"}
{"timestamp":"2025-08-05T02:30:43.377Z","level":"INFO","operation":"EXPIRED_SESSION_MESSAGES","details":{"expiredSessionsFound":1,"messagesDeleted":0,"sessionIds":["hh1xVZK0cELQiX"]},"environment":"development"}
{"timestamp":"2025-08-05T02:30:43.377Z","level":"INFO","operation":"SESSION_BASED_CLEANUP_STATISTICS","details":{"statistics":{"expiredSessionMessages":0,"expiredMessages":0,"totalRemoved":0},"totalRecords":0,"executionTimeMs":585,"executionTimeSec":1},"environment":"development"}
{"timestamp":"2025-08-05T02:30:43.378Z","level":"INFO","operation":"SCHEDULE_SETUP","details":{"service":"MessageCleanup","schedule":"every 4 hours","nextRun":"2025-08-05T06:30:43.378Z"},"environment":"development"}
{"timestamp":"2025-08-05T02:30:43.379Z","level":"INFO","operation":"SCHEDULE_SETUP","details":{"service":"DataRetentionCleanup","schedule":"daily at midnight","nextRun":"2025-08-05T19:00:00.000Z"},"environment":"development"}
{"timestamp":"2025-08-05T02:30:48.183Z","level":"INFO","operation":"DATA_RETENTION_CLEANUP_START","details":{"retentionDays":60,"retentionPeriodMs":5184000000,"cutoffDate":"2025-06-06T02:30:48.183Z"},"environment":"development"}
{"timestamp":"2025-08-05T02:30:48.412Z","level":"INFO","operation":"INDIVIDUALLY_EXPIRED_MESSAGES","details":{"messagesDeleted":0,"cutoffTime":"2025-08-05T02:30:48.183Z"},"environment":"development"}
{"timestamp":"2025-08-05T02:30:48.447Z","level":"INFO","operation":"OLD_MESSAGES_CLEANUP","details":{"cutoffDate":"2025-06-06T02:30:48.192Z","retentionDays":60,"messagesDeleted":0},"environment":"development"}
{"timestamp":"2025-08-05T02:30:48.559Z","level":"INFO","operation":"OLD_SESSIONS_CLEANUP","details":{"cutoffDate":"2025-06-06T02:30:48.192Z","retentionDays":60,"sessionsDeleted":0},"environment":"development"}
{"timestamp":"2025-08-05T02:30:48.569Z","level":"INFO","operation":"OLD_PARTICIPANTS_CLEANUP","details":{"cutoffDate":"2025-06-06T02:30:48.192Z","retentionDays":60,"participantsDeleted":0},"environment":"development"}
{"timestamp":"2025-08-05T02:30:48.597Z","level":"INFO","operation":"OLD_TIMER_CHANGES_CLEANUP","details":{"cutoffDate":"2025-06-06T02:30:48.193Z","retentionDays":60,"timerChangesDeleted":0},"environment":"development"}
{"timestamp":"2025-08-05T02:30:48.597Z","level":"INFO","operation":"DATA_RETENTION_CLEANUP_STATISTICS","details":{"statistics":{"oldMessages":0,"oldSessions":0,"oldParticipants":0,"oldTimerChanges":0,"totalRecordsRemoved":0},"totalRecords":0,"executionTimeMs":414,"executionTimeSec":0},"environment":"development"}
{"timestamp":"2025-08-05T02:30:48.717Z","level":"INFO","operation":"EXPIRED_SESSION_MESSAGES","details":{"expiredSessionsFound":1,"messagesDeleted":0,"sessionIds":["hh1xVZK0cELQiX"]},"environment":"development"}
{"timestamp":"2025-08-05T02:30:48.718Z","level":"INFO","operation":"SESSION_BASED_CLEANUP_STATISTICS","details":{"statistics":{"expiredSessionMessages":0,"expiredMessages":0,"totalRemoved":0},"totalRecords":0,"executionTimeMs":537,"executionTimeSec":1},"environment":"development"}
{"timestamp":"2025-08-05T02:30:48.719Z","level":"INFO","operation":"SCHEDULE_SETUP","details":{"service":"MessageCleanup","schedule":"every 4 hours","nextRun":"2025-08-05T06:30:48.719Z"},"environment":"development"}
{"timestamp":"2025-08-05T02:30:48.720Z","level":"INFO","operation":"SCHEDULE_SETUP","details":{"service":"DataRetentionCleanup","schedule":"daily at midnight","nextRun":"2025-08-05T19:00:00.000Z"},"environment":"development"}
{"timestamp":"2025-08-05T02:31:20.388Z","level":"INFO","operation":"DATA_RETENTION_CLEANUP_START","details":{"retentionDays":60,"retentionPeriodMs":5184000000,"cutoffDate":"2025-06-06T02:31:20.388Z"},"environment":"development"}
{"timestamp":"2025-08-05T02:31:20.562Z","level":"INFO","operation":"INDIVIDUALLY_EXPIRED_MESSAGES","details":{"messagesDeleted":0,"cutoffTime":"2025-08-05T02:31:20.387Z"},"environment":"development"}
{"timestamp":"2025-08-05T02:31:20.633Z","level":"INFO","operation":"OLD_MESSAGES_CLEANUP","details":{"cutoffDate":"2025-06-06T02:31:20.395Z","retentionDays":60,"messagesDeleted":0},"environment":"development"}
{"timestamp":"2025-08-05T02:31:20.711Z","level":"INFO","operation":"OLD_SESSIONS_CLEANUP","details":{"cutoffDate":"2025-06-06T02:31:20.396Z","retentionDays":60,"sessionsDeleted":0},"environment":"development"}
{"timestamp":"2025-08-05T02:31:20.731Z","level":"INFO","operation":"OLD_PARTICIPANTS_CLEANUP","details":{"cutoffDate":"2025-06-06T02:31:20.396Z","retentionDays":60,"participantsDeleted":0},"environment":"development"}
{"timestamp":"2025-08-05T02:31:20.781Z","level":"INFO","operation":"OLD_TIMER_CHANGES_CLEANUP","details":{"cutoffDate":"2025-06-06T02:31:20.396Z","retentionDays":60,"timerChangesDeleted":0},"environment":"development"}
{"timestamp":"2025-08-05T02:31:20.782Z","level":"INFO","operation":"DATA_RETENTION_CLEANUP_STATISTICS","details":{"statistics":{"oldMessages":0,"oldSessions":0,"oldParticipants":0,"oldTimerChanges":0,"totalRecordsRemoved":0},"totalRecords":0,"executionTimeMs":394,"executionTimeSec":0},"environment":"development"}
{"timestamp":"2025-08-05T02:31:26.916Z","level":"INFO","operation":"DATA_RETENTION_CLEANUP_START","details":{"retentionDays":60,"retentionPeriodMs":5184000000,"cutoffDate":"2025-06-06T02:31:26.916Z"},"environment":"development"}
{"timestamp":"2025-08-05T02:31:27.082Z","level":"INFO","operation":"INDIVIDUALLY_EXPIRED_MESSAGES","details":{"messagesDeleted":0,"cutoffTime":"2025-08-05T02:31:26.915Z"},"environment":"development"}
{"timestamp":"2025-08-05T02:31:27.236Z","level":"INFO","operation":"OLD_MESSAGES_CLEANUP","details":{"cutoffDate":"2025-06-06T02:31:26.925Z","retentionDays":60,"messagesDeleted":0},"environment":"development"}
{"timestamp":"2025-08-05T02:31:27.385Z","level":"INFO","operation":"OLD_SESSIONS_CLEANUP","details":{"cutoffDate":"2025-06-06T02:31:26.925Z","retentionDays":60,"sessionsDeleted":0},"environment":"development"}
{"timestamp":"2025-08-05T02:31:27.389Z","level":"INFO","operation":"OLD_PARTICIPANTS_CLEANUP","details":{"cutoffDate":"2025-06-06T02:31:26.925Z","retentionDays":60,"participantsDeleted":0},"environment":"development"}
{"timestamp":"2025-08-05T02:31:27.402Z","level":"INFO","operation":"OLD_TIMER_CHANGES_CLEANUP","details":{"cutoffDate":"2025-06-06T02:31:26.926Z","retentionDays":60,"timerChangesDeleted":0},"environment":"development"}
{"timestamp":"2025-08-05T02:31:27.402Z","level":"INFO","operation":"DATA_RETENTION_CLEANUP_STATISTICS","details":{"statistics":{"oldMessages":0,"oldSessions":0,"oldParticipants":0,"oldTimerChanges":0,"totalRecordsRemoved":0},"totalRecords":0,"executionTimeMs":486,"executionTimeSec":0},"environment":"development"}
{"timestamp":"2025-08-05T02:31:27.542Z","level":"INFO","operation":"EXPIRED_SESSION_MESSAGES","details":{"expiredSessionsFound":1,"messagesDeleted":0,"sessionIds":["hh1xVZK0cELQiX"]},"environment":"development"}
{"timestamp":"2025-08-05T02:31:27.542Z","level":"INFO","operation":"SESSION_BASED_CLEANUP_STATISTICS","details":{"statistics":{"expiredSessionMessages":0,"expiredMessages":0,"totalRemoved":0},"totalRecords":0,"executionTimeMs":629,"executionTimeSec":1},"environment":"development"}
{"timestamp":"2025-08-05T02:31:27.544Z","level":"INFO","operation":"SCHEDULE_SETUP","details":{"service":"MessageCleanup","schedule":"every 4 hours","nextRun":"2025-08-05T06:31:27.544Z"},"environment":"development"}
{"timestamp":"2025-08-05T02:31:27.544Z","level":"INFO","operation":"SCHEDULE_SETUP","details":{"service":"DataRetentionCleanup","schedule":"daily at midnight","nextRun":"2025-08-05T19:00:00.000Z"},"environment":"development"}
{"timestamp":"2025-08-05T02:32:03.065Z","level":"INFO","operation":"DATA_RETENTION_CLEANUP_START","details":{"retentionDays":60,"retentionPeriodMs":5184000000,"cutoffDate":"2025-06-06T02:32:03.065Z"},"environment":"development"}
{"timestamp":"2025-08-05T02:32:03.222Z","level":"INFO","operation":"INDIVIDUALLY_EXPIRED_MESSAGES","details":{"messagesDeleted":0,"cutoffTime":"2025-08-05T02:32:03.065Z"},"environment":"development"}
{"timestamp":"2025-08-05T02:32:03.305Z","level":"INFO","operation":"OLD_MESSAGES_CLEANUP","details":{"cutoffDate":"2025-06-06T02:32:03.075Z","retentionDays":60,"messagesDeleted":0},"environment":"development"}
{"timestamp":"2025-08-05T02:32:03.368Z","level":"INFO","operation":"OLD_SESSIONS_CLEANUP","details":{"cutoffDate":"2025-06-06T02:32:03.076Z","retentionDays":60,"sessionsDeleted":0},"environment":"development"}
{"timestamp":"2025-08-05T02:32:03.402Z","level":"INFO","operation":"OLD_PARTICIPANTS_CLEANUP","details":{"cutoffDate":"2025-06-06T02:32:03.076Z","retentionDays":60,"participantsDeleted":0},"environment":"development"}
{"timestamp":"2025-08-05T02:32:03.456Z","level":"INFO","operation":"OLD_TIMER_CHANGES_CLEANUP","details":{"cutoffDate":"2025-06-06T02:32:03.076Z","retentionDays":60,"timerChangesDeleted":0},"environment":"development"}
{"timestamp":"2025-08-05T02:32:03.457Z","level":"INFO","operation":"DATA_RETENTION_CLEANUP_STATISTICS","details":{"statistics":{"oldMessages":0,"oldSessions":0,"oldParticipants":0,"oldTimerChanges":0,"totalRecordsRemoved":0},"totalRecords":0,"executionTimeMs":392,"executionTimeSec":0},"environment":"development"}
{"timestamp":"2025-08-05T02:32:03.549Z","level":"INFO","operation":"EXPIRED_SESSION_MESSAGES","details":{"expiredSessionsFound":1,"messagesDeleted":0,"sessionIds":["hh1xVZK0cELQiX"]},"environment":"development"}
{"timestamp":"2025-08-05T02:32:03.550Z","level":"INFO","operation":"SESSION_BASED_CLEANUP_STATISTICS","details":{"statistics":{"expiredSessionMessages":0,"expiredMessages":0,"totalRemoved":0},"totalRecords":0,"executionTimeMs":487,"executionTimeSec":0},"environment":"development"}
{"timestamp":"2025-08-05T02:32:03.551Z","level":"INFO","operation":"SCHEDULE_SETUP","details":{"service":"MessageCleanup","schedule":"every 4 hours","nextRun":"2025-08-05T06:32:03.551Z"},"environment":"development"}
{"timestamp":"2025-08-05T02:32:03.551Z","level":"INFO","operation":"SCHEDULE_SETUP","details":{"service":"DataRetentionCleanup","schedule":"daily at midnight","nextRun":"2025-08-05T19:00:00.000Z"},"environment":"development"}
{"timestamp":"2025-08-05T02:46:30.934Z","level":"INFO","operation":"DATA_RETENTION_CLEANUP_START","details":{"retentionDays":60,"retentionPeriodMs":5184000000,"cutoffDate":"2025-06-06T02:46:30.934Z"},"environment":"development"}
{"timestamp":"2025-08-05T02:46:31.098Z","level":"INFO","operation":"INDIVIDUALLY_EXPIRED_MESSAGES","details":{"messagesDeleted":4,"cutoffTime":"2025-08-05T02:46:30.934Z"},"environment":"development"}
{"timestamp":"2025-08-05T02:46:31.113Z","level":"INFO","operation":"OLD_MESSAGES_CLEANUP","details":{"cutoffDate":"2025-06-06T02:46:30.941Z","retentionDays":60,"messagesDeleted":0},"environment":"development"}
{"timestamp":"2025-08-05T02:46:31.244Z","level":"INFO","operation":"OLD_TIMER_CHANGES_CLEANUP","details":{"cutoffDate":"2025-06-06T02:46:30.941Z","retentionDays":60,"timerChangesDeleted":0},"environment":"development"}
{"timestamp":"2025-08-05T02:46:31.245Z","level":"INFO","operation":"OLD_PARTICIPANTS_CLEANUP","details":{"cutoffDate":"2025-06-06T02:46:30.941Z","retentionDays":60,"participantsDeleted":0},"environment":"development"}
{"timestamp":"2025-08-05T02:46:31.948Z","level":"INFO","operation":"OLD_SESSIONS_CLEANUP","details":{"cutoffDate":"2025-06-06T02:46:30.941Z","retentionDays":60,"sessionsDeleted":0},"environment":"development"}
{"timestamp":"2025-08-05T02:46:31.949Z","level":"INFO","operation":"DATA_RETENTION_CLEANUP_STATISTICS","details":{"statistics":{"oldMessages":0,"oldSessions":0,"oldParticipants":0,"oldTimerChanges":0,"totalRecordsRemoved":0},"totalRecords":0,"executionTimeMs":1015,"executionTimeSec":1},"environment":"development"}
{"timestamp":"2025-08-05T02:46:32.029Z","level":"INFO","operation":"EXPIRED_SESSION_MESSAGES","details":{"expiredSessionsFound":1,"messagesDeleted":0,"sessionIds":["hh1xVZK0cELQiX"]},"environment":"development"}
{"timestamp":"2025-08-05T02:46:32.030Z","level":"INFO","operation":"SESSION_BASED_CLEANUP_STATISTICS","details":{"statistics":{"expiredSessionMessages":0,"expiredMessages":4,"totalRemoved":4},"totalRecords":8,"executionTimeMs":1097,"executionTimeSec":1},"environment":"development"}
{"timestamp":"2025-08-05T02:46:32.032Z","level":"INFO","operation":"SCHEDULE_SETUP","details":{"service":"MessageCleanup","schedule":"every 4 hours","nextRun":"2025-08-05T06:46:32.032Z"},"environment":"development"}
{"timestamp":"2025-08-05T02:46:32.032Z","level":"INFO","operation":"SCHEDULE_SETUP","details":{"service":"DataRetentionCleanup","schedule":"daily at midnight","nextRun":"2025-08-05T19:00:00.000Z"},"environment":"development"}
{"timestamp":"2025-08-05T02:46:37.401Z","level":"INFO","operation":"DATA_RETENTION_CLEANUP_START","details":{"retentionDays":60,"retentionPeriodMs":5184000000,"cutoffDate":"2025-06-06T02:46:37.400Z"},"environment":"development"}
{"timestamp":"2025-08-05T02:46:37.585Z","level":"INFO","operation":"INDIVIDUALLY_EXPIRED_MESSAGES","details":{"messagesDeleted":0,"cutoffTime":"2025-08-05T02:46:37.400Z"},"environment":"development"}
{"timestamp":"2025-08-05T02:46:37.740Z","level":"INFO","operation":"OLD_MESSAGES_CLEANUP","details":{"cutoffDate":"2025-06-06T02:46:37.408Z","retentionDays":60,"messagesDeleted":0},"environment":"development"}
{"timestamp":"2025-08-05T02:46:37.813Z","level":"INFO","operation":"OLD_PARTICIPANTS_CLEANUP","details":{"cutoffDate":"2025-06-06T02:46:37.409Z","retentionDays":60,"participantsDeleted":0},"environment":"development"}
{"timestamp":"2025-08-05T02:46:37.821Z","level":"INFO","operation":"OLD_SESSIONS_CLEANUP","details":{"cutoffDate":"2025-06-06T02:46:37.409Z","retentionDays":60,"sessionsDeleted":0},"environment":"development"}
{"timestamp":"2025-08-05T02:46:37.898Z","level":"INFO","operation":"OLD_TIMER_CHANGES_CLEANUP","details":{"cutoffDate":"2025-06-06T02:46:37.409Z","retentionDays":60,"timerChangesDeleted":0},"environment":"development"}
{"timestamp":"2025-08-05T02:46:37.898Z","level":"INFO","operation":"DATA_RETENTION_CLEANUP_STATISTICS","details":{"statistics":{"oldMessages":0,"oldSessions":0,"oldParticipants":0,"oldTimerChanges":0,"totalRecordsRemoved":0},"totalRecords":0,"executionTimeMs":498,"executionTimeSec":0},"environment":"development"}
{"timestamp":"2025-08-05T02:46:38.880Z","level":"INFO","operation":"EXPIRED_SESSION_MESSAGES","details":{"expiredSessionsFound":1,"messagesDeleted":0,"sessionIds":["hh1xVZK0cELQiX"]},"environment":"development"}
{"timestamp":"2025-08-05T02:46:38.881Z","level":"INFO","operation":"SESSION_BASED_CLEANUP_STATISTICS","details":{"statistics":{"expiredSessionMessages":0,"expiredMessages":0,"totalRemoved":0},"totalRecords":0,"executionTimeMs":1483,"executionTimeSec":1},"environment":"development"}
{"timestamp":"2025-08-05T02:46:38.882Z","level":"INFO","operation":"SCHEDULE_SETUP","details":{"service":"MessageCleanup","schedule":"every 4 hours","nextRun":"2025-08-05T06:46:38.882Z"},"environment":"development"}
{"timestamp":"2025-08-05T02:46:38.882Z","level":"INFO","operation":"SCHEDULE_SETUP","details":{"service":"DataRetentionCleanup","schedule":"daily at midnight","nextRun":"2025-08-05T19:00:00.000Z"},"environment":"development"}
{"timestamp":"2025-08-05T02:46:44.999Z","level":"INFO","operation":"DATA_RETENTION_CLEANUP_START","details":{"retentionDays":60,"retentionPeriodMs":5184000000,"cutoffDate":"2025-06-06T02:46:44.999Z"},"environment":"development"}
{"timestamp":"2025-08-05T02:46:45.232Z","level":"INFO","operation":"INDIVIDUALLY_EXPIRED_MESSAGES","details":{"messagesDeleted":0,"cutoffTime":"2025-08-05T02:46:44.998Z"},"environment":"development"}
{"timestamp":"2025-08-05T02:46:45.278Z","level":"INFO","operation":"OLD_MESSAGES_CLEANUP","details":{"cutoffDate":"2025-06-06T02:46:45.006Z","retentionDays":60,"messagesDeleted":0},"environment":"development"}
{"timestamp":"2025-08-05T02:46:45.378Z","level":"INFO","operation":"OLD_SESSIONS_CLEANUP","details":{"cutoffDate":"2025-06-06T02:46:45.007Z","retentionDays":60,"sessionsDeleted":0},"environment":"development"}
{"timestamp":"2025-08-05T02:46:45.424Z","level":"INFO","operation":"OLD_PARTICIPANTS_CLEANUP","details":{"cutoffDate":"2025-06-06T02:46:45.007Z","retentionDays":60,"participantsDeleted":0},"environment":"development"}
{"timestamp":"2025-08-05T02:46:45.431Z","level":"INFO","operation":"OLD_TIMER_CHANGES_CLEANUP","details":{"cutoffDate":"2025-06-06T02:46:45.008Z","retentionDays":60,"timerChangesDeleted":0},"environment":"development"}
{"timestamp":"2025-08-05T02:46:45.433Z","level":"INFO","operation":"DATA_RETENTION_CLEANUP_STATISTICS","details":{"statistics":{"oldMessages":0,"oldSessions":0,"oldParticipants":0,"oldTimerChanges":0,"totalRecordsRemoved":0},"totalRecords":0,"executionTimeMs":434,"executionTimeSec":0},"environment":"development"}
{"timestamp":"2025-08-05T02:46:45.570Z","level":"INFO","operation":"EXPIRED_SESSION_MESSAGES","details":{"expiredSessionsFound":1,"messagesDeleted":0,"sessionIds":["hh1xVZK0cELQiX"]},"environment":"development"}
{"timestamp":"2025-08-05T02:46:45.570Z","level":"INFO","operation":"SESSION_BASED_CLEANUP_STATISTICS","details":{"statistics":{"expiredSessionMessages":0,"expiredMessages":0,"totalRemoved":0},"totalRecords":0,"executionTimeMs":574,"executionTimeSec":1},"environment":"development"}
{"timestamp":"2025-08-05T02:46:45.572Z","level":"INFO","operation":"SCHEDULE_SETUP","details":{"service":"MessageCleanup","schedule":"every 4 hours","nextRun":"2025-08-05T06:46:45.572Z"},"environment":"development"}
{"timestamp":"2025-08-05T02:46:45.572Z","level":"INFO","operation":"SCHEDULE_SETUP","details":{"service":"DataRetentionCleanup","schedule":"daily at midnight","nextRun":"2025-08-05T19:00:00.000Z"},"environment":"development"}
{"timestamp":"2025-08-05T02:46:54.544Z","level":"INFO","operation":"DATA_RETENTION_CLEANUP_START","details":{"retentionDays":60,"retentionPeriodMs":5184000000,"cutoffDate":"2025-06-06T02:46:54.543Z"},"environment":"development"}
{"timestamp":"2025-08-05T02:46:54.720Z","level":"INFO","operation":"INDIVIDUALLY_EXPIRED_MESSAGES","details":{"messagesDeleted":0,"cutoffTime":"2025-08-05T02:46:54.543Z"},"environment":"development"}
{"timestamp":"2025-08-05T02:46:54.724Z","level":"INFO","operation":"OLD_MESSAGES_CLEANUP","details":{"cutoffDate":"2025-06-06T02:46:54.552Z","retentionDays":60,"messagesDeleted":0},"environment":"development"}
{"timestamp":"2025-08-05T02:46:54.867Z","level":"INFO","operation":"OLD_SESSIONS_CLEANUP","details":{"cutoffDate":"2025-06-06T02:46:54.552Z","retentionDays":60,"sessionsDeleted":0},"environment":"development"}
{"timestamp":"2025-08-05T02:46:54.869Z","level":"INFO","operation":"OLD_PARTICIPANTS_CLEANUP","details":{"cutoffDate":"2025-06-06T02:46:54.553Z","retentionDays":60,"participantsDeleted":0},"environment":"development"}
{"timestamp":"2025-08-05T02:46:54.870Z","level":"INFO","operation":"OLD_TIMER_CHANGES_CLEANUP","details":{"cutoffDate":"2025-06-06T02:46:54.553Z","retentionDays":60,"timerChangesDeleted":0},"environment":"development"}
{"timestamp":"2025-08-05T02:46:54.870Z","level":"INFO","operation":"DATA_RETENTION_CLEANUP_STATISTICS","details":{"statistics":{"oldMessages":0,"oldSessions":0,"oldParticipants":0,"oldTimerChanges":0,"totalRecordsRemoved":0},"totalRecords":0,"executionTimeMs":327,"executionTimeSec":0},"environment":"development"}
{"timestamp":"2025-08-05T02:46:55.015Z","level":"INFO","operation":"EXPIRED_SESSION_MESSAGES","details":{"expiredSessionsFound":1,"messagesDeleted":0,"sessionIds":["hh1xVZK0cELQiX"]},"environment":"development"}
{"timestamp":"2025-08-05T02:46:55.016Z","level":"INFO","operation":"SESSION_BASED_CLEANUP_STATISTICS","details":{"statistics":{"expiredSessionMessages":0,"expiredMessages":0,"totalRemoved":0},"totalRecords":0,"executionTimeMs":475,"executionTimeSec":0},"environment":"development"}
{"timestamp":"2025-08-05T02:46:55.017Z","level":"INFO","operation":"SCHEDULE_SETUP","details":{"service":"MessageCleanup","schedule":"every 4 hours","nextRun":"2025-08-05T06:46:55.017Z"},"environment":"development"}
{"timestamp":"2025-08-05T02:46:55.017Z","level":"INFO","operation":"SCHEDULE_SETUP","details":{"service":"DataRetentionCleanup","schedule":"daily at midnight","nextRun":"2025-08-05T19:00:00.000Z"},"environment":"development"}
{"timestamp":"2025-08-05T02:47:09.190Z","level":"INFO","operation":"DATA_RETENTION_CLEANUP_START","details":{"retentionDays":60,"retentionPeriodMs":5184000000,"cutoffDate":"2025-06-06T02:47:09.190Z"},"environment":"development"}
{"timestamp":"2025-08-05T02:47:09.356Z","level":"INFO","operation":"INDIVIDUALLY_EXPIRED_MESSAGES","details":{"messagesDeleted":0,"cutoffTime":"2025-08-05T02:47:09.189Z"},"environment":"development"}
{"timestamp":"2025-08-05T02:47:09.511Z","level":"INFO","operation":"OLD_MESSAGES_CLEANUP","details":{"cutoffDate":"2025-06-06T02:47:09.202Z","retentionDays":60,"messagesDeleted":0},"environment":"development"}
{"timestamp":"2025-08-05T02:47:09.585Z","level":"INFO","operation":"OLD_SESSIONS_CLEANUP","details":{"cutoffDate":"2025-06-06T02:47:09.203Z","retentionDays":60,"sessionsDeleted":0},"environment":"development"}
{"timestamp":"2025-08-05T02:47:09.610Z","level":"INFO","operation":"OLD_PARTICIPANTS_CLEANUP","details":{"cutoffDate":"2025-06-06T02:47:09.203Z","retentionDays":60,"participantsDeleted":0},"environment":"development"}
{"timestamp":"2025-08-05T02:47:09.665Z","level":"INFO","operation":"OLD_TIMER_CHANGES_CLEANUP","details":{"cutoffDate":"2025-06-06T02:47:09.203Z","retentionDays":60,"timerChangesDeleted":0},"environment":"development"}
{"timestamp":"2025-08-05T02:47:09.667Z","level":"INFO","operation":"DATA_RETENTION_CLEANUP_STATISTICS","details":{"statistics":{"oldMessages":0,"oldSessions":0,"oldParticipants":0,"oldTimerChanges":0,"totalRecordsRemoved":0},"totalRecords":0,"executionTimeMs":477,"executionTimeSec":0},"environment":"development"}
{"timestamp":"2025-08-05T02:47:09.758Z","level":"INFO","operation":"EXPIRED_SESSION_MESSAGES","details":{"expiredSessionsFound":1,"messagesDeleted":0,"sessionIds":["hh1xVZK0cELQiX"]},"environment":"development"}
{"timestamp":"2025-08-05T02:47:09.758Z","level":"INFO","operation":"SESSION_BASED_CLEANUP_STATISTICS","details":{"statistics":{"expiredSessionMessages":0,"expiredMessages":0,"totalRemoved":0},"totalRecords":0,"executionTimeMs":571,"executionTimeSec":1},"environment":"development"}
{"timestamp":"2025-08-05T02:47:09.759Z","level":"INFO","operation":"SCHEDULE_SETUP","details":{"service":"MessageCleanup","schedule":"every 4 hours","nextRun":"2025-08-05T06:47:09.759Z"},"environment":"development"}
{"timestamp":"2025-08-05T02:47:09.759Z","level":"INFO","operation":"SCHEDULE_SETUP","details":{"service":"DataRetentionCleanup","schedule":"daily at midnight","nextRun":"2025-08-05T19:00:00.000Z"},"environment":"development"}
{"timestamp":"2025-08-05T02:47:15.509Z","level":"INFO","operation":"DATA_RETENTION_CLEANUP_START","details":{"retentionDays":60,"retentionPeriodMs":5184000000,"cutoffDate":"2025-06-06T02:47:15.508Z"},"environment":"development"}
{"timestamp":"2025-08-05T02:47:15.672Z","level":"INFO","operation":"INDIVIDUALLY_EXPIRED_MESSAGES","details":{"messagesDeleted":0,"cutoffTime":"2025-08-05T02:47:15.508Z"},"environment":"development"}
{"timestamp":"2025-08-05T02:47:15.820Z","level":"INFO","operation":"OLD_MESSAGES_CLEANUP","details":{"cutoffDate":"2025-06-06T02:47:15.523Z","retentionDays":60,"messagesDeleted":0},"environment":"development"}
{"timestamp":"2025-08-05T02:47:15.861Z","level":"INFO","operation":"OLD_SESSIONS_CLEANUP","details":{"cutoffDate":"2025-06-06T02:47:15.523Z","retentionDays":60,"sessionsDeleted":0},"environment":"development"}
{"timestamp":"2025-08-05T02:47:15.865Z","level":"INFO","operation":"OLD_PARTICIPANTS_CLEANUP","details":{"cutoffDate":"2025-06-06T02:47:15.524Z","retentionDays":60,"participantsDeleted":0},"environment":"development"}
{"timestamp":"2025-08-05T02:47:15.967Z","level":"INFO","operation":"OLD_TIMER_CHANGES_CLEANUP","details":{"cutoffDate":"2025-06-06T02:47:15.524Z","retentionDays":60,"timerChangesDeleted":0},"environment":"development"}
{"timestamp":"2025-08-05T02:47:15.968Z","level":"INFO","operation":"DATA_RETENTION_CLEANUP_STATISTICS","details":{"statistics":{"oldMessages":0,"oldSessions":0,"oldParticipants":0,"oldTimerChanges":0,"totalRecordsRemoved":0},"totalRecords":0,"executionTimeMs":460,"executionTimeSec":0},"environment":"development"}
{"timestamp":"2025-08-05T02:47:16.025Z","level":"INFO","operation":"EXPIRED_SESSION_MESSAGES","details":{"expiredSessionsFound":1,"messagesDeleted":0,"sessionIds":["hh1xVZK0cELQiX"]},"environment":"development"}
{"timestamp":"2025-08-05T02:47:16.026Z","level":"INFO","operation":"SESSION_BASED_CLEANUP_STATISTICS","details":{"statistics":{"expiredSessionMessages":0,"expiredMessages":0,"totalRemoved":0},"totalRecords":0,"executionTimeMs":521,"executionTimeSec":1},"environment":"development"}
{"timestamp":"2025-08-05T02:47:16.028Z","level":"INFO","operation":"SCHEDULE_SETUP","details":{"service":"MessageCleanup","schedule":"every 4 hours","nextRun":"2025-08-05T06:47:16.028Z"},"environment":"development"}
{"timestamp":"2025-08-05T02:47:16.028Z","level":"INFO","operation":"SCHEDULE_SETUP","details":{"service":"DataRetentionCleanup","schedule":"daily at midnight","nextRun":"2025-08-05T19:00:00.000Z"},"environment":"development"}
{"timestamp":"2025-08-05T02:47:26.998Z","level":"INFO","operation":"DATA_RETENTION_CLEANUP_START","details":{"retentionDays":60,"retentionPeriodMs":5184000000,"cutoffDate":"2025-06-06T02:47:26.998Z"},"environment":"development"}
{"timestamp":"2025-08-05T02:47:27.255Z","level":"INFO","operation":"INDIVIDUALLY_EXPIRED_MESSAGES","details":{"messagesDeleted":0,"cutoffTime":"2025-08-05T02:47:26.998Z"},"environment":"development"}
{"timestamp":"2025-08-05T02:47:27.300Z","level":"INFO","operation":"OLD_MESSAGES_CLEANUP","details":{"cutoffDate":"2025-06-06T02:47:27.006Z","retentionDays":60,"messagesDeleted":0},"environment":"development"}
{"timestamp":"2025-08-05T02:47:27.401Z","level":"INFO","operation":"OLD_SESSIONS_CLEANUP","details":{"cutoffDate":"2025-06-06T02:47:27.006Z","retentionDays":60,"sessionsDeleted":0},"environment":"development"}
{"timestamp":"2025-08-05T02:47:27.432Z","level":"INFO","operation":"OLD_PARTICIPANTS_CLEANUP","details":{"cutoffDate":"2025-06-06T02:47:27.006Z","retentionDays":60,"participantsDeleted":0},"environment":"development"}
{"timestamp":"2025-08-05T02:47:27.446Z","level":"INFO","operation":"OLD_TIMER_CHANGES_CLEANUP","details":{"cutoffDate":"2025-06-06T02:47:27.006Z","retentionDays":60,"timerChangesDeleted":0},"environment":"development"}
{"timestamp":"2025-08-05T02:47:27.447Z","level":"INFO","operation":"DATA_RETENTION_CLEANUP_STATISTICS","details":{"statistics":{"oldMessages":0,"oldSessions":0,"oldParticipants":0,"oldTimerChanges":0,"totalRecordsRemoved":0},"totalRecords":0,"executionTimeMs":448,"executionTimeSec":0},"environment":"development"}
{"timestamp":"2025-08-05T02:47:27.711Z","level":"INFO","operation":"EXPIRED_SESSION_MESSAGES","details":{"expiredSessionsFound":1,"messagesDeleted":0,"sessionIds":["hh1xVZK0cELQiX"]},"environment":"development"}
{"timestamp":"2025-08-05T02:47:27.715Z","level":"INFO","operation":"SESSION_BASED_CLEANUP_STATISTICS","details":{"statistics":{"expiredSessionMessages":0,"expiredMessages":0,"totalRemoved":0},"totalRecords":0,"executionTimeMs":719,"executionTimeSec":1},"environment":"development"}
{"timestamp":"2025-08-05T02:47:27.721Z","level":"INFO","operation":"SCHEDULE_SETUP","details":{"service":"MessageCleanup","schedule":"every 4 hours","nextRun":"2025-08-05T06:47:27.721Z"},"environment":"development"}
{"timestamp":"2025-08-05T02:47:27.721Z","level":"INFO","operation":"SCHEDULE_SETUP","details":{"service":"DataRetentionCleanup","schedule":"daily at midnight","nextRun":"2025-08-05T19:00:00.000Z"},"environment":"development"}
{"timestamp":"2025-08-05T02:47:35.698Z","level":"INFO","operation":"DATA_RETENTION_CLEANUP_START","details":{"retentionDays":60,"retentionPeriodMs":5184000000,"cutoffDate":"2025-06-06T02:47:35.697Z"},"environment":"development"}
{"timestamp":"2025-08-05T02:47:35.852Z","level":"INFO","operation":"INDIVIDUALLY_EXPIRED_MESSAGES","details":{"messagesDeleted":0,"cutoffTime":"2025-08-05T02:47:35.697Z"},"environment":"development"}
{"timestamp":"2025-08-05T02:47:35.976Z","level":"INFO","operation":"OLD_MESSAGES_CLEANUP","details":{"cutoffDate":"2025-06-06T02:47:35.706Z","retentionDays":60,"messagesDeleted":0},"environment":"development"}
{"timestamp":"2025-08-05T02:47:35.999Z","level":"INFO","operation":"OLD_SESSIONS_CLEANUP","details":{"cutoffDate":"2025-06-06T02:47:35.706Z","retentionDays":60,"sessionsDeleted":0},"environment":"development"}
{"timestamp":"2025-08-05T02:47:36.047Z","level":"INFO","operation":"OLD_PARTICIPANTS_CLEANUP","details":{"cutoffDate":"2025-06-06T02:47:35.706Z","retentionDays":60,"participantsDeleted":0},"environment":"development"}
{"timestamp":"2025-08-05T02:47:36.121Z","level":"INFO","operation":"OLD_TIMER_CHANGES_CLEANUP","details":{"cutoffDate":"2025-06-06T02:47:35.707Z","retentionDays":60,"timerChangesDeleted":0},"environment":"development"}
{"timestamp":"2025-08-05T02:47:36.122Z","level":"INFO","operation":"DATA_RETENTION_CLEANUP_STATISTICS","details":{"statistics":{"oldMessages":0,"oldSessions":0,"oldParticipants":0,"oldTimerChanges":0,"totalRecordsRemoved":0},"totalRecords":0,"executionTimeMs":425,"executionTimeSec":0},"environment":"development"}
{"timestamp":"2025-08-05T02:47:36.199Z","level":"INFO","operation":"EXPIRED_SESSION_MESSAGES","details":{"expiredSessionsFound":1,"messagesDeleted":0,"sessionIds":["hh1xVZK0cELQiX"]},"environment":"development"}
{"timestamp":"2025-08-05T02:47:36.199Z","level":"INFO","operation":"SESSION_BASED_CLEANUP_STATISTICS","details":{"statistics":{"expiredSessionMessages":0,"expiredMessages":0,"totalRemoved":0},"totalRecords":0,"executionTimeMs":504,"executionTimeSec":1},"environment":"development"}
{"timestamp":"2025-08-05T02:47:36.201Z","level":"INFO","operation":"SCHEDULE_SETUP","details":{"service":"MessageCleanup","schedule":"every 4 hours","nextRun":"2025-08-05T06:47:36.201Z"},"environment":"development"}
{"timestamp":"2025-08-05T02:47:36.201Z","level":"INFO","operation":"SCHEDULE_SETUP","details":{"service":"DataRetentionCleanup","schedule":"daily at midnight","nextRun":"2025-08-05T19:00:00.000Z"},"environment":"development"}
{"timestamp":"2025-08-05T02:47:47.658Z","level":"INFO","operation":"DATA_RETENTION_CLEANUP_START","details":{"retentionDays":60,"retentionPeriodMs":5184000000,"cutoffDate":"2025-06-06T02:47:47.658Z"},"environment":"development"}
{"timestamp":"2025-08-05T02:47:47.926Z","level":"INFO","operation":"INDIVIDUALLY_EXPIRED_MESSAGES","details":{"messagesDeleted":0,"cutoffTime":"2025-08-05T02:47:47.658Z"},"environment":"development"}
{"timestamp":"2025-08-05T02:47:47.965Z","level":"INFO","operation":"OLD_MESSAGES_CLEANUP","details":{"cutoffDate":"2025-06-06T02:47:47.667Z","retentionDays":60,"messagesDeleted":0},"environment":"development"}
{"timestamp":"2025-08-05T02:47:48.073Z","level":"INFO","operation":"OLD_SESSIONS_CLEANUP","details":{"cutoffDate":"2025-06-06T02:47:47.668Z","retentionDays":60,"sessionsDeleted":0},"environment":"development"}
{"timestamp":"2025-08-05T02:47:48.093Z","level":"INFO","operation":"OLD_PARTICIPANTS_CLEANUP","details":{"cutoffDate":"2025-06-06T02:47:47.668Z","retentionDays":60,"participantsDeleted":0},"environment":"development"}
{"timestamp":"2025-08-05T02:47:48.114Z","level":"INFO","operation":"OLD_TIMER_CHANGES_CLEANUP","details":{"cutoffDate":"2025-06-06T02:47:47.668Z","retentionDays":60,"timerChangesDeleted":0},"environment":"development"}
{"timestamp":"2025-08-05T02:47:48.115Z","level":"INFO","operation":"DATA_RETENTION_CLEANUP_STATISTICS","details":{"statistics":{"oldMessages":0,"oldSessions":0,"oldParticipants":0,"oldTimerChanges":0,"totalRecordsRemoved":0},"totalRecords":0,"executionTimeMs":456,"executionTimeSec":0},"environment":"development"}
{"timestamp":"2025-08-05T02:47:48.243Z","level":"INFO","operation":"EXPIRED_SESSION_MESSAGES","details":{"expiredSessionsFound":1,"messagesDeleted":0,"sessionIds":["hh1xVZK0cELQiX"]},"environment":"development"}
{"timestamp":"2025-08-05T02:47:48.243Z","level":"INFO","operation":"SESSION_BASED_CLEANUP_STATISTICS","details":{"statistics":{"expiredSessionMessages":0,"expiredMessages":0,"totalRemoved":0},"totalRecords":0,"executionTimeMs":588,"executionTimeSec":1},"environment":"development"}
{"timestamp":"2025-08-05T02:47:48.245Z","level":"INFO","operation":"SCHEDULE_SETUP","details":{"service":"MessageCleanup","schedule":"every 4 hours","nextRun":"2025-08-05T06:47:48.245Z"},"environment":"development"}
{"timestamp":"2025-08-05T02:47:48.245Z","level":"INFO","operation":"SCHEDULE_SETUP","details":{"service":"DataRetentionCleanup","schedule":"daily at midnight","nextRun":"2025-08-05T19:00:00.000Z"},"environment":"development"}
{"timestamp":"2025-08-05T02:48:04.501Z","level":"INFO","operation":"DATA_RETENTION_CLEANUP_START","details":{"retentionDays":60,"retentionPeriodMs":5184000000,"cutoffDate":"2025-06-06T02:48:04.501Z"},"environment":"development"}
{"timestamp":"2025-08-05T02:48:04.728Z","level":"INFO","operation":"INDIVIDUALLY_EXPIRED_MESSAGES","details":{"messagesDeleted":0,"cutoffTime":"2025-08-05T02:48:04.501Z"},"environment":"development"}
{"timestamp":"2025-08-05T02:48:04.841Z","level":"INFO","operation":"OLD_MESSAGES_CLEANUP","details":{"cutoffDate":"2025-06-06T02:48:04.509Z","retentionDays":60,"messagesDeleted":0},"environment":"development"}
{"timestamp":"2025-08-05T02:48:04.856Z","level":"INFO","operation":"OLD_SESSIONS_CLEANUP","details":{"cutoffDate":"2025-06-06T02:48:04.509Z","retentionDays":60,"sessionsDeleted":0},"environment":"development"}
{"timestamp":"2025-08-05T02:48:04.921Z","level":"INFO","operation":"OLD_PARTICIPANTS_CLEANUP","details":{"cutoffDate":"2025-06-06T02:48:04.510Z","retentionDays":60,"participantsDeleted":0},"environment":"development"}
{"timestamp":"2025-08-05T02:48:04.988Z","level":"INFO","operation":"OLD_TIMER_CHANGES_CLEANUP","details":{"cutoffDate":"2025-06-06T02:48:04.510Z","retentionDays":60,"timerChangesDeleted":0},"environment":"development"}
{"timestamp":"2025-08-05T02:48:04.989Z","level":"INFO","operation":"DATA_RETENTION_CLEANUP_STATISTICS","details":{"statistics":{"oldMessages":0,"oldSessions":0,"oldParticipants":0,"oldTimerChanges":0,"totalRecordsRemoved":0},"totalRecords":0,"executionTimeMs":488,"executionTimeSec":0},"environment":"development"}
{"timestamp":"2025-08-05T02:48:05.645Z","level":"INFO","operation":"EXPIRED_SESSION_MESSAGES","details":{"expiredSessionsFound":1,"messagesDeleted":0,"sessionIds":["hh1xVZK0cELQiX"]},"environment":"development"}
{"timestamp":"2025-08-05T02:48:05.645Z","level":"INFO","operation":"SESSION_BASED_CLEANUP_STATISTICS","details":{"statistics":{"expiredSessionMessages":0,"expiredMessages":0,"totalRemoved":0},"totalRecords":0,"executionTimeMs":1146,"executionTimeSec":1},"environment":"development"}
{"timestamp":"2025-08-05T02:48:05.646Z","level":"INFO","operation":"SCHEDULE_SETUP","details":{"service":"MessageCleanup","schedule":"every 4 hours","nextRun":"2025-08-05T06:48:05.646Z"},"environment":"development"}
{"timestamp":"2025-08-05T02:48:05.646Z","level":"INFO","operation":"SCHEDULE_SETUP","details":{"service":"DataRetentionCleanup","schedule":"daily at midnight","nextRun":"2025-08-05T19:00:00.000Z"},"environment":"development"}
{"timestamp":"2025-08-05T02:48:10.469Z","level":"INFO","operation":"DATA_RETENTION_CLEANUP_START","details":{"retentionDays":60,"retentionPeriodMs":5184000000,"cutoffDate":"2025-06-06T02:48:10.468Z"},"environment":"development"}
{"timestamp":"2025-08-05T02:48:10.721Z","level":"INFO","operation":"INDIVIDUALLY_EXPIRED_MESSAGES","details":{"messagesDeleted":0,"cutoffTime":"2025-08-05T02:48:10.468Z"},"environment":"development"}
{"timestamp":"2025-08-05T02:48:10.768Z","level":"INFO","operation":"OLD_MESSAGES_CLEANUP","details":{"cutoffDate":"2025-06-06T02:48:10.477Z","retentionDays":60,"messagesDeleted":0},"environment":"development"}
{"timestamp":"2025-08-05T02:48:10.867Z","level":"INFO","operation":"OLD_SESSIONS_CLEANUP","details":{"cutoffDate":"2025-06-06T02:48:10.477Z","retentionDays":60,"sessionsDeleted":0},"environment":"development"}
{"timestamp":"2025-08-05T02:48:10.916Z","level":"INFO","operation":"OLD_TIMER_CHANGES_CLEANUP","details":{"cutoffDate":"2025-06-06T02:48:10.478Z","retentionDays":60,"timerChangesDeleted":0},"environment":"development"}
{"timestamp":"2025-08-05T02:48:10.917Z","level":"INFO","operation":"OLD_PARTICIPANTS_CLEANUP","details":{"cutoffDate":"2025-06-06T02:48:10.477Z","retentionDays":60,"participantsDeleted":0},"environment":"development"}
{"timestamp":"2025-08-05T02:48:10.918Z","level":"INFO","operation":"DATA_RETENTION_CLEANUP_STATISTICS","details":{"statistics":{"oldMessages":0,"oldSessions":0,"oldParticipants":0,"oldTimerChanges":0,"totalRecordsRemoved":0},"totalRecords":0,"executionTimeMs":450,"executionTimeSec":0},"environment":"development"}
{"timestamp":"2025-08-05T02:48:11.062Z","level":"INFO","operation":"EXPIRED_SESSION_MESSAGES","details":{"expiredSessionsFound":1,"messagesDeleted":0,"sessionIds":["hh1xVZK0cELQiX"]},"environment":"development"}
{"timestamp":"2025-08-05T02:48:11.063Z","level":"INFO","operation":"SESSION_BASED_CLEANUP_STATISTICS","details":{"statistics":{"expiredSessionMessages":0,"expiredMessages":0,"totalRemoved":0},"totalRecords":0,"executionTimeMs":597,"executionTimeSec":1},"environment":"development"}
{"timestamp":"2025-08-05T02:48:11.066Z","level":"INFO","operation":"SCHEDULE_SETUP","details":{"service":"MessageCleanup","schedule":"every 4 hours","nextRun":"2025-08-05T06:48:11.066Z"},"environment":"development"}
{"timestamp":"2025-08-05T02:48:11.067Z","level":"INFO","operation":"SCHEDULE_SETUP","details":{"service":"DataRetentionCleanup","schedule":"daily at midnight","nextRun":"2025-08-05T19:00:00.000Z"},"environment":"development"}
{"timestamp":"2025-08-05T02:48:18.151Z","level":"INFO","operation":"DATA_RETENTION_CLEANUP_START","details":{"retentionDays":60,"retentionPeriodMs":5184000000,"cutoffDate":"2025-06-06T02:48:18.151Z"},"environment":"development"}
{"timestamp":"2025-08-05T02:48:18.415Z","level":"INFO","operation":"INDIVIDUALLY_EXPIRED_MESSAGES","details":{"messagesDeleted":0,"cutoffTime":"2025-08-05T02:48:18.151Z"},"environment":"development"}
{"timestamp":"2025-08-05T02:48:18.451Z","level":"INFO","operation":"OLD_MESSAGES_CLEANUP","details":{"cutoffDate":"2025-06-06T02:48:18.159Z","retentionDays":60,"messagesDeleted":0},"environment":"development"}
{"timestamp":"2025-08-05T02:48:18.563Z","level":"INFO","operation":"OLD_SESSIONS_CLEANUP","details":{"cutoffDate":"2025-06-06T02:48:18.160Z","retentionDays":60,"sessionsDeleted":0},"environment":"development"}
{"timestamp":"2025-08-05T02:48:18.570Z","level":"INFO","operation":"OLD_PARTICIPANTS_CLEANUP","details":{"cutoffDate":"2025-06-06T02:48:18.160Z","retentionDays":60,"participantsDeleted":0},"environment":"development"}
{"timestamp":"2025-08-05T02:48:18.601Z","level":"INFO","operation":"OLD_TIMER_CHANGES_CLEANUP","details":{"cutoffDate":"2025-06-06T02:48:18.160Z","retentionDays":60,"timerChangesDeleted":0},"environment":"development"}
{"timestamp":"2025-08-05T02:48:18.602Z","level":"INFO","operation":"DATA_RETENTION_CLEANUP_STATISTICS","details":{"statistics":{"oldMessages":0,"oldSessions":0,"oldParticipants":0,"oldTimerChanges":0,"totalRecordsRemoved":0},"totalRecords":0,"executionTimeMs":451,"executionTimeSec":0},"environment":"development"}
{"timestamp":"2025-08-05T02:48:18.717Z","level":"INFO","operation":"EXPIRED_SESSION_MESSAGES","details":{"expiredSessionsFound":1,"messagesDeleted":0,"sessionIds":["hh1xVZK0cELQiX"]},"environment":"development"}
{"timestamp":"2025-08-05T02:48:18.717Z","level":"INFO","operation":"SESSION_BASED_CLEANUP_STATISTICS","details":{"statistics":{"expiredSessionMessages":0,"expiredMessages":0,"totalRemoved":0},"totalRecords":0,"executionTimeMs":568,"executionTimeSec":1},"environment":"development"}
{"timestamp":"2025-08-05T02:48:18.718Z","level":"INFO","operation":"SCHEDULE_SETUP","details":{"service":"MessageCleanup","schedule":"every 4 hours","nextRun":"2025-08-05T06:48:18.718Z"},"environment":"development"}
{"timestamp":"2025-08-05T02:48:18.719Z","level":"INFO","operation":"SCHEDULE_SETUP","details":{"service":"DataRetentionCleanup","schedule":"daily at midnight","nextRun":"2025-08-05T19:00:00.000Z"},"environment":"development"}
{"timestamp":"2025-08-05T02:48:43.971Z","level":"INFO","operation":"DATA_RETENTION_CLEANUP_START","details":{"retentionDays":60,"retentionPeriodMs":5184000000,"cutoffDate":"2025-06-06T02:48:43.971Z"},"environment":"development"}
{"timestamp":"2025-08-05T02:48:44.142Z","level":"INFO","operation":"INDIVIDUALLY_EXPIRED_MESSAGES","details":{"messagesDeleted":0,"cutoffTime":"2025-08-05T02:48:43.971Z"},"environment":"development"}
{"timestamp":"2025-08-05T02:48:44.394Z","level":"INFO","operation":"OLD_MESSAGES_CLEANUP","details":{"cutoffDate":"2025-06-06T02:48:43.983Z","retentionDays":60,"messagesDeleted":0},"environment":"development"}
{"timestamp":"2025-08-05T02:48:44.473Z","level":"INFO","operation":"OLD_PARTICIPANTS_CLEANUP","details":{"cutoffDate":"2025-06-06T02:48:43.983Z","retentionDays":60,"participantsDeleted":0},"environment":"development"}
{"timestamp":"2025-08-05T02:48:44.477Z","level":"INFO","operation":"OLD_SESSIONS_CLEANUP","details":{"cutoffDate":"2025-06-06T02:48:43.983Z","retentionDays":60,"sessionsDeleted":0},"environment":"development"}
{"timestamp":"2025-08-05T02:48:44.543Z","level":"INFO","operation":"OLD_TIMER_CHANGES_CLEANUP","details":{"cutoffDate":"2025-06-06T02:48:43.984Z","retentionDays":60,"timerChangesDeleted":0},"environment":"development"}
{"timestamp":"2025-08-05T02:48:44.544Z","level":"INFO","operation":"DATA_RETENTION_CLEANUP_STATISTICS","details":{"statistics":{"oldMessages":0,"oldSessions":0,"oldParticipants":0,"oldTimerChanges":0,"totalRecordsRemoved":0},"totalRecords":0,"executionTimeMs":573,"executionTimeSec":1},"environment":"development"}
{"timestamp":"2025-08-05T02:48:45.495Z","level":"INFO","operation":"EXPIRED_SESSION_MESSAGES","details":{"expiredSessionsFound":1,"messagesDeleted":0,"sessionIds":["hh1xVZK0cELQiX"]},"environment":"development"}
{"timestamp":"2025-08-05T02:48:45.496Z","level":"INFO","operation":"SESSION_BASED_CLEANUP_STATISTICS","details":{"statistics":{"expiredSessionMessages":0,"expiredMessages":0,"totalRemoved":0},"totalRecords":0,"executionTimeMs":1527,"executionTimeSec":2},"environment":"development"}
{"timestamp":"2025-08-05T02:48:45.497Z","level":"INFO","operation":"SCHEDULE_SETUP","details":{"service":"MessageCleanup","schedule":"every 4 hours","nextRun":"2025-08-05T06:48:45.497Z"},"environment":"development"}
{"timestamp":"2025-08-05T02:48:45.497Z","level":"INFO","operation":"SCHEDULE_SETUP","details":{"service":"DataRetentionCleanup","schedule":"daily at midnight","nextRun":"2025-08-05T19:00:00.000Z"},"environment":"development"}
{"timestamp":"2025-08-05T02:48:56.343Z","level":"INFO","operation":"DATA_RETENTION_CLEANUP_START","details":{"retentionDays":60,"retentionPeriodMs":5184000000,"cutoffDate":"2025-06-06T02:48:56.342Z"},"environment":"development"}
{"timestamp":"2025-08-05T02:48:56.554Z","level":"INFO","operation":"OLD_MESSAGES_CLEANUP","details":{"cutoffDate":"2025-06-06T02:48:56.352Z","retentionDays":60,"messagesDeleted":0},"environment":"development"}
{"timestamp":"2025-08-05T02:48:56.668Z","level":"INFO","operation":"OLD_PARTICIPANTS_CLEANUP","details":{"cutoffDate":"2025-06-06T02:48:56.353Z","retentionDays":60,"participantsDeleted":0},"environment":"development"}
{"timestamp":"2025-08-05T02:48:56.699Z","level":"INFO","operation":"OLD_SESSIONS_CLEANUP","details":{"cutoffDate":"2025-06-06T02:48:56.353Z","retentionDays":60,"sessionsDeleted":0},"environment":"development"}
{"timestamp":"2025-08-05T02:48:56.705Z","level":"INFO","operation":"OLD_TIMER_CHANGES_CLEANUP","details":{"cutoffDate":"2025-06-06T02:48:56.353Z","retentionDays":60,"timerChangesDeleted":0},"environment":"development"}
{"timestamp":"2025-08-05T02:48:56.706Z","level":"INFO","operation":"DATA_RETENTION_CLEANUP_STATISTICS","details":{"statistics":{"oldMessages":0,"oldSessions":0,"oldParticipants":0,"oldTimerChanges":0,"totalRecordsRemoved":0},"totalRecords":0,"executionTimeMs":364,"executionTimeSec":0},"environment":"development"}
{"timestamp":"2025-08-05T02:48:57.289Z","level":"INFO","operation":"INDIVIDUALLY_EXPIRED_MESSAGES","details":{"messagesDeleted":0,"cutoffTime":"2025-08-05T02:48:56.342Z"},"environment":"development"}
{"timestamp":"2025-08-05T02:48:57.754Z","level":"INFO","operation":"EXPIRED_SESSION_MESSAGES","details":{"expiredSessionsFound":1,"messagesDeleted":0,"sessionIds":["hh1xVZK0cELQiX"]},"environment":"development"}
{"timestamp":"2025-08-05T02:48:57.754Z","level":"INFO","operation":"SESSION_BASED_CLEANUP_STATISTICS","details":{"statistics":{"expiredSessionMessages":0,"expiredMessages":0,"totalRemoved":0},"totalRecords":0,"executionTimeMs":1414,"executionTimeSec":1},"environment":"development"}
{"timestamp":"2025-08-05T02:48:57.756Z","level":"INFO","operation":"SCHEDULE_SETUP","details":{"service":"MessageCleanup","schedule":"every 4 hours","nextRun":"2025-08-05T06:48:57.756Z"},"environment":"development"}
{"timestamp":"2025-08-05T02:48:57.756Z","level":"INFO","operation":"SCHEDULE_SETUP","details":{"service":"DataRetentionCleanup","schedule":"daily at midnight","nextRun":"2025-08-05T19:00:00.000Z"},"environment":"development"}
{"timestamp":"2025-08-05T02:49:05.646Z","level":"INFO","operation":"DATA_RETENTION_CLEANUP_START","details":{"retentionDays":60,"retentionPeriodMs":5184000000,"cutoffDate":"2025-06-06T02:49:05.646Z"},"environment":"development"}
{"timestamp":"2025-08-05T02:49:05.868Z","level":"INFO","operation":"INDIVIDUALLY_EXPIRED_MESSAGES","details":{"messagesDeleted":0,"cutoffTime":"2025-08-05T02:49:05.646Z"},"environment":"development"}
{"timestamp":"2025-08-05T02:49:05.881Z","level":"INFO","operation":"OLD_MESSAGES_CLEANUP","details":{"cutoffDate":"2025-06-06T02:49:05.654Z","retentionDays":60,"messagesDeleted":0},"environment":"development"}
{"timestamp":"2025-08-05T02:49:06.016Z","level":"INFO","operation":"OLD_SESSIONS_CLEANUP","details":{"cutoffDate":"2025-06-06T02:49:05.654Z","retentionDays":60,"sessionsDeleted":0},"environment":"development"}
{"timestamp":"2025-08-05T02:49:06.027Z","level":"INFO","operation":"OLD_TIMER_CHANGES_CLEANUP","details":{"cutoffDate":"2025-06-06T02:49:05.654Z","retentionDays":60,"timerChangesDeleted":0},"environment":"development"}
{"timestamp":"2025-08-05T02:49:06.028Z","level":"INFO","operation":"OLD_PARTICIPANTS_CLEANUP","details":{"cutoffDate":"2025-06-06T02:49:05.654Z","retentionDays":60,"participantsDeleted":0},"environment":"development"}
{"timestamp":"2025-08-05T02:49:06.029Z","level":"INFO","operation":"DATA_RETENTION_CLEANUP_STATISTICS","details":{"statistics":{"oldMessages":0,"oldSessions":0,"oldParticipants":0,"oldTimerChanges":0,"totalRecordsRemoved":0},"totalRecords":0,"executionTimeMs":383,"executionTimeSec":0},"environment":"development"}
{"timestamp":"2025-08-05T02:49:06.172Z","level":"INFO","operation":"EXPIRED_SESSION_MESSAGES","details":{"expiredSessionsFound":1,"messagesDeleted":0,"sessionIds":["hh1xVZK0cELQiX"]},"environment":"development"}
{"timestamp":"2025-08-05T02:49:06.174Z","level":"INFO","operation":"SESSION_BASED_CLEANUP_STATISTICS","details":{"statistics":{"expiredSessionMessages":0,"expiredMessages":0,"totalRemoved":0},"totalRecords":0,"executionTimeMs":530,"executionTimeSec":1},"environment":"development"}
{"timestamp":"2025-08-05T02:49:06.176Z","level":"INFO","operation":"SCHEDULE_SETUP","details":{"service":"MessageCleanup","schedule":"every 4 hours","nextRun":"2025-08-05T06:49:06.176Z"},"environment":"development"}
{"timestamp":"2025-08-05T02:49:06.177Z","level":"INFO","operation":"SCHEDULE_SETUP","details":{"service":"DataRetentionCleanup","schedule":"daily at midnight","nextRun":"2025-08-05T19:00:00.000Z"},"environment":"development"}
{"timestamp":"2025-08-05T02:49:28.513Z","level":"INFO","operation":"DATA_RETENTION_CLEANUP_START","details":{"retentionDays":60,"retentionPeriodMs":5184000000,"cutoffDate":"2025-06-06T02:49:28.513Z"},"environment":"development"}
{"timestamp":"2025-08-05T02:49:28.749Z","level":"INFO","operation":"INDIVIDUALLY_EXPIRED_MESSAGES","details":{"messagesDeleted":0,"cutoffTime":"2025-08-05T02:49:28.512Z"},"environment":"development"}
{"timestamp":"2025-08-05T02:49:28.813Z","level":"INFO","operation":"OLD_MESSAGES_CLEANUP","details":{"cutoffDate":"2025-06-06T02:49:28.522Z","retentionDays":60,"messagesDeleted":0},"environment":"development"}
{"timestamp":"2025-08-05T02:49:28.898Z","level":"INFO","operation":"OLD_SESSIONS_CLEANUP","details":{"cutoffDate":"2025-06-06T02:49:28.522Z","retentionDays":60,"sessionsDeleted":0},"environment":"development"}
{"timestamp":"2025-08-05T02:49:28.953Z","level":"INFO","operation":"OLD_PARTICIPANTS_CLEANUP","details":{"cutoffDate":"2025-06-06T02:49:28.522Z","retentionDays":60,"participantsDeleted":0},"environment":"development"}
{"timestamp":"2025-08-05T02:49:28.966Z","level":"INFO","operation":"OLD_TIMER_CHANGES_CLEANUP","details":{"cutoffDate":"2025-06-06T02:49:28.522Z","retentionDays":60,"timerChangesDeleted":0},"environment":"development"}
{"timestamp":"2025-08-05T02:49:28.967Z","level":"INFO","operation":"DATA_RETENTION_CLEANUP_STATISTICS","details":{"statistics":{"oldMessages":0,"oldSessions":0,"oldParticipants":0,"oldTimerChanges":0,"totalRecordsRemoved":0},"totalRecords":0,"executionTimeMs":453,"executionTimeSec":0},"environment":"development"}
{"timestamp":"2025-08-05T02:49:29.115Z","level":"INFO","operation":"EXPIRED_SESSION_MESSAGES","details":{"expiredSessionsFound":1,"messagesDeleted":0,"sessionIds":["hh1xVZK0cELQiX"]},"environment":"development"}
{"timestamp":"2025-08-05T02:49:29.117Z","level":"INFO","operation":"SESSION_BASED_CLEANUP_STATISTICS","details":{"statistics":{"expiredSessionMessages":0,"expiredMessages":0,"totalRemoved":0},"totalRecords":0,"executionTimeMs":606,"executionTimeSec":1},"environment":"development"}
{"timestamp":"2025-08-05T02:49:29.118Z","level":"INFO","operation":"SCHEDULE_SETUP","details":{"service":"MessageCleanup","schedule":"every 4 hours","nextRun":"2025-08-05T06:49:29.118Z"},"environment":"development"}
{"timestamp":"2025-08-05T02:49:29.118Z","level":"INFO","operation":"SCHEDULE_SETUP","details":{"service":"DataRetentionCleanup","schedule":"daily at midnight","nextRun":"2025-08-05T19:00:00.000Z"},"environment":"development"}
{"timestamp":"2025-08-05T02:49:49.330Z","level":"INFO","operation":"DATA_RETENTION_CLEANUP_START","details":{"retentionDays":60,"retentionPeriodMs":5184000000,"cutoffDate":"2025-06-06T02:49:49.330Z"},"environment":"development"}
{"timestamp":"2025-08-05T02:49:49.515Z","level":"INFO","operation":"INDIVIDUALLY_EXPIRED_MESSAGES","details":{"messagesDeleted":0,"cutoffTime":"2025-08-05T02:49:49.329Z"},"environment":"development"}
{"timestamp":"2025-08-05T02:49:49.589Z","level":"INFO","operation":"OLD_MESSAGES_CLEANUP","details":{"cutoffDate":"2025-06-06T02:49:49.338Z","retentionDays":60,"messagesDeleted":0},"environment":"development"}
{"timestamp":"2025-08-05T02:49:49.662Z","level":"INFO","operation":"OLD_SESSIONS_CLEANUP","details":{"cutoffDate":"2025-06-06T02:49:49.338Z","retentionDays":60,"sessionsDeleted":0},"environment":"development"}
{"timestamp":"2025-08-05T02:49:49.676Z","level":"INFO","operation":"OLD_PARTICIPANTS_CLEANUP","details":{"cutoffDate":"2025-06-06T02:49:49.338Z","retentionDays":60,"participantsDeleted":0},"environment":"development"}
{"timestamp":"2025-08-05T02:49:49.742Z","level":"INFO","operation":"OLD_TIMER_CHANGES_CLEANUP","details":{"cutoffDate":"2025-06-06T02:49:49.338Z","retentionDays":60,"timerChangesDeleted":0},"environment":"development"}
{"timestamp":"2025-08-05T02:49:49.743Z","level":"INFO","operation":"DATA_RETENTION_CLEANUP_STATISTICS","details":{"statistics":{"oldMessages":0,"oldSessions":0,"oldParticipants":0,"oldTimerChanges":0,"totalRecordsRemoved":0},"totalRecords":0,"executionTimeMs":413,"executionTimeSec":0},"environment":"development"}
{"timestamp":"2025-08-05T02:49:49.823Z","level":"INFO","operation":"EXPIRED_SESSION_MESSAGES","details":{"expiredSessionsFound":1,"messagesDeleted":0,"sessionIds":["hh1xVZK0cELQiX"]},"environment":"development"}
{"timestamp":"2025-08-05T02:49:49.824Z","level":"INFO","operation":"SESSION_BASED_CLEANUP_STATISTICS","details":{"statistics":{"expiredSessionMessages":0,"expiredMessages":0,"totalRemoved":0},"totalRecords":0,"executionTimeMs":496,"executionTimeSec":0},"environment":"development"}
{"timestamp":"2025-08-05T02:49:49.825Z","level":"INFO","operation":"SCHEDULE_SETUP","details":{"service":"MessageCleanup","schedule":"every 4 hours","nextRun":"2025-08-05T06:49:49.825Z"},"environment":"development"}
{"timestamp":"2025-08-05T02:49:49.825Z","level":"INFO","operation":"SCHEDULE_SETUP","details":{"service":"DataRetentionCleanup","schedule":"daily at midnight","nextRun":"2025-08-05T19:00:00.000Z"},"environment":"development"}
