{"timestamp":"2025-08-09T03:00:28.719Z","level":"INFO","operation":"DATA_RETENTION_CLEANUP_START","details":{"retentionDays":60,"retentionPeriodMs":5184000000,"cutoffDate":"2025-06-10T03:00:28.718Z"},"environment":"development"}
{"timestamp":"2025-08-09T03:00:28.874Z","level":"INFO","operation":"INDIVIDUALLY_EXPIRED_MESSAGES","details":{"messagesDeleted":0,"cutoffTime":"2025-08-09T03:00:28.718Z"},"environment":"development"}
{"timestamp":"2025-08-09T03:00:28.883Z","level":"INFO","operation":"OLD_MESSAGES_CLEANUP","details":{"cutoffDate":"2025-06-10T03:00:28.729Z","retentionDays":60,"messagesDeleted":0},"environment":"development"}
{"timestamp":"2025-08-09T03:00:28.917Z","level":"INFO","operation":"OLD_SESSIONS_CLEANUP","details":{"cutoffDate":"2025-06-10T03:00:28.729Z","retentionDays":60,"sessionsDeleted":0},"environment":"development"}
{"timestamp":"2025-08-09T03:00:29.020Z","level":"INFO","operation":"OLD_PARTICIPANTS_CLEANUP","details":{"cutoffDate":"2025-06-10T03:00:28.730Z","retentionDays":60,"participantsDeleted":0},"environment":"development"}
{"timestamp":"2025-08-09T03:00:29.033Z","level":"INFO","operation":"OLD_TIMER_CHANGES_CLEANUP","details":{"cutoffDate":"2025-06-10T03:00:28.730Z","retentionDays":60,"timerChangesDeleted":0},"environment":"development"}
{"timestamp":"2025-08-09T03:00:29.053Z","level":"INFO","operation":"DATA_RETENTION_CLEANUP_STATISTICS","details":{"statistics":{"oldMessages":0,"oldSessions":0,"oldParticipants":0,"oldTimerChanges":0,"totalRecordsRemoved":0},"totalRecords":0,"executionTimeMs":335,"executionTimeSec":0},"environment":"development"}
{"timestamp":"2025-08-09T03:00:30.687Z","level":"INFO","operation":"EXPIRED_SESSION_MESSAGES","details":{"expiredSessionsFound":8,"messagesDeleted":0,"sessionIds":["x39F4ty6rHKqoD","iiFBXBNNCXl85W","sW3HvLvNfo7E6E","YhjonLHjdFsqN2","mFL36dJmo07FQ0","5zoGjg6DWfu6Ep","ybR3oadM3S7xlm","59vfVYuBu8qzx2"]},"environment":"development"}
{"timestamp":"2025-08-09T03:00:30.687Z","level":"INFO","operation":"SESSION_BASED_CLEANUP_STATISTICS","details":{"statistics":{"expiredSessionMessages":0,"expiredMessages":0,"totalRemoved":0},"totalRecords":0,"executionTimeMs":1971,"executionTimeSec":2},"environment":"development"}
{"timestamp":"2025-08-09T03:00:30.693Z","level":"INFO","operation":"SCHEDULE_SETUP","details":{"service":"MessageCleanup","schedule":"every 4 hours","nextRun":"2025-08-09T07:00:30.693Z"},"environment":"development"}
{"timestamp":"2025-08-09T03:00:30.693Z","level":"INFO","operation":"SCHEDULE_SETUP","details":{"service":"DataRetentionCleanup","schedule":"daily at midnight","nextRun":"2025-08-09T19:00:00.000Z"},"environment":"development"}
{"timestamp":"2025-08-09T03:01:15.496Z","level":"INFO","operation":"DATA_RETENTION_CLEANUP_START","details":{"retentionDays":60,"retentionPeriodMs":5184000000,"cutoffDate":"2025-06-10T03:01:15.496Z"},"environment":"development"}
{"timestamp":"2025-08-09T03:01:15.695Z","level":"INFO","operation":"INDIVIDUALLY_EXPIRED_MESSAGES","details":{"messagesDeleted":0,"cutoffTime":"2025-08-09T03:01:15.495Z"},"environment":"development"}
{"timestamp":"2025-08-09T03:01:15.730Z","level":"INFO","operation":"OLD_MESSAGES_CLEANUP","details":{"cutoffDate":"2025-06-10T03:01:15.504Z","retentionDays":60,"messagesDeleted":0},"environment":"development"}
{"timestamp":"2025-08-09T03:01:15.842Z","level":"INFO","operation":"OLD_SESSIONS_CLEANUP","details":{"cutoffDate":"2025-06-10T03:01:15.504Z","retentionDays":60,"sessionsDeleted":0},"environment":"development"}
{"timestamp":"2025-08-09T03:01:15.858Z","level":"INFO","operation":"OLD_PARTICIPANTS_CLEANUP","details":{"cutoffDate":"2025-06-10T03:01:15.505Z","retentionDays":60,"participantsDeleted":0},"environment":"development"}
{"timestamp":"2025-08-09T03:01:15.877Z","level":"INFO","operation":"OLD_TIMER_CHANGES_CLEANUP","details":{"cutoffDate":"2025-06-10T03:01:15.505Z","retentionDays":60,"timerChangesDeleted":0},"environment":"development"}
{"timestamp":"2025-08-09T03:01:15.878Z","level":"INFO","operation":"DATA_RETENTION_CLEANUP_STATISTICS","details":{"statistics":{"oldMessages":0,"oldSessions":0,"oldParticipants":0,"oldTimerChanges":0,"totalRecordsRemoved":0},"totalRecords":0,"executionTimeMs":382,"executionTimeSec":0},"environment":"development"}
{"timestamp":"2025-08-09T03:01:16.005Z","level":"INFO","operation":"EXPIRED_SESSION_MESSAGES","details":{"expiredSessionsFound":8,"messagesDeleted":0,"sessionIds":["x39F4ty6rHKqoD","iiFBXBNNCXl85W","sW3HvLvNfo7E6E","YhjonLHjdFsqN2","mFL36dJmo07FQ0","5zoGjg6DWfu6Ep","ybR3oadM3S7xlm","59vfVYuBu8qzx2"]},"environment":"development"}
{"timestamp":"2025-08-09T03:01:16.007Z","level":"INFO","operation":"SESSION_BASED_CLEANUP_STATISTICS","details":{"statistics":{"expiredSessionMessages":0,"expiredMessages":0,"totalRemoved":0},"totalRecords":0,"executionTimeMs":514,"executionTimeSec":1},"environment":"development"}
{"timestamp":"2025-08-09T03:01:16.008Z","level":"INFO","operation":"SCHEDULE_SETUP","details":{"service":"MessageCleanup","schedule":"every 4 hours","nextRun":"2025-08-09T07:01:16.008Z"},"environment":"development"}
{"timestamp":"2025-08-09T03:01:16.008Z","level":"INFO","operation":"SCHEDULE_SETUP","details":{"service":"DataRetentionCleanup","schedule":"daily at midnight","nextRun":"2025-08-09T19:00:00.000Z"},"environment":"development"}
{"timestamp":"2025-08-09T07:01:16.160Z","level":"INFO","operation":"INDIVIDUALLY_EXPIRED_MESSAGES","details":{"messagesDeleted":0,"cutoffTime":"2025-08-09T07:01:16.010Z"},"environment":"development"}
{"timestamp":"2025-08-09T07:01:16.308Z","level":"INFO","operation":"EXPIRED_SESSION_MESSAGES","details":{"expiredSessionsFound":9,"messagesDeleted":0,"sessionIds":["x39F4ty6rHKqoD","iiFBXBNNCXl85W","sW3HvLvNfo7E6E","YhjonLHjdFsqN2","mFL36dJmo07FQ0","5zoGjg6DWfu6Ep","ybR3oadM3S7xlm","59vfVYuBu8qzx2","79mC6LQWWlTGl1"]},"environment":"development"}
{"timestamp":"2025-08-09T07:01:16.309Z","level":"INFO","operation":"SESSION_BASED_CLEANUP_STATISTICS","details":{"statistics":{"expiredSessionMessages":0,"expiredMessages":0,"totalRemoved":0},"totalRecords":0,"executionTimeMs":299,"executionTimeSec":0},"environment":"development"}
{"timestamp":"2025-08-09T07:36:36.607Z","level":"INFO","operation":"DATA_RETENTION_CLEANUP_START","details":{"retentionDays":60,"retentionPeriodMs":5184000000,"cutoffDate":"2025-06-10T07:36:36.606Z"},"environment":"development"}
{"timestamp":"2025-08-09T07:36:36.760Z","level":"INFO","operation":"INDIVIDUALLY_EXPIRED_MESSAGES","details":{"messagesDeleted":0,"cutoffTime":"2025-08-09T07:36:36.606Z"},"environment":"development"}
{"timestamp":"2025-08-09T07:36:36.859Z","level":"INFO","operation":"OLD_PARTICIPANTS_CLEANUP","details":{"cutoffDate":"2025-06-10T07:36:36.617Z","retentionDays":60,"participantsDeleted":0},"environment":"development"}
{"timestamp":"2025-08-09T07:36:36.910Z","level":"INFO","operation":"OLD_TIMER_CHANGES_CLEANUP","details":{"cutoffDate":"2025-06-10T07:36:36.617Z","retentionDays":60,"timerChangesDeleted":0},"environment":"development"}
{"timestamp":"2025-08-09T07:36:37.219Z","level":"INFO","operation":"EXPIRED_SESSION_MESSAGES","details":{"expiredSessionsFound":9,"messagesDeleted":0,"sessionIds":["x39F4ty6rHKqoD","iiFBXBNNCXl85W","sW3HvLvNfo7E6E","YhjonLHjdFsqN2","mFL36dJmo07FQ0","5zoGjg6DWfu6Ep","ybR3oadM3S7xlm","59vfVYuBu8qzx2","79mC6LQWWlTGl1"]},"environment":"development"}
{"timestamp":"2025-08-09T07:36:37.220Z","level":"INFO","operation":"SESSION_BASED_CLEANUP_STATISTICS","details":{"statistics":{"expiredSessionMessages":0,"expiredMessages":0,"totalRemoved":0},"totalRecords":0,"executionTimeMs":616,"executionTimeSec":1},"environment":"development"}
{"timestamp":"2025-08-09T07:36:37.584Z","level":"INFO","operation":"OLD_SESSIONS_CLEANUP","details":{"cutoffDate":"2025-06-10T07:36:36.616Z","retentionDays":60,"sessionsDeleted":0},"environment":"development"}
{"timestamp":"2025-08-09T07:36:37.588Z","level":"INFO","operation":"OLD_MESSAGES_CLEANUP","details":{"cutoffDate":"2025-06-10T07:36:36.616Z","retentionDays":60,"messagesDeleted":0},"environment":"development"}
{"timestamp":"2025-08-09T07:36:37.589Z","level":"INFO","operation":"DATA_RETENTION_CLEANUP_STATISTICS","details":{"statistics":{"oldMessages":0,"oldSessions":0,"oldParticipants":0,"oldTimerChanges":0,"totalRecordsRemoved":0},"totalRecords":0,"executionTimeMs":983,"executionTimeSec":1},"environment":"development"}
{"timestamp":"2025-08-09T07:36:37.590Z","level":"INFO","operation":"SCHEDULE_SETUP","details":{"service":"MessageCleanup","schedule":"every 4 hours","nextRun":"2025-08-09T11:36:37.590Z"},"environment":"development"}
{"timestamp":"2025-08-09T07:36:37.591Z","level":"INFO","operation":"SCHEDULE_SETUP","details":{"service":"DataRetentionCleanup","schedule":"daily at midnight","nextRun":"2025-08-09T19:00:00.000Z"},"environment":"development"}
{"timestamp":"2025-08-09T08:04:17.136Z","level":"INFO","operation":"SPECIFIC_SESSION_CLEANUP","details":{"sessionId":"eJwCtq6uw3xZlV","messagesDeleted":4},"environment":"development"}
{"timestamp":"2025-08-09T08:08:51.685Z","level":"INFO","operation":"SPECIFIC_SESSION_CLEANUP","details":{"sessionId":"0wch2GEvvS8ai7","messagesDeleted":2},"environment":"development"}
{"timestamp":"2025-08-09T08:13:22.063Z","level":"INFO","operation":"SPECIFIC_SESSION_CLEANUP","details":{"sessionId":"vXai24Ms0t4QQm","messagesDeleted":5},"environment":"development"}
{"timestamp":"2025-08-09T08:27:17.872Z","level":"INFO","operation":"SPECIFIC_SESSION_CLEANUP","details":{"sessionId":"q8z9lxYwEjHS0x","messagesDeleted":24},"environment":"development"}
{"timestamp":"2025-08-09T08:27:17.993Z","level":"INFO","operation":"SPECIFIC_SESSION_CLEANUP","details":{"sessionId":"q8z9lxYwEjHS0x","messagesDeleted":0},"environment":"development"}
{"timestamp":"2025-08-09T08:36:07.753Z","level":"INFO","operation":"SPECIFIC_SESSION_CLEANUP","details":{"sessionId":"CmwP0hEplzwGPz","messagesDeleted":23},"environment":"development"}
{"timestamp":"2025-08-09T09:04:42.151Z","level":"INFO","operation":"SPECIFIC_SESSION_CLEANUP","details":{"sessionId":"pKULXYwSNg1ZAc","messagesDeleted":12},"environment":"development"}
{"timestamp":"2025-08-09T09:04:42.209Z","level":"INFO","operation":"SPECIFIC_SESSION_CLEANUP","details":{"sessionId":"pKULXYwSNg1ZAc","messagesDeleted":0},"environment":"development"}
{"timestamp":"2025-08-09T09:06:18.971Z","level":"INFO","operation":"SPECIFIC_SESSION_CLEANUP","details":{"sessionId":"z75K2CInqIhV3C","messagesDeleted":9},"environment":"development"}
{"timestamp":"2025-08-09T09:10:27.336Z","level":"INFO","operation":"SPECIFIC_SESSION_CLEANUP","details":{"sessionId":"TCHGcfSJqholnz","messagesDeleted":10},"environment":"development"}
